Apache Maven 3.9.9 (8e8579a9e76f7d015ee5ec7bfcdc97d260186937)
Maven home: /home/runner/.m2/wrapper/dists/apache-maven-3.9.9/3477a4f1
Java version: 17.0.17, vendor: Eclipse Adoptium, runtime: /usr/lib/jvm/temurin-17-jdk-amd64
Default locale: en, platform encoding: UTF-8
OS name: "linux", version: "6.11.0-1018-azure", arch: "amd64", family: "unix"
[INFO] Scanning for projects...
[INFO] ------------------------------------------------------------------------
[INFO] Detecting the operating system and CPU architecture
[INFO] ------------------------------------------------------------------------
[INFO] os.detected.name: linux
[INFO] os.detected.arch: x86_64
[INFO] os.detected.version: 6.11
[INFO] os.detected.version.major: 6
[INFO] os.detected.version.minor: 11
[INFO] os.detected.release: ubuntu
[INFO] os.detected.release.version: 24.04
[INFO] os.detected.release.like.ubuntu: true
[INFO] os.detected.release.like.debian: true
[INFO] os.detected.classifier: linux-x86_64
[INFO] ------------------------------------------------------------------------
[INFO] Reactor Build Order:
[INFO] 
[INFO] Apache Ratis                                                       [pom]
[INFO] Apache Ratis Documentation                                         [jar]
[INFO] Apache Ratis Protocols                                             [jar]
[INFO] Apache Ratis Common                                                [jar]
[INFO] Apache Ratis Client                                                [jar]
[INFO] Apache Ratis Server API                                            [jar]
[INFO] Apache Ratis Metrics API                                           [jar]
[INFO] Apache Ratis Metrics Default Implementation                        [jar]
[INFO] Apache Ratis Server                                                [jar]
[INFO] Apache Ratis - Resource Bundle                                     [jar]
[INFO] Apache Ratis gRPC Support                                          [jar]
[INFO] Apache Ratis Netty Support                                         [jar]
[INFO] Apache Ratis Shell                                                 [jar]
[INFO] Apache Ratis Test                                                  [jar]
[INFO] Apache Ratis Tools                                                 [jar]
[INFO] Apache Ratis Examples                                              [jar]
[INFO] Apache Ratis Metrics Dropwizard 3 Implementation                   [jar]
[INFO] Apache Ratis Project Assembly                                      [pom]
[INFO] Apache Ratis BOM                                                   [pom]
[INFO] 
[INFO] -----------------------< org.apache.ratis:ratis >-----------------------
[INFO] Building Apache Ratis 3.3.0-SNAPSHOT                              [1/19]
[INFO]   from pom.xml
[INFO] --------------------------------[ pom ]---------------------------------
[INFO] 
[INFO] --- enforcer:3.5.0:enforce (enforce-maven-version) @ ratis ---
[INFO] Rule 0: org.apache.maven.enforcer.rules.version.RequireMavenVersion passed
[INFO] 
[INFO] --- enforcer:3.5.0:enforce (enforce-java-version) @ ratis ---
[INFO] Rule 0: org.apache.maven.enforcer.rules.version.RequireJavaVersion passed
[INFO] 
[INFO] --- jacoco:0.8.12:prepare-agent (default-prepare-agent) @ ratis ---
[INFO] argLine set to -javaagent:/home/runner/.m2/repository/org/jacoco/org.jacoco.agent/0.8.12/org.jacoco.agent-0.8.12-runtime.jar=destfile=/home/runner/work/ratis/ratis/target/jacoco.exec,includes=org.apache.ratis.*
[INFO] 
[INFO] --- build-helper:3.6.1:add-source (add-source) @ ratis ---
[INFO] Source directory: /home/runner/work/ratis/ratis/target/generated-sources added.
[INFO] 
[INFO] --- enforcer:3.5.0:enforce (bannedImports-finalizers) @ ratis ---
[INFO] Rule 0: org.apache.maven.plugins.enforcer.RestrictImports passed
[INFO] 
[INFO] --- remote-resources:3.3.0:process (process-resource-bundles) @ ratis ---
[INFO] Preparing remote bundle org.apache.apache.resources:apache-jar-resource-bundle:1.7
[INFO] Copying 3 resources from 1 bundle.
[INFO] 
[INFO] --- hadoops:3.4.2:version-info (version-info) @ ratis ---
[INFO] SCM: GIT
[INFO] Computed MD5: a3e3ac6b8a1f391da5eede35b22c0c
[INFO] 
[INFO] --------------------< org.apache.ratis:ratis-docs >---------------------
[INFO] Building Apache Ratis Documentation 3.3.0-SNAPSHOT                [2/19]
[INFO]   from ratis-docs/pom.xml
[INFO] --------------------------------[ jar ]---------------------------------
[INFO] 
[INFO] --- enforcer:3.5.0:enforce (enforce-maven-version) @ ratis-docs ---
[INFO] 
[INFO] --- enforcer:3.5.0:enforce (enforce-java-version) @ ratis-docs ---
[INFO] 
[INFO] --- jacoco:0.8.12:prepare-agent (default-prepare-agent) @ ratis-docs ---
[INFO] argLine set to -javaagent:/home/runner/.m2/repository/org/jacoco/org.jacoco.agent/0.8.12/org.jacoco.agent-0.8.12-runtime.jar=destfile=/home/runner/work/ratis/ratis/ratis-docs/target/jacoco.exec,includes=org.apache.ratis.*
[INFO] 
[INFO] --- build-helper:3.6.1:add-source (add-source) @ ratis-docs ---
[INFO] Source directory: /home/runner/work/ratis/ratis/ratis-docs/target/generated-sources added.
[INFO] 
[INFO] --- enforcer:3.5.0:enforce (bannedImports-finalizers) @ ratis-docs ---
[INFO] Rule 0: org.apache.maven.plugins.enforcer.RestrictImports passed
[INFO] 
[INFO] --- remote-resources:3.3.0:process (process-resource-bundles) @ ratis-docs ---
[INFO] Preparing remote bundle org.apache.apache.resources:apache-jar-resource-bundle:1.7
[INFO] Copying 3 resources from 1 bundle.
[INFO] 
[INFO] --- hadoops:3.4.2:version-info (version-info) @ ratis-docs ---
[INFO] SCM: GIT
[INFO] Computed MD5: d41d8cd98f0b24e980998ecf8427e
[INFO] 
[INFO] --- resources:3.3.1:resources (default-resources) @ ratis-docs ---
[INFO] skip non existing resourceDirectory /home/runner/work/ratis/ratis/ratis-docs/src/main/resources
[INFO] Copying 1 resource from ../src/main/resources to target/classes
[INFO] Copying 3 resources from target/maven-shared-archive-resources to target/classes
[INFO] The encoding used to copy filtered properties files have not been set. This means that the same encoding will be used to copy filtered properties files as when copying other filtered resources. This might not be what you want! Run your build with --debug to see which files might be affected. Read more at https://maven.apache.org/plugins/maven-resources-plugin/examples/filtering-properties-files.html
[INFO] 
[INFO] --- compiler:3.14.0:compile (default-compile) @ ratis-docs ---
[INFO] No sources to compile
[INFO] 
[INFO] --- resources:3.3.1:testResources (default-testResources) @ ratis-docs ---
[INFO] skip non existing resourceDirectory /home/runner/work/ratis/ratis/ratis-docs/src/test/resources
[INFO] Copying 3 resources from target/maven-shared-archive-resources to target/test-classes
[INFO] 
[INFO] --- compiler:3.14.0:testCompile (default-testCompile) @ ratis-docs ---
[INFO] No sources to compile
[INFO] 
[INFO] --- surefire:3.5.3:test (default-test) @ ratis-docs ---
[INFO] Skipped
[INFO] 
[INFO] --------------------< org.apache.ratis:ratis-proto >--------------------
[INFO] Building Apache Ratis Protocols 3.3.0-SNAPSHOT                    [3/19]
[INFO]   from ratis-proto/pom.xml
[INFO] --------------------------------[ jar ]---------------------------------
[INFO] Downloading from central: https://repo.maven.apache.org/maven2/org/apache/ratis/ratis-thirdparty-misc/1.0.10/ratis-thirdparty-misc-1.0.10.pom
[INFO] Downloaded from central: https://repo.maven.apache.org/maven2/org/apache/ratis/ratis-thirdparty-misc/1.0.10/ratis-thirdparty-misc-1.0.10.pom (13 kB at 21 kB/s)
[INFO] Downloading from central: https://repo.maven.apache.org/maven2/org/apache/ratis/ratis-thirdparty/1.0.10/ratis-thirdparty-1.0.10.pom
[INFO] Downloaded from central: https://repo.maven.apache.org/maven2/org/apache/ratis/ratis-thirdparty/1.0.10/ratis-thirdparty-1.0.10.pom (17 kB at 811 kB/s)
[INFO] Downloading from central: https://repo.maven.apache.org/maven2/org/apache/ratis/ratis-thirdparty-misc/1.0.10/ratis-thirdparty-misc-1.0.10.jar
[INFO] Downloaded from central: https://repo.maven.apache.org/maven2/org/apache/ratis/ratis-thirdparty-misc/1.0.10/ratis-thirdparty-misc-1.0.10.jar (19 MB at 38 MB/s)
[INFO] 
[INFO] --- enforcer:3.5.0:enforce (enforce-maven-version) @ ratis-proto ---
[INFO] 
[INFO] --- enforcer:3.5.0:enforce (enforce-java-version) @ ratis-proto ---
[INFO] 
[INFO] --- jacoco:0.8.12:prepare-agent (default-prepare-agent) @ ratis-proto ---
[INFO] argLine set to -javaagent:/home/runner/.m2/repository/org/jacoco/org.jacoco.agent/0.8.12/org.jacoco.agent-0.8.12-runtime.jar=destfile=/home/runner/work/ratis/ratis/ratis-proto/target/jacoco.exec,includes=org.apache.ratis.*
[INFO] 
[INFO] --- build-helper:3.6.1:add-source (add-source) @ ratis-proto ---
[INFO] Source directory: /home/runner/work/ratis/ratis/ratis-proto/target/generated-sources added.
[INFO] 
[INFO] --- protobuf:0.6.1:compile (compile-protobuf) @ ratis-proto ---
[INFO] Compiling 6 proto file(s) to /home/runner/work/ratis/ratis/ratis-proto/target/generated-sources
[INFO] 
[INFO] --- protobuf:0.6.1:compile-custom (compile-grpc) @ ratis-proto ---
[INFO] Compiling 6 proto file(s) to /home/runner/work/ratis/ratis/ratis-proto/target/generated-sources
[INFO] 
[INFO] --- enforcer:3.5.0:enforce (bannedImports-finalizers) @ ratis-proto ---
[INFO] Rule 0: org.apache.maven.plugins.enforcer.RestrictImports passed
[INFO] 
[INFO] --- replacer:1.5.3:replace (default) @ ratis-proto ---
[INFO] Replacement run on 19 files.
[INFO] 
[INFO] --- remote-resources:3.3.0:process (process-resource-bundles) @ ratis-proto ---
[INFO] Preparing remote bundle org.apache.apache.resources:apache-jar-resource-bundle:1.7
[INFO] Copying 3 resources from 1 bundle.
[INFO] 
[INFO] --- hadoops:3.4.2:version-info (version-info) @ ratis-proto ---
[INFO] SCM: GIT
[INFO] Computed MD5: d41d8cd98f0b24e980998ecf8427e
[INFO] 
[INFO] --- resources:3.3.1:resources (default-resources) @ ratis-proto ---
[INFO] skip non existing resourceDirectory /home/runner/work/ratis/ratis/ratis-proto/src/main/resources
[INFO] Copying 1 resource from ../src/main/resources to target/classes
[INFO] Copying 6 resources from src/main/proto to target/classes
[INFO] Copying 6 resources from src/main/proto to target/classes
[INFO] Copying 3 resources from target/maven-shared-archive-resources to target/classes
[INFO] The encoding used to copy filtered properties files have not been set. This means that the same encoding will be used to copy filtered properties files as when copying other filtered resources. This might not be what you want! Run your build with --debug to see which files might be affected. Read more at https://maven.apache.org/plugins/maven-resources-plugin/examples/filtering-properties-files.html
[INFO] 
[INFO] --- compiler:3.14.0:compile (default-compile) @ ratis-proto ---
[INFO] Compiling 19 source files with javac [forked debug release 8] to target/classes
[INFO] 
[INFO] --- resources:3.3.1:testResources (default-testResources) @ ratis-proto ---
[INFO] skip non existing resourceDirectory /home/runner/work/ratis/ratis/ratis-proto/src/test/resources
[INFO] Copying 3 resources from target/maven-shared-archive-resources to target/test-classes
[INFO] 
[INFO] --- compiler:3.14.0:testCompile (default-testCompile) @ ratis-proto ---
[INFO] No sources to compile
[INFO] 
[INFO] --- surefire:3.5.3:test (default-test) @ ratis-proto ---
[INFO] Skipped
[INFO] 
[INFO] -------------------< org.apache.ratis:ratis-common >--------------------
[INFO] Building Apache Ratis Common 3.3.0-SNAPSHOT                       [4/19]
[INFO]   from ratis-common/pom.xml
[INFO] --------------------------------[ jar ]---------------------------------
[INFO] 
[INFO] --- enforcer:3.5.0:enforce (enforce-maven-version) @ ratis-common ---
[INFO] 
[INFO] --- enforcer:3.5.0:enforce (enforce-java-version) @ ratis-common ---
[INFO] 
[INFO] --- jacoco:0.8.12:prepare-agent (default-prepare-agent) @ ratis-common ---
[INFO] argLine set to -javaagent:/home/runner/.m2/repository/org/jacoco/org.jacoco.agent/0.8.12/org.jacoco.agent-0.8.12-runtime.jar=destfile=/home/runner/work/ratis/ratis/ratis-common/target/jacoco.exec,includes=org.apache.ratis.*
[INFO] 
[INFO] --- build-helper:3.6.1:add-source (add-source) @ ratis-common ---
[INFO] Source directory: /home/runner/work/ratis/ratis/ratis-common/target/generated-sources added.
[INFO] 
[INFO] --- enforcer:3.5.0:enforce (bannedImports-finalizers) @ ratis-common ---
[INFO] Rule 0: org.apache.maven.plugins.enforcer.RestrictImports passed
[INFO] 
[INFO] --- remote-resources:3.3.0:process (process-resource-bundles) @ ratis-common ---
[INFO] Preparing remote bundle org.apache.apache.resources:apache-jar-resource-bundle:1.7
[INFO] Copying 3 resources from 1 bundle.
[INFO] 
[INFO] --- hadoops:3.4.2:version-info (version-info) @ ratis-common ---
[INFO] SCM: GIT
[INFO] Computed MD5: d41d8cd98f0b24e980998ecf8427e
[INFO] 
[INFO] --- resources:3.3.1:resources (default-resources) @ ratis-common ---
[INFO] skip non existing resourceDirectory /home/runner/work/ratis/ratis/ratis-common/src/main/resources
[INFO] Copying 1 resource from ../src/main/resources to target/classes
[INFO] Copying 3 resources from target/maven-shared-archive-resources to target/classes
[INFO] The encoding used to copy filtered properties files have not been set. This means that the same encoding will be used to copy filtered properties files as when copying other filtered resources. This might not be what you want! Run your build with --debug to see which files might be affected. Read more at https://maven.apache.org/plugins/maven-resources-plugin/examples/filtering-properties-files.html
[INFO] 
[INFO] --- compiler:3.14.0:compile (default-compile) @ ratis-common ---
[INFO] Compiling 149 source files with javac [forked debug release 8] to target/classes
[WARNING] /home/runner/.m2/repository/org/apache/ratis/ratis-thirdparty-misc/1.0.10/ratis-thirdparty-misc-1.0.10.jar(/org/apache/ratis/thirdparty/com/google/common/collect/Interner.class): warning: Cannot find annotation method 'value()' in type 'DoNotMock': class file for com.google.errorprone.annotations.DoNotMock not found
/home/runner/work/ratis/ratis/ratis-common/src/main/java/org/apache/ratis/conf/ConfUtils.java:[177,57] [varargs] Varargs method could cause heap pollution from non-reifiable varargs parameter assertions
[WARNING] /home/runner/work/ratis/ratis/ratis-common/src/main/java/org/apache/ratis/conf/ConfUtils.java:[184,57] [varargs] Varargs method could cause heap pollution from non-reifiable varargs parameter assertions
[WARNING] /home/runner/work/ratis/ratis/ratis-common/src/main/java/org/apache/ratis/conf/ConfUtils.java:[192,85] [varargs] Varargs method could cause heap pollution from non-reifiable varargs parameter assertions
[WARNING] /home/runner/work/ratis/ratis/ratis-common/src/main/java/org/apache/ratis/conf/ConfUtils.java:[199,54] [varargs] Varargs method could cause heap pollution from non-reifiable varargs parameter assertions
[WARNING] /home/runner/work/ratis/ratis/ratis-common/src/main/java/org/apache/ratis/conf/ConfUtils.java:[206,56] [varargs] Varargs method could cause heap pollution from non-reifiable varargs parameter assertions
[WARNING] /home/runner/work/ratis/ratis/ratis-common/src/main/java/org/apache/ratis/conf/ConfUtils.java:[213,54] [varargs] Varargs method could cause heap pollution from non-reifiable varargs parameter assertions
[WARNING] /home/runner/work/ratis/ratis/ratis-common/src/main/java/org/apache/ratis/conf/ConfUtils.java:[220,54] [varargs] Varargs method could cause heap pollution from non-reifiable varargs parameter assertions
[WARNING] /home/runner/work/ratis/ratis/ratis-common/src/main/java/org/apache/ratis/conf/ConfUtils.java:[228,69] [varargs] Varargs method could cause heap pollution from non-reifiable varargs parameter assertions
[WARNING] /home/runner/work/ratis/ratis/ratis-common/src/main/java/org/apache/ratis/conf/ConfUtils.java:[237,70] [varargs] Varargs method could cause heap pollution from non-reifiable varargs parameter assertions
[WARNING] /home/runner/work/ratis/ratis/ratis-common/src/main/java/org/apache/ratis/conf/ConfUtils.java:[247,98] [varargs] Varargs method could cause heap pollution from non-reifiable varargs parameter assertions
[WARNING] /home/runner/work/ratis/ratis/ratis-common/src/main/java/org/apache/ratis/conf/ConfUtils.java:[264,18] [varargs] Varargs method could cause heap pollution from non-reifiable varargs parameter assertions
[WARNING] /home/runner/work/ratis/ratis/ratis-common/src/main/java/org/apache/ratis/conf/ConfUtils.java:[272,51] [varargs] Varargs method could cause heap pollution from non-reifiable varargs parameter assertions
[WARNING] /home/runner/work/ratis/ratis/ratis-common/src/main/java/org/apache/ratis/conf/ConfUtils.java:[292,35] [varargs] Varargs method could cause heap pollution from non-reifiable varargs parameter assertions
[WARNING] /home/runner/work/ratis/ratis/ratis-common/src/main/java/org/apache/ratis/conf/ConfUtils.java:[299,35] [varargs] Varargs method could cause heap pollution from non-reifiable varargs parameter assertions
[WARNING] /home/runner/work/ratis/ratis/ratis-common/src/main/java/org/apache/ratis/conf/ConfUtils.java:[306,32] [varargs] Varargs method could cause heap pollution from non-reifiable varargs parameter assertions
[WARNING] /home/runner/work/ratis/ratis/ratis-common/src/main/java/org/apache/ratis/conf/ConfUtils.java:[313,34] [varargs] Varargs method could cause heap pollution from non-reifiable varargs parameter assertions
[WARNING] /home/runner/work/ratis/ratis/ratis-common/src/main/java/org/apache/ratis/conf/ConfUtils.java:[320,32] [varargs] Varargs method could cause heap pollution from non-reifiable varargs parameter assertions
[WARNING] /home/runner/work/ratis/ratis/ratis-common/src/main/java/org/apache/ratis/conf/ConfUtils.java:[327,32] [varargs] Varargs method could cause heap pollution from non-reifiable varargs parameter assertions
[WARNING] /home/runner/work/ratis/ratis/ratis-common/src/main/java/org/apache/ratis/conf/ConfUtils.java:[335,18] [varargs] Varargs method could cause heap pollution from non-reifiable varargs parameter assertions
[WARNING] /home/runner/work/ratis/ratis/ratis-common/src/main/java/org/apache/ratis/conf/ConfUtils.java:[343,40] [varargs] Varargs method could cause heap pollution from non-reifiable varargs parameter assertions
[WARNING] /home/runner/work/ratis/ratis/ratis-common/src/main/java/org/apache/ratis/conf/ConfUtils.java:[355,18] [varargs] Varargs method could cause heap pollution from non-reifiable varargs parameter assertions
[WARNING] /home/runner/work/ratis/ratis/ratis-common/src/main/java/org/apache/ratis/conf/RaftProperties.java:[107,12] [fallthrough] possible fall-through into case
[WARNING] /home/runner/work/ratis/ratis/ratis-common/src/main/java/org/apache/ratis/io/CloseAsync.java:[24,7] [try] auto-closeable resource CloseAsync<REPLY> has a member method close() that could throw InterruptedException
  where REPLY is a type-variable:
    REPLY extends Object declared in interface CloseAsync
[WARNING] /home/runner/work/ratis/ratis/ratis-common/src/main/java/org/apache/ratis/io/CorruptedFileException.java:[23,7] [serial] serializable class CorruptedFileException has no definition of serialVersionUID
[WARNING] /home/runner/work/ratis/ratis/ratis-common/src/main/java/org/apache/ratis/protocol/exceptions/AlreadyClosedException.java:[23,7] [serial] serializable class AlreadyClosedException has no definition of serialVersionUID
[WARNING] /home/runner/work/ratis/ratis/ratis-common/src/main/java/org/apache/ratis/protocol/exceptions/NotLeaderException.java:[27,7] [serial] serializable class NotLeaderException has no definition of serialVersionUID
[WARNING] /home/runner/work/ratis/ratis/ratis-common/src/main/java/org/apache/ratis/protocol/exceptions/NotReplicatedException.java:[25,7] [serial] serializable class NotReplicatedException has no definition of serialVersionUID
[WARNING] /home/runner/work/ratis/ratis/ratis-common/src/main/java/org/apache/ratis/protocol/exceptions/StateMachineException.java:[22,7] [serial] serializable class StateMachineException has no definition of serialVersionUID
[WARNING] /home/runner/work/ratis/ratis/ratis-common/src/main/java/org/apache/ratis/protocol/exceptions/DataStreamException.java:[22,7] [serial] serializable class DataStreamException has no definition of serialVersionUID
[WARNING] /home/runner/work/ratis/ratis/ratis-common/src/main/java/org/apache/ratis/protocol/exceptions/ServerNotReadyException.java:[23,7] [serial] serializable class ServerNotReadyException has no definition of serialVersionUID
[WARNING] /home/runner/work/ratis/ratis/ratis-common/src/main/java/org/apache/ratis/protocol/exceptions/LeaderNotReadyException.java:[30,7] [serial] serializable class LeaderNotReadyException has no definition of serialVersionUID
[WARNING] /home/runner/work/ratis/ratis/ratis-common/src/main/java/org/apache/ratis/protocol/exceptions/LeaderSteppingDownException.java:[20,7] [serial] serializable class LeaderSteppingDownException has no definition of serialVersionUID
[WARNING] /home/runner/work/ratis/ratis/ratis-common/src/main/java/org/apache/ratis/protocol/exceptions/TransferLeadershipException.java:[20,7] [serial] serializable class TransferLeadershipException has no definition of serialVersionUID
[WARNING] /home/runner/work/ratis/ratis/ratis-common/src/main/java/org/apache/ratis/protocol/exceptions/ReadException.java:[23,7] [serial] serializable class ReadException has no definition of serialVersionUID
[WARNING] /home/runner/work/ratis/ratis/ratis-common/src/main/java/org/apache/ratis/protocol/exceptions/ReadIndexException.java:[24,7] [serial] serializable class ReadIndexException has no definition of serialVersionUID
[WARNING] /home/runner/work/ratis/ratis/ratis-common/src/main/java/org/apache/ratis/protocol/exceptions/GroupMismatchException.java:[24,7] [serial] serializable class GroupMismatchException has no definition of serialVersionUID
[WARNING] /home/runner/work/ratis/ratis/ratis-common/src/main/java/org/apache/ratis/protocol/exceptions/RaftRetryFailureException.java:[26,7] [serial] serializable class RaftRetryFailureException has no definition of serialVersionUID
[WARNING] /home/runner/work/ratis/ratis/ratis-common/src/main/java/org/apache/ratis/protocol/exceptions/ReconfigurationInProgressException.java:[20,7] [serial] serializable class ReconfigurationInProgressException has no definition of serialVersionUID
[WARNING] /home/runner/work/ratis/ratis/ratis-common/src/main/java/org/apache/ratis/protocol/exceptions/ReconfigurationTimeoutException.java:[20,7] [serial] serializable class ReconfigurationTimeoutException has no definition of serialVersionUID
[WARNING] /home/runner/work/ratis/ratis/ratis-common/src/main/java/org/apache/ratis/protocol/exceptions/ResourceUnavailableException.java:[23,7] [serial] serializable class ResourceUnavailableException has no definition of serialVersionUID
[WARNING] /home/runner/work/ratis/ratis/ratis-common/src/main/java/org/apache/ratis/protocol/exceptions/SetConfigurationException.java:[20,7] [serial] serializable class SetConfigurationException has no definition of serialVersionUID
[WARNING] /home/runner/work/ratis/ratis/ratis-common/src/main/java/org/apache/ratis/protocol/exceptions/StaleReadException.java:[23,7] [serial] serializable class StaleReadException has no definition of serialVersionUID
[WARNING] /home/runner/work/ratis/ratis/ratis-common/src/main/java/org/apache/ratis/protocol/exceptions/StreamException.java:[23,7] [serial] serializable class StreamException has no definition of serialVersionUID
[WARNING] /home/runner/work/ratis/ratis/ratis-common/src/main/java/org/apache/ratis/util/DataBlockingQueue.java:[55,26] [try] auto-closeable resource auto is never referenced in body of corresponding try statement
[WARNING] /home/runner/work/ratis/ratis/ratis-common/src/main/java/org/apache/ratis/util/DataBlockingQueue.java:[62,26] [try] auto-closeable resource auto is never referenced in body of corresponding try statement
[WARNING] /home/runner/work/ratis/ratis/ratis-common/src/main/java/org/apache/ratis/util/DataBlockingQueue.java:[69,26] [try] auto-closeable resource auto is never referenced in body of corresponding try statement
[WARNING] /home/runner/work/ratis/ratis/ratis-common/src/main/java/org/apache/ratis/util/DataBlockingQueue.java:[78,26] [try] auto-closeable resource auto is never referenced in body of corresponding try statement
[WARNING] /home/runner/work/ratis/ratis/ratis-common/src/main/java/org/apache/ratis/util/DataBlockingQueue.java:[96,26] [try] auto-closeable resource auto is never referenced in body of corresponding try statement
[WARNING] /home/runner/work/ratis/ratis/ratis-common/src/main/java/org/apache/ratis/util/DataBlockingQueue.java:[113,26] [try] auto-closeable resource auto is never referenced in body of corresponding try statement
[WARNING] /home/runner/work/ratis/ratis/ratis-common/src/main/java/org/apache/ratis/util/DataBlockingQueue.java:[124,26] [try] auto-closeable resource auto is never referenced in body of corresponding try statement
[WARNING] /home/runner/work/ratis/ratis/ratis-common/src/main/java/org/apache/ratis/util/DataBlockingQueue.java:[138,26] [try] auto-closeable resource auto is never referenced in body of corresponding try statement
[WARNING] /home/runner/work/ratis/ratis/ratis-common/src/main/java/org/apache/ratis/util/DataBlockingQueue.java:[157,26] [try] auto-closeable resource auto is never referenced in body of corresponding try statement
[WARNING] /home/runner/work/ratis/ratis/ratis-common/src/main/java/org/apache/ratis/util/DataBlockingQueue.java:[168,26] [try] auto-closeable resource auto is never referenced in body of corresponding try statement
[WARNING] /home/runner/work/ratis/ratis/ratis-common/src/main/java/org/apache/ratis/util/NetUtils.java:[197,26] [try] auto-closeable resource ignored is never referenced in body of corresponding try statement
[WARNING] /home/runner/work/ratis/ratis/ratis-common/src/main/java/org/apache/ratis/util/OpenCloseState.java:[27,17] [serial] serializable class OpenTrace has no definition of serialVersionUID
[WARNING] /home/runner/work/ratis/ratis/ratis-common/src/main/java/org/apache/ratis/util/OpenCloseState.java:[33,17] [serial] serializable class CloseTrace has no definition of serialVersionUID
[WARNING] /home/runner/work/ratis/ratis/ratis-common/src/main/java/org/apache/ratis/util/PureJavaCrc32C.java:[80,6] [fallthrough] possible fall-through into case
[WARNING] /home/runner/work/ratis/ratis/ratis-common/src/main/java/org/apache/ratis/util/PureJavaCrc32C.java:[81,6] [fallthrough] possible fall-through into case
[WARNING] /home/runner/work/ratis/ratis/ratis-common/src/main/java/org/apache/ratis/util/PureJavaCrc32C.java:[82,6] [fallthrough] possible fall-through into case
[WARNING] /home/runner/work/ratis/ratis/ratis-common/src/main/java/org/apache/ratis/util/PureJavaCrc32C.java:[83,6] [fallthrough] possible fall-through into case
[WARNING] /home/runner/work/ratis/ratis/ratis-common/src/main/java/org/apache/ratis/util/PureJavaCrc32C.java:[84,6] [fallthrough] possible fall-through into case
[WARNING] /home/runner/work/ratis/ratis/ratis-common/src/main/java/org/apache/ratis/util/PureJavaCrc32C.java:[85,6] [fallthrough] possible fall-through into case
[WARNING] /home/runner/work/ratis/ratis/ratis-common/src/main/java/org/apache/ratis/util/ResourceSemaphore.java:[31,7] [serial] serializable class ResourceSemaphore has no definition of serialVersionUID
[INFO] 
[INFO] --- resources:3.3.1:testResources (default-testResources) @ ratis-common ---
[INFO] Copying 2 resources from src/test/resources to target/test-classes
[INFO] Copying 3 resources from target/maven-shared-archive-resources to target/test-classes
[INFO] 
[INFO] --- compiler:3.14.0:testCompile (default-testCompile) @ ratis-common ---
[INFO] Compiling 11 source files with javac [forked debug release 8] to target/test-classes
[WARNING] /home/runner/work/ratis/ratis/ratis-common/src/test/java/org/apache/ratis/BaseTest.java:[135,35] [varargs] Varargs method could cause heap pollution from non-reifiable varargs parameter expectedCauseClasses
[WARNING] /home/runner/work/ratis/ratis/ratis-common/src/test/java/org/apache/ratis/util/TestNetUtils.java:[35,50] [deprecation] createLocalServerAddress(int) in NetUtils has been deprecated
[WARNING] /home/runner/work/ratis/ratis/ratis-common/src/test/java/org/apache/ratis/util/TestNetUtils.java:[52,22] [try] auto-closeable resource ignored is never referenced in body of corresponding try statement
[INFO] 
[INFO] --- surefire:3.5.3:test (default-test) @ ratis-common ---
[INFO] Using auto detected provider org.apache.maven.surefire.junitplatform.JUnitPlatformProvider
[INFO] Downloading from central: https://repo.maven.apache.org/maven2/org/apache/maven/surefire/surefire-junit-platform/3.5.3/surefire-junit-platform-3.5.3.pom
[INFO] Downloaded from central: https://repo.maven.apache.org/maven2/org/apache/maven/surefire/surefire-junit-platform/3.5.3/surefire-junit-platform-3.5.3.pom (5.2 kB at 258 kB/s)
[INFO] Downloading from central: https://repo.maven.apache.org/maven2/org/apache/maven/surefire/surefire-providers/3.5.3/surefire-providers-3.5.3.pom
[INFO] Downloaded from central: https://repo.maven.apache.org/maven2/org/apache/maven/surefire/surefire-providers/3.5.3/surefire-providers-3.5.3.pom (2.5 kB at 110 kB/s)
[INFO] Downloading from central: https://repo.maven.apache.org/maven2/org/apache/maven/surefire/common-java5/3.5.3/common-java5-3.5.3.pom
[INFO] Downloaded from central: https://repo.maven.apache.org/maven2/org/apache/maven/surefire/common-java5/3.5.3/common-java5-3.5.3.pom (3.1 kB at 161 kB/s)
[INFO] Downloading from central: https://repo.maven.apache.org/maven2/org/junit/platform/junit-platform-engine/1.12.1/junit-platform-engine-1.12.1.pom
[INFO] Downloaded from central: https://repo.maven.apache.org/maven2/org/junit/platform/junit-platform-engine/1.12.1/junit-platform-engine-1.12.1.pom (3.2 kB at 169 kB/s)
[INFO] Downloading from central: https://repo.maven.apache.org/maven2/org/junit/platform/junit-platform-commons/1.12.1/junit-platform-commons-1.12.1.pom
[INFO] Downloaded from central: https://repo.maven.apache.org/maven2/org/junit/platform/junit-platform-commons/1.12.1/junit-platform-commons-1.12.1.pom (2.8 kB at 157 kB/s)
[INFO] Downloading from central: https://repo.maven.apache.org/maven2/org/junit/platform/junit-platform-launcher/1.12.1/junit-platform-launcher-1.12.1.pom
[INFO] Downloaded from central: https://repo.maven.apache.org/maven2/org/junit/platform/junit-platform-launcher/1.12.1/junit-platform-launcher-1.12.1.pom (3.0 kB at 168 kB/s)
[INFO] Downloading from central: https://repo.maven.apache.org/maven2/org/apache/maven/surefire/surefire-junit-platform/3.5.3/surefire-junit-platform-3.5.3.jar
[INFO] Downloaded from central: https://repo.maven.apache.org/maven2/org/apache/maven/surefire/surefire-junit-platform/3.5.3/surefire-junit-platform-3.5.3.jar (27 kB at 1.6 MB/s)
[INFO] Downloading from central: https://repo.maven.apache.org/maven2/org/apache/maven/surefire/common-java5/3.5.3/common-java5-3.5.3.jar
[INFO] Downloading from central: https://repo.maven.apache.org/maven2/org/junit/platform/junit-platform-engine/1.12.1/junit-platform-engine-1.12.1.jar
[INFO] Downloading from central: https://repo.maven.apache.org/maven2/org/junit/platform/junit-platform-commons/1.12.1/junit-platform-commons-1.12.1.jar
[INFO] Downloading from central: https://repo.maven.apache.org/maven2/org/junit/platform/junit-platform-launcher/1.12.1/junit-platform-launcher-1.12.1.jar
[INFO] Downloaded from central: https://repo.maven.apache.org/maven2/org/apache/maven/surefire/common-java5/3.5.3/common-java5-3.5.3.jar (18 kB at 800 kB/s)
[INFO] Downloaded from central: https://repo.maven.apache.org/maven2/org/junit/platform/junit-platform-launcher/1.12.1/junit-platform-launcher-1.12.1.jar (208 kB at 4.3 MB/s)
[INFO] Downloaded from central: https://repo.maven.apache.org/maven2/org/junit/platform/junit-platform-engine/1.12.1/junit-platform-engine-1.12.1.jar (256 kB at 4.7 MB/s)
[INFO] Downloaded from central: https://repo.maven.apache.org/maven2/org/junit/platform/junit-platform-commons/1.12.1/junit-platform-commons-1.12.1.jar (152 kB at 2.8 MB/s)
[INFO] Using auto detected provider org.apache.maven.surefire.junitplatform.JUnitPlatformProvider
[INFO] Using auto detected provider org.apache.maven.surefire.junitplatform.JUnitPlatformProvider
[INFO] 
[INFO] -------------------------------------------------------
[INFO]  T E S T S
[INFO] -------------------------------------------------------
[INFO] Running org.apache.ratis.io.TestMD5
[INFO] Tests run: 1, Failures: 0, Errors: 0, Skipped: 0, Time elapsed: 0.196 s -- in org.apache.ratis.io.TestMD5
[INFO] Running org.apache.ratis.util.TestNetUtils
[INFO] Tests run: 3, Failures: 0, Errors: 0, Skipped: 0, Time elapsed: 0.116 s -- in org.apache.ratis.util.TestNetUtils
[INFO] Running org.apache.ratis.util.TestRefCountingMap
[INFO] Tests run: 8, Failures: 0, Errors: 0, Skipped: 0, Time elapsed: 0.072 s -- in org.apache.ratis.util.TestRefCountingMap
[INFO] Running org.apache.ratis.util.TestTaskQueue
[INFO] Tests run: 1, Failures: 0, Errors: 0, Skipped: 0, Time elapsed: 0.210 s -- in org.apache.ratis.util.TestTaskQueue
[INFO] Running org.apache.ratis.util.TestFileUtils
[INFO] Tests run: 2, Failures: 0, Errors: 0, Skipped: 0, Time elapsed: 0.157 s -- in org.apache.ratis.util.TestFileUtils
[INFO] Running org.apache.ratis.util.TestPureJavaCrc32C
[INFO] Tests run: 1, Failures: 0, Errors: 0, Skipped: 0, Time elapsed: 0.150 s -- in org.apache.ratis.util.TestPureJavaCrc32C
[INFO] 
[INFO] Results:
[INFO] 
[INFO] Tests run: 16, Failures: 0, Errors: 0, Skipped: 0
[INFO] 
[INFO] 
[INFO] -------------------< org.apache.ratis:ratis-client >--------------------
[INFO] Building Apache Ratis Client 3.3.0-SNAPSHOT                       [5/19]
[INFO]   from ratis-client/pom.xml
[INFO] --------------------------------[ jar ]---------------------------------
[INFO] 
[INFO] --- enforcer:3.5.0:enforce (enforce-maven-version) @ ratis-client ---
[INFO] 
[INFO] --- enforcer:3.5.0:enforce (enforce-java-version) @ ratis-client ---
[INFO] 
[INFO] --- jacoco:0.8.12:prepare-agent (default-prepare-agent) @ ratis-client ---
[INFO] argLine set to -javaagent:/home/runner/.m2/repository/org/jacoco/org.jacoco.agent/0.8.12/org.jacoco.agent-0.8.12-runtime.jar=destfile=/home/runner/work/ratis/ratis/ratis-client/target/jacoco.exec,includes=org.apache.ratis.*
[INFO] 
[INFO] --- build-helper:3.6.1:add-source (add-source) @ ratis-client ---
[INFO] Source directory: /home/runner/work/ratis/ratis/ratis-client/target/generated-sources added.
[INFO] 
[INFO] --- enforcer:3.5.0:enforce (bannedImports-finalizers) @ ratis-client ---
[INFO] Rule 0: org.apache.maven.plugins.enforcer.RestrictImports passed
[INFO] 
[INFO] --- remote-resources:3.3.0:process (process-resource-bundles) @ ratis-client ---
[INFO] Preparing remote bundle org.apache.apache.resources:apache-jar-resource-bundle:1.7
[INFO] Copying 3 resources from 1 bundle.
[INFO] 
[INFO] --- hadoops:3.4.2:version-info (version-info) @ ratis-client ---
[INFO] SCM: GIT
[INFO] Computed MD5: d41d8cd98f0b24e980998ecf8427e
[INFO] 
[INFO] --- resources:3.3.1:resources (default-resources) @ ratis-client ---
[INFO] skip non existing resourceDirectory /home/runner/work/ratis/ratis/ratis-client/src/main/resources
[INFO] Copying 1 resource from ../src/main/resources to target/classes
[INFO] Copying 3 resources from target/maven-shared-archive-resources to target/classes
[INFO] The encoding used to copy filtered properties files have not been set. This means that the same encoding will be used to copy filtered properties files as when copying other filtered resources. This might not be what you want! Run your build with --debug to see which files might be affected. Read more at https://maven.apache.org/plugins/maven-resources-plugin/examples/filtering-properties-files.html
[INFO] 
[INFO] --- compiler:3.14.0:compile (default-compile) @ ratis-client ---
[INFO] Compiling 39 source files with javac [forked debug release 8] to target/classes
[WARNING] /home/runner/.m2/repository/org/apache/ratis/ratis-thirdparty-misc/1.0.10/ratis-thirdparty-misc-1.0.10.jar(/org/apache/ratis/thirdparty/com/google/common/cache/Cache.class): warning: Cannot find annotation method 'value()' in type 'DoNotMock': class file for com.google.errorprone.annotations.DoNotMock not found
/home/runner/.m2/repository/org/apache/ratis/ratis-thirdparty-misc/1.0.10/ratis-thirdparty-misc-1.0.10.jar(/org/apache/ratis/thirdparty/com/google/common/cache/Cache.class): warning: Cannot find annotation method 'value()' in type 'CompatibleWith': class file for com.google.errorprone.annotations.CompatibleWith not found
/home/runner/.m2/repository/org/apache/ratis/ratis-thirdparty-misc/1.0.10/ratis-thirdparty-misc-1.0.10.jar(/org/apache/ratis/thirdparty/com/google/common/cache/Cache.class): warning: Cannot find annotation method 'value()' in type 'CompatibleWith'
/home/runner/work/ratis/ratis/ratis-client/src/main/java/org/apache/ratis/client/api/MessageOutputStream.java:[27,7] [try] auto-closeable resource MessageOutputStream has a member method close() that could throw InterruptedException
[WARNING] /home/runner/work/ratis/ratis/ratis-client/src/main/java/org/apache/ratis/client/api/DataStreamOutput.java:[33,7] [try] auto-closeable resource DataStreamOutput has a member method close() that could throw InterruptedException
[WARNING] /home/runner/work/ratis/ratis/ratis-client/src/main/java/org/apache/ratis/client/DataStreamOutputRpc.java:[26,7] [try] auto-closeable resource DataStreamOutputRpc has a member method close() that could throw InterruptedException
[WARNING] /home/runner/work/ratis/ratis/ratis-client/src/main/java/org/apache/ratis/client/impl/MessageStreamImpl.java:[45,2] [try] auto-closeable resource MessageStreamImpl.MessageOutputStreamImpl has a member method close() that could throw InterruptedException
[WARNING] /home/runner/work/ratis/ratis/ratis-client/src/main/java/org/apache/ratis/client/impl/DataStreamClientImpl.java:[101,15] [try] auto-closeable resource DataStreamClientImpl.DataStreamOutputImpl has a member method close() that could throw InterruptedException
[INFO] 
[INFO] --- resources:3.3.1:testResources (default-testResources) @ ratis-client ---
[INFO] skip non existing resourceDirectory /home/runner/work/ratis/ratis/ratis-client/src/test/resources
[INFO] Copying 3 resources from target/maven-shared-archive-resources to target/test-classes
[INFO] 
[INFO] --- compiler:3.14.0:testCompile (default-testCompile) @ ratis-client ---
[INFO] No sources to compile
[INFO] 
[INFO] --- surefire:3.5.3:test (default-test) @ ratis-client ---
[INFO] Skipped
[INFO] 
[INFO] -----------------< org.apache.ratis:ratis-server-api >------------------
[INFO] Building Apache Ratis Server API 3.3.0-SNAPSHOT                   [6/19]
[INFO]   from ratis-server-api/pom.xml
[INFO] --------------------------------[ jar ]---------------------------------
[INFO] 
[INFO] --- enforcer:3.5.0:enforce (enforce-maven-version) @ ratis-server-api ---
[INFO] 
[INFO] --- enforcer:3.5.0:enforce (enforce-java-version) @ ratis-server-api ---
[INFO] 
[INFO] --- jacoco:0.8.12:prepare-agent (default-prepare-agent) @ ratis-server-api ---
[INFO] argLine set to -javaagent:/home/runner/.m2/repository/org/jacoco/org.jacoco.agent/0.8.12/org.jacoco.agent-0.8.12-runtime.jar=destfile=/home/runner/work/ratis/ratis/ratis-server-api/target/jacoco.exec,includes=org.apache.ratis.*
[INFO] 
[INFO] --- build-helper:3.6.1:add-source (add-source) @ ratis-server-api ---
[INFO] Source directory: /home/runner/work/ratis/ratis/ratis-server-api/target/generated-sources added.
[INFO] 
[INFO] --- enforcer:3.5.0:enforce (bannedImports-finalizers) @ ratis-server-api ---
[INFO] Rule 0: org.apache.maven.plugins.enforcer.RestrictImports passed
[INFO] 
[INFO] --- remote-resources:3.3.0:process (process-resource-bundles) @ ratis-server-api ---
[INFO] Preparing remote bundle org.apache.apache.resources:apache-jar-resource-bundle:1.7
[INFO] Copying 3 resources from 1 bundle.
[INFO] 
[INFO] --- hadoops:3.4.2:version-info (version-info) @ ratis-server-api ---
[INFO] SCM: GIT
[INFO] Computed MD5: d41d8cd98f0b24e980998ecf8427e
[INFO] 
[INFO] --- resources:3.3.1:resources (default-resources) @ ratis-server-api ---
[INFO] skip non existing resourceDirectory /home/runner/work/ratis/ratis/ratis-server-api/src/main/resources
[INFO] Copying 1 resource from ../src/main/resources to target/classes
[INFO] Copying 3 resources from target/maven-shared-archive-resources to target/classes
[INFO] The encoding used to copy filtered properties files have not been set. This means that the same encoding will be used to copy filtered properties files as when copying other filtered resources. This might not be what you want! Run your build with --debug to see which files might be affected. Read more at https://maven.apache.org/plugins/maven-resources-plugin/examples/filtering-properties-files.html
[INFO] 
[INFO] --- compiler:3.14.0:compile (default-compile) @ ratis-server-api ---
[INFO] Compiling 38 source files with javac [forked debug release 8] to target/classes
[WARNING] /home/runner/work/ratis/ratis/ratis-server-api/src/main/java/org/apache/ratis/server/raftlog/RaftLogIOException.java:[25,7] [serial] serializable class RaftLogIOException has no definition of serialVersionUID
[INFO] 
[INFO] --- resources:3.3.1:testResources (default-testResources) @ ratis-server-api ---
[INFO] skip non existing resourceDirectory /home/runner/work/ratis/ratis/ratis-server-api/src/test/resources
[INFO] Copying 3 resources from target/maven-shared-archive-resources to target/test-classes
[INFO] 
[INFO] --- compiler:3.14.0:testCompile (default-testCompile) @ ratis-server-api ---
[INFO] No sources to compile
[INFO] 
[INFO] --- surefire:3.5.3:test (default-test) @ ratis-server-api ---
[INFO] Skipped
[INFO] 
[INFO] -----------------< org.apache.ratis:ratis-metrics-api >-----------------
[INFO] Building Apache Ratis Metrics API 3.3.0-SNAPSHOT                  [7/19]
[INFO]   from ratis-metrics-api/pom.xml
[INFO] --------------------------------[ jar ]---------------------------------
[INFO] 
[INFO] --- enforcer:3.5.0:enforce (enforce-maven-version) @ ratis-metrics-api ---
[INFO] 
[INFO] --- enforcer:3.5.0:enforce (enforce-java-version) @ ratis-metrics-api ---
[INFO] 
[INFO] --- jacoco:0.8.12:prepare-agent (default-prepare-agent) @ ratis-metrics-api ---
[INFO] argLine set to -javaagent:/home/runner/.m2/repository/org/jacoco/org.jacoco.agent/0.8.12/org.jacoco.agent-0.8.12-runtime.jar=destfile=/home/runner/work/ratis/ratis/ratis-metrics-api/target/jacoco.exec,includes=org.apache.ratis.*
[INFO] 
[INFO] --- build-helper:3.6.1:add-source (add-source) @ ratis-metrics-api ---
[INFO] Source directory: /home/runner/work/ratis/ratis/ratis-metrics-api/target/generated-sources added.
[INFO] 
[INFO] --- enforcer:3.5.0:enforce (bannedImports-finalizers) @ ratis-metrics-api ---
[INFO] Rule 0: org.apache.maven.plugins.enforcer.RestrictImports passed
[INFO] 
[INFO] --- remote-resources:3.3.0:process (process-resource-bundles) @ ratis-metrics-api ---
[INFO] Preparing remote bundle org.apache.apache.resources:apache-jar-resource-bundle:1.7
[INFO] Copying 3 resources from 1 bundle.
[INFO] 
[INFO] --- hadoops:3.4.2:version-info (version-info) @ ratis-metrics-api ---
[INFO] SCM: GIT
[INFO] Computed MD5: d41d8cd98f0b24e980998ecf8427e
[INFO] 
[INFO] --- resources:3.3.1:resources (default-resources) @ ratis-metrics-api ---
[INFO] skip non existing resourceDirectory /home/runner/work/ratis/ratis/ratis-metrics-api/src/main/resources
[INFO] Copying 1 resource from ../src/main/resources to target/classes
[INFO] Copying 3 resources from target/maven-shared-archive-resources to target/classes
[INFO] The encoding used to copy filtered properties files have not been set. This means that the same encoding will be used to copy filtered properties files as when copying other filtered resources. This might not be what you want! Run your build with --debug to see which files might be affected. Read more at https://maven.apache.org/plugins/maven-resources-plugin/examples/filtering-properties-files.html
[INFO] 
[INFO] --- compiler:3.14.0:compile (default-compile) @ ratis-metrics-api ---
[INFO] Compiling 8 source files with javac [forked debug release 8] to target/classes
[INFO] 
[INFO] --- resources:3.3.1:testResources (default-testResources) @ ratis-metrics-api ---
[INFO] skip non existing resourceDirectory /home/runner/work/ratis/ratis/ratis-metrics-api/src/test/resources
[INFO] Copying 3 resources from target/maven-shared-archive-resources to target/test-classes
[INFO] 
[INFO] --- compiler:3.14.0:testCompile (default-testCompile) @ ratis-metrics-api ---
[INFO] No sources to compile
[INFO] 
[INFO] --- surefire:3.5.3:test (default-test) @ ratis-metrics-api ---
[INFO] Skipped
[INFO] 
[INFO] ---------------< org.apache.ratis:ratis-metrics-default >---------------
[INFO] Building Apache Ratis Metrics Default Implementation 3.3.0-SNAPSHOT [8/19]
[INFO]   from ratis-metrics-default/pom.xml
[INFO] --------------------------------[ jar ]---------------------------------
[INFO] 
[INFO] --- enforcer:3.5.0:enforce (enforce-maven-version) @ ratis-metrics-default ---
[INFO] 
[INFO] --- enforcer:3.5.0:enforce (enforce-java-version) @ ratis-metrics-default ---
[INFO] 
[INFO] --- jacoco:0.8.12:prepare-agent (default-prepare-agent) @ ratis-metrics-default ---
[INFO] argLine set to -javaagent:/home/runner/.m2/repository/org/jacoco/org.jacoco.agent/0.8.12/org.jacoco.agent-0.8.12-runtime.jar=destfile=/home/runner/work/ratis/ratis/ratis-metrics-default/target/jacoco.exec,includes=org.apache.ratis.*
[INFO] 
[INFO] --- build-helper:3.6.1:add-source (add-source) @ ratis-metrics-default ---
[INFO] Source directory: /home/runner/work/ratis/ratis/ratis-metrics-default/target/generated-sources added.
[INFO] 
[INFO] --- enforcer:3.5.0:enforce (bannedImports-finalizers) @ ratis-metrics-default ---
[INFO] Rule 0: org.apache.maven.plugins.enforcer.RestrictImports passed
[INFO] 
[INFO] --- remote-resources:3.3.0:process (process-resource-bundles) @ ratis-metrics-default ---
[INFO] Preparing remote bundle org.apache.apache.resources:apache-jar-resource-bundle:1.7
[INFO] Copying 3 resources from 1 bundle.
[INFO] 
[INFO] --- hadoops:3.4.2:version-info (version-info) @ ratis-metrics-default ---
[INFO] SCM: GIT
[INFO] Computed MD5: d41d8cd98f0b24e980998ecf8427e
[INFO] 
[INFO] --- resources:3.3.1:resources (default-resources) @ ratis-metrics-default ---
[INFO] Copying 1 resource from src/main/resources to target/classes
[INFO] Copying 1 resource from ../src/main/resources to target/classes
[INFO] Copying 3 resources from target/maven-shared-archive-resources to target/classes
[INFO] The encoding used to copy filtered properties files have not been set. This means that the same encoding will be used to copy filtered properties files as when copying other filtered resources. This might not be what you want! Run your build with --debug to see which files might be affected. Read more at https://maven.apache.org/plugins/maven-resources-plugin/examples/filtering-properties-files.html
[INFO] 
[INFO] --- compiler:3.14.0:compile (default-compile) @ ratis-metrics-default ---
[INFO] Compiling 7 source files with javac [forked debug release 8] to target/classes
[WARNING] /home/runner/work/ratis/ratis/ratis-metrics-default/src/main/java/org/apache/ratis/metrics/impl/RatisMetricRegistryImpl.java:[108,27] [rawtypes] found raw type: Gauge
  missing type arguments for generic class Gauge<T>
  where T is a type-variable:
    T extends Object declared in interface Gauge
[INFO] 
[INFO] --- resources:3.3.1:testResources (default-testResources) @ ratis-metrics-default ---
[INFO] skip non existing resourceDirectory /home/runner/work/ratis/ratis/ratis-metrics-default/src/test/resources
[INFO] Copying 3 resources from target/maven-shared-archive-resources to target/test-classes
[INFO] 
[INFO] --- compiler:3.14.0:testCompile (default-testCompile) @ ratis-metrics-default ---
[INFO] Compiling 1 source file with javac [forked debug release 8] to target/test-classes
[INFO] 
[INFO] --- surefire:3.5.3:test (default-test) @ ratis-metrics-default ---
[INFO] Using auto detected provider org.apache.maven.surefire.junitplatform.JUnitPlatformProvider
[INFO] Using auto detected provider org.apache.maven.surefire.junitplatform.JUnitPlatformProvider
[INFO] Using auto detected provider org.apache.maven.surefire.junitplatform.JUnitPlatformProvider
[INFO] 
[INFO] -------------------------------------------------------
[INFO]  T E S T S
[INFO] -------------------------------------------------------
[INFO] Running org.apache.ratis.metrics.TestMetricRegistriesLoader
[INFO] Tests run: 5, Failures: 0, Errors: 0, Skipped: 0, Time elapsed: 0.770 s -- in org.apache.ratis.metrics.TestMetricRegistriesLoader
[INFO] 
[INFO] Results:
[INFO] 
[INFO] Tests run: 5, Failures: 0, Errors: 0, Skipped: 0
[INFO] 
[INFO] 
[INFO] -------------------< org.apache.ratis:ratis-server >--------------------
[INFO] Building Apache Ratis Server 3.3.0-SNAPSHOT                       [9/19]
[INFO]   from ratis-server/pom.xml
[INFO] --------------------------------[ jar ]---------------------------------
[INFO] 
[INFO] --- enforcer:3.5.0:enforce (enforce-maven-version) @ ratis-server ---
[INFO] 
[INFO] --- enforcer:3.5.0:enforce (enforce-java-version) @ ratis-server ---
[INFO] 
[INFO] --- jacoco:0.8.12:prepare-agent (default-prepare-agent) @ ratis-server ---
[INFO] argLine set to -javaagent:/home/runner/.m2/repository/org/jacoco/org.jacoco.agent/0.8.12/org.jacoco.agent-0.8.12-runtime.jar=destfile=/home/runner/work/ratis/ratis/ratis-server/target/jacoco.exec,includes=org.apache.ratis.*
[INFO] 
[INFO] --- build-helper:3.6.1:add-source (add-source) @ ratis-server ---
[INFO] Source directory: /home/runner/work/ratis/ratis/ratis-server/target/generated-sources added.
[INFO] 
[INFO] --- enforcer:3.5.0:enforce (bannedImports-finalizers) @ ratis-server ---
[INFO] Rule 0: org.apache.maven.plugins.enforcer.RestrictImports passed
[INFO] 
[INFO] --- remote-resources:3.3.0:process (process-resource-bundles) @ ratis-server ---
[INFO] Preparing remote bundle org.apache.apache.resources:apache-jar-resource-bundle:1.7
[INFO] Copying 3 resources from 1 bundle.
[INFO] 
[INFO] --- hadoops:3.4.2:version-info (version-info) @ ratis-server ---
[INFO] SCM: GIT
[INFO] Computed MD5: d41d8cd98f0b24e980998ecf8427e
[INFO] 
[INFO] --- resources:3.3.1:resources (default-resources) @ ratis-server ---
[INFO] skip non existing resourceDirectory /home/runner/work/ratis/ratis/ratis-server/src/main/resources
[INFO] Copying 1 resource from ../src/main/resources to target/classes
[INFO] Copying 3 resources from target/maven-shared-archive-resources to target/classes
[INFO] The encoding used to copy filtered properties files have not been set. This means that the same encoding will be used to copy filtered properties files as when copying other filtered resources. This might not be what you want! Run your build with --debug to see which files might be affected. Read more at https://maven.apache.org/plugins/maven-resources-plugin/examples/filtering-properties-files.html
[INFO] 
[INFO] --- compiler:3.14.0:compile (default-compile) @ ratis-server ---
[INFO] Compiling 73 source files with javac [forked debug release 8] to target/classes
[WARNING] /home/runner/.m2/repository/org/apache/ratis/ratis-thirdparty-misc/1.0.10/ratis-thirdparty-misc-1.0.10.jar(/org/apache/ratis/thirdparty/com/google/common/cache/Cache.class): warning: Cannot find annotation method 'value()' in type 'DoNotMock': class file for com.google.errorprone.annotations.DoNotMock not found
/home/runner/.m2/repository/org/apache/ratis/ratis-thirdparty-misc/1.0.10/ratis-thirdparty-misc-1.0.10.jar(/org/apache/ratis/thirdparty/com/google/common/cache/Cache.class): warning: Cannot find annotation method 'value()' in type 'CompatibleWith': class file for com.google.errorprone.annotations.CompatibleWith not found
/home/runner/.m2/repository/org/apache/ratis/ratis-thirdparty-misc/1.0.10/ratis-thirdparty-misc-1.0.10.jar(/org/apache/ratis/thirdparty/com/google/common/cache/Cache.class): warning: Cannot find annotation method 'value()' in type 'CompatibleWith'
/home/runner/work/ratis/ratis/ratis-server/src/main/java/org/apache/ratis/server/impl/LeaderElection.java:[380,23] [try] auto-closeable resource ignored is never referenced in body of corresponding try statement
[WARNING] /home/runner/work/ratis/ratis/ratis-server/src/main/java/org/apache/ratis/server/impl/LeaderStateImpl.java:[1316,44] [deprecation] notifyFollowerSlowness(RoleInfoProto) in LeaderEventApi has been deprecated
[WARNING] /home/runner/work/ratis/ratis/ratis-server/src/main/java/org/apache/ratis/server/impl/StateMachineUpdater.java:[290,33] [try] auto-closeable resource ignored is never referenced in body of corresponding try statement
[WARNING] /home/runner/work/ratis/ratis/ratis-server/src/main/java/org/apache/ratis/server/raftlog/RaftLogBase.java:[123,26] [try] auto-closeable resource writeLock is never referenced in body of corresponding try statement
[WARNING] /home/runner/work/ratis/ratis/ratis-server/src/main/java/org/apache/ratis/server/raftlog/RaftLogBase.java:[156,26] [try] auto-closeable resource writeLock is never referenced in body of corresponding try statement
[WARNING] /home/runner/work/ratis/ratis/ratis-server/src/main/java/org/apache/ratis/server/raftlog/RaftLogBase.java:[175,26] [try] auto-closeable resource writeLock is never referenced in body of corresponding try statement
[WARNING] /home/runner/work/ratis/ratis/ratis-server/src/main/java/org/apache/ratis/server/raftlog/RaftLogBase.java:[229,26] [try] auto-closeable resource writeLock is never referenced in body of corresponding try statement
[WARNING] /home/runner/work/ratis/ratis/ratis-server/src/main/java/org/apache/ratis/server/raftlog/RaftLogBase.java:[255,26] [try] auto-closeable resource writeLock is never referenced in body of corresponding try statement
[WARNING] /home/runner/work/ratis/ratis/ratis-server/src/main/java/org/apache/ratis/server/raftlog/memory/MemoryRaftLog.java:[105,26] [try] auto-closeable resource readLock is never referenced in body of corresponding try statement
[WARNING] /home/runner/work/ratis/ratis/ratis-server/src/main/java/org/apache/ratis/server/raftlog/memory/MemoryRaftLog.java:[118,26] [try] auto-closeable resource readLock is never referenced in body of corresponding try statement
[WARNING] /home/runner/work/ratis/ratis/ratis-server/src/main/java/org/apache/ratis/server/raftlog/memory/MemoryRaftLog.java:[126,26] [try] auto-closeable resource readLock is never referenced in body of corresponding try statement
[WARNING] /home/runner/work/ratis/ratis/ratis-server/src/main/java/org/apache/ratis/server/raftlog/memory/MemoryRaftLog.java:[143,26] [try] auto-closeable resource writeLock is never referenced in body of corresponding try statement
[WARNING] /home/runner/work/ratis/ratis/ratis-server/src/main/java/org/apache/ratis/server/raftlog/memory/MemoryRaftLog.java:[153,27] [try] auto-closeable resource writeLock is never referenced in body of corresponding try statement
[WARNING] /home/runner/work/ratis/ratis/ratis-server/src/main/java/org/apache/ratis/server/raftlog/memory/MemoryRaftLog.java:[163,26] [try] auto-closeable resource readLock is never referenced in body of corresponding try statement
[WARNING] /home/runner/work/ratis/ratis/ratis-server/src/main/java/org/apache/ratis/server/raftlog/memory/MemoryRaftLog.java:[171,26] [try] auto-closeable resource writeLock is never referenced in body of corresponding try statement
[WARNING] /home/runner/work/ratis/ratis/ratis-server/src/main/java/org/apache/ratis/server/raftlog/memory/MemoryRaftLog.java:[189,26] [try] auto-closeable resource writeLock is never referenced in body of corresponding try statement
[WARNING] /home/runner/.m2/repository/org/apache/ratis/ratis-thirdparty-misc/1.0.10/ratis-thirdparty-misc-1.0.10.jar(/org/apache/ratis/thirdparty/com/google/common/util/concurrent/ListenableFuture.class): warning: Cannot find annotation method 'value()' in type 'DoNotMock'
/home/runner/work/ratis/ratis/ratis-server/src/main/java/org/apache/ratis/server/raftlog/segmented/SegmentedRaftLogCache.java:[249,28] [try] auto-closeable resource readLock is never referenced in body of corresponding try statement
[WARNING] /home/runner/work/ratis/ratis/ratis-server/src/main/java/org/apache/ratis/server/raftlog/segmented/SegmentedRaftLogCache.java:[259,28] [try] auto-closeable resource readLock is never referenced in body of corresponding try statement
[WARNING] /home/runner/work/ratis/ratis/ratis-server/src/main/java/org/apache/ratis/server/raftlog/segmented/SegmentedRaftLogCache.java:[265,28] [try] auto-closeable resource readLock is never referenced in body of corresponding try statement
[WARNING] /home/runner/work/ratis/ratis/ratis-server/src/main/java/org/apache/ratis/server/raftlog/segmented/SegmentedRaftLogCache.java:[276,28] [try] auto-closeable resource readLock is never referenced in body of corresponding try statement
[WARNING] /home/runner/work/ratis/ratis/ratis-server/src/main/java/org/apache/ratis/server/raftlog/segmented/SegmentedRaftLogCache.java:[299,28] [try] auto-closeable resource writeLock is never referenced in body of corresponding try statement
[WARNING] /home/runner/work/ratis/ratis/ratis-server/src/main/java/org/apache/ratis/server/raftlog/segmented/SegmentedRaftLogCache.java:[306,28] [try] auto-closeable resource writeLock is never referenced in body of corresponding try statement
[WARNING] /home/runner/work/ratis/ratis/ratis-server/src/main/java/org/apache/ratis/server/raftlog/segmented/SegmentedRaftLogCache.java:[315,28] [try] auto-closeable resource writeLock is never referenced in body of corresponding try statement
[WARNING] /home/runner/work/ratis/ratis/ratis-server/src/main/java/org/apache/ratis/server/raftlog/segmented/SegmentedRaftLogCache.java:[365,29] [try] auto-closeable resource writeLock is never referenced in body of corresponding try statement
[WARNING] /home/runner/work/ratis/ratis/ratis-server/src/main/java/org/apache/ratis/server/raftlog/segmented/SegmentedRaftLogCache.java:[590,27] [try] auto-closeable resource readLock is never referenced in body of corresponding try statement
[WARNING] /home/runner/work/ratis/ratis/ratis-server/src/main/java/org/apache/ratis/server/raftlog/segmented/SegmentedRaftLogCache.java:[600,27] [try] auto-closeable resource readLock is never referenced in body of corresponding try statement
[WARNING] /home/runner/work/ratis/ratis/ratis-server/src/main/java/org/apache/ratis/server/raftlog/segmented/SegmentedRaftLogCache.java:[609,27] [try] auto-closeable resource readLock is never referenced in body of corresponding try statement
[WARNING] /home/runner/work/ratis/ratis/ratis-server/src/main/java/org/apache/ratis/server/raftlog/segmented/SegmentedRaftLogCache.java:[616,27] [try] auto-closeable resource readLock is never referenced in body of corresponding try statement
[WARNING] /home/runner/work/ratis/ratis/ratis-server/src/main/java/org/apache/ratis/server/raftlog/segmented/SegmentedRaftLogCache.java:[669,26] [try] auto-closeable resource readLock is never referenced in body of corresponding try statement
[WARNING] /home/runner/work/ratis/ratis/ratis-server/src/main/java/org/apache/ratis/server/raftlog/segmented/CacheInvalidationPolicy.java:[52,28] [try] auto-closeable resource readLock is never referenced in body of corresponding try statement
[WARNING] /home/runner/work/ratis/ratis/ratis-server/src/main/java/org/apache/ratis/server/raftlog/segmented/SegmentedRaftLog.java:[262,35] [try] auto-closeable resource ignored is never referenced in body of corresponding try statement
[WARNING] /home/runner/work/ratis/ratis/ratis-server/src/main/java/org/apache/ratis/server/raftlog/segmented/SegmentedRaftLog.java:[250,26] [try] auto-closeable resource writeLock is never referenced in body of corresponding try statement
[WARNING] /home/runner/work/ratis/ratis/ratis-server/src/main/java/org/apache/ratis/server/raftlog/segmented/SegmentedRaftLog.java:[284,27] [try] auto-closeable resource readLock is never referenced in body of corresponding try statement
[WARNING] /home/runner/work/ratis/ratis/ratis-server/src/main/java/org/apache/ratis/server/raftlog/segmented/SegmentedRaftLog.java:[334,29] [try] auto-closeable resource ignored is never referenced in body of corresponding try statement
[WARNING] /home/runner/work/ratis/ratis/ratis-server/src/main/java/org/apache/ratis/server/raftlog/segmented/SegmentedRaftLog.java:[347,26] [try] auto-closeable resource readLock is never referenced in body of corresponding try statement
[WARNING] /home/runner/work/ratis/ratis/ratis-server/src/main/java/org/apache/ratis/server/raftlog/segmented/SegmentedRaftLog.java:[355,26] [try] auto-closeable resource readLock is never referenced in body of corresponding try statement
[WARNING] /home/runner/work/ratis/ratis/ratis-server/src/main/java/org/apache/ratis/server/raftlog/segmented/SegmentedRaftLog.java:[363,26] [try] auto-closeable resource readLock is never referenced in body of corresponding try statement
[WARNING] /home/runner/work/ratis/ratis/ratis-server/src/main/java/org/apache/ratis/server/raftlog/segmented/SegmentedRaftLog.java:[371,26] [try] auto-closeable resource writeLock is never referenced in body of corresponding try statement
[WARNING] /home/runner/work/ratis/ratis/ratis-server/src/main/java/org/apache/ratis/server/raftlog/segmented/SegmentedRaftLog.java:[384,27] [try] auto-closeable resource writeLock is never referenced in body of corresponding try statement
[WARNING] /home/runner/work/ratis/ratis/ratis-server/src/main/java/org/apache/ratis/server/raftlog/segmented/SegmentedRaftLog.java:[403,26] [try] auto-closeable resource writeLock is never referenced in body of corresponding try statement
[WARNING] /home/runner/work/ratis/ratis/ratis-server/src/main/java/org/apache/ratis/server/raftlog/segmented/SegmentedRaftLog.java:[468,26] [try] auto-closeable resource writeLock is never referenced in body of corresponding try statement
[WARNING] /home/runner/work/ratis/ratis/ratis-server/src/main/java/org/apache/ratis/server/raftlog/segmented/SegmentedRaftLog.java:[533,26] [try] auto-closeable resource writeLock is never referenced in body of corresponding try statement
[WARNING] /home/runner/work/ratis/ratis/ratis-server/src/main/java/org/apache/ratis/server/raftlog/segmented/SegmentedRaftLogWorker.java:[480,35] [try] auto-closeable resource ignored is never referenced in body of corresponding try statement
[WARNING] /home/runner/work/ratis/ratis/ratis-server/src/main/java/org/apache/ratis/server/raftlog/segmented/SegmentedRaftLogWorker.java:[279,31] [try] auto-closeable resource ignored is never referenced in body of corresponding try statement
[WARNING] /home/runner/work/ratis/ratis/ratis-server/src/main/java/org/apache/ratis/server/raftlog/segmented/SegmentedRaftLogWorker.java:[316,42] [try] auto-closeable resource ignored is never referenced in body of corresponding try statement
[WARNING] /home/runner/work/ratis/ratis/ratis-server/src/main/java/org/apache/ratis/server/raftlog/segmented/SegmentedRaftLogWorker.java:[372,33] [try] auto-closeable resource ignored is never referenced in body of corresponding try statement
[WARNING] /home/runner/work/ratis/ratis/ratis-server/src/main/java/org/apache/ratis/server/raftlog/segmented/SegmentedRaftLogWorker.java:[413,31] [try] auto-closeable resource ignored is never referenced in body of corresponding try statement
[WARNING] /home/runner/work/ratis/ratis/ratis-server/src/main/java/org/apache/ratis/server/raftlog/segmented/SegmentedRaftLogReader.java:[219,22] [try] auto-closeable resource ignored is never referenced in body of corresponding try statement
[INFO] 
[INFO] --- resources:3.3.1:testResources (default-testResources) @ ratis-server ---
[INFO] skip non existing resourceDirectory /home/runner/work/ratis/ratis/ratis-server/src/test/resources
[INFO] Copying 3 resources from target/maven-shared-archive-resources to target/test-classes
[INFO] 
[INFO] --- compiler:3.14.0:testCompile (default-testCompile) @ ratis-server ---
[INFO] Compiling 51 source files with javac [forked debug release 8] to target/test-classes
[WARNING] /home/runner/work/ratis/ratis/ratis-server/src/test/java/org/apache/ratis/RaftTestUtil.java:[574,26] [try] auto-closeable resource readLock is never referenced in body of corresponding try statement
[WARNING] /home/runner/work/ratis/ratis/ratis-server/src/test/java/org/apache/ratis/LogAppenderTests.java:[149,22] [rawtypes] found raw type: Gauge
  missing type arguments for generic class Gauge<T>
  where T is a type-variable:
    T extends Object declared in interface Gauge
[WARNING] /home/runner/work/ratis/ratis/ratis-server/src/test/java/org/apache/ratis/LogAppenderTests.java:[155,6] [rawtypes] found raw type: Gauge
  missing type arguments for generic class Gauge<T>
  where T is a type-variable:
    T extends Object declared in interface Gauge
[WARNING] [rawtypes] found raw type: Gauge
[WARNING]   missing type arguments for generic class Gauge<T>
  where T is a type-variable:
    T extends Object declared in interface Gauge
/home/runner/work/ratis/ratis/ratis-server/src/test/java/org/apache/ratis/MessageStreamApiTests.java:[66,28] [try] auto-closeable resource MessageOutputStream has a member method close() that could throw InterruptedException
[WARNING] /home/runner/work/ratis/ratis/ratis-server/src/test/java/org/apache/ratis/RaftAsyncTests.java:[220,4] [rawtypes] found raw type: CompletableFuture
  missing type arguments for generic class CompletableFuture<T>
  where T is a type-variable:
    T extends Object declared in class CompletableFuture
[WARNING] /home/runner/work/ratis/ratis/ratis-server/src/test/java/org/apache/ratis/RaftAsyncTests.java:[220,38] [rawtypes] found raw type: CompletableFuture
  missing type arguments for generic class CompletableFuture<T>
  where T is a type-variable:
    T extends Object declared in class CompletableFuture
[WARNING] /home/runner/work/ratis/ratis/ratis-server/src/test/java/org/apache/ratis/RaftBasicTests.java:[467,6] [rawtypes] found raw type: Gauge
  missing type arguments for generic class Gauge<T>
  where T is a type-variable:
    T extends Object declared in interface Gauge
[WARNING] /home/runner/work/ratis/ratis/ratis-server/src/test/java/org/apache/ratis/RaftBasicTests.java:[469,6] [rawtypes] found raw type: Gauge
  missing type arguments for generic class Gauge<T>
  where T is a type-variable:
    T extends Object declared in interface Gauge
[WARNING] /home/runner/work/ratis/ratis/ratis-server/src/test/java/org/apache/ratis/RaftBasicTests.java:[498,4] [rawtypes] found raw type: Gauge
  missing type arguments for generic class Gauge<T>
  where T is a type-variable:
    T extends Object declared in interface Gauge
[WARNING] /home/runner/work/ratis/ratis/ratis-server/src/test/java/org/apache/ratis/RaftBasicTests.java:[502,6] [rawtypes] found raw type: Gauge
  missing type arguments for generic class Gauge<T>
  where T is a type-variable:
    T extends Object declared in interface Gauge
[WARNING] /home/runner/work/ratis/ratis/ratis-server/src/test/java/org/apache/ratis/RaftBasicTests.java:[505,6] [rawtypes] found raw type: Gauge
  missing type arguments for generic class Gauge<T>
  where T is a type-variable:
    T extends Object declared in interface Gauge
[WARNING] /home/runner/work/ratis/ratis/ratis-server/src/test/java/org/apache/ratis/RaftBasicTests.java:[512,17] [rawtypes] found raw type: Gauge
  missing type arguments for generic class Gauge<T>
  where T is a type-variable:
    T extends Object declared in interface Gauge
[WARNING] /home/runner/work/ratis/ratis/ratis-server/src/test/java/org/apache/ratis/server/impl/TestLogAppenderMetrics.java:[56,4] [rawtypes] found raw type: Gauge
  missing type arguments for generic class Gauge<T>
  where T is a type-variable:
    T extends Object declared in interface Gauge
[WARNING] /home/runner/work/ratis/ratis/ratis-server/src/test/java/org/apache/ratis/server/impl/TestLogAppenderMetrics.java:[59,4] [rawtypes] found raw type: Gauge
  missing type arguments for generic class Gauge<T>
  where T is a type-variable:
    T extends Object declared in interface Gauge
[WARNING] /home/runner/work/ratis/ratis/ratis-server/src/test/java/org/apache/ratis/server/impl/TestLogAppenderMetrics.java:[62,4] [rawtypes] found raw type: Gauge
  missing type arguments for generic class Gauge<T>
  where T is a type-variable:
    T extends Object declared in interface Gauge
[WARNING] /home/runner/work/ratis/ratis/ratis-server/src/test/java/org/apache/ratis/server/impl/TestRetryCacheMetrics.java:[115,24] [rawtypes] found raw type: Gauge
  missing type arguments for generic class Gauge<T>
  where T is a type-variable:
    T extends Object declared in interface Gauge
[WARNING] /home/runner/work/ratis/ratis/ratis-server/src/test/java/org/apache/ratis/server/impl/TestRetryCacheMetrics.java:[118,30] [rawtypes] found raw type: Gauge
  missing type arguments for generic class Gauge<T>
  where T is a type-variable:
    T extends Object declared in interface Gauge
[WARNING] /home/runner/work/ratis/ratis/ratis-server/src/test/java/org/apache/ratis/server/metrics/ServerMetricsTestUtils.java:[31,9] [rawtypes] found raw type: Gauge
  missing type arguments for generic class Gauge<T>
  where T is a type-variable:
    T extends Object declared in interface Gauge
[WARNING] /home/runner/work/ratis/ratis/ratis-server/src/test/java/org/apache/ratis/server/metrics/ServerMetricsTestUtils.java:[32,28] [rawtypes] found raw type: Gauge
  missing type arguments for generic class Gauge<T>
  where T is a type-variable:
    T extends Object declared in interface Gauge
[WARNING] /home/runner/work/ratis/ratis/ratis-server/src/test/java/org/apache/ratis/server/metrics/ServerMetricsTestUtils.java:[41,9] [rawtypes] found raw type: Gauge
  missing type arguments for generic class Gauge<T>
  where T is a type-variable:
    T extends Object declared in interface Gauge
[WARNING] /home/runner/work/ratis/ratis/ratis-server/src/test/java/org/apache/ratis/server/metrics/ServerMetricsTestUtils.java:[49,28] [rawtypes] found raw type: Gauge
  missing type arguments for generic class Gauge<T>
  where T is a type-variable:
    T extends Object declared in interface Gauge
[WARNING] /home/runner/work/ratis/ratis/ratis-server/src/test/java/org/apache/ratis/server/metrics/TestLeaderElectionMetrics.java:[57,28] [rawtypes] found raw type: Gauge
  missing type arguments for generic class Gauge<T>
  where T is a type-variable:
    T extends Object declared in interface Gauge
[WARNING] /home/runner/work/ratis/ratis/ratis-server/src/test/java/org/apache/ratis/server/storage/RaftStorageTestUtils.java:[63,26] [try] auto-closeable resource readlock is never referenced in body of corresponding try statement
[INFO] 
[INFO] --- surefire:3.5.3:test (default-test) @ ratis-server ---
[INFO] Using auto detected provider org.apache.maven.surefire.junitplatform.JUnitPlatformProvider
[INFO] Using auto detected provider org.apache.maven.surefire.junitplatform.JUnitPlatformProvider
[INFO] Using auto detected provider org.apache.maven.surefire.junitplatform.JUnitPlatformProvider
[INFO] 
[INFO] -------------------------------------------------------
[INFO]  T E S T S
[INFO] -------------------------------------------------------
[INFO] 
[INFO] Results:
[INFO] 
[INFO] Tests run: 0, Failures: 0, Errors: 0, Skipped: 0
[INFO] 
[INFO] 
[INFO] ---------------< org.apache.ratis:ratis-resource-bundle >---------------
[INFO] Building Apache Ratis - Resource Bundle 3.3.0-SNAPSHOT           [10/19]
[INFO]   from ratis-resource-bundle/pom.xml
[INFO] --------------------------------[ jar ]---------------------------------
[INFO] 
[INFO] --- enforcer:3.5.0:enforce (enforce-maven-version) @ ratis-resource-bundle ---
[INFO] 
[INFO] --- enforcer:3.5.0:enforce (enforce-java-version) @ ratis-resource-bundle ---
[INFO] 
[INFO] --- jacoco:0.8.12:prepare-agent (default-prepare-agent) @ ratis-resource-bundle ---
[INFO] argLine set to -javaagent:/home/runner/.m2/repository/org/jacoco/org.jacoco.agent/0.8.12/org.jacoco.agent-0.8.12-runtime.jar=destfile=/home/runner/work/ratis/ratis/ratis-resource-bundle/target/jacoco.exec,includes=org.apache.ratis.*
[INFO] 
[INFO] --- build-helper:3.6.1:add-source (add-source) @ ratis-resource-bundle ---
[INFO] Source directory: /home/runner/work/ratis/ratis/ratis-resource-bundle/target/generated-sources added.
[INFO] 
[INFO] --- enforcer:3.5.0:enforce (bannedImports-finalizers) @ ratis-resource-bundle ---
[INFO] Rule 0: org.apache.maven.plugins.enforcer.RestrictImports passed
[INFO] 
[INFO] --- remote-resources:3.3.0:process (process-resource-bundles) @ ratis-resource-bundle ---
[INFO] Preparing remote bundle org.apache.apache.resources:apache-jar-resource-bundle:1.7
[INFO] Copying 3 resources from 1 bundle.
[INFO] 
[INFO] --- remote-resources:3.3.0:bundle (build-ratis-resource-bundle) @ ratis-resource-bundle ---
[INFO] Writing META-INF/maven/remote-resources.xml descriptor with 2 entries
[INFO] 
[INFO] --- hadoops:3.4.2:version-info (version-info) @ ratis-resource-bundle ---
[INFO] SCM: GIT
[INFO] Computed MD5: d41d8cd98f0b24e980998ecf8427e
[INFO] 
[INFO] --- resources:3.3.1:resources (default-resources) @ ratis-resource-bundle ---
[INFO] Copying 3 resources from src/main/resources to target/classes
[INFO] Copying 1 resource from ../src/main/resources to target/classes
[INFO] Copying 3 resources from target/maven-shared-archive-resources to target/classes
[INFO] The encoding used to copy filtered properties files have not been set. This means that the same encoding will be used to copy filtered properties files as when copying other filtered resources. This might not be what you want! Run your build with --debug to see which files might be affected. Read more at https://maven.apache.org/plugins/maven-resources-plugin/examples/filtering-properties-files.html
[INFO] 
[INFO] --- compiler:3.14.0:compile (default-compile) @ ratis-resource-bundle ---
[INFO] No sources to compile
[INFO] 
[INFO] --- resources:3.3.1:testResources (default-testResources) @ ratis-resource-bundle ---
[INFO] Not copying test resources
[INFO] 
[INFO] --- compiler:3.14.0:testCompile (default-testCompile) @ ratis-resource-bundle ---
[INFO] Skipped
[INFO] 
[INFO] --- surefire:3.5.3:test (default-test) @ ratis-resource-bundle ---
[INFO] No tests to run.
[INFO] Skipped
[INFO] 
[INFO] --------------------< org.apache.ratis:ratis-grpc >---------------------
[INFO] Building Apache Ratis gRPC Support 3.3.0-SNAPSHOT                [11/19]
[INFO]   from ratis-grpc/pom.xml
[INFO] --------------------------------[ jar ]---------------------------------
[INFO] 
[INFO] --- enforcer:3.5.0:enforce (enforce-maven-version) @ ratis-grpc ---
[INFO] 
[INFO] --- enforcer:3.5.0:enforce (enforce-java-version) @ ratis-grpc ---
[INFO] 
[INFO] --- jacoco:0.8.12:prepare-agent (default-prepare-agent) @ ratis-grpc ---
[INFO] argLine set to -javaagent:/home/runner/.m2/repository/org/jacoco/org.jacoco.agent/0.8.12/org.jacoco.agent-0.8.12-runtime.jar=destfile=/home/runner/work/ratis/ratis/ratis-grpc/target/jacoco.exec,includes=org.apache.ratis.*
[INFO] 
[INFO] --- build-helper:3.6.1:add-source (add-source) @ ratis-grpc ---
[INFO] Source directory: /home/runner/work/ratis/ratis/ratis-grpc/target/generated-sources added.
[INFO] 
[INFO] --- enforcer:3.5.0:enforce (bannedImports-finalizers) @ ratis-grpc ---
[INFO] Rule 0: org.apache.maven.plugins.enforcer.RestrictImports passed
[INFO] 
[INFO] --- remote-resources:3.3.0:process (process-resource-bundles) @ ratis-grpc ---
[INFO] Preparing remote bundle org.apache.apache.resources:apache-jar-resource-bundle:1.7
[INFO] Copying 3 resources from 1 bundle.
[INFO] 
[INFO] --- hadoops:3.4.2:version-info (version-info) @ ratis-grpc ---
[INFO] SCM: GIT
[INFO] Computed MD5: d41d8cd98f0b24e980998ecf8427e
[INFO] 
[INFO] --- resources:3.3.1:resources (default-resources) @ ratis-grpc ---
[INFO] skip non existing resourceDirectory /home/runner/work/ratis/ratis/ratis-grpc/src/main/resources
[INFO] Copying 1 resource from ../src/main/resources to target/classes
[INFO] Copying 3 resources from target/maven-shared-archive-resources to target/classes
[INFO] The encoding used to copy filtered properties files have not been set. This means that the same encoding will be used to copy filtered properties files as when copying other filtered resources. This might not be what you want! Run your build with --debug to see which files might be affected. Read more at https://maven.apache.org/plugins/maven-resources-plugin/examples/filtering-properties-files.html
[INFO] 
[INFO] --- compiler:3.14.0:compile (default-compile) @ ratis-grpc ---
[INFO] Compiling 24 source files with javac [forked debug release 8] to target/classes
[WARNING] /home/runner/.m2/repository/org/apache/ratis/ratis-thirdparty-misc/1.0.10/ratis-thirdparty-misc-1.0.10.jar(/org/apache/ratis/thirdparty/io/grpc/netty/NettyServerBuilder.class): warning: Cannot find annotation method 'replacement()' in type 'InlineMe': class file for com.google.errorprone.annotations.InlineMe not found
/home/runner/.m2/repository/org/apache/ratis/ratis-thirdparty-misc/1.0.10/ratis-thirdparty-misc-1.0.10.jar(/org/apache/ratis/thirdparty/io/grpc/netty/NettyServerBuilder.class): warning: Cannot find annotation method 'replacement()' in type 'InlineMe'
/home/runner/.m2/repository/org/apache/ratis/ratis-thirdparty-misc/1.0.10/ratis-thirdparty-misc-1.0.10.jar(/org/apache/ratis/thirdparty/io/grpc/netty/NettyChannelBuilder.class): warning: Cannot find annotation method 'replacement()' in type 'InlineMe'
/home/runner/.m2/repository/org/apache/ratis/ratis-thirdparty-misc/1.0.10/ratis-thirdparty-misc-1.0.10.jar(/org/apache/ratis/thirdparty/io/grpc/ForwardingChannelBuilder2.class): warning: Cannot find annotation method 'value()' in type 'DoNotCall': class file for com.google.errorprone.annotations.DoNotCall not found
/home/runner/.m2/repository/org/apache/ratis/ratis-thirdparty-misc/1.0.10/ratis-thirdparty-misc-1.0.10.jar(/org/apache/ratis/thirdparty/io/grpc/ForwardingChannelBuilder2.class): warning: Cannot find annotation method 'value()' in type 'DoNotCall'
/home/runner/work/ratis/ratis/ratis-grpc/src/main/java/org/apache/ratis/grpc/server/GrpcLogAppender.java:[619,72] [cast] redundant cast to int
[WARNING] /home/runner/work/ratis/ratis/ratis-grpc/src/main/java/org/apache/ratis/grpc/server/GrpcLogAppender.java:[623,60] [cast] redundant cast to int
[WARNING] /home/runner/work/ratis/ratis/ratis-grpc/src/main/java/org/apache/ratis/grpc/server/GrpcLogAppender.java:[728,8] [fallthrough] possible fall-through into case
[WARNING] /home/runner/work/ratis/ratis/ratis-grpc/src/main/java/org/apache/ratis/grpc/server/GrpcLogAppender.java:[595,29] [try] auto-closeable resource writeLock is never referenced in body of corresponding try statement
[WARNING] /home/runner/work/ratis/ratis/ratis-grpc/src/main/java/org/apache/ratis/grpc/server/GrpcLogAppender.java:[614,29] [try] auto-closeable resource writeLock is never referenced in body of corresponding try statement
[WARNING] /home/runner/work/ratis/ratis/ratis-grpc/src/main/java/org/apache/ratis/grpc/server/GrpcLogAppender.java:[659,29] [try] auto-closeable resource readLock is never referenced in body of corresponding try statement
[WARNING] /home/runner/work/ratis/ratis/ratis-grpc/src/main/java/org/apache/ratis/grpc/server/GrpcLogAppender.java:[215,27] [try] auto-closeable resource writeLock is never referenced in body of corresponding try statement
[WARNING] /home/runner/work/ratis/ratis/ratis-grpc/src/main/java/org/apache/ratis/grpc/server/GrpcLogAppender.java:[395,27] [try] auto-closeable resource writeLock is never referenced in body of corresponding try statement
[WARNING] /home/runner/work/ratis/ratis/ratis-grpc/src/main/java/org/apache/ratis/grpc/server/GrpcLogAppender.java:[573,27] [try] auto-closeable resource writeLock is never referenced in body of corresponding try statement
[INFO] 
[INFO] --- resources:3.3.1:testResources (default-testResources) @ ratis-grpc ---
[INFO] skip non existing resourceDirectory /home/runner/work/ratis/ratis/ratis-grpc/src/test/resources
[INFO] Copying 3 resources from target/maven-shared-archive-resources to target/test-classes
[INFO] 
[INFO] --- compiler:3.14.0:testCompile (default-testCompile) @ ratis-grpc ---
[INFO] Compiling 1 source file with javac [forked debug release 8] to target/test-classes
[INFO] 
[INFO] --- surefire:3.5.3:test (default-test) @ ratis-grpc ---
[INFO] Using auto detected provider org.apache.maven.surefire.junitplatform.JUnitPlatformProvider
[INFO] Using auto detected provider org.apache.maven.surefire.junitplatform.JUnitPlatformProvider
[INFO] 
[INFO] --------------------< org.apache.ratis:ratis-netty >--------------------
[INFO] Building Apache Ratis Netty Support 3.3.0-SNAPSHOT               [12/19]
[INFO]   from ratis-netty/pom.xml
[INFO] --------------------------------[ jar ]---------------------------------
[INFO] 
[INFO] --- enforcer:3.5.0:enforce (enforce-maven-version) @ ratis-netty ---
[INFO] 
[INFO] --- enforcer:3.5.0:enforce (enforce-java-version) @ ratis-netty ---
[INFO] 
[INFO] --- jacoco:0.8.12:prepare-agent (default-prepare-agent) @ ratis-netty ---
[INFO] argLine set to -javaagent:/home/runner/.m2/repository/org/jacoco/org.jacoco.agent/0.8.12/org.jacoco.agent-0.8.12-runtime.jar=destfile=/home/runner/work/ratis/ratis/ratis-netty/target/jacoco.exec,includes=org.apache.ratis.*
[INFO] 
[INFO] --- build-helper:3.6.1:add-source (add-source) @ ratis-netty ---
[INFO] Source directory: /home/runner/work/ratis/ratis/ratis-netty/target/generated-sources added.
[INFO] 
[INFO] --- enforcer:3.5.0:enforce (bannedImports-finalizers) @ ratis-netty ---
[INFO] Rule 0: org.apache.maven.plugins.enforcer.RestrictImports passed
[INFO] 
[INFO] --- remote-resources:3.3.0:process (process-resource-bundles) @ ratis-netty ---
[INFO] Preparing remote bundle org.apache.apache.resources:apache-jar-resource-bundle:1.7
[INFO] Copying 3 resources from 1 bundle.
[INFO] 
[INFO] --- hadoops:3.4.2:version-info (version-info) @ ratis-netty ---
[INFO] SCM: GIT
[INFO] Computed MD5: d41d8cd98f0b24e980998ecf8427e
[INFO] 
[INFO] --- resources:3.3.1:resources (default-resources) @ ratis-netty ---
[INFO] skip non existing resourceDirectory /home/runner/work/ratis/ratis/ratis-netty/src/main/resources
[INFO] Copying 1 resource from ../src/main/resources to target/classes
[INFO] Copying 3 resources from target/maven-shared-archive-resources to target/classes
[INFO] The encoding used to copy filtered properties files have not been set. This means that the same encoding will be used to copy filtered properties files as when copying other filtered resources. This might not be what you want! Run your build with --debug to see which files might be affected. Read more at https://maven.apache.org/plugins/maven-resources-plugin/examples/filtering-properties-files.html
[INFO] 
[INFO] --- compiler:3.14.0:compile (default-compile) @ ratis-netty ---
[INFO] Compiling 16 source files with javac [forked debug release 8] to target/classes
[WARNING] /home/runner/work/ratis/ratis/ratis-netty/src/main/java/org/apache/ratis/netty/server/DataStreamManagement.java:[315,33] [try] auto-closeable resource ignore is never referenced in body of corresponding try statement
[WARNING] /home/runner/work/ratis/ratis/ratis-netty/src/main/java/org/apache/ratis/netty/server/NettyServerStreamRpc.java:[237,35] [try] auto-closeable resource autoReset is never referenced in body of corresponding try statement
[INFO] 
[INFO] --- resources:3.3.1:testResources (default-testResources) @ ratis-netty ---
[INFO] skip non existing resourceDirectory /home/runner/work/ratis/ratis/ratis-netty/src/test/resources
[INFO] Copying 3 resources from target/maven-shared-archive-resources to target/test-classes
[INFO] 
[INFO] --- compiler:3.14.0:testCompile (default-testCompile) @ ratis-netty ---
[INFO] Compiling 1 source file with javac [forked debug release 8] to target/test-classes
[INFO] 
[INFO] --- surefire:3.5.3:test (default-test) @ ratis-netty ---
[INFO] Skipped
[INFO] 
[INFO] --------------------< org.apache.ratis:ratis-shell >--------------------
[INFO] Building Apache Ratis Shell 3.3.0-SNAPSHOT                       [13/19]
[INFO]   from ratis-shell/pom.xml
[INFO] --------------------------------[ jar ]---------------------------------
[INFO] 
[INFO] --- enforcer:3.5.0:enforce (enforce-maven-version) @ ratis-shell ---
[INFO] 
[INFO] --- enforcer:3.5.0:enforce (enforce-java-version) @ ratis-shell ---
[INFO] 
[INFO] --- jacoco:0.8.12:prepare-agent (default-prepare-agent) @ ratis-shell ---
[INFO] argLine set to -javaagent:/home/runner/.m2/repository/org/jacoco/org.jacoco.agent/0.8.12/org.jacoco.agent-0.8.12-runtime.jar=destfile=/home/runner/work/ratis/ratis/ratis-shell/target/jacoco.exec,includes=org.apache.ratis.*
[INFO] 
[INFO] --- build-helper:3.6.1:add-source (add-source) @ ratis-shell ---
[INFO] Source directory: /home/runner/work/ratis/ratis/ratis-shell/target/generated-sources added.
[INFO] 
[INFO] --- enforcer:3.5.0:enforce (bannedImports-finalizers) @ ratis-shell ---
[INFO] Rule 0: org.apache.maven.plugins.enforcer.RestrictImports passed
[INFO] 
[INFO] --- remote-resources:3.3.0:process (process-resource-bundles) @ ratis-shell ---
[INFO] Preparing remote bundle org.apache.apache.resources:apache-jar-resource-bundle:1.7
[INFO] Copying 3 resources from 1 bundle.
[INFO] 
[INFO] --- hadoops:3.4.2:version-info (version-info) @ ratis-shell ---
[INFO] SCM: GIT
[INFO] Computed MD5: d41d8cd98f0b24e980998ecf8427e
[INFO] 
[INFO] --- resources:3.3.1:resources (default-resources) @ ratis-shell ---
[INFO] skip non existing resourceDirectory /home/runner/work/ratis/ratis/ratis-shell/src/main/resources
[INFO] Copying 1 resource from ../src/main/resources to target/classes
[INFO] Copying 3 resources from target/maven-shared-archive-resources to target/classes
[INFO] The encoding used to copy filtered properties files have not been set. This means that the same encoding will be used to copy filtered properties files as when copying other filtered resources. This might not be what you want! Run your build with --debug to see which files might be affected. Read more at https://maven.apache.org/plugins/maven-resources-plugin/examples/filtering-properties-files.html
[INFO] 
[INFO] --- compiler:3.14.0:compile (default-compile) @ ratis-shell ---
[INFO] Compiling 24 source files with javac [forked debug release 8] to target/classes
[INFO] 
[INFO] --- resources:3.3.1:testResources (default-testResources) @ ratis-shell ---
[INFO] skip non existing resourceDirectory /home/runner/work/ratis/ratis/ratis-shell/src/test/resources
[INFO] Copying 3 resources from target/maven-shared-archive-resources to target/test-classes
[INFO] 
[INFO] --- compiler:3.14.0:testCompile (default-testCompile) @ ratis-shell ---
[INFO] No sources to compile
[INFO] 
[INFO] --- surefire:3.5.3:test (default-test) @ ratis-shell ---
[INFO] Skipped
[INFO] 
[INFO] --------------------< org.apache.ratis:ratis-test >---------------------
[INFO] Building Apache Ratis Test 3.3.0-SNAPSHOT                        [14/19]
[INFO]   from ratis-test/pom.xml
[INFO] --------------------------------[ jar ]---------------------------------
[INFO] 
[INFO] --- enforcer:3.5.0:enforce (enforce-maven-version) @ ratis-test ---
[INFO] 
[INFO] --- enforcer:3.5.0:enforce (enforce-java-version) @ ratis-test ---
[INFO] 
[INFO] --- jacoco:0.8.12:prepare-agent (default-prepare-agent) @ ratis-test ---
[INFO] argLine set to -javaagent:/home/runner/.m2/repository/org/jacoco/org.jacoco.agent/0.8.12/org.jacoco.agent-0.8.12-runtime.jar=destfile=/home/runner/work/ratis/ratis/ratis-test/target/jacoco.exec,includes=org.apache.ratis.*
[INFO] 
[INFO] --- build-helper:3.6.1:add-source (add-source) @ ratis-test ---
[INFO] Source directory: /home/runner/work/ratis/ratis/ratis-test/target/generated-sources added.
[INFO] 
[INFO] --- enforcer:3.5.0:enforce (bannedImports-finalizers) @ ratis-test ---
[INFO] Rule 0: org.apache.maven.plugins.enforcer.RestrictImports passed
[INFO] 
[INFO] --- remote-resources:3.3.0:process (process-resource-bundles) @ ratis-test ---
[INFO] Preparing remote bundle org.apache.apache.resources:apache-jar-resource-bundle:1.7
[INFO] Copying 3 resources from 1 bundle.
[INFO] 
[INFO] --- hadoops:3.4.2:version-info (version-info) @ ratis-test ---
[INFO] SCM: GIT
[INFO] Computed MD5: d41d8cd98f0b24e980998ecf8427e
[INFO] 
[INFO] --- resources:3.3.1:resources (default-resources) @ ratis-test ---
[INFO] skip non existing resourceDirectory /home/runner/work/ratis/ratis/ratis-test/src/main/resources
[INFO] Copying 1 resource from ../src/main/resources to target/classes
[INFO] Copying 3 resources from target/maven-shared-archive-resources to target/classes
[INFO] The encoding used to copy filtered properties files have not been set. This means that the same encoding will be used to copy filtered properties files as when copying other filtered resources. This might not be what you want! Run your build with --debug to see which files might be affected. Read more at https://maven.apache.org/plugins/maven-resources-plugin/examples/filtering-properties-files.html
[INFO] 
[INFO] --- compiler:3.14.0:compile (default-compile) @ ratis-test ---
[INFO] No sources to compile
[INFO] 
[INFO] --- resources:3.3.1:testResources (default-testResources) @ ratis-test ---
[INFO] Copying 13 resources from src/test/resources to target/test-classes
[INFO] Copying 3 resources from target/maven-shared-archive-resources to target/test-classes
[INFO] 
[INFO] --- compiler:3.14.0:testCompile (default-testCompile) @ ratis-test ---
[INFO] Compiling 147 source files with javac [forked debug release 8] to target/test-classes
[WARNING] /home/runner/.m2/repository/org/apache/ratis/ratis-thirdparty-misc/1.0.10/ratis-thirdparty-misc-1.0.10.jar(/org/apache/ratis/thirdparty/io/grpc/netty/NettyServerBuilder.class): warning: Cannot find annotation method 'replacement()' in type 'InlineMe': class file for com.google.errorprone.annotations.InlineMe not found
/home/runner/.m2/repository/org/apache/ratis/ratis-thirdparty-misc/1.0.10/ratis-thirdparty-misc-1.0.10.jar(/org/apache/ratis/thirdparty/io/grpc/netty/NettyServerBuilder.class): warning: Cannot find annotation method 'replacement()' in type 'InlineMe'
/home/runner/work/ratis/ratis/ratis-test/src/test/java/org/apache/ratis/TestRaftServerSlownessDetection.java:[94,22] [rawtypes] found raw type: Gauge
  missing type arguments for generic class Gauge<T>
  where T is a type-variable:
    T extends Object declared in interface Gauge
[WARNING] /home/runner/work/ratis/ratis/ratis-test/src/test/java/org/apache/ratis/TestRaftServerSlownessDetection.java:[99,4] [rawtypes] found raw type: Gauge
  missing type arguments for generic class Gauge<T>
  where T is a type-variable:
    T extends Object declared in interface Gauge
[WARNING] [rawtypes] found raw type: Gauge
[WARNING]   missing type arguments for generic class Gauge<T>
  where T is a type-variable:
    T extends Object declared in interface Gauge
/home/runner/work/ratis/ratis/ratis-test/src/test/java/org/apache/ratis/datastream/DataStreamClusterTests.java:[94,37] [try] auto-closeable resource DataStreamClientImpl.DataStreamOutputImpl has a member method close() that could throw InterruptedException
[WARNING] /home/runner/work/ratis/ratis/ratis-test/src/test/java/org/apache/ratis/datastream/DataStreamClusterTests.java:[139,37] [try] auto-closeable resource DataStreamClientImpl.DataStreamOutputImpl has a member method close() that could throw InterruptedException
[WARNING] /home/runner/work/ratis/ratis/ratis-test/src/test/java/org/apache/ratis/datastream/TestDataStreamDisabled.java:[46,25] [try] auto-closeable resource DataStreamOutput has a member method close() that could throw InterruptedException
[WARNING] /home/runner/.m2/repository/org/apache/ratis/ratis-thirdparty-misc/1.0.10/ratis-thirdparty-misc-1.0.10.jar(/org/apache/ratis/thirdparty/io/grpc/ForwardingServerBuilder.class): warning: Cannot find annotation method 'value()' in type 'DoNotCall': class file for com.google.errorprone.annotations.DoNotCall not found
/home/runner/work/ratis/ratis/ratis-test/src/test/java/org/apache/ratis/grpc/server/TestGrpcServerMetrics.java:[112,10] [rawtypes] found raw type: Gauge
  missing type arguments for generic class Gauge<T>
  where T is a type-variable:
    T extends Object declared in interface Gauge
[WARNING] /home/runner/work/ratis/ratis/ratis-test/src/test/java/org/apache/ratis/netty/TestTlsConfWithNetty.java:[103,25] [try] auto-closeable resource server is never referenced in body of corresponding try statement
[WARNING] /home/runner/work/ratis/ratis/ratis-test/src/test/java/org/apache/ratis/server/raftlog/segmented/TestLogSegment.java:[302,41] [try] auto-closeable resource ignored is never referenced in body of corresponding try statement
[WARNING] /home/runner/work/ratis/ratis/ratis-test/src/test/java/org/apache/ratis/server/storage/TestRaftStorage.java:[109,21] [try] auto-closeable resource ignored is never referenced in body of corresponding try statement
[WARNING] /home/runner/work/ratis/ratis/ratis-test/src/test/java/org/apache/ratis/shell/cli/sh/TestRatisShell.java:[49,44] [rawtypes] found raw type: Class
  missing type arguments for generic class Class<T>
  where T is a type-variable:
    T extends Object declared in class Class
[WARNING] /home/runner/work/ratis/ratis/ratis-test/src/test/java/org/apache/ratis/util/TestPeerProxyMap.java:[126,29] [try] auto-closeable resource ignored is never referenced in body of corresponding try statement
[WARNING] /home/runner/work/ratis/ratis/ratis-test/src/test/java/org/apache/ratis/util/TestReferenceCountedObject.java:[104,31] [try] auto-closeable resource ignore is never referenced in body of corresponding try statement
[WARNING] /home/runner/work/ratis/ratis/ratis-test/src/test/java/org/apache/ratis/util/TestReferenceCountedObject.java:[144,31] [try] auto-closeable resource ignore is never referenced in body of corresponding try statement
[INFO] 
[INFO] --- surefire:3.5.3:test (default-test) @ ratis-test ---
[INFO] Using auto detected provider org.apache.maven.surefire.junitplatform.JUnitPlatformProvider
[INFO] Using auto detected provider org.apache.maven.surefire.junitplatform.JUnitPlatformProvider
[INFO] Using auto detected provider org.apache.maven.surefire.junitplatform.JUnitPlatformProvider
[INFO] 
[INFO] -------------------------------------------------------
[INFO]  T E S T S
[INFO] -------------------------------------------------------
[INFO] Running org.apache.ratis.conf.TestConfUtils
[INFO] Tests run: 6, Failures: 0, Errors: 0, Skipped: 0, Time elapsed: 0.409 s -- in org.apache.ratis.conf.TestConfUtils
[INFO] Running org.apache.ratis.conf.TestRaftProperties
[INFO] Tests run: 1, Failures: 0, Errors: 0, Skipped: 0, Time elapsed: 0.187 s -- in org.apache.ratis.conf.TestRaftProperties
[INFO] Running org.apache.ratis.TestRaftServerSlownessDetection
[WARNING] Tests run: 1, Failures: 0, Errors: 0, Skipped: 1, Time elapsed: 0.003 s -- in org.apache.ratis.TestRaftServerSlownessDetection
[INFO] Running org.apache.ratis.netty.TestRaftSnapshotWithNetty
[INFO] Tests run: 3, Failures: 0, Errors: 0, Skipped: 0, Time elapsed: 10.65 s -- in org.apache.ratis.netty.TestRaftSnapshotWithNetty
[INFO] Running org.apache.ratis.netty.TestGroupManagementWithNetty
[INFO] Tests run: 8, Failures: 0, Errors: 0, Skipped: 0, Time elapsed: 85.19 s -- in org.apache.ratis.netty.TestGroupManagementWithNetty
[INFO] Running org.apache.ratis.netty.TestServerRestartWithNetty
[INFO] Tests run: 5, Failures: 0, Errors: 0, Skipped: 0, Time elapsed: 50.76 s -- in org.apache.ratis.netty.TestServerRestartWithNetty
[INFO] Running org.apache.ratis.netty.TestRetryCacheWithNettyRpc
[INFO] Tests run: 2, Failures: 0, Errors: 0, Skipped: 0, Time elapsed: 7.271 s -- in org.apache.ratis.netty.TestRetryCacheWithNettyRpc
[INFO] Running org.apache.ratis.netty.TestRaftWithNetty
[INFO] Tests run: 5, Failures: 0, Errors: 0, Skipped: 0, Time elapsed: 61.64 s -- in org.apache.ratis.netty.TestRaftWithNetty
[INFO] Running org.apache.ratis.netty.TestPreAppendLeaderStepDownWithNetty
[INFO] Tests run: 3, Failures: 0, Errors: 0, Skipped: 0, Time elapsed: 6.872 s -- in org.apache.ratis.netty.TestPreAppendLeaderStepDownWithNetty
[INFO] Running org.apache.ratis.netty.TestGroupInfoWithNetty
[INFO] Tests run: 1, Failures: 0, Errors: 0, Skipped: 0, Time elapsed: 4.088 s -- in org.apache.ratis.netty.TestGroupInfoWithNetty
[INFO] Running org.apache.ratis.netty.TestLeaderElectionWithNetty
[ERROR] Tests run: 25, Failures: 1, Errors: 0, Skipped: 0, Time elapsed: 70.99 s <<< FAILURE! -- in org.apache.ratis.netty.TestLeaderElectionWithNetty
[ERROR] org.apache.ratis.netty.TestLeaderElectionWithNetty.testChangeListenerToFollower -- Time elapsed: 1.507 s <<< FAILURE!
org.opentest4j.AssertionFailedError: expected: <0> but was: <1>
	at org.apache.ratis.server.impl.LeaderElectionTests.testChangeListenerToFollower(LeaderElectionTests.java:562)
	at java.base/java.lang.reflect.Method.invoke(Method.java:569)
	at java.base/java.util.ArrayList.forEach(ArrayList.java:1511)
	at java.base/java.util.ArrayList.forEach(ArrayList.java:1511)

[INFO] Running org.apache.ratis.netty.TestRaftReconfigurationWithNetty
[INFO] Tests run: 18, Failures: 0, Errors: 0, Skipped: 0, Time elapsed: 52.91 s -- in org.apache.ratis.netty.TestRaftReconfigurationWithNetty
[INFO] Running org.apache.ratis.netty.TestServerPauseResumeWithNetty
[INFO] Tests run: 1, Failures: 0, Errors: 0, Skipped: 0, Time elapsed: 8.368 s -- in org.apache.ratis.netty.TestServerPauseResumeWithNetty
[INFO] Running org.apache.ratis.netty.TestRaftAsyncWithNetty
[INFO] Tests run: 14, Failures: 0, Errors: 0, Skipped: 0, Time elapsed: 98.83 s -- in org.apache.ratis.netty.TestRaftAsyncWithNetty
[INFO] Running org.apache.ratis.netty.TestLogAppenderWithNetty
[INFO] Tests run: 3, Failures: 0, Errors: 0, Skipped: 0, Time elapsed: 9.072 s -- in org.apache.ratis.netty.TestLogAppenderWithNetty
[INFO] Running org.apache.ratis.netty.TestSnapshotManagementWithNetty
[INFO] Tests run: 2, Failures: 0, Errors: 0, Skipped: 0, Time elapsed: 8.301 s -- in org.apache.ratis.netty.TestSnapshotManagementWithNetty
[INFO] Running org.apache.ratis.netty.TestRaftStateMachineExceptionWithNetty
[INFO] Tests run: 3, Failures: 0, Errors: 0, Skipped: 0, Time elapsed: 6.234 s -- in org.apache.ratis.netty.TestRaftStateMachineExceptionWithNetty
[INFO] Running org.apache.ratis.netty.TestRaftExceptionWithNetty
[INFO] Tests run: 5, Failures: 0, Errors: 0, Skipped: 0, Time elapsed: 7.213 s -- in org.apache.ratis.netty.TestRaftExceptionWithNetty
[INFO] Running org.apache.ratis.netty.TestTlsConfWithNetty
[INFO] Tests run: 2, Failures: 0, Errors: 0, Skipped: 0, Time elapsed: 1.755 s -- in org.apache.ratis.netty.TestTlsConfWithNetty
[INFO] Running org.apache.ratis.client.TestClientProtoUtils
[INFO] Tests run: 1, Failures: 0, Errors: 0, Skipped: 0, Time elapsed: 13.91 s -- in org.apache.ratis.client.TestClientProtoUtils
[INFO] Running org.apache.ratis.TestRaftServerNoLeaderTimeout
[INFO] Tests run: 1, Failures: 0, Errors: 0, Skipped: 0, Time elapsed: 5.379 s -- in org.apache.ratis.TestRaftServerNoLeaderTimeout
[INFO] Running org.apache.ratis.protocol.TestRaftId
[INFO] Tests run: 4, Failures: 0, Errors: 0, Skipped: 0, Time elapsed: 0.271 s -- in org.apache.ratis.protocol.TestRaftId
[INFO] Running org.apache.ratis.protocol.TestRoutingTable
[INFO] Tests run: 1, Failures: 0, Errors: 0, Skipped: 0, Time elapsed: 0.265 s -- in org.apache.ratis.protocol.TestRoutingTable
[INFO] Running org.apache.ratis.protocol.TestRaftGroup
[INFO] Tests run: 1, Failures: 0, Errors: 0, Skipped: 0, Time elapsed: 0.264 s -- in org.apache.ratis.protocol.TestRaftGroup
[INFO] Running org.apache.ratis.shell.cli.sh.TestRatisShell
[INFO] Tests run: 6, Failures: 0, Errors: 0, Skipped: 0, Time elapsed: 0.354 s -- in org.apache.ratis.shell.cli.sh.TestRatisShell
[INFO] Running org.apache.ratis.shell.cli.sh.TestSecureRatisShell
[INFO] Tests run: 1, Failures: 0, Errors: 0, Skipped: 0, Time elapsed: 3.155 s -- in org.apache.ratis.shell.cli.sh.TestSecureRatisShell
[INFO] Running org.apache.ratis.retry.TestRetryPolicy
[INFO] Tests run: 4, Failures: 0, Errors: 0, Skipped: 0, Time elapsed: 0.461 s -- in org.apache.ratis.retry.TestRetryPolicy
[INFO] Running org.apache.ratis.retry.TestExponentialBackoffRetry
[INFO] Tests run: 1, Failures: 0, Errors: 0, Skipped: 0, Time elapsed: 0.187 s -- in org.apache.ratis.retry.TestExponentialBackoffRetry
[INFO] Running org.apache.ratis.retry.TestMultipleLinearRandomRetry
[INFO] Tests run: 2, Failures: 0, Errors: 0, Skipped: 0, Time elapsed: 0.219 s -- in org.apache.ratis.retry.TestMultipleLinearRandomRetry
[INFO] Running org.apache.ratis.retry.TestExceptionDependentRetry
[INFO] Tests run: 5, Failures: 0, Errors: 0, Skipped: 0, Time elapsed: 21.96 s -- in org.apache.ratis.retry.TestExceptionDependentRetry
[INFO] Running org.apache.ratis.statemachine.TestStateMachine
[INFO] Tests run: 3, Failures: 0, Errors: 0, Skipped: 0, Time elapsed: 11.01 s -- in org.apache.ratis.statemachine.TestStateMachine
[INFO] Running org.apache.ratis.util.TestPreconditions
[INFO] Tests run: 2, Failures: 0, Errors: 0, Skipped: 0, Time elapsed: 0.247 s -- in org.apache.ratis.util.TestPreconditions
[INFO] Running org.apache.ratis.util.TestPeerProxyMap
[INFO] Tests run: 2, Failures: 0, Errors: 0, Skipped: 0, Time elapsed: 0.392 s -- in org.apache.ratis.util.TestPeerProxyMap
[INFO] Running org.apache.ratis.util.TestRaftIdCache
[INFO] Tests run: 1, Failures: 0, Errors: 0, Skipped: 0, Time elapsed: 2.474 s -- in org.apache.ratis.util.TestRaftIdCache
[INFO] Running org.apache.ratis.util.TestReferenceCountedObject
[INFO] Tests run: 2, Failures: 0, Errors: 0, Skipped: 0, Time elapsed: 0.151 s -- in org.apache.ratis.util.TestReferenceCountedObject
[INFO] Running org.apache.ratis.util.TestTermIndex
[INFO] Tests run: 1, Failures: 0, Errors: 0, Skipped: 0, Time elapsed: 0.520 s -- in org.apache.ratis.util.TestTermIndex
[INFO] Running org.apache.ratis.util.TestDataBlockingQueue
[INFO] Tests run: 4, Failures: 0, Errors: 0, Skipped: 0, Time elapsed: 6.177 s -- in org.apache.ratis.util.TestDataBlockingQueue
[INFO] Running org.apache.ratis.util.TestMinMax
[INFO] Tests run: 1, Failures: 0, Errors: 0, Skipped: 0, Time elapsed: 0.063 s -- in org.apache.ratis.util.TestMinMax
[INFO] Running org.apache.ratis.util.TestTimeoutScheduler
[INFO] Tests run: 5, Failures: 0, Errors: 0, Skipped: 0, Time elapsed: 2.675 s -- in org.apache.ratis.util.TestTimeoutScheduler
[INFO] Running org.apache.ratis.util.TestLifeCycle
[INFO] Tests run: 3, Failures: 0, Errors: 0, Skipped: 0, Time elapsed: 0.148 s -- in org.apache.ratis.util.TestLifeCycle
[INFO] Running org.apache.ratis.util.TestExitUtils
[INFO] Tests run: 2, Failures: 0, Errors: 0, Skipped: 0, Time elapsed: 0.194 s -- in org.apache.ratis.util.TestExitUtils
[INFO] Running org.apache.ratis.util.TestDataQueue
[INFO] Tests run: 4, Failures: 0, Errors: 0, Skipped: 0, Time elapsed: 0.137 s -- in org.apache.ratis.util.TestDataQueue
[INFO] Running org.apache.ratis.util.TestTimeDuration
[INFO] Tests run: 9, Failures: 0, Errors: 0, Skipped: 0, Time elapsed: 0.315 s -- in org.apache.ratis.util.TestTimeDuration
[INFO] Running org.apache.ratis.util.TestTraditionalBinaryPrefix
[INFO] Tests run: 2, Failures: 0, Errors: 0, Skipped: 0, Time elapsed: 0.160 s -- in org.apache.ratis.util.TestTraditionalBinaryPrefix
[INFO] Running org.apache.ratis.util.TestResourceSemaphore
[INFO] Tests run: 1, Failures: 0, Errors: 0, Skipped: 0, Time elapsed: 0.455 s -- in org.apache.ratis.util.TestResourceSemaphore
[INFO] 
[INFO] Results:
[INFO] 
[ERROR] Failures: 
[ERROR]   TestLeaderElectionWithNetty>LeaderElectionTests.testChangeListenerToFollower:562 expected: <0> but was: <1>
[INFO] 
[ERROR] Tests run: 177, Failures: 1, Errors: 0, Skipped: 1
[INFO] 
[INFO] 
[INFO] --------------------< org.apache.ratis:ratis-tools >--------------------
[INFO] Building Apache Ratis Tools 3.3.0-SNAPSHOT                       [15/19]
[INFO]   from ratis-tools/pom.xml
[INFO] --------------------------------[ jar ]---------------------------------
[INFO] 
[INFO] --- enforcer:3.5.0:enforce (enforce-maven-version) @ ratis-tools ---
[INFO] 
[INFO] --- enforcer:3.5.0:enforce (enforce-java-version) @ ratis-tools ---
[INFO] 
[INFO] --- jacoco:0.8.12:prepare-agent (default-prepare-agent) @ ratis-tools ---
[INFO] argLine set to -javaagent:/home/runner/.m2/repository/org/jacoco/org.jacoco.agent/0.8.12/org.jacoco.agent-0.8.12-runtime.jar=destfile=/home/runner/work/ratis/ratis/ratis-tools/target/jacoco.exec,includes=org.apache.ratis.*
[INFO] 
[INFO] --- build-helper:3.6.1:add-source (add-source) @ ratis-tools ---
[INFO] Source directory: /home/runner/work/ratis/ratis/ratis-tools/target/generated-sources added.
[INFO] 
[INFO] --- enforcer:3.5.0:enforce (bannedImports-finalizers) @ ratis-tools ---
[INFO] Rule 0: org.apache.maven.plugins.enforcer.RestrictImports passed
[INFO] 
[INFO] --- remote-resources:3.3.0:process (process-resource-bundles) @ ratis-tools ---
[INFO] Preparing remote bundle org.apache.apache.resources:apache-jar-resource-bundle:1.7
[INFO] Copying 3 resources from 1 bundle.
[INFO] 
[INFO] --- hadoops:3.4.2:version-info (version-info) @ ratis-tools ---
[INFO] SCM: GIT
[INFO] Computed MD5: d41d8cd98f0b24e980998ecf8427e
[INFO] 
[INFO] --- resources:3.3.1:resources (default-resources) @ ratis-tools ---
[INFO] skip non existing resourceDirectory /home/runner/work/ratis/ratis/ratis-tools/src/main/resources
[INFO] Copying 1 resource from ../src/main/resources to target/classes
[INFO] Copying 3 resources from target/maven-shared-archive-resources to target/classes
[INFO] The encoding used to copy filtered properties files have not been set. This means that the same encoding will be used to copy filtered properties files as when copying other filtered resources. This might not be what you want! Run your build with --debug to see which files might be affected. Read more at https://maven.apache.org/plugins/maven-resources-plugin/examples/filtering-properties-files.html
[INFO] 
[INFO] --- compiler:3.14.0:compile (default-compile) @ ratis-tools ---
[INFO] Compiling 2 source files with javac [forked debug release 8] to target/classes
[INFO] 
[INFO] --- resources:3.3.1:testResources (default-testResources) @ ratis-tools ---
[INFO] skip non existing resourceDirectory /home/runner/work/ratis/ratis/ratis-tools/src/test/resources
[INFO] Copying 3 resources from target/maven-shared-archive-resources to target/test-classes
[INFO] 
[INFO] --- compiler:3.14.0:testCompile (default-testCompile) @ ratis-tools ---
[INFO] No sources to compile
[INFO] 
[INFO] --- surefire:3.5.3:test (default-test) @ ratis-tools ---
[INFO] Skipped
[INFO] 
[INFO] ------------------------------------------------------------------------
[INFO] Skipping Apache Ratis Examples
[INFO] This project has been banned from the build due to previous failures.
[INFO] ------------------------------------------------------------------------
[INFO] 
[INFO] -------------< org.apache.ratis:ratis-metrics-dropwizard3 >-------------
[INFO] Building Apache Ratis Metrics Dropwizard 3 Implementation 3.3.0-SNAPSHOT [16/19]
[INFO]   from ratis-metrics-dropwizard3/pom.xml
[INFO] --------------------------------[ jar ]---------------------------------
[INFO] 
[INFO] --- enforcer:3.5.0:enforce (enforce-maven-version) @ ratis-metrics-dropwizard3 ---
[INFO] 
[INFO] --- enforcer:3.5.0:enforce (enforce-java-version) @ ratis-metrics-dropwizard3 ---
[INFO] 
[INFO] --- jacoco:0.8.12:prepare-agent (default-prepare-agent) @ ratis-metrics-dropwizard3 ---
[INFO] argLine set to -javaagent:/home/runner/.m2/repository/org/jacoco/org.jacoco.agent/0.8.12/org.jacoco.agent-0.8.12-runtime.jar=destfile=/home/runner/work/ratis/ratis/ratis-metrics-dropwizard3/target/jacoco.exec,includes=org.apache.ratis.*
[INFO] 
[INFO] --- build-helper:3.6.1:add-source (add-source) @ ratis-metrics-dropwizard3 ---
[INFO] Source directory: /home/runner/work/ratis/ratis/ratis-metrics-dropwizard3/target/generated-sources added.
[INFO] 
[INFO] --- enforcer:3.5.0:enforce (bannedImports-finalizers) @ ratis-metrics-dropwizard3 ---
[INFO] Rule 0: org.apache.maven.plugins.enforcer.RestrictImports passed
[INFO] 
[INFO] --- remote-resources:3.3.0:process (process-resource-bundles) @ ratis-metrics-dropwizard3 ---
[INFO] Preparing remote bundle org.apache.apache.resources:apache-jar-resource-bundle:1.7
[INFO] Copying 3 resources from 1 bundle.
[INFO] 
[INFO] --- hadoops:3.4.2:version-info (version-info) @ ratis-metrics-dropwizard3 ---
[INFO] SCM: GIT
[INFO] Computed MD5: d41d8cd98f0b24e980998ecf8427e
[INFO] 
[INFO] --- resources:3.3.1:resources (default-resources) @ ratis-metrics-dropwizard3 ---
[INFO] Copying 1 resource from src/main/resources to target/classes
[INFO] Copying 1 resource from ../src/main/resources to target/classes
[INFO] Copying 3 resources from target/maven-shared-archive-resources to target/classes
[INFO] The encoding used to copy filtered properties files have not been set. This means that the same encoding will be used to copy filtered properties files as when copying other filtered resources. This might not be what you want! Run your build with --debug to see which files might be affected. Read more at https://maven.apache.org/plugins/maven-resources-plugin/examples/filtering-properties-files.html
[INFO] 
[INFO] --- compiler:3.14.0:compile (default-compile) @ ratis-metrics-dropwizard3 ---
[INFO] Compiling 7 source files with javac [forked debug release 8] to target/classes
[WARNING] /home/runner/work/ratis/ratis/ratis-metrics-dropwizard3/src/main/java/org/apache/ratis/metrics/dropwizard3/Dm3RatisMetricRegistryImpl.java:[109,27] [rawtypes] found raw type: Gauge
  missing type arguments for generic class Gauge<T>
  where T is a type-variable:
    T extends Object declared in interface Gauge
[INFO] 
[INFO] --- resources:3.3.1:testResources (default-testResources) @ ratis-metrics-dropwizard3 ---
[INFO] skip non existing resourceDirectory /home/runner/work/ratis/ratis/ratis-metrics-dropwizard3/src/test/resources
[INFO] Copying 3 resources from target/maven-shared-archive-resources to target/test-classes
[INFO] 
[INFO] --- compiler:3.14.0:testCompile (default-testCompile) @ ratis-metrics-dropwizard3 ---
[INFO] Compiling 1 source file with javac [forked debug release 8] to target/test-classes
[INFO] 
[INFO] --- surefire:3.5.3:test (default-test) @ ratis-metrics-dropwizard3 ---
[INFO] Using auto detected provider org.apache.maven.surefire.junitplatform.JUnitPlatformProvider
[INFO] Using auto detected provider org.apache.maven.surefire.junitplatform.JUnitPlatformProvider
[INFO] Using auto detected provider org.apache.maven.surefire.junitplatform.JUnitPlatformProvider
[INFO] 
[INFO] -------------------------------------------------------
[INFO]  T E S T S
[INFO] -------------------------------------------------------
[INFO] Running org.apache.ratis.metrics.dropwizard3.TestLoadDm3MetricRegistries
[INFO] Tests run: 2, Failures: 0, Errors: 0, Skipped: 0, Time elapsed: 0.145 s -- in org.apache.ratis.metrics.dropwizard3.TestLoadDm3MetricRegistries
[INFO] 
[INFO] Results:
[INFO] 
[INFO] Tests run: 2, Failures: 0, Errors: 0, Skipped: 0
[INFO] 
[INFO] 
[INFO] ------------------------------------------------------------------------
[INFO] Skipping Apache Ratis Project Assembly
[INFO] This project has been banned from the build due to previous failures.
[INFO] ------------------------------------------------------------------------
[INFO] 
[INFO] ---------------------< org.apache.ratis:ratis-bom >---------------------
[INFO] Building Apache Ratis BOM 3.3.0-SNAPSHOT                         [17/19]
[INFO]   from ratis-bom/pom.xml
[INFO] --------------------------------[ pom ]---------------------------------
[INFO] ------------------------------------------------------------------------
[INFO] Reactor Summary for Apache Ratis 3.3.0-SNAPSHOT:
[INFO] 
[INFO] Apache Ratis ....................................... SUCCESS [  1.211 s]
[INFO] Apache Ratis Documentation ......................... SUCCESS [  0.783 s]
[INFO] Apache Ratis Protocols ............................. SUCCESS [ 10.146 s]
[INFO] Apache Ratis Common ................................ SUCCESS [ 10.444 s]
[INFO] Apache Ratis Client ................................ SUCCESS [  1.914 s]
[INFO] Apache Ratis Server API ............................ SUCCESS [  1.820 s]
[INFO] Apache Ratis Metrics API ........................... SUCCESS [  1.015 s]
[INFO] Apache Ratis Metrics Default Implementation ........ SUCCESS [  3.754 s]
[INFO] Apache Ratis Server ................................ SUCCESS [  6.824 s]
[INFO] Apache Ratis - Resource Bundle ..................... SUCCESS [  0.105 s]
[INFO] Apache Ratis gRPC Support .......................... SUCCESS [  2.882 s]
[INFO] Apache Ratis Netty Support ......................... SUCCESS [  2.601 s]
[INFO] Apache Ratis Shell ................................. SUCCESS [  1.559 s]
[INFO] Apache Ratis Test .................................. FAILURE [10:04 min]
[INFO] Apache Ratis Tools ................................. SUCCESS [  0.855 s]
[INFO] Apache Ratis Examples .............................. SKIPPED
[INFO] Apache Ratis Metrics Dropwizard 3 Implementation ... SUCCESS [  2.912 s]
[INFO] Apache Ratis Project Assembly ...................... SKIPPED
[INFO] Apache Ratis BOM ................................... SUCCESS [  0.001 s]
[INFO] ------------------------------------------------------------------------
[INFO] BUILD FAILURE
[INFO] ------------------------------------------------------------------------
[INFO] Total time:  10:54 min
[INFO] Finished at: 2026-01-22T09:38:50Z
[INFO] ------------------------------------------------------------------------
[INFO] 191 goals, 191 executed
[INFO] Downloading from central: https://repo.maven.apache.org/maven2/org/apache/maven/plugins/maven-clean-plugin/3.2.0/maven-clean-plugin-3.2.0.pom
[INFO] Downloaded from central: https://repo.maven.apache.org/maven2/org/apache/maven/plugins/maven-clean-plugin/3.2.0/maven-clean-plugin-3.2.0.pom (5.3 kB at 156 kB/s)
[INFO] Downloading from central: https://repo.maven.apache.org/maven2/org/apache/maven/plugins/maven-plugins/35/maven-plugins-35.pom
[INFO] Downloaded from central: https://repo.maven.apache.org/maven2/org/apache/maven/plugins/maven-plugins/35/maven-plugins-35.pom (9.9 kB at 521 kB/s)
[INFO] Downloading from central: https://repo.maven.apache.org/maven2/org/apache/maven/maven-parent/35/maven-parent-35.pom
[INFO] Downloaded from central: https://repo.maven.apache.org/maven2/org/apache/maven/maven-parent/35/maven-parent-35.pom (45 kB at 2.4 MB/s)
[INFO] Downloading from central: https://repo.maven.apache.org/maven2/org/apache/maven/plugins/maven-clean-plugin/3.2.0/maven-clean-plugin-3.2.0.jar
[INFO] Downloaded from central: https://repo.maven.apache.org/maven2/org/apache/maven/plugins/maven-clean-plugin/3.2.0/maven-clean-plugin-3.2.0.jar (36 kB at 1.8 MB/s)
[INFO] Downloading from central: https://repo.maven.apache.org/maven2/org/apache/maven/plugins/maven-deploy-plugin/3.1.2/maven-deploy-plugin-3.1.2.pom
[INFO] Downloaded from central: https://repo.maven.apache.org/maven2/org/apache/maven/plugins/maven-deploy-plugin/3.1.2/maven-deploy-plugin-3.1.2.pom (9.6 kB at 479 kB/s)
[INFO] Downloading from central: https://repo.maven.apache.org/maven2/org/apache/maven/plugins/maven-deploy-plugin/3.1.2/maven-deploy-plugin-3.1.2.jar
[INFO] Downloaded from central: https://repo.maven.apache.org/maven2/org/apache/maven/plugins/maven-deploy-plugin/3.1.2/maven-deploy-plugin-3.1.2.jar (40 kB at 2.1 MB/s)
[INFO] Downloading from central: https://repo.maven.apache.org/maven2/org/apache/maven/plugins/maven-install-plugin/3.1.2/maven-install-plugin-3.1.2.pom
[INFO] Downloaded from central: https://repo.maven.apache.org/maven2/org/apache/maven/plugins/maven-install-plugin/3.1.2/maven-install-plugin-3.1.2.pom (8.5 kB at 446 kB/s)
[INFO] Downloading from central: https://repo.maven.apache.org/maven2/org/apache/maven/plugins/maven-install-plugin/3.1.2/maven-install-plugin-3.1.2.jar
[INFO] Downloaded from central: https://repo.maven.apache.org/maven2/org/apache/maven/plugins/maven-install-plugin/3.1.2/maven-install-plugin-3.1.2.jar (32 kB at 1.8 MB/s)
[INFO] Downloading from central: https://repo.maven.apache.org/maven2/org/apache/maven/plugins/maven-site-plugin/3.12.1/maven-site-plugin-3.12.1.pom
[INFO] Downloaded from central: https://repo.maven.apache.org/maven2/org/apache/maven/plugins/maven-site-plugin/3.12.1/maven-site-plugin-3.12.1.pom (20 kB at 686 kB/s)
[INFO] Downloading from central: https://repo.maven.apache.org/maven2/org/apache/maven/plugins/maven-plugins/36/maven-plugins-36.pom
[INFO] Downloaded from central: https://repo.maven.apache.org/maven2/org/apache/maven/plugins/maven-plugins/36/maven-plugins-36.pom (9.9 kB at 521 kB/s)
[INFO] Downloading from central: https://repo.maven.apache.org/maven2/org/apache/maven/plugins/maven-site-plugin/3.12.1/maven-site-plugin-3.12.1.jar
[INFO] Downloaded from central: https://repo.maven.apache.org/maven2/org/apache/maven/plugins/maven-site-plugin/3.12.1/maven-site-plugin-3.12.1.jar (119 kB at 5.0 MB/s)
[INFO] 
[INFO] Publishing build scan...
[INFO] https://develocity.apache.org/s/3bd73llcbzype
[INFO] 
[ERROR] Failed to execute goal org.apache.maven.plugins:maven-surefire-plugin:3.5.3:test (default-test) on project ratis-test: There are test failures.
[ERROR] 
[ERROR] See /home/runner/work/ratis/ratis/ratis-test/target/surefire-reports for the individual test results.
[ERROR] See dump files (if any exist) [date].dump, [date]-jvmRun[N].dump and [date].dumpstream.
[ERROR] -> [Help 1]
[ERROR] 
[ERROR] To see the full stack trace of the errors, re-run Maven with the -e switch.
[ERROR] Re-run Maven using the -X switch to enable full debug logging.
[ERROR] 
[ERROR] For more information about the errors and possible solutions, please read the following articles:
[ERROR] [Help 1] http://cwiki.apache.org/confluence/display/MAVEN/MojoFailureException
[ERROR] 
[ERROR] After correcting the problems, you can resume the build with the command
[ERROR]   mvn <args> -rf :ratis-test
