[INFO] Scanning for projects...
[INFO] ------------------------------------------------------------------------
[INFO] Detecting the operating system and CPU architecture
[INFO] ------------------------------------------------------------------------
[INFO] os.detected.name: linux
[INFO] os.detected.arch: x86_64
[INFO] os.detected.version: 5.15
[INFO] os.detected.version.major: 5
[INFO] os.detected.version.minor: 15
[INFO] os.detected.release: ubuntu
[INFO] os.detected.release.version: 20.04
[INFO] os.detected.release.like.ubuntu: true
[INFO] os.detected.release.like.debian: true
[INFO] os.detected.classifier: linux-x86_64
[INFO] ------------------------------------------------------------------------
[INFO] Reactor Build Order:
[INFO] 
[INFO] Apache Ratis                                                       [pom]
[INFO] Apache Ratis Documentation                                         [jar]
[INFO] Apache Ratis Protocols                                             [jar]
[INFO] Apache Ratis Common                                                [jar]
[INFO] Apache Ratis Client                                                [jar]
[INFO] Apache Ratis Server API                                            [jar]
[INFO] Apache Ratis Metrics API                                           [jar]
[INFO] Apache Ratis Metrics Default Implementation                        [jar]
[INFO] Apache Ratis Server                                                [jar]
[INFO] Apache Ratis - Resource Bundle                                     [jar]
[INFO] Apache Ratis gRPC Support                                          [jar]
[INFO] Apache Ratis Netty Support                                         [jar]
[INFO] Apache Ratis Shell                                                 [jar]
[INFO] Apache Ratis Test                                                  [jar]
[INFO] Apache Ratis Tools                                                 [jar]
[INFO] Apache Ratis Examples                                              [jar]
[INFO] Apache Ratis Replicated Map                                        [jar]
[INFO] Apache Ratis Metrics Dropwizard 3 Implementation                   [jar]
[INFO] Apache Ratis Project Assembly                                      [pom]
[INFO] 
[INFO] -----------------------< org.apache.ratis:ratis >-----------------------
[INFO] Building Apache Ratis 3.0.0-SNAPSHOT                              [1/19]
[INFO]   from pom.xml
[INFO] --------------------------------[ pom ]---------------------------------
[INFO] 
[INFO] --- enforcer:3.0.0:enforce (enforce-maven-version) @ ratis ---
[INFO] 
[INFO] --- enforcer:3.0.0:enforce (enforce-java-version) @ ratis ---
[INFO] 
[INFO] --- enforcer:3.0.0:enforce (default) @ ratis ---
[INFO] 
[INFO] --- build-helper:3.3.0:add-source (add-source) @ ratis ---
[INFO] Source directory: /home/runner/work/ratis/ratis/target/generated-sources added.
[INFO] 
[INFO] --- remote-resources:1.7.0:process (process-resource-bundles) @ ratis ---
[INFO] Preparing remote bundle org.apache:apache-jar-resource-bundle:1.4
[INFO] Copying 3 resources from 1 bundle.
[INFO] 
[INFO] --- buildnumber:1.4:create-metadata (default) @ ratis ---
[INFO] Executing: /bin/sh -c cd '/home/runner/work/ratis/ratis' && 'git' 'rev-parse' '--verify' 'HEAD'
[INFO] Working directory: /home/runner/work/ratis/ratis
[INFO] 
[INFO] --------------------< org.apache.ratis:ratis-docs >---------------------
[INFO] Building Apache Ratis Documentation 3.0.0-SNAPSHOT                [2/19]
[INFO]   from ratis-docs/pom.xml
[INFO] --------------------------------[ jar ]---------------------------------
[INFO] 
[INFO] --- build-helper:3.3.0:add-source (add-source) @ ratis-docs ---
[INFO] Source directory: /home/runner/work/ratis/ratis/ratis-docs/target/generated-sources added.
[INFO] 
[INFO] --- remote-resources:1.7.0:process (process-resource-bundles) @ ratis-docs ---
[INFO] Preparing remote bundle org.apache:apache-jar-resource-bundle:1.4
[INFO] Copying 3 resources from 1 bundle.
[INFO] 
[INFO] --- buildnumber:1.4:create-metadata (default) @ ratis-docs ---
[INFO] Executing: /bin/sh -c cd '/home/runner/work/ratis/ratis/ratis-docs' && 'git' 'rev-parse' '--verify' 'HEAD'
[INFO] Working directory: /home/runner/work/ratis/ratis/ratis-docs
[INFO] 
[INFO] --- resources:3.2.0:resources (default-resources) @ ratis-docs ---
[INFO] Using 'UTF-8' encoding to copy filtered resources.
[INFO] Using 'UTF-8' encoding to copy filtered properties files.
[INFO] skip non existing resourceDirectory /home/runner/work/ratis/ratis/ratis-docs/src/main/resources
[INFO] Copying 3 resources
[INFO] 
[INFO] --- compiler:3.10.0:compile (default-compile) @ ratis-docs ---
[INFO] No sources to compile
[INFO] 
[INFO] --- resources:3.2.0:testResources (default-testResources) @ ratis-docs ---
[INFO] Using 'UTF-8' encoding to copy filtered resources.
[INFO] Using 'UTF-8' encoding to copy filtered properties files.
[INFO] skip non existing resourceDirectory /home/runner/work/ratis/ratis/ratis-docs/src/test/resources
[INFO] Copying 3 resources
[INFO] 
[INFO] --- compiler:3.10.0:testCompile (default-testCompile) @ ratis-docs ---
[INFO] No sources to compile
[INFO] 
[INFO] --- surefire:3.0.0:test (default-test) @ ratis-docs ---
[INFO] 
[INFO] --------------------< org.apache.ratis:ratis-proto >--------------------
[INFO] Building Apache Ratis Protocols 3.0.0-SNAPSHOT                    [3/19]
[INFO]   from ratis-proto/pom.xml
[INFO] --------------------------------[ jar ]---------------------------------
[INFO] Downloading from apache.snapshots.https: https://repository.apache.org/content/repositories/snapshots/org/apache/ratis/ratis-thirdparty-misc/1.0.4/ratis-thirdparty-misc-1.0.4.pom
[INFO] Downloading from repository.jboss.org: https://repository.jboss.org/nexus/content/groups/public/org/apache/ratis/ratis-thirdparty-misc/1.0.4/ratis-thirdparty-misc-1.0.4.pom
[INFO] Downloading from central: https://repo.maven.apache.org/maven2/org/apache/ratis/ratis-thirdparty-misc/1.0.4/ratis-thirdparty-misc-1.0.4.pom
[INFO] Downloaded from central: https://repo.maven.apache.org/maven2/org/apache/ratis/ratis-thirdparty-misc/1.0.4/ratis-thirdparty-misc-1.0.4.pom (13 kB at 232 kB/s)
[INFO] Downloading from apache.snapshots.https: https://repository.apache.org/content/repositories/snapshots/org/apache/ratis/ratis-thirdparty/1.0.4/ratis-thirdparty-1.0.4.pom
[INFO] Downloading from repository.jboss.org: https://repository.jboss.org/nexus/content/groups/public/org/apache/ratis/ratis-thirdparty/1.0.4/ratis-thirdparty-1.0.4.pom
[INFO] Downloading from central: https://repo.maven.apache.org/maven2/org/apache/ratis/ratis-thirdparty/1.0.4/ratis-thirdparty-1.0.4.pom
[INFO] Downloaded from central: https://repo.maven.apache.org/maven2/org/apache/ratis/ratis-thirdparty/1.0.4/ratis-thirdparty-1.0.4.pom (16 kB at 857 kB/s)
[INFO] Downloading from apache.snapshots.https: https://repository.apache.org/content/repositories/snapshots/org/apache/ratis/ratis-thirdparty-misc/1.0.4/ratis-thirdparty-misc-1.0.4.jar
[INFO] Downloading from repository.jboss.org: https://repository.jboss.org/nexus/content/groups/public/org/apache/ratis/ratis-thirdparty-misc/1.0.4/ratis-thirdparty-misc-1.0.4.jar
[INFO] Downloading from central: https://repo.maven.apache.org/maven2/org/apache/ratis/ratis-thirdparty-misc/1.0.4/ratis-thirdparty-misc-1.0.4.jar
[INFO] Downloaded from central: https://repo.maven.apache.org/maven2/org/apache/ratis/ratis-thirdparty-misc/1.0.4/ratis-thirdparty-misc-1.0.4.jar (17 MB at 36 MB/s)
[INFO] 
[INFO] --- build-helper:3.3.0:add-source (add-source) @ ratis-proto ---
[INFO] Source directory: /home/runner/work/ratis/ratis/ratis-proto/target/generated-sources added.
[INFO] 
[INFO] --- protobuf:0.6.1:compile (compile-protobuf) @ ratis-proto ---
[INFO] Compiling 7 proto file(s) to /home/runner/work/ratis/ratis/ratis-proto/target/generated-sources
[INFO] 
[INFO] --- protobuf:0.6.1:compile-custom (compile-grpc) @ ratis-proto ---
[INFO] Compiling 7 proto file(s) to /home/runner/work/ratis/ratis/ratis-proto/target/generated-sources
[INFO] 
[INFO] --- replacer:1.5.3:replace (default) @ ratis-proto ---
[INFO] Replacement run on 16 files.
[INFO] 
[INFO] --- remote-resources:1.7.0:process (process-resource-bundles) @ ratis-proto ---
[INFO] Preparing remote bundle org.apache:apache-jar-resource-bundle:1.4
[INFO] Copying 3 resources from 1 bundle.
[INFO] 
[INFO] --- buildnumber:1.4:create-metadata (default) @ ratis-proto ---
[INFO] Executing: /bin/sh -c cd '/home/runner/work/ratis/ratis/ratis-proto' && 'git' 'rev-parse' '--verify' 'HEAD'
[INFO] Working directory: /home/runner/work/ratis/ratis/ratis-proto
[INFO] 
[INFO] --- resources:3.2.0:resources (default-resources) @ ratis-proto ---
[INFO] Using 'UTF-8' encoding to copy filtered resources.
[INFO] Using 'UTF-8' encoding to copy filtered properties files.
[INFO] skip non existing resourceDirectory /home/runner/work/ratis/ratis/ratis-proto/src/main/resources
[INFO] Copying 7 resources
[INFO] Copying 7 resources
[INFO] Copying 3 resources
[INFO] 
[INFO] --- compiler:3.10.0:compile (default-compile) @ ratis-proto ---
[INFO] Compiling 16 source files to /home/runner/work/ratis/ratis/ratis-proto/target/classes
[INFO] 
[INFO] --- jar:3.2.2:jar (default-jar) @ ratis-proto ---
[INFO] Building jar: /home/runner/work/ratis/ratis/ratis-proto/target/ratis-proto-3.0.0-SNAPSHOT.jar
[INFO] 
[INFO] --- resources:3.2.0:testResources (default-testResources) @ ratis-proto ---
[INFO] Using 'UTF-8' encoding to copy filtered resources.
[INFO] Using 'UTF-8' encoding to copy filtered properties files.
[INFO] skip non existing resourceDirectory /home/runner/work/ratis/ratis/ratis-proto/src/test/resources
[INFO] Copying 3 resources
[INFO] 
[INFO] --- compiler:3.10.0:testCompile (default-testCompile) @ ratis-proto ---
[INFO] No sources to compile
[INFO] 
[INFO] --- surefire:3.0.0:test (default-test) @ ratis-proto ---
[INFO] 
[INFO] -------------------< org.apache.ratis:ratis-common >--------------------
[INFO] Building Apache Ratis Common 3.0.0-SNAPSHOT                       [4/19]
[INFO]   from ratis-common/pom.xml
[INFO] --------------------------------[ jar ]---------------------------------
[INFO] 
[INFO] --- build-helper:3.3.0:add-source (add-source) @ ratis-common ---
[INFO] Source directory: /home/runner/work/ratis/ratis/ratis-common/target/generated-sources added.
[INFO] 
[INFO] --- remote-resources:1.7.0:process (process-resource-bundles) @ ratis-common ---
[INFO] Preparing remote bundle org.apache:apache-jar-resource-bundle:1.4
[INFO] Copying 3 resources from 1 bundle.
[INFO] 
[INFO] --- buildnumber:1.4:create-metadata (default) @ ratis-common ---
[INFO] Executing: /bin/sh -c cd '/home/runner/work/ratis/ratis/ratis-common' && 'git' 'rev-parse' '--verify' 'HEAD'
[INFO] Working directory: /home/runner/work/ratis/ratis/ratis-common
[INFO] 
[INFO] --- resources:3.2.0:resources (default-resources) @ ratis-common ---
[INFO] Using 'UTF-8' encoding to copy filtered resources.
[INFO] Using 'UTF-8' encoding to copy filtered properties files.
[INFO] skip non existing resourceDirectory /home/runner/work/ratis/ratis/ratis-common/src/main/resources
[INFO] Copying 3 resources
[INFO] 
[INFO] --- compiler:3.10.0:compile (default-compile) @ ratis-common ---
[INFO] Compiling 141 source files to /home/runner/work/ratis/ratis/ratis-common/target/classes
[INFO] 
[INFO] --- resources:3.2.0:testResources (default-testResources) @ ratis-common ---
[INFO] Using 'UTF-8' encoding to copy filtered resources.
[INFO] Using 'UTF-8' encoding to copy filtered properties files.
[INFO] Copying 1 resource
[INFO] Copying 3 resources
[INFO] 
[INFO] --- compiler:3.10.0:testCompile (default-testCompile) @ ratis-common ---
[INFO] Compiling 6 source files to /home/runner/work/ratis/ratis/ratis-common/target/test-classes
[INFO] 
[INFO] --- surefire:3.0.0:test (default-test) @ ratis-common ---
[INFO] Using auto detected provider org.apache.maven.surefire.junit4.JUnit4Provider
[INFO] 
[INFO] -------------------------------------------------------
[INFO]  T E S T S
[INFO] -------------------------------------------------------
[INFO] Running org.apache.ratis.util.TestTaskQueue
[INFO] Tests run: 1, Failures: 0, Errors: 0, Skipped: 0, Time elapsed: 0.25 s - in org.apache.ratis.util.TestTaskQueue
[INFO] Running org.apache.ratis.util.TestFileUtils
[INFO] Tests run: 1, Failures: 0, Errors: 0, Skipped: 0, Time elapsed: 0.124 s - in org.apache.ratis.util.TestFileUtils
[INFO] Running org.apache.ratis.util.TestNetUtils
[INFO] Tests run: 1, Failures: 0, Errors: 0, Skipped: 0, Time elapsed: 0.124 s - in org.apache.ratis.util.TestNetUtils
[INFO] 
[INFO] Results:
[INFO] 
[INFO] Tests run: 3, Failures: 0, Errors: 0, Skipped: 0
[INFO] 
[INFO] 
[INFO] -------------------< org.apache.ratis:ratis-client >--------------------
[INFO] Building Apache Ratis Client 3.0.0-SNAPSHOT                       [5/19]
[INFO]   from ratis-client/pom.xml
[INFO] --------------------------------[ jar ]---------------------------------
[INFO] 
[INFO] --- build-helper:3.3.0:add-source (add-source) @ ratis-client ---
[INFO] Source directory: /home/runner/work/ratis/ratis/ratis-client/target/generated-sources added.
[INFO] 
[INFO] --- remote-resources:1.7.0:process (process-resource-bundles) @ ratis-client ---
[INFO] Preparing remote bundle org.apache:apache-jar-resource-bundle:1.4
[INFO] Copying 3 resources from 1 bundle.
[INFO] 
[INFO] --- buildnumber:1.4:create-metadata (default) @ ratis-client ---
[INFO] Executing: /bin/sh -c cd '/home/runner/work/ratis/ratis/ratis-client' && 'git' 'rev-parse' '--verify' 'HEAD'
[INFO] Working directory: /home/runner/work/ratis/ratis/ratis-client
[INFO] 
[INFO] --- resources:3.2.0:resources (default-resources) @ ratis-client ---
[INFO] Using 'UTF-8' encoding to copy filtered resources.
[INFO] Using 'UTF-8' encoding to copy filtered properties files.
[INFO] skip non existing resourceDirectory /home/runner/work/ratis/ratis/ratis-client/src/main/resources
[INFO] Copying 3 resources
[INFO] 
[INFO] --- compiler:3.10.0:compile (default-compile) @ ratis-client ---
[INFO] Compiling 40 source files to /home/runner/work/ratis/ratis/ratis-client/target/classes
[INFO] 
[INFO] --- resources:3.2.0:testResources (default-testResources) @ ratis-client ---
[INFO] Using 'UTF-8' encoding to copy filtered resources.
[INFO] Using 'UTF-8' encoding to copy filtered properties files.
[INFO] skip non existing resourceDirectory /home/runner/work/ratis/ratis/ratis-client/src/test/resources
[INFO] Copying 3 resources
[INFO] 
[INFO] --- compiler:3.10.0:testCompile (default-testCompile) @ ratis-client ---
[INFO] No sources to compile
[INFO] 
[INFO] --- surefire:3.0.0:test (default-test) @ ratis-client ---
[INFO] 
[INFO] -----------------< org.apache.ratis:ratis-server-api >------------------
[INFO] Building Apache Ratis Server API 3.0.0-SNAPSHOT                   [6/19]
[INFO]   from ratis-server-api/pom.xml
[INFO] --------------------------------[ jar ]---------------------------------
[INFO] 
[INFO] --- build-helper:3.3.0:add-source (add-source) @ ratis-server-api ---
[INFO] Source directory: /home/runner/work/ratis/ratis/ratis-server-api/target/generated-sources added.
[INFO] 
[INFO] --- remote-resources:1.7.0:process (process-resource-bundles) @ ratis-server-api ---
[INFO] Preparing remote bundle org.apache:apache-jar-resource-bundle:1.4
[INFO] Copying 3 resources from 1 bundle.
[INFO] 
[INFO] --- buildnumber:1.4:create-metadata (default) @ ratis-server-api ---
[INFO] Executing: /bin/sh -c cd '/home/runner/work/ratis/ratis/ratis-server-api' && 'git' 'rev-parse' '--verify' 'HEAD'
[INFO] Working directory: /home/runner/work/ratis/ratis/ratis-server-api
[INFO] 
[INFO] --- resources:3.2.0:resources (default-resources) @ ratis-server-api ---
[INFO] Using 'UTF-8' encoding to copy filtered resources.
[INFO] Using 'UTF-8' encoding to copy filtered properties files.
[INFO] skip non existing resourceDirectory /home/runner/work/ratis/ratis/ratis-server-api/src/main/resources
[INFO] Copying 3 resources
[INFO] 
[INFO] --- compiler:3.10.0:compile (default-compile) @ ratis-server-api ---
[INFO] Compiling 37 source files to /home/runner/work/ratis/ratis/ratis-server-api/target/classes
[INFO] 
[INFO] --- resources:3.2.0:testResources (default-testResources) @ ratis-server-api ---
[INFO] Using 'UTF-8' encoding to copy filtered resources.
[INFO] Using 'UTF-8' encoding to copy filtered properties files.
[INFO] skip non existing resourceDirectory /home/runner/work/ratis/ratis/ratis-server-api/src/test/resources
[INFO] Copying 3 resources
[INFO] 
[INFO] --- compiler:3.10.0:testCompile (default-testCompile) @ ratis-server-api ---
[INFO] No sources to compile
[INFO] 
[INFO] --- surefire:3.0.0:test (default-test) @ ratis-server-api ---
[INFO] 
[INFO] -----------------< org.apache.ratis:ratis-metrics-api >-----------------
[INFO] Building Apache Ratis Metrics API 3.0.0-SNAPSHOT                  [7/19]
[INFO]   from ratis-metrics-api/pom.xml
[INFO] --------------------------------[ jar ]---------------------------------
[INFO] 
[INFO] --- build-helper:3.3.0:add-source (add-source) @ ratis-metrics-api ---
[INFO] Source directory: /home/runner/work/ratis/ratis/ratis-metrics-api/target/generated-sources added.
[INFO] 
[INFO] --- remote-resources:1.7.0:process (process-resource-bundles) @ ratis-metrics-api ---
[INFO] Preparing remote bundle org.apache:apache-jar-resource-bundle:1.4
[INFO] Copying 3 resources from 1 bundle.
[INFO] 
[INFO] --- buildnumber:1.4:create-metadata (default) @ ratis-metrics-api ---
[INFO] Executing: /bin/sh -c cd '/home/runner/work/ratis/ratis/ratis-metrics-api' && 'git' 'rev-parse' '--verify' 'HEAD'
[INFO] Working directory: /home/runner/work/ratis/ratis/ratis-metrics-api
[INFO] 
[INFO] --- resources:3.2.0:resources (default-resources) @ ratis-metrics-api ---
[INFO] Using 'UTF-8' encoding to copy filtered resources.
[INFO] Using 'UTF-8' encoding to copy filtered properties files.
[INFO] skip non existing resourceDirectory /home/runner/work/ratis/ratis/ratis-metrics-api/src/main/resources
[INFO] Copying 3 resources
[INFO] 
[INFO] --- compiler:3.10.0:compile (default-compile) @ ratis-metrics-api ---
[INFO] Compiling 8 source files to /home/runner/work/ratis/ratis/ratis-metrics-api/target/classes
[INFO] 
[INFO] --- resources:3.2.0:testResources (default-testResources) @ ratis-metrics-api ---
[INFO] Using 'UTF-8' encoding to copy filtered resources.
[INFO] Using 'UTF-8' encoding to copy filtered properties files.
[INFO] skip non existing resourceDirectory /home/runner/work/ratis/ratis/ratis-metrics-api/src/test/resources
[INFO] Copying 3 resources
[INFO] 
[INFO] --- compiler:3.10.0:testCompile (default-testCompile) @ ratis-metrics-api ---
[INFO] No sources to compile
[INFO] 
[INFO] --- surefire:3.0.0:test (default-test) @ ratis-metrics-api ---
[INFO] 
[INFO] ---------------< org.apache.ratis:ratis-metrics-default >---------------
[INFO] Building Apache Ratis Metrics Default Implementation 3.0.0-SNAPSHOT [8/19]
[INFO]   from ratis-metrics-default/pom.xml
[INFO] --------------------------------[ jar ]---------------------------------
[INFO] 
[INFO] --- build-helper:3.3.0:add-source (add-source) @ ratis-metrics-default ---
[INFO] Source directory: /home/runner/work/ratis/ratis/ratis-metrics-default/target/generated-sources added.
[INFO] 
[INFO] --- remote-resources:1.7.0:process (process-resource-bundles) @ ratis-metrics-default ---
[INFO] Preparing remote bundle org.apache:apache-jar-resource-bundle:1.4
[INFO] Copying 3 resources from 1 bundle.
[INFO] 
[INFO] --- buildnumber:1.4:create-metadata (default) @ ratis-metrics-default ---
[INFO] Executing: /bin/sh -c cd '/home/runner/work/ratis/ratis/ratis-metrics-default' && 'git' 'rev-parse' '--verify' 'HEAD'
[INFO] Working directory: /home/runner/work/ratis/ratis/ratis-metrics-default
[INFO] 
[INFO] --- resources:3.2.0:resources (default-resources) @ ratis-metrics-default ---
[INFO] Using 'UTF-8' encoding to copy filtered resources.
[INFO] Using 'UTF-8' encoding to copy filtered properties files.
[INFO] Copying 1 resource
[INFO] Copying 3 resources
[INFO] 
[INFO] --- compiler:3.10.0:compile (default-compile) @ ratis-metrics-default ---
[INFO] Compiling 8 source files to /home/runner/work/ratis/ratis/ratis-metrics-default/target/classes
[INFO] 
[INFO] --- resources:3.2.0:testResources (default-testResources) @ ratis-metrics-default ---
[INFO] Using 'UTF-8' encoding to copy filtered resources.
[INFO] Using 'UTF-8' encoding to copy filtered properties files.
[INFO] skip non existing resourceDirectory /home/runner/work/ratis/ratis/ratis-metrics-default/src/test/resources
[INFO] Copying 3 resources
[INFO] 
[INFO] --- compiler:3.10.0:testCompile (default-testCompile) @ ratis-metrics-default ---
[INFO] Compiling 2 source files to /home/runner/work/ratis/ratis/ratis-metrics-default/target/test-classes
[INFO] 
[INFO] --- surefire:3.0.0:test (default-test) @ ratis-metrics-default ---
[INFO] Using auto detected provider org.apache.maven.surefire.junit4.JUnit4Provider
[INFO] 
[INFO] -------------------------------------------------------
[INFO]  T E S T S
[INFO] -------------------------------------------------------
[INFO] Running org.apache.ratis.metrics.TestMetricRegistriesLoader
[INFO] Tests run: 4, Failures: 0, Errors: 0, Skipped: 0, Time elapsed: 0.807 s - in org.apache.ratis.metrics.TestMetricRegistriesLoader
[INFO] Running org.apache.ratis.metrics.impl.TestRefCountingMap
[INFO] Tests run: 8, Failures: 0, Errors: 0, Skipped: 0, Time elapsed: 0.085 s - in org.apache.ratis.metrics.impl.TestRefCountingMap
[INFO] 
[INFO] Results:
[INFO] 
[INFO] Tests run: 12, Failures: 0, Errors: 0, Skipped: 0
[INFO] 
[INFO] 
[INFO] -------------------< org.apache.ratis:ratis-server >--------------------
[INFO] Building Apache Ratis Server 3.0.0-SNAPSHOT                       [9/19]
[INFO]   from ratis-server/pom.xml
[INFO] --------------------------------[ jar ]---------------------------------
[INFO] 
[INFO] --- build-helper:3.3.0:add-source (add-source) @ ratis-server ---
[INFO] Source directory: /home/runner/work/ratis/ratis/ratis-server/target/generated-sources added.
[INFO] 
[INFO] --- remote-resources:1.7.0:process (process-resource-bundles) @ ratis-server ---
[INFO] Preparing remote bundle org.apache:apache-jar-resource-bundle:1.4
[INFO] Copying 3 resources from 1 bundle.
[INFO] 
[INFO] --- buildnumber:1.4:create-metadata (default) @ ratis-server ---
[INFO] Executing: /bin/sh -c cd '/home/runner/work/ratis/ratis/ratis-server' && 'git' 'rev-parse' '--verify' 'HEAD'
[INFO] Working directory: /home/runner/work/ratis/ratis/ratis-server
[INFO] 
[INFO] --- resources:3.2.0:resources (default-resources) @ ratis-server ---
[INFO] Using 'UTF-8' encoding to copy filtered resources.
[INFO] Using 'UTF-8' encoding to copy filtered properties files.
[INFO] skip non existing resourceDirectory /home/runner/work/ratis/ratis/ratis-server/src/main/resources
[INFO] Copying 3 resources
[INFO] 
[INFO] --- compiler:3.10.0:compile (default-compile) @ ratis-server ---
[INFO] Compiling 69 source files to /home/runner/work/ratis/ratis/ratis-server/target/classes
[WARNING] /home/runner/work/ratis/ratis/ratis-server/src/main/java/org/apache/ratis/server/impl/LeaderStateImpl.java:[1226,44] [deprecation] notifyFollowerSlowness(RoleInfoProto) in LeaderEventApi has been deprecated
[INFO] 
[INFO] --- resources:3.2.0:testResources (default-testResources) @ ratis-server ---
[INFO] Using 'UTF-8' encoding to copy filtered resources.
[INFO] Using 'UTF-8' encoding to copy filtered properties files.
[INFO] skip non existing resourceDirectory /home/runner/work/ratis/ratis/ratis-server/src/test/resources
[INFO] Copying 3 resources
[INFO] 
[INFO] --- compiler:3.10.0:testCompile (default-testCompile) @ ratis-server ---
[INFO] Compiling 47 source files to /home/runner/work/ratis/ratis/ratis-server/target/test-classes
[INFO] 
[INFO] --- surefire:3.0.0:test (default-test) @ ratis-server ---
[INFO] Using auto detected provider org.apache.maven.surefire.junit4.JUnit4Provider
[INFO] 
[INFO] -------------------------------------------------------
[INFO]  T E S T S
[INFO] -------------------------------------------------------
[INFO] 
[INFO] Results:
[INFO] 
[INFO] Tests run: 0, Failures: 0, Errors: 0, Skipped: 0
[INFO] 
[INFO] 
[INFO] ---------------< org.apache.ratis:ratis-resource-bundle >---------------
[INFO] Building Apache Ratis - Resource Bundle 3.0.0-SNAPSHOT           [10/19]
[INFO]   from ratis-resource-bundle/pom.xml
[INFO] --------------------------------[ jar ]---------------------------------
[INFO] 
[INFO] --- build-helper:3.3.0:add-source (add-source) @ ratis-resource-bundle ---
[INFO] Source directory: /home/runner/work/ratis/ratis/ratis-resource-bundle/target/generated-sources added.
[INFO] 
[INFO] --- remote-resources:1.7.0:process (process-resource-bundles) @ ratis-resource-bundle ---
[INFO] Preparing remote bundle org.apache:apache-jar-resource-bundle:1.4
[INFO] Copying 3 resources from 1 bundle.
[INFO] 
[INFO] --- remote-resources:1.7.0:bundle (build-ratis-resource-bundle) @ ratis-resource-bundle ---
[INFO] Writing META-INF/maven/remote-resources.xml descriptor with 2 entries
[INFO] 
[INFO] --- buildnumber:1.4:create-metadata (default) @ ratis-resource-bundle ---
[INFO] Executing: /bin/sh -c cd '/home/runner/work/ratis/ratis/ratis-resource-bundle' && 'git' 'rev-parse' '--verify' 'HEAD'
[INFO] Working directory: /home/runner/work/ratis/ratis/ratis-resource-bundle
[INFO] 
[INFO] --- resources:3.2.0:resources (default-resources) @ ratis-resource-bundle ---
[INFO] Using 'UTF-8' encoding to copy filtered resources.
[INFO] Using 'UTF-8' encoding to copy filtered properties files.
[INFO] Copying 3 resources
[INFO] Copying 3 resources
[INFO] 
[INFO] --- compiler:3.10.0:compile (default-compile) @ ratis-resource-bundle ---
[INFO] No sources to compile
[INFO] 
[INFO] --- resources:3.2.0:testResources (default-testResources) @ ratis-resource-bundle ---
[INFO] Not copying test resources
[INFO] 
[INFO] --- compiler:3.10.0:testCompile (default-testCompile) @ ratis-resource-bundle ---
[INFO] Not compiling test sources
[INFO] 
[INFO] --- surefire:3.0.0:test (default-test) @ ratis-resource-bundle ---
[INFO] Tests are skipped.
[INFO] 
[INFO] --------------------< org.apache.ratis:ratis-grpc >---------------------
[INFO] Building Apache Ratis gRPC Support 3.0.0-SNAPSHOT                [11/19]
[INFO]   from ratis-grpc/pom.xml
[INFO] --------------------------------[ jar ]---------------------------------
[INFO] 
[INFO] --- build-helper:3.3.0:add-source (add-source) @ ratis-grpc ---
[INFO] Source directory: /home/runner/work/ratis/ratis/ratis-grpc/target/generated-sources added.
[INFO] 
[INFO] --- remote-resources:1.7.0:process (process-resource-bundles) @ ratis-grpc ---
[INFO] Preparing remote bundle org.apache:apache-jar-resource-bundle:1.4
[INFO] Copying 3 resources from 1 bundle.
[INFO] 
[INFO] --- buildnumber:1.4:create-metadata (default) @ ratis-grpc ---
[INFO] Executing: /bin/sh -c cd '/home/runner/work/ratis/ratis/ratis-grpc' && 'git' 'rev-parse' '--verify' 'HEAD'
[INFO] Working directory: /home/runner/work/ratis/ratis/ratis-grpc
[INFO] 
[INFO] --- resources:3.2.0:resources (default-resources) @ ratis-grpc ---
[INFO] Using 'UTF-8' encoding to copy filtered resources.
[INFO] Using 'UTF-8' encoding to copy filtered properties files.
[INFO] skip non existing resourceDirectory /home/runner/work/ratis/ratis/ratis-grpc/src/main/resources
[INFO] Copying 3 resources
[INFO] 
[INFO] --- compiler:3.10.0:compile (default-compile) @ ratis-grpc ---
[INFO] Compiling 23 source files to /home/runner/work/ratis/ratis/ratis-grpc/target/classes
[INFO] 
[INFO] --- resources:3.2.0:testResources (default-testResources) @ ratis-grpc ---
[INFO] Using 'UTF-8' encoding to copy filtered resources.
[INFO] Using 'UTF-8' encoding to copy filtered properties files.
[INFO] skip non existing resourceDirectory /home/runner/work/ratis/ratis/ratis-grpc/src/test/resources
[INFO] Copying 3 resources
[INFO] 
[INFO] --- compiler:3.10.0:testCompile (default-testCompile) @ ratis-grpc ---
[INFO] Compiling 1 source file to /home/runner/work/ratis/ratis/ratis-grpc/target/test-classes
[INFO] 
[INFO] --- surefire:3.0.0:test (default-test) @ ratis-grpc ---
[INFO] 
[INFO] --------------------< org.apache.ratis:ratis-netty >--------------------
[INFO] Building Apache Ratis Netty Support 3.0.0-SNAPSHOT               [12/19]
[INFO]   from ratis-netty/pom.xml
[INFO] --------------------------------[ jar ]---------------------------------
[INFO] 
[INFO] --- build-helper:3.3.0:add-source (add-source) @ ratis-netty ---
[INFO] Source directory: /home/runner/work/ratis/ratis/ratis-netty/target/generated-sources added.
[INFO] 
[INFO] --- remote-resources:1.7.0:process (process-resource-bundles) @ ratis-netty ---
[INFO] Preparing remote bundle org.apache:apache-jar-resource-bundle:1.4
[INFO] Copying 3 resources from 1 bundle.
[INFO] 
[INFO] --- buildnumber:1.4:create-metadata (default) @ ratis-netty ---
[INFO] Executing: /bin/sh -c cd '/home/runner/work/ratis/ratis/ratis-netty' && 'git' 'rev-parse' '--verify' 'HEAD'
[INFO] Working directory: /home/runner/work/ratis/ratis/ratis-netty
[INFO] 
[INFO] --- resources:3.2.0:resources (default-resources) @ ratis-netty ---
[INFO] Using 'UTF-8' encoding to copy filtered resources.
[INFO] Using 'UTF-8' encoding to copy filtered properties files.
[INFO] skip non existing resourceDirectory /home/runner/work/ratis/ratis/ratis-netty/src/main/resources
[INFO] Copying 3 resources
[INFO] 
[INFO] --- compiler:3.10.0:compile (default-compile) @ ratis-netty ---
[INFO] Compiling 14 source files to /home/runner/work/ratis/ratis/ratis-netty/target/classes
[INFO] 
[INFO] --- resources:3.2.0:testResources (default-testResources) @ ratis-netty ---
[INFO] Using 'UTF-8' encoding to copy filtered resources.
[INFO] Using 'UTF-8' encoding to copy filtered properties files.
[INFO] skip non existing resourceDirectory /home/runner/work/ratis/ratis/ratis-netty/src/test/resources
[INFO] Copying 3 resources
[INFO] 
[INFO] --- compiler:3.10.0:testCompile (default-testCompile) @ ratis-netty ---
[INFO] Compiling 1 source file to /home/runner/work/ratis/ratis/ratis-netty/target/test-classes
[INFO] 
[INFO] --- surefire:3.0.0:test (default-test) @ ratis-netty ---
[INFO] 
[INFO] --------------------< org.apache.ratis:ratis-shell >--------------------
[INFO] Building Apache Ratis Shell 3.0.0-SNAPSHOT                       [13/19]
[INFO]   from ratis-shell/pom.xml
[INFO] --------------------------------[ jar ]---------------------------------
[INFO] 
[INFO] --- build-helper:3.3.0:add-source (add-source) @ ratis-shell ---
[INFO] Source directory: /home/runner/work/ratis/ratis/ratis-shell/target/generated-sources added.
[INFO] 
[INFO] --- remote-resources:1.7.0:process (process-resource-bundles) @ ratis-shell ---
[INFO] Preparing remote bundle org.apache:apache-jar-resource-bundle:1.4
[INFO] Copying 3 resources from 1 bundle.
[INFO] 
[INFO] --- buildnumber:1.4:create-metadata (default) @ ratis-shell ---
[INFO] Executing: /bin/sh -c cd '/home/runner/work/ratis/ratis/ratis-shell' && 'git' 'rev-parse' '--verify' 'HEAD'
[INFO] Working directory: /home/runner/work/ratis/ratis/ratis-shell
[INFO] 
[INFO] --- resources:3.2.0:resources (default-resources) @ ratis-shell ---
[INFO] Using 'UTF-8' encoding to copy filtered resources.
[INFO] Using 'UTF-8' encoding to copy filtered properties files.
[INFO] skip non existing resourceDirectory /home/runner/work/ratis/ratis/ratis-shell/src/main/resources
[INFO] Copying 3 resources
[INFO] 
[INFO] --- compiler:3.10.0:compile (default-compile) @ ratis-shell ---
[INFO] Compiling 21 source files to /home/runner/work/ratis/ratis/ratis-shell/target/classes
[INFO] 
[INFO] --- resources:3.2.0:testResources (default-testResources) @ ratis-shell ---
[INFO] Using 'UTF-8' encoding to copy filtered resources.
[INFO] Using 'UTF-8' encoding to copy filtered properties files.
[INFO] skip non existing resourceDirectory /home/runner/work/ratis/ratis/ratis-shell/src/test/resources
[INFO] Copying 3 resources
[INFO] 
[INFO] --- compiler:3.10.0:testCompile (default-testCompile) @ ratis-shell ---
[INFO] No sources to compile
[INFO] 
[INFO] --- surefire:3.0.0:test (default-test) @ ratis-shell ---
[INFO] 
[INFO] --------------------< org.apache.ratis:ratis-test >---------------------
[INFO] Building Apache Ratis Test 3.0.0-SNAPSHOT                        [14/19]
[INFO]   from ratis-test/pom.xml
[INFO] --------------------------------[ jar ]---------------------------------
[INFO] 
[INFO] --- build-helper:3.3.0:add-source (add-source) @ ratis-test ---
[INFO] Source directory: /home/runner/work/ratis/ratis/ratis-test/target/generated-sources added.
[INFO] 
[INFO] --- remote-resources:1.7.0:process (process-resource-bundles) @ ratis-test ---
[INFO] Preparing remote bundle org.apache:apache-jar-resource-bundle:1.4
[INFO] Copying 3 resources from 1 bundle.
[INFO] 
[INFO] --- buildnumber:1.4:create-metadata (default) @ ratis-test ---
[INFO] Executing: /bin/sh -c cd '/home/runner/work/ratis/ratis/ratis-test' && 'git' 'rev-parse' '--verify' 'HEAD'
[INFO] Working directory: /home/runner/work/ratis/ratis/ratis-test
[INFO] 
[INFO] --- resources:3.2.0:resources (default-resources) @ ratis-test ---
[INFO] Using 'UTF-8' encoding to copy filtered resources.
[INFO] Using 'UTF-8' encoding to copy filtered properties files.
[INFO] skip non existing resourceDirectory /home/runner/work/ratis/ratis/ratis-test/src/main/resources
[INFO] Copying 3 resources
[INFO] 
[INFO] --- compiler:3.10.0:compile (default-compile) @ ratis-test ---
[INFO] No sources to compile
[INFO] 
[INFO] --- resources:3.2.0:testResources (default-testResources) @ ratis-test ---
[INFO] Using 'UTF-8' encoding to copy filtered resources.
[INFO] Using 'UTF-8' encoding to copy filtered properties files.
[INFO] Copying 13 resources
[INFO] Copying 3 resources
[INFO] 
[INFO] --- compiler:3.10.0:testCompile (default-testCompile) @ ratis-test ---
[INFO] Compiling 127 source files to /home/runner/work/ratis/ratis/ratis-test/target/test-classes
[INFO] 
[INFO] --- surefire:3.0.0:test (default-test) @ ratis-test ---
[INFO] Using auto detected provider org.apache.maven.surefire.junit4.JUnit4Provider
[INFO] 
[INFO] -------------------------------------------------------
[INFO]  T E S T S
[INFO] -------------------------------------------------------
[INFO] Running org.apache.ratis.statemachine.TestStateMachine
[INFO] Tests run: 3, Failures: 0, Errors: 0, Skipped: 0, Time elapsed: 7.9 s - in org.apache.ratis.statemachine.TestStateMachine
[INFO] Running org.apache.ratis.TestRaftServerSlownessDetection
[WARNING] Tests run: 1, Failures: 0, Errors: 0, Skipped: 1, Time elapsed: 0.017 s - in org.apache.ratis.TestRaftServerSlownessDetection
[INFO] Running org.apache.ratis.retry.TestExponentialBackoffRetry
[INFO] Tests run: 1, Failures: 0, Errors: 0, Skipped: 0, Time elapsed: 0.188 s - in org.apache.ratis.retry.TestExponentialBackoffRetry
[INFO] Running org.apache.ratis.retry.TestRetryPolicy
[INFO] Tests run: 4, Failures: 0, Errors: 0, Skipped: 0, Time elapsed: 0.362 s - in org.apache.ratis.retry.TestRetryPolicy
[INFO] Running org.apache.ratis.retry.TestExceptionDependentRetry
[INFO] Tests run: 5, Failures: 0, Errors: 0, Skipped: 0, Time elapsed: 6.554 s - in org.apache.ratis.retry.TestExceptionDependentRetry
[INFO] Running org.apache.ratis.retry.TestMultipleLinearRandomRetry
[INFO] Tests run: 2, Failures: 0, Errors: 0, Skipped: 0, Time elapsed: 0.224 s - in org.apache.ratis.retry.TestMultipleLinearRandomRetry
[INFO] Running org.apache.ratis.util.TestExitUtils
[INFO] Tests run: 2, Failures: 0, Errors: 0, Skipped: 0, Time elapsed: 0.225 s - in org.apache.ratis.util.TestExitUtils
[INFO] Running org.apache.ratis.util.TestDataQueue
[INFO] Tests run: 4, Failures: 0, Errors: 0, Skipped: 0, Time elapsed: 0.21 s - in org.apache.ratis.util.TestDataQueue
[INFO] Running org.apache.ratis.util.TestPreconditions
[INFO] Tests run: 1, Failures: 0, Errors: 0, Skipped: 0, Time elapsed: 0.22 s - in org.apache.ratis.util.TestPreconditions
[INFO] Running org.apache.ratis.util.TestMinMax
[INFO] Tests run: 1, Failures: 0, Errors: 0, Skipped: 0, Time elapsed: 0.075 s - in org.apache.ratis.util.TestMinMax
[INFO] Running org.apache.ratis.util.TestPeerProxyMap
[INFO] Tests run: 1, Failures: 0, Errors: 0, Skipped: 0, Time elapsed: 0.311 s - in org.apache.ratis.util.TestPeerProxyMap
[INFO] Running org.apache.ratis.util.TestLifeCycle
[INFO] Tests run: 1, Failures: 0, Errors: 0, Skipped: 0, Time elapsed: 0.083 s - in org.apache.ratis.util.TestLifeCycle
[INFO] Running org.apache.ratis.util.TestTraditionalBinaryPrefix
[INFO] Tests run: 1, Failures: 0, Errors: 0, Skipped: 0, Time elapsed: 0.096 s - in org.apache.ratis.util.TestTraditionalBinaryPrefix
[INFO] Running org.apache.ratis.util.TestDataBlockingQueue
[INFO] Tests run: 4, Failures: 0, Errors: 0, Skipped: 0, Time elapsed: 6.231 s - in org.apache.ratis.util.TestDataBlockingQueue
[INFO] Running org.apache.ratis.util.TestTimeDuration
[INFO] Tests run: 9, Failures: 0, Errors: 0, Skipped: 0, Time elapsed: 0.332 s - in org.apache.ratis.util.TestTimeDuration
[INFO] Running org.apache.ratis.util.TestTimeoutScheduler
[INFO] Tests run: 5, Failures: 0, Errors: 0, Skipped: 0, Time elapsed: 2.671 s - in org.apache.ratis.util.TestTimeoutScheduler
[INFO] Running org.apache.ratis.util.TestReferenceCountedObject
[INFO] Tests run: 2, Failures: 0, Errors: 0, Skipped: 0, Time elapsed: 0.075 s - in org.apache.ratis.util.TestReferenceCountedObject
[INFO] Running org.apache.ratis.util.TestResourceSemaphore
[INFO] Tests run: 1, Failures: 0, Errors: 0, Skipped: 0, Time elapsed: 0.53 s - in org.apache.ratis.util.TestResourceSemaphore
[INFO] Running org.apache.ratis.client.TestClientProtoUtils
[INFO] Tests run: 1, Failures: 0, Errors: 0, Skipped: 0, Time elapsed: 9.406 s - in org.apache.ratis.client.TestClientProtoUtils
[INFO] Running org.apache.ratis.conf.TestConfUtils
[INFO] Tests run: 5, Failures: 0, Errors: 0, Skipped: 0, Time elapsed: 0.294 s - in org.apache.ratis.conf.TestConfUtils
[INFO] Running org.apache.ratis.protocol.TestRaftGroup
[INFO] Tests run: 1, Failures: 0, Errors: 0, Skipped: 0, Time elapsed: 0.204 s - in org.apache.ratis.protocol.TestRaftGroup
[INFO] Running org.apache.ratis.protocol.TestRaftId
[INFO] Tests run: 3, Failures: 0, Errors: 0, Skipped: 0, Time elapsed: 0.271 s - in org.apache.ratis.protocol.TestRaftId
[INFO] Running org.apache.ratis.protocol.TestRoutingTable
[INFO] Tests run: 1, Failures: 0, Errors: 0, Skipped: 0, Time elapsed: 0.266 s - in org.apache.ratis.protocol.TestRoutingTable
[INFO] Running org.apache.ratis.TestRaftServerNoLeaderTimeout
[INFO] Tests run: 1, Failures: 0, Errors: 0, Skipped: 0, Time elapsed: 5.188 s - in org.apache.ratis.TestRaftServerNoLeaderTimeout
[INFO] Running org.apache.ratis.netty.TestGroupInfoWithNetty
[INFO] Tests run: 1, Failures: 0, Errors: 0, Skipped: 0, Time elapsed: 3.996 s - in org.apache.ratis.netty.TestGroupInfoWithNetty
[INFO] Running org.apache.ratis.netty.TestTlsConfWithNetty
[INFO] Tests run: 2, Failures: 0, Errors: 0, Skipped: 0, Time elapsed: 1.322 s - in org.apache.ratis.netty.TestTlsConfWithNetty
[INFO] Running org.apache.ratis.netty.TestRaftSnapshotWithNetty
[INFO] Tests run: 3, Failures: 0, Errors: 0, Skipped: 0, Time elapsed: 10.208 s - in org.apache.ratis.netty.TestRaftSnapshotWithNetty
[INFO] Running org.apache.ratis.netty.TestServerRestartWithNetty
[WARNING] Tests run: 1, Failures: 0, Errors: 0, Skipped: 1, Time elapsed: 0.018 s - in org.apache.ratis.netty.TestServerRestartWithNetty
[INFO] Running org.apache.ratis.netty.TestRaftReconfigurationWithNetty
[INFO] Tests run: 17, Failures: 0, Errors: 0, Skipped: 0, Time elapsed: 56.171 s - in org.apache.ratis.netty.TestRaftReconfigurationWithNetty
[INFO] Running org.apache.ratis.netty.TestSnapshotManagementWithNetty
[INFO] Tests run: 2, Failures: 0, Errors: 0, Skipped: 0, Time elapsed: 7.735 s - in org.apache.ratis.netty.TestSnapshotManagementWithNetty
[INFO] Running org.apache.ratis.netty.TestRetryCacheWithNettyRpc
[INFO] Tests run: 2, Failures: 0, Errors: 0, Skipped: 0, Time elapsed: 7.225 s - in org.apache.ratis.netty.TestRetryCacheWithNettyRpc
[INFO] Running org.apache.ratis.netty.TestPreAppendLeaderStepDownWithNetty
[INFO] Tests run: 3, Failures: 0, Errors: 0, Skipped: 0, Time elapsed: 6.693 s - in org.apache.ratis.netty.TestPreAppendLeaderStepDownWithNetty
[INFO] Running org.apache.ratis.netty.TestLeaderElectionWithNetty
[INFO] Tests run: 21, Failures: 0, Errors: 0, Skipped: 0, Time elapsed: 63.184 s - in org.apache.ratis.netty.TestLeaderElectionWithNetty
[INFO] Running org.apache.ratis.netty.TestServerPauseResumeWithNetty
[INFO] Tests run: 1, Failures: 0, Errors: 0, Skipped: 0, Time elapsed: 8.246 s - in org.apache.ratis.netty.TestServerPauseResumeWithNetty
[INFO] Running org.apache.ratis.netty.TestRaftStateMachineExceptionWithNetty
[INFO] Tests run: 3, Failures: 0, Errors: 0, Skipped: 0, Time elapsed: 6.467 s - in org.apache.ratis.netty.TestRaftStateMachineExceptionWithNetty
[INFO] Running org.apache.ratis.netty.TestGroupManagementWithNetty
[INFO] Tests run: 8, Failures: 0, Errors: 0, Skipped: 0, Time elapsed: 85.189 s - in org.apache.ratis.netty.TestGroupManagementWithNetty
[INFO] Running org.apache.ratis.netty.TestRaftWithNetty
[ERROR] Tests run: 5, Failures: 0, Errors: 1, Skipped: 0, Time elapsed: 139.602 s <<< FAILURE! - in org.apache.ratis.netty.TestRaftWithNetty
[ERROR] org.apache.ratis.netty.TestRaftWithNetty.testBasicAppendEntries  Time elapsed: 100.006 s  <<< ERROR!
org.junit.runners.model.TestTimedOutException: test timed out after 100 seconds
	at java.base@11.0.18/jdk.internal.misc.Unsafe.park(Native Method)
	at java.base@11.0.18/java.util.concurrent.locks.LockSupport.park(LockSupport.java:194)
	at java.base@11.0.18/java.util.concurrent.CompletableFuture$Signaller.block(CompletableFuture.java:1796)
	at java.base@11.0.18/java.util.concurrent.ForkJoinPool.managedBlock(ForkJoinPool.java:3128)
	at java.base@11.0.18/java.util.concurrent.CompletableFuture.waitingGet(CompletableFuture.java:1823)
	at java.base@11.0.18/java.util.concurrent.CompletableFuture.join(CompletableFuture.java:2043)
	at app//org.apache.ratis.util.PeerProxyMap.close(PeerProxyMap.java:171)
	at app//org.apache.ratis.netty.NettyRpcProxy$PeerMap.close(NettyRpcProxy.java:73)
	at app//org.apache.ratis.server.RaftServerRpcWithProxy.closeImpl(RaftServerRpcWithProxy.java:85)
	at app//org.apache.ratis.netty.server.NettyRpcService.closeImpl(NettyRpcService.java:166)
	at app//org.apache.ratis.server.RaftServerRpcWithProxy$$Lambda$716/0x00000001003d4440.run(Unknown Source)
	at app//org.apache.ratis.util.LifeCycle.lambda$checkStateAndClose$4(LifeCycle.java:299)
	at app//org.apache.ratis.util.LifeCycle$$Lambda$408/0x0000000100301840.get(Unknown Source)
	at app//org.apache.ratis.util.LifeCycle.checkStateAndClose(LifeCycle.java:319)
	at app//org.apache.ratis.util.LifeCycle.checkStateAndClose(LifeCycle.java:297)
	at app//org.apache.ratis.server.RaftServerRpcWithProxy.close(RaftServerRpcWithProxy.java:80)
	at app//org.apache.ratis.server.impl.RaftServerProxy.lambda$close$7(RaftServerProxy.java:421)
	at app//org.apache.ratis.server.impl.RaftServerProxy$$Lambda$713/0x00000001003d3840.run(Unknown Source)
	at app//org.apache.ratis.util.LifeCycle.lambda$checkStateAndClose$4(LifeCycle.java:299)
	at app//org.apache.ratis.util.LifeCycle$$Lambda$408/0x0000000100301840.get(Unknown Source)
	at app//org.apache.ratis.util.LifeCycle.checkStateAndClose(LifeCycle.java:319)
	at app//org.apache.ratis.util.LifeCycle.checkStateAndClose(LifeCycle.java:297)
	at app//org.apache.ratis.server.impl.RaftServerProxy.close(RaftServerProxy.java:416)
	at app//org.apache.ratis.server.impl.MiniRaftCluster.killServer(MiniRaftCluster.java:534)
	at app//org.apache.ratis.server.impl.MiniRaftCluster.restartServer(MiniRaftCluster.java:360)
	at app//org.apache.ratis.server.impl.MiniRaftCluster.restartServer(MiniRaftCluster.java:356)
	at app//org.apache.ratis.RaftBasicTests.runTestBasicAppendEntries(RaftBasicTests.java:120)
	at app//org.apache.ratis.RaftBasicTests.lambda$testBasicAppendEntries$0(RaftBasicTests.java:87)
	at app//org.apache.ratis.RaftBasicTests$$Lambda$723/0x00000001003d6040.accept(Unknown Source)
	at app//org.apache.ratis.server.impl.MiniRaftCluster$Factory$Get.runWithNewCluster(MiniRaftCluster.java:141)
	at app//org.apache.ratis.server.impl.MiniRaftCluster$Factory$Get.runWithNewCluster(MiniRaftCluster.java:121)
	at app//org.apache.ratis.RaftBasicTests.testBasicAppendEntries(RaftBasicTests.java:86)
	at java.base@11.0.18/jdk.internal.reflect.NativeMethodAccessorImpl.invoke0(Native Method)
	at java.base@11.0.18/jdk.internal.reflect.NativeMethodAccessorImpl.invoke(NativeMethodAccessorImpl.java:62)
	at java.base@11.0.18/jdk.internal.reflect.DelegatingMethodAccessorImpl.invoke(DelegatingMethodAccessorImpl.java:43)
	at java.base@11.0.18/java.lang.reflect.Method.invoke(Method.java:566)
	at app//org.junit.runners.model.FrameworkMethod$1.runReflectiveCall(FrameworkMethod.java:59)
	at app//org.junit.internal.runners.model.ReflectiveCallable.run(ReflectiveCallable.java:12)
	at app//org.junit.runners.model.FrameworkMethod.invokeExplosively(FrameworkMethod.java:56)
	at app//org.junit.internal.runners.statements.InvokeMethod.evaluate(InvokeMethod.java:17)
	at app//org.junit.internal.runners.statements.RunAfters.evaluate(RunAfters.java:27)
	at app//org.junit.internal.runners.statements.FailOnTimeout$CallableStatement.call(FailOnTimeout.java:299)
	at app//org.junit.internal.runners.statements.FailOnTimeout$CallableStatement.call(FailOnTimeout.java:293)
	at java.base@11.0.18/java.util.concurrent.FutureTask.run(FutureTask.java:264)
	at java.base@11.0.18/java.lang.Thread.run(Thread.java:829)

[INFO] Running org.apache.ratis.netty.TestRaftExceptionWithNetty
[INFO] Tests run: 5, Failures: 0, Errors: 0, Skipped: 0, Time elapsed: 6.258 s - in org.apache.ratis.netty.TestRaftExceptionWithNetty
[INFO] Running org.apache.ratis.netty.TestLogAppenderWithNetty
[INFO] Tests run: 3, Failures: 0, Errors: 0, Skipped: 0, Time elapsed: 7.758 s - in org.apache.ratis.netty.TestLogAppenderWithNetty
[INFO] 
[INFO] Results:
[INFO] 
[ERROR] Errors: 
[ERROR]   TestRaftWithNetty>RaftBasicTests.testBasicAppendEntries:86->RaftBasicTests.lambda$testBasicAppendEntries$0:87->RaftBasicTests.runTestBasicAppendEntries:120 Â» TestTimedOut test timed out after 100 seconds
[INFO] 
[ERROR] Tests run: 137, Failures: 0, Errors: 1, Skipped: 2
[INFO] 
[INFO] 
[INFO] --------------------< org.apache.ratis:ratis-tools >--------------------
[INFO] Building Apache Ratis Tools 3.0.0-SNAPSHOT                       [15/19]
[INFO]   from ratis-tools/pom.xml
[INFO] --------------------------------[ jar ]---------------------------------
[INFO] 
[INFO] --- build-helper:3.3.0:add-source (add-source) @ ratis-tools ---
[INFO] Source directory: /home/runner/work/ratis/ratis/ratis-tools/target/generated-sources added.
[INFO] 
[INFO] --- remote-resources:1.7.0:process (process-resource-bundles) @ ratis-tools ---
[INFO] Preparing remote bundle org.apache:apache-jar-resource-bundle:1.4
[INFO] Copying 3 resources from 1 bundle.
[INFO] 
[INFO] --- buildnumber:1.4:create-metadata (default) @ ratis-tools ---
[INFO] Executing: /bin/sh -c cd '/home/runner/work/ratis/ratis/ratis-tools' && 'git' 'rev-parse' '--verify' 'HEAD'
[INFO] Working directory: /home/runner/work/ratis/ratis/ratis-tools
[INFO] 
[INFO] --- resources:3.2.0:resources (default-resources) @ ratis-tools ---
[INFO] Using 'UTF-8' encoding to copy filtered resources.
[INFO] Using 'UTF-8' encoding to copy filtered properties files.
[INFO] skip non existing resourceDirectory /home/runner/work/ratis/ratis/ratis-tools/src/main/resources
[INFO] Copying 3 resources
[INFO] 
[INFO] --- compiler:3.10.0:compile (default-compile) @ ratis-tools ---
[INFO] Compiling 2 source files to /home/runner/work/ratis/ratis/ratis-tools/target/classes
[INFO] 
[INFO] --- resources:3.2.0:testResources (default-testResources) @ ratis-tools ---
[INFO] Using 'UTF-8' encoding to copy filtered resources.
[INFO] Using 'UTF-8' encoding to copy filtered properties files.
[INFO] skip non existing resourceDirectory /home/runner/work/ratis/ratis/ratis-tools/src/test/resources
[INFO] Copying 3 resources
[INFO] 
[INFO] --- compiler:3.10.0:testCompile (default-testCompile) @ ratis-tools ---
[INFO] No sources to compile
[INFO] 
[INFO] --- surefire:3.0.0:test (default-test) @ ratis-tools ---
[INFO] 
[INFO] ------------------------------------------------------------------------
[INFO] Skipping Apache Ratis Examples
[INFO] This project has been banned from the build due to previous failures.
[INFO] ------------------------------------------------------------------------
[INFO] 
[INFO] ---------------< org.apache.ratis:ratis-replicated-map >----------------
[INFO] Building Apache Ratis Replicated Map 3.0.0-SNAPSHOT              [16/19]
[INFO]   from ratis-replicated-map/pom.xml
[INFO] --------------------------------[ jar ]---------------------------------
[INFO] 
[INFO] --- build-helper:3.3.0:add-source (add-source) @ ratis-replicated-map ---
[INFO] Source directory: /home/runner/work/ratis/ratis/ratis-replicated-map/target/generated-sources added.
[INFO] 
[INFO] --- remote-resources:1.7.0:process (process-resource-bundles) @ ratis-replicated-map ---
[INFO] Preparing remote bundle org.apache:apache-jar-resource-bundle:1.4
[INFO] Copying 3 resources from 1 bundle.
[INFO] 
[INFO] --- buildnumber:1.4:create-metadata (default) @ ratis-replicated-map ---
[INFO] Executing: /bin/sh -c cd '/home/runner/work/ratis/ratis/ratis-replicated-map' && 'git' 'rev-parse' '--verify' 'HEAD'
[INFO] Working directory: /home/runner/work/ratis/ratis/ratis-replicated-map
[INFO] 
[INFO] --- resources:3.2.0:resources (default-resources) @ ratis-replicated-map ---
[INFO] Using 'UTF-8' encoding to copy filtered resources.
[INFO] Using 'UTF-8' encoding to copy filtered properties files.
[INFO] skip non existing resourceDirectory /home/runner/work/ratis/ratis/ratis-replicated-map/src/main/resources
[INFO] Copying 3 resources
[INFO] 
[INFO] --- compiler:3.10.0:compile (default-compile) @ ratis-replicated-map ---
[INFO] No sources to compile
[INFO] 
[INFO] --- resources:3.2.0:testResources (default-testResources) @ ratis-replicated-map ---
[INFO] Using 'UTF-8' encoding to copy filtered resources.
[INFO] Using 'UTF-8' encoding to copy filtered properties files.
[INFO] Copying 1 resource
[INFO] Copying 3 resources
[INFO] 
[INFO] --- compiler:3.10.0:testCompile (default-testCompile) @ ratis-replicated-map ---
[INFO] No sources to compile
[INFO] 
[INFO] --- surefire:3.0.0:test (default-test) @ ratis-replicated-map ---
[INFO] 
[INFO] -------------< org.apache.ratis:ratis-metrics-dropwizard3 >-------------
[INFO] Building Apache Ratis Metrics Dropwizard 3 Implementation 3.0.0-SNAPSHOT [17/19]
[INFO]   from ratis-metrics-dropwizard3/pom.xml
[INFO] --------------------------------[ jar ]---------------------------------
[INFO] 
[INFO] --- build-helper:3.3.0:add-source (add-source) @ ratis-metrics-dropwizard3 ---
[INFO] Source directory: /home/runner/work/ratis/ratis/ratis-metrics-dropwizard3/target/generated-sources added.
[INFO] 
[INFO] --- remote-resources:1.7.0:process (process-resource-bundles) @ ratis-metrics-dropwizard3 ---
[INFO] Preparing remote bundle org.apache:apache-jar-resource-bundle:1.4
[INFO] Copying 3 resources from 1 bundle.
[INFO] 
[INFO] --- buildnumber:1.4:create-metadata (default) @ ratis-metrics-dropwizard3 ---
[INFO] Executing: /bin/sh -c cd '/home/runner/work/ratis/ratis/ratis-metrics-dropwizard3' && 'git' 'rev-parse' '--verify' 'HEAD'
[INFO] Working directory: /home/runner/work/ratis/ratis/ratis-metrics-dropwizard3
[INFO] 
[INFO] --- resources:3.2.0:resources (default-resources) @ ratis-metrics-dropwizard3 ---
[INFO] Using 'UTF-8' encoding to copy filtered resources.
[INFO] Using 'UTF-8' encoding to copy filtered properties files.
[INFO] Copying 1 resource
[INFO] Copying 3 resources
[INFO] 
[INFO] --- compiler:3.10.0:compile (default-compile) @ ratis-metrics-dropwizard3 ---
[INFO] Compiling 8 source files to /home/runner/work/ratis/ratis/ratis-metrics-dropwizard3/target/classes
[INFO] 
[INFO] --- resources:3.2.0:testResources (default-testResources) @ ratis-metrics-dropwizard3 ---
[INFO] Using 'UTF-8' encoding to copy filtered resources.
[INFO] Using 'UTF-8' encoding to copy filtered properties files.
[INFO] skip non existing resourceDirectory /home/runner/work/ratis/ratis/ratis-metrics-dropwizard3/src/test/resources
[INFO] Copying 3 resources
[INFO] 
[INFO] --- compiler:3.10.0:testCompile (default-testCompile) @ ratis-metrics-dropwizard3 ---
[INFO] Compiling 2 source files to /home/runner/work/ratis/ratis/ratis-metrics-dropwizard3/target/test-classes
[INFO] 
[INFO] --- surefire:3.0.0:test (default-test) @ ratis-metrics-dropwizard3 ---
[INFO] Using auto detected provider org.apache.maven.surefire.junit4.JUnit4Provider
[INFO] 
[INFO] -------------------------------------------------------
[INFO]  T E S T S
[INFO] -------------------------------------------------------
[INFO] Running org.apache.ratis.metrics.dropwizard3.TestRefCountingMap
[INFO] Tests run: 8, Failures: 0, Errors: 0, Skipped: 0, Time elapsed: 0.079 s - in org.apache.ratis.metrics.dropwizard3.TestRefCountingMap
[INFO] Running org.apache.ratis.metrics.dropwizard3.TestLoadDm3MetricRegistries
[INFO] Tests run: 2, Failures: 0, Errors: 0, Skipped: 0, Time elapsed: 0.202 s - in org.apache.ratis.metrics.dropwizard3.TestLoadDm3MetricRegistries
[INFO] 
[INFO] Results:
[INFO] 
[INFO] Tests run: 10, Failures: 0, Errors: 0, Skipped: 0
[INFO] 
[INFO] 
[INFO] ------------------------------------------------------------------------
[INFO] Skipping Apache Ratis Project Assembly
[INFO] This project has been banned from the build due to previous failures.
[INFO] ------------------------------------------------------------------------
[INFO] ------------------------------------------------------------------------
[INFO] Reactor Summary for Apache Ratis 3.0.0-SNAPSHOT:
[INFO] 
[INFO] Apache Ratis ....................................... SUCCESS [  1.399 s]
[INFO] Apache Ratis Documentation ......................... SUCCESS [  0.437 s]
[INFO] Apache Ratis Protocols ............................. SUCCESS [ 10.702 s]
[INFO] Apache Ratis Common ................................ SUCCESS [  6.134 s]
[INFO] Apache Ratis Client ................................ SUCCESS [  2.324 s]
[INFO] Apache Ratis Server API ............................ SUCCESS [  2.028 s]
[INFO] Apache Ratis Metrics API ........................... SUCCESS [  1.242 s]
[INFO] Apache Ratis Metrics Default Implementation ........ SUCCESS [  3.872 s]
[INFO] Apache Ratis Server ................................ SUCCESS [  6.533 s]
[INFO] Apache Ratis - Resource Bundle ..................... SUCCESS [  0.078 s]
[INFO] Apache Ratis gRPC Support .......................... SUCCESS [  3.379 s]
[INFO] Apache Ratis Netty Support ......................... SUCCESS [  2.896 s]
[INFO] Apache Ratis Shell ................................. SUCCESS [  1.668 s]
[INFO] Apache Ratis Test .................................. FAILURE [07:50 min]
[INFO] Apache Ratis Tools ................................. SUCCESS [  0.941 s]
[INFO] Apache Ratis Examples .............................. SKIPPED
[INFO] Apache Ratis Replicated Map ........................ SUCCESS [  0.063 s]
[INFO] Apache Ratis Metrics Dropwizard 3 Implementation ... SUCCESS [  3.215 s]
[INFO] Apache Ratis Project Assembly ...................... SKIPPED
[INFO] ------------------------------------------------------------------------
[INFO] BUILD FAILURE
[INFO] ------------------------------------------------------------------------
[INFO] Total time:  08:38 min
[INFO] Finished at: 2023-03-30T08:19:16Z
[INFO] ------------------------------------------------------------------------
[ERROR] Failed to execute goal org.apache.maven.plugins:maven-surefire-plugin:3.0.0:test (default-test) on project ratis-test: 
[ERROR] 
[ERROR] Please refer to /home/runner/work/ratis/ratis/ratis-test/target/surefire-reports for the individual test results.
[ERROR] Please refer to dump files (if any exist) [date].dump, [date]-jvmRun[N].dump and [date].dumpstream.
[ERROR] -> [Help 1]
[ERROR] 
[ERROR] To see the full stack trace of the errors, re-run Maven with the -e switch.
[ERROR] Re-run Maven using the -X switch to enable full debug logging.
[ERROR] 
[ERROR] For more information about the errors and possible solutions, please read the following articles:
[ERROR] [Help 1] http://cwiki.apache.org/confluence/display/MAVEN/MojoFailureException
[ERROR] 
[ERROR] After correcting the problems, you can resume the build with the command
[ERROR]   mvn <args> -rf :ratis-test
