Apache Maven 3.9.0 (9b58d2bad23a66be161c4664ef21ce219c2c8584)
Maven home: /home/runner/.m2/wrapper/dists/apache-maven-3.9.0-bin/31cc4014/apache-maven-3.9.0
Java version: 1.8.0_422, vendor: Temurin, runtime: /usr/lib/jvm/temurin-8-jdk-amd64/jre
Default locale: en, platform encoding: UTF-8
OS name: "linux", version: "5.15.0-1073-azure", arch: "amd64", family: "unix"
[INFO] Scanning for projects...
[INFO] ------------------------------------------------------------------------
[INFO] Detecting the operating system and CPU architecture
[INFO] ------------------------------------------------------------------------
[INFO] os.detected.name: linux
[INFO] os.detected.arch: x86_64
[INFO] os.detected.version: 5.15
[INFO] os.detected.version.major: 5
[INFO] os.detected.version.minor: 15
[INFO] os.detected.release: ubuntu
[INFO] os.detected.release.version: 20.04
[INFO] os.detected.release.like.ubuntu: true
[INFO] os.detected.release.like.debian: true
[INFO] os.detected.classifier: linux-x86_64
[INFO] ------------------------------------------------------------------------
[INFO] Reactor Build Order:
[INFO] 
[INFO] Apache Ratis                                                       [pom]
[INFO] Apache Ratis Documentation                                         [jar]
[INFO] Apache Ratis Protocols                                             [jar]
[INFO] Apache Ratis Common                                                [jar]
[INFO] Apache Ratis Client                                                [jar]
[INFO] Apache Ratis Server API                                            [jar]
[INFO] Apache Ratis Metrics API                                           [jar]
[INFO] Apache Ratis Metrics Default Implementation                        [jar]
[INFO] Apache Ratis Server                                                [jar]
[INFO] Apache Ratis - Resource Bundle                                     [jar]
[INFO] Apache Ratis gRPC Support                                          [jar]
[INFO] Apache Ratis Netty Support                                         [jar]
[INFO] Apache Ratis Shell                                                 [jar]
[INFO] Apache Ratis Test                                                  [jar]
[INFO] Apache Ratis Tools                                                 [jar]
[INFO] Apache Ratis Examples                                              [jar]
[INFO] Apache Ratis Replicated Map                                        [jar]
[INFO] Apache Ratis Metrics Dropwizard 3 Implementation                   [jar]
[INFO] Apache Ratis Project Assembly                                      [pom]
[INFO] 
[INFO] -----------------------< org.apache.ratis:ratis >-----------------------
[INFO] Building Apache Ratis 3.2.0-SNAPSHOT                              [1/19]
[INFO]   from pom.xml
[INFO] --------------------------------[ pom ]---------------------------------
[INFO] 
[INFO] --- enforcer:3.2.1:enforce (enforce-maven-version) @ ratis ---
[INFO] Rule 0: org.apache.maven.enforcer.rules.version.RequireMavenVersion passed
[INFO] Rule 1: org.apache.maven.enforcer.rules.version.RequireJavaVersion passed
[INFO] 
[INFO] --- enforcer:3.2.1:enforce (enforce-java-version) @ ratis ---
[INFO] Rule 0: org.apache.maven.enforcer.rules.version.RequireJavaVersion passed
[INFO] Rule 1: org.apache.maven.enforcer.rules.version.RequireMavenVersion passed
[INFO] 
[INFO] --- enforcer:3.2.1:enforce (default) @ ratis ---
[INFO] 
[INFO] --- jacoco:0.8.11:prepare-agent (default-prepare-agent) @ ratis ---
[INFO] argLine set to -javaagent:/home/runner/.m2/repository/org/jacoco/org.jacoco.agent/0.8.11/org.jacoco.agent-0.8.11-runtime.jar=destfile=/home/runner/work/ratis/ratis/target/jacoco.exec,includes=org.apache.ratis.*
[INFO] 
[INFO] --- build-helper:3.3.0:add-source (add-source) @ ratis ---
[INFO] Source directory: /home/runner/work/ratis/ratis/target/generated-sources added.
[INFO] 
[INFO] --- enforcer:3.2.1:enforce (bannedImports-finalizers) @ ratis ---
[INFO] Rule 0: org.apache.maven.plugins.enforcer.RestrictImports passed
[INFO] 
[INFO] --- remote-resources:1.7.0:process (process-resource-bundles) @ ratis ---
[INFO] Preparing remote bundle org.apache:apache-jar-resource-bundle:1.4
[INFO] Copying 3 resources from 1 bundle.
[INFO] 
[INFO] --- hadoops:3.4.0:version-info (version-info) @ ratis ---
[INFO] SCM: GIT
[INFO] Computed MD5: d41d8cd98f0b24e980998ecf8427e
[INFO] 
[INFO] --------------------< org.apache.ratis:ratis-docs >---------------------
[INFO] Building Apache Ratis Documentation 3.2.0-SNAPSHOT                [2/19]
[INFO]   from ratis-docs/pom.xml
[INFO] --------------------------------[ jar ]---------------------------------
[INFO] 
[INFO] --- jacoco:0.8.11:prepare-agent (default-prepare-agent) @ ratis-docs ---
[INFO] argLine set to -javaagent:/home/runner/.m2/repository/org/jacoco/org.jacoco.agent/0.8.11/org.jacoco.agent-0.8.11-runtime.jar=destfile=/home/runner/work/ratis/ratis/ratis-docs/target/jacoco.exec,includes=org.apache.ratis.*
[INFO] 
[INFO] --- build-helper:3.3.0:add-source (add-source) @ ratis-docs ---
[INFO] Source directory: /home/runner/work/ratis/ratis/ratis-docs/target/generated-sources added.
[INFO] 
[INFO] --- enforcer:3.2.1:enforce (bannedImports-finalizers) @ ratis-docs ---
[INFO] Rule 0: org.apache.maven.plugins.enforcer.RestrictImports passed
[INFO] 
[INFO] --- remote-resources:1.7.0:process (process-resource-bundles) @ ratis-docs ---
[INFO] Preparing remote bundle org.apache:apache-jar-resource-bundle:1.4
[INFO] Copying 3 resources from 1 bundle.
[INFO] 
[INFO] --- hadoops:3.4.0:version-info (version-info) @ ratis-docs ---
[INFO] SCM: GIT
[INFO] Computed MD5: d41d8cd98f0b24e980998ecf8427e
[INFO] 
[INFO] --- resources:3.2.0:resources (default-resources) @ ratis-docs ---
[INFO] Using 'UTF-8' encoding to copy filtered resources.
[INFO] Using 'UTF-8' encoding to copy filtered properties files.
[INFO] skip non existing resourceDirectory /home/runner/work/ratis/ratis/ratis-docs/src/main/resources
[INFO] Copying 1 resource
[INFO] Copying 3 resources
[INFO] The encoding used to copy filtered properties files have not been set. This means that the same encoding will be used to copy filtered properties files as when copying other filtered resources. This might not be what you want! Run your build with --debug to see which files might be affected. Read more at https://maven.apache.org/plugins/maven-resources-plugin/examples/filtering-properties-files.html
[INFO] 
[INFO] --- compiler:3.10.0:compile (default-compile) @ ratis-docs ---
[INFO] No sources to compile
[INFO] 
[INFO] --- resources:3.2.0:testResources (default-testResources) @ ratis-docs ---
[INFO] Using 'UTF-8' encoding to copy filtered resources.
[INFO] Using 'UTF-8' encoding to copy filtered properties files.
[INFO] skip non existing resourceDirectory /home/runner/work/ratis/ratis/ratis-docs/src/test/resources
[INFO] Copying 3 resources
[INFO] 
[INFO] --- compiler:3.10.0:testCompile (default-testCompile) @ ratis-docs ---
[INFO] No sources to compile
[INFO] 
[INFO] --- surefire:3.0.0-M4:test (default-test) @ ratis-docs ---
[INFO] 
[INFO] --------------------< org.apache.ratis:ratis-proto >--------------------
[INFO] Building Apache Ratis Protocols 3.2.0-SNAPSHOT                    [3/19]
[INFO]   from ratis-proto/pom.xml
[INFO] --------------------------------[ jar ]---------------------------------
[INFO] 
[INFO] --- jacoco:0.8.11:prepare-agent (default-prepare-agent) @ ratis-proto ---
[INFO] argLine set to -javaagent:/home/runner/.m2/repository/org/jacoco/org.jacoco.agent/0.8.11/org.jacoco.agent-0.8.11-runtime.jar=destfile=/home/runner/work/ratis/ratis/ratis-proto/target/jacoco.exec,includes=org.apache.ratis.*
[INFO] 
[INFO] --- build-helper:3.3.0:add-source (add-source) @ ratis-proto ---
[INFO] Source directory: /home/runner/work/ratis/ratis/ratis-proto/target/generated-sources added.
[INFO] 
[INFO] --- protobuf:0.6.1:compile (compile-protobuf) @ ratis-proto ---
[INFO] Compiling 7 proto file(s) to /home/runner/work/ratis/ratis/ratis-proto/target/generated-sources
[INFO] 
[INFO] --- protobuf:0.6.1:compile-custom (compile-grpc) @ ratis-proto ---
[INFO] Compiling 7 proto file(s) to /home/runner/work/ratis/ratis/ratis-proto/target/generated-sources
[INFO] 
[INFO] --- enforcer:3.2.1:enforce (bannedImports-finalizers) @ ratis-proto ---
[INFO] Rule 0: org.apache.maven.plugins.enforcer.RestrictImports passed
[INFO] 
[INFO] --- replacer:1.5.3:replace (default) @ ratis-proto ---
[INFO] Replacement run on 20 files.
[INFO] 
[INFO] --- remote-resources:1.7.0:process (process-resource-bundles) @ ratis-proto ---
[INFO] Preparing remote bundle org.apache:apache-jar-resource-bundle:1.4
[INFO] Copying 3 resources from 1 bundle.
[INFO] 
[INFO] --- hadoops:3.4.0:version-info (version-info) @ ratis-proto ---
[INFO] SCM: GIT
[INFO] Computed MD5: d41d8cd98f0b24e980998ecf8427e
[INFO] 
[INFO] --- resources:3.2.0:resources (default-resources) @ ratis-proto ---
[INFO] Using 'UTF-8' encoding to copy filtered resources.
[INFO] Using 'UTF-8' encoding to copy filtered properties files.
[INFO] skip non existing resourceDirectory /home/runner/work/ratis/ratis/ratis-proto/src/main/resources
[INFO] Copying 1 resource
[INFO] Copying 7 resources
[INFO] Copying 7 resources
[INFO] Copying 3 resources
[INFO] The encoding used to copy filtered properties files have not been set. This means that the same encoding will be used to copy filtered properties files as when copying other filtered resources. This might not be what you want! Run your build with --debug to see which files might be affected. Read more at https://maven.apache.org/plugins/maven-resources-plugin/examples/filtering-properties-files.html
[INFO] 
[INFO] --- compiler:3.10.0:compile (default-compile) @ ratis-proto ---
[INFO] Compiling 20 source files to /home/runner/work/ratis/ratis/ratis-proto/target/classes
[INFO] 
[INFO] --- resources:3.2.0:testResources (default-testResources) @ ratis-proto ---
[INFO] Using 'UTF-8' encoding to copy filtered resources.
[INFO] Using 'UTF-8' encoding to copy filtered properties files.
[INFO] skip non existing resourceDirectory /home/runner/work/ratis/ratis/ratis-proto/src/test/resources
[INFO] Copying 3 resources
[INFO] 
[INFO] --- compiler:3.10.0:testCompile (default-testCompile) @ ratis-proto ---
[INFO] No sources to compile
[INFO] 
[INFO] --- surefire:3.0.0-M4:test (default-test) @ ratis-proto ---
[INFO] 
[INFO] -------------------< org.apache.ratis:ratis-common >--------------------
[INFO] Building Apache Ratis Common 3.2.0-SNAPSHOT                       [4/19]
[INFO]   from ratis-common/pom.xml
[INFO] --------------------------------[ jar ]---------------------------------
[INFO] 
[INFO] --- jacoco:0.8.11:prepare-agent (default-prepare-agent) @ ratis-common ---
[INFO] argLine set to -javaagent:/home/runner/.m2/repository/org/jacoco/org.jacoco.agent/0.8.11/org.jacoco.agent-0.8.11-runtime.jar=destfile=/home/runner/work/ratis/ratis/ratis-common/target/jacoco.exec,includes=org.apache.ratis.*
[INFO] 
[INFO] --- build-helper:3.3.0:add-source (add-source) @ ratis-common ---
[INFO] Source directory: /home/runner/work/ratis/ratis/ratis-common/target/generated-sources added.
[INFO] 
[INFO] --- enforcer:3.2.1:enforce (bannedImports-finalizers) @ ratis-common ---
[INFO] Rule 0: org.apache.maven.plugins.enforcer.RestrictImports passed
[INFO] 
[INFO] --- remote-resources:1.7.0:process (process-resource-bundles) @ ratis-common ---
[INFO] Preparing remote bundle org.apache:apache-jar-resource-bundle:1.4
[INFO] Copying 3 resources from 1 bundle.
[INFO] 
[INFO] --- hadoops:3.4.0:version-info (version-info) @ ratis-common ---
[INFO] SCM: GIT
[INFO] Computed MD5: d41d8cd98f0b24e980998ecf8427e
[INFO] 
[INFO] --- resources:3.2.0:resources (default-resources) @ ratis-common ---
[INFO] Using 'UTF-8' encoding to copy filtered resources.
[INFO] Using 'UTF-8' encoding to copy filtered properties files.
[INFO] skip non existing resourceDirectory /home/runner/work/ratis/ratis/ratis-common/src/main/resources
[INFO] Copying 1 resource
[INFO] Copying 3 resources
[INFO] The encoding used to copy filtered properties files have not been set. This means that the same encoding will be used to copy filtered properties files as when copying other filtered resources. This might not be what you want! Run your build with --debug to see which files might be affected. Read more at https://maven.apache.org/plugins/maven-resources-plugin/examples/filtering-properties-files.html
[INFO] 
[INFO] --- compiler:3.10.0:compile (default-compile) @ ratis-common ---
[INFO] Compiling 148 source files to /home/runner/work/ratis/ratis/ratis-common/target/classes
[INFO] 
[INFO] --- resources:3.2.0:testResources (default-testResources) @ ratis-common ---
[INFO] Using 'UTF-8' encoding to copy filtered resources.
[INFO] Using 'UTF-8' encoding to copy filtered properties files.
[INFO] Copying 1 resource
[INFO] Copying 3 resources
[INFO] 
[INFO] --- compiler:3.10.0:testCompile (default-testCompile) @ ratis-common ---
[INFO] Compiling 8 source files to /home/runner/work/ratis/ratis/ratis-common/target/test-classes
[WARNING] /home/runner/work/ratis/ratis/ratis-common/src/test/java/org/apache/ratis/util/TestNetUtils.java:[35,50] [deprecation] createLocalServerAddress(int) in NetUtils has been deprecated
[INFO] 
[INFO] --- surefire:3.0.0-M4:test (default-test) @ ratis-common ---
[INFO] 
[INFO] -------------------< org.apache.ratis:ratis-client >--------------------
[INFO] Building Apache Ratis Client 3.2.0-SNAPSHOT                       [5/19]
[INFO]   from ratis-client/pom.xml
[INFO] --------------------------------[ jar ]---------------------------------
[INFO] 
[INFO] --- jacoco:0.8.11:prepare-agent (default-prepare-agent) @ ratis-client ---
[INFO] argLine set to -javaagent:/home/runner/.m2/repository/org/jacoco/org.jacoco.agent/0.8.11/org.jacoco.agent-0.8.11-runtime.jar=destfile=/home/runner/work/ratis/ratis/ratis-client/target/jacoco.exec,includes=org.apache.ratis.*
[INFO] 
[INFO] --- build-helper:3.3.0:add-source (add-source) @ ratis-client ---
[INFO] Source directory: /home/runner/work/ratis/ratis/ratis-client/target/generated-sources added.
[INFO] 
[INFO] --- enforcer:3.2.1:enforce (bannedImports-finalizers) @ ratis-client ---
[INFO] Rule 0: org.apache.maven.plugins.enforcer.RestrictImports passed
[INFO] 
[INFO] --- remote-resources:1.7.0:process (process-resource-bundles) @ ratis-client ---
[INFO] Preparing remote bundle org.apache:apache-jar-resource-bundle:1.4
[INFO] Copying 3 resources from 1 bundle.
[INFO] 
[INFO] --- hadoops:3.4.0:version-info (version-info) @ ratis-client ---
[INFO] SCM: GIT
[INFO] Computed MD5: d41d8cd98f0b24e980998ecf8427e
[INFO] 
[INFO] --- resources:3.2.0:resources (default-resources) @ ratis-client ---
[INFO] Using 'UTF-8' encoding to copy filtered resources.
[INFO] Using 'UTF-8' encoding to copy filtered properties files.
[INFO] skip non existing resourceDirectory /home/runner/work/ratis/ratis/ratis-client/src/main/resources
[INFO] Copying 1 resource
[INFO] Copying 3 resources
[INFO] The encoding used to copy filtered properties files have not been set. This means that the same encoding will be used to copy filtered properties files as when copying other filtered resources. This might not be what you want! Run your build with --debug to see which files might be affected. Read more at https://maven.apache.org/plugins/maven-resources-plugin/examples/filtering-properties-files.html
[INFO] 
[INFO] --- compiler:3.10.0:compile (default-compile) @ ratis-client ---
[INFO] Compiling 39 source files to /home/runner/work/ratis/ratis/ratis-client/target/classes
[INFO] 
[INFO] --- resources:3.2.0:testResources (default-testResources) @ ratis-client ---
[INFO] Using 'UTF-8' encoding to copy filtered resources.
[INFO] Using 'UTF-8' encoding to copy filtered properties files.
[INFO] skip non existing resourceDirectory /home/runner/work/ratis/ratis/ratis-client/src/test/resources
[INFO] Copying 3 resources
[INFO] 
[INFO] --- compiler:3.10.0:testCompile (default-testCompile) @ ratis-client ---
[INFO] No sources to compile
[INFO] 
[INFO] --- surefire:3.0.0-M4:test (default-test) @ ratis-client ---
[INFO] 
[INFO] -----------------< org.apache.ratis:ratis-server-api >------------------
[INFO] Building Apache Ratis Server API 3.2.0-SNAPSHOT                   [6/19]
[INFO]   from ratis-server-api/pom.xml
[INFO] --------------------------------[ jar ]---------------------------------
[INFO] 
[INFO] --- jacoco:0.8.11:prepare-agent (default-prepare-agent) @ ratis-server-api ---
[INFO] argLine set to -javaagent:/home/runner/.m2/repository/org/jacoco/org.jacoco.agent/0.8.11/org.jacoco.agent-0.8.11-runtime.jar=destfile=/home/runner/work/ratis/ratis/ratis-server-api/target/jacoco.exec,includes=org.apache.ratis.*
[INFO] 
[INFO] --- build-helper:3.3.0:add-source (add-source) @ ratis-server-api ---
[INFO] Source directory: /home/runner/work/ratis/ratis/ratis-server-api/target/generated-sources added.
[INFO] 
[INFO] --- enforcer:3.2.1:enforce (bannedImports-finalizers) @ ratis-server-api ---
[INFO] Rule 0: org.apache.maven.plugins.enforcer.RestrictImports passed
[INFO] 
[INFO] --- remote-resources:1.7.0:process (process-resource-bundles) @ ratis-server-api ---
[INFO] Preparing remote bundle org.apache:apache-jar-resource-bundle:1.4
[INFO] Copying 3 resources from 1 bundle.
[INFO] 
[INFO] --- hadoops:3.4.0:version-info (version-info) @ ratis-server-api ---
[INFO] SCM: GIT
[INFO] Computed MD5: d41d8cd98f0b24e980998ecf8427e
[INFO] 
[INFO] --- resources:3.2.0:resources (default-resources) @ ratis-server-api ---
[INFO] Using 'UTF-8' encoding to copy filtered resources.
[INFO] Using 'UTF-8' encoding to copy filtered properties files.
[INFO] skip non existing resourceDirectory /home/runner/work/ratis/ratis/ratis-server-api/src/main/resources
[INFO] Copying 1 resource
[INFO] Copying 3 resources
[INFO] The encoding used to copy filtered properties files have not been set. This means that the same encoding will be used to copy filtered properties files as when copying other filtered resources. This might not be what you want! Run your build with --debug to see which files might be affected. Read more at https://maven.apache.org/plugins/maven-resources-plugin/examples/filtering-properties-files.html
[INFO] 
[INFO] --- compiler:3.10.0:compile (default-compile) @ ratis-server-api ---
[INFO] Compiling 38 source files to /home/runner/work/ratis/ratis/ratis-server-api/target/classes
[INFO] 
[INFO] --- resources:3.2.0:testResources (default-testResources) @ ratis-server-api ---
[INFO] Using 'UTF-8' encoding to copy filtered resources.
[INFO] Using 'UTF-8' encoding to copy filtered properties files.
[INFO] skip non existing resourceDirectory /home/runner/work/ratis/ratis/ratis-server-api/src/test/resources
[INFO] Copying 3 resources
[INFO] 
[INFO] --- compiler:3.10.0:testCompile (default-testCompile) @ ratis-server-api ---
[INFO] No sources to compile
[INFO] 
[INFO] --- surefire:3.0.0-M4:test (default-test) @ ratis-server-api ---
[INFO] 
[INFO] -----------------< org.apache.ratis:ratis-metrics-api >-----------------
[INFO] Building Apache Ratis Metrics API 3.2.0-SNAPSHOT                  [7/19]
[INFO]   from ratis-metrics-api/pom.xml
[INFO] --------------------------------[ jar ]---------------------------------
[INFO] 
[INFO] --- jacoco:0.8.11:prepare-agent (default-prepare-agent) @ ratis-metrics-api ---
[INFO] argLine set to -javaagent:/home/runner/.m2/repository/org/jacoco/org.jacoco.agent/0.8.11/org.jacoco.agent-0.8.11-runtime.jar=destfile=/home/runner/work/ratis/ratis/ratis-metrics-api/target/jacoco.exec,includes=org.apache.ratis.*
[INFO] 
[INFO] --- build-helper:3.3.0:add-source (add-source) @ ratis-metrics-api ---
[INFO] Source directory: /home/runner/work/ratis/ratis/ratis-metrics-api/target/generated-sources added.
[INFO] 
[INFO] --- enforcer:3.2.1:enforce (bannedImports-finalizers) @ ratis-metrics-api ---
[INFO] Rule 0: org.apache.maven.plugins.enforcer.RestrictImports passed
[INFO] 
[INFO] --- remote-resources:1.7.0:process (process-resource-bundles) @ ratis-metrics-api ---
[INFO] Preparing remote bundle org.apache:apache-jar-resource-bundle:1.4
[INFO] Copying 3 resources from 1 bundle.
[INFO] 
[INFO] --- hadoops:3.4.0:version-info (version-info) @ ratis-metrics-api ---
[INFO] SCM: GIT
[INFO] Computed MD5: d41d8cd98f0b24e980998ecf8427e
[INFO] 
[INFO] --- resources:3.2.0:resources (default-resources) @ ratis-metrics-api ---
[INFO] Using 'UTF-8' encoding to copy filtered resources.
[INFO] Using 'UTF-8' encoding to copy filtered properties files.
[INFO] skip non existing resourceDirectory /home/runner/work/ratis/ratis/ratis-metrics-api/src/main/resources
[INFO] Copying 1 resource
[INFO] Copying 3 resources
[INFO] The encoding used to copy filtered properties files have not been set. This means that the same encoding will be used to copy filtered properties files as when copying other filtered resources. This might not be what you want! Run your build with --debug to see which files might be affected. Read more at https://maven.apache.org/plugins/maven-resources-plugin/examples/filtering-properties-files.html
[INFO] 
[INFO] --- compiler:3.10.0:compile (default-compile) @ ratis-metrics-api ---
[INFO] Compiling 8 source files to /home/runner/work/ratis/ratis/ratis-metrics-api/target/classes
[INFO] 
[INFO] --- resources:3.2.0:testResources (default-testResources) @ ratis-metrics-api ---
[INFO] Using 'UTF-8' encoding to copy filtered resources.
[INFO] Using 'UTF-8' encoding to copy filtered properties files.
[INFO] skip non existing resourceDirectory /home/runner/work/ratis/ratis/ratis-metrics-api/src/test/resources
[INFO] Copying 3 resources
[INFO] 
[INFO] --- compiler:3.10.0:testCompile (default-testCompile) @ ratis-metrics-api ---
[INFO] No sources to compile
[INFO] 
[INFO] --- surefire:3.0.0-M4:test (default-test) @ ratis-metrics-api ---
[INFO] 
[INFO] ---------------< org.apache.ratis:ratis-metrics-default >---------------
[INFO] Building Apache Ratis Metrics Default Implementation 3.2.0-SNAPSHOT [8/19]
[INFO]   from ratis-metrics-default/pom.xml
[INFO] --------------------------------[ jar ]---------------------------------
[INFO] 
[INFO] --- jacoco:0.8.11:prepare-agent (default-prepare-agent) @ ratis-metrics-default ---
[INFO] argLine set to -javaagent:/home/runner/.m2/repository/org/jacoco/org.jacoco.agent/0.8.11/org.jacoco.agent-0.8.11-runtime.jar=destfile=/home/runner/work/ratis/ratis/ratis-metrics-default/target/jacoco.exec,includes=org.apache.ratis.*
[INFO] 
[INFO] --- build-helper:3.3.0:add-source (add-source) @ ratis-metrics-default ---
[INFO] Source directory: /home/runner/work/ratis/ratis/ratis-metrics-default/target/generated-sources added.
[INFO] 
[INFO] --- enforcer:3.2.1:enforce (bannedImports-finalizers) @ ratis-metrics-default ---
[INFO] Rule 0: org.apache.maven.plugins.enforcer.RestrictImports passed
[INFO] 
[INFO] --- remote-resources:1.7.0:process (process-resource-bundles) @ ratis-metrics-default ---
[INFO] Preparing remote bundle org.apache:apache-jar-resource-bundle:1.4
[INFO] Copying 3 resources from 1 bundle.
[INFO] 
[INFO] --- hadoops:3.4.0:version-info (version-info) @ ratis-metrics-default ---
[INFO] SCM: GIT
[INFO] Computed MD5: d41d8cd98f0b24e980998ecf8427e
[INFO] 
[INFO] --- resources:3.2.0:resources (default-resources) @ ratis-metrics-default ---
[INFO] Using 'UTF-8' encoding to copy filtered resources.
[INFO] Using 'UTF-8' encoding to copy filtered properties files.
[INFO] Copying 1 resource
[INFO] Copying 1 resource
[INFO] Copying 3 resources
[INFO] The encoding used to copy filtered properties files have not been set. This means that the same encoding will be used to copy filtered properties files as when copying other filtered resources. This might not be what you want! Run your build with --debug to see which files might be affected. Read more at https://maven.apache.org/plugins/maven-resources-plugin/examples/filtering-properties-files.html
[INFO] 
[INFO] --- compiler:3.10.0:compile (default-compile) @ ratis-metrics-default ---
[INFO] Compiling 7 source files to /home/runner/work/ratis/ratis/ratis-metrics-default/target/classes
[INFO] 
[INFO] --- resources:3.2.0:testResources (default-testResources) @ ratis-metrics-default ---
[INFO] Using 'UTF-8' encoding to copy filtered resources.
[INFO] Using 'UTF-8' encoding to copy filtered properties files.
[INFO] skip non existing resourceDirectory /home/runner/work/ratis/ratis/ratis-metrics-default/src/test/resources
[INFO] Copying 3 resources
[INFO] 
[INFO] --- compiler:3.10.0:testCompile (default-testCompile) @ ratis-metrics-default ---
[INFO] Compiling 1 source file to /home/runner/work/ratis/ratis/ratis-metrics-default/target/test-classes
[INFO] 
[INFO] --- surefire:3.0.0-M4:test (default-test) @ ratis-metrics-default ---
[INFO] 
[INFO] -------------------< org.apache.ratis:ratis-server >--------------------
[INFO] Building Apache Ratis Server 3.2.0-SNAPSHOT                       [9/19]
[INFO]   from ratis-server/pom.xml
[INFO] --------------------------------[ jar ]---------------------------------
[INFO] 
[INFO] --- jacoco:0.8.11:prepare-agent (default-prepare-agent) @ ratis-server ---
[INFO] argLine set to -javaagent:/home/runner/.m2/repository/org/jacoco/org.jacoco.agent/0.8.11/org.jacoco.agent-0.8.11-runtime.jar=destfile=/home/runner/work/ratis/ratis/ratis-server/target/jacoco.exec,includes=org.apache.ratis.*
[INFO] 
[INFO] --- build-helper:3.3.0:add-source (add-source) @ ratis-server ---
[INFO] Source directory: /home/runner/work/ratis/ratis/ratis-server/target/generated-sources added.
[INFO] 
[INFO] --- enforcer:3.2.1:enforce (bannedImports-finalizers) @ ratis-server ---
[INFO] Rule 0: org.apache.maven.plugins.enforcer.RestrictImports passed
[INFO] 
[INFO] --- remote-resources:1.7.0:process (process-resource-bundles) @ ratis-server ---
[INFO] Preparing remote bundle org.apache:apache-jar-resource-bundle:1.4
[INFO] Copying 3 resources from 1 bundle.
[INFO] 
[INFO] --- hadoops:3.4.0:version-info (version-info) @ ratis-server ---
[INFO] SCM: GIT
[INFO] Computed MD5: d41d8cd98f0b24e980998ecf8427e
[INFO] 
[INFO] --- resources:3.2.0:resources (default-resources) @ ratis-server ---
[INFO] Using 'UTF-8' encoding to copy filtered resources.
[INFO] Using 'UTF-8' encoding to copy filtered properties files.
[INFO] skip non existing resourceDirectory /home/runner/work/ratis/ratis/ratis-server/src/main/resources
[INFO] Copying 1 resource
[INFO] Copying 3 resources
[INFO] The encoding used to copy filtered properties files have not been set. This means that the same encoding will be used to copy filtered properties files as when copying other filtered resources. This might not be what you want! Run your build with --debug to see which files might be affected. Read more at https://maven.apache.org/plugins/maven-resources-plugin/examples/filtering-properties-files.html
[INFO] 
[INFO] --- compiler:3.10.0:compile (default-compile) @ ratis-server ---
[INFO] Compiling 73 source files to /home/runner/work/ratis/ratis/ratis-server/target/classes
[WARNING] /home/runner/work/ratis/ratis/ratis-server/src/main/java/org/apache/ratis/statemachine/impl/TransactionContextImpl.java:[198,23] [deprecation] getLogEntry() in TransactionContext has been deprecated
[WARNING] /home/runner/work/ratis/ratis/ratis-server/src/main/java/org/apache/ratis/statemachine/impl/TransactionContextImpl.java:[156,35] [deprecation] getStateMachineLogEntry() in TransactionContext has been deprecated
[WARNING] /home/runner/work/ratis/ratis/ratis-server/src/main/java/org/apache/ratis/server/impl/LeaderStateImpl.java:[1302,44] [deprecation] notifyFollowerSlowness(RoleInfoProto) in LeaderEventApi has been deprecated
[WARNING] /home/runner/work/ratis/ratis/ratis-server/src/main/java/org/apache/ratis/server/raftlog/segmented/SegmentedRaftLog.java:[321,23] [deprecation] getEntryWithData(long) in RaftLog has been deprecated
[WARNING] /home/runner/work/ratis/ratis/ratis-server/src/main/java/org/apache/ratis/server/raftlog/segmented/SegmentedRaftLog.java:[284,23] [deprecation] get(long) in RaftLog has been deprecated
[WARNING] /home/runner/work/ratis/ratis/ratis-server/src/main/java/org/apache/ratis/server/leader/LogAppenderBase.java:[226,35] [deprecation] newAppendEntriesRequest(long,boolean) in LogAppender has been deprecated
[WARNING] /home/runner/work/ratis/ratis/ratis-server/src/main/java/org/apache/ratis/server/raftlog/memory/MemoryRaftLog.java:[138,23] [deprecation] getEntryWithData(long) in RaftLog has been deprecated
[WARNING] /home/runner/work/ratis/ratis/ratis-server/src/main/java/org/apache/ratis/server/raftlog/memory/MemoryRaftLog.java:[118,23] [deprecation] get(long) in RaftLog has been deprecated
[INFO] 
[INFO] --- resources:3.2.0:testResources (default-testResources) @ ratis-server ---
[INFO] Using 'UTF-8' encoding to copy filtered resources.
[INFO] Using 'UTF-8' encoding to copy filtered properties files.
[INFO] skip non existing resourceDirectory /home/runner/work/ratis/ratis/ratis-server/src/test/resources
[INFO] Copying 3 resources
[INFO] 
[INFO] --- compiler:3.10.0:testCompile (default-testCompile) @ ratis-server ---
[INFO] Compiling 49 source files to /home/runner/work/ratis/ratis/ratis-server/target/test-classes
[WARNING] /home/runner/work/ratis/ratis/ratis-server/src/test/java/org/apache/ratis/RaftTestUtil.java:[187,15] [deprecation] get(long) in RaftLog has been deprecated
[WARNING] /home/runner/work/ratis/ratis/ratis-server/src/test/java/org/apache/ratis/RaftTestUtil.java:[208,15] [deprecation] get(long) in RaftLog has been deprecated
[WARNING] /home/runner/work/ratis/ratis/ratis-server/src/test/java/org/apache/ratis/RaftTestUtil.java:[228,17] [deprecation] get(long) in RaftLog has been deprecated
[WARNING] /home/runner/work/ratis/ratis/ratis-server/src/test/java/org/apache/ratis/RaftTestUtil.java:[269,18] [deprecation] get(long) in RaftLog has been deprecated
[WARNING] /home/runner/work/ratis/ratis/ratis-server/src/test/java/org/apache/ratis/RaftTestUtil.java:[550,66] [deprecation] get(long) in RaftLog has been deprecated
[WARNING] /home/runner/work/ratis/ratis/ratis-server/src/test/java/org/apache/ratis/RaftTestUtil.java:[550,84] [deprecation] get(long) in RaftLog has been deprecated
[WARNING] /home/runner/work/ratis/ratis/ratis-server/src/test/java/org/apache/ratis/RaftTestUtil.java:[550,101] [deprecation] get(long) in RaftLog has been deprecated
[WARNING] /home/runner/work/ratis/ratis/ratis-server/src/test/java/org/apache/ratis/RaftTestUtil.java:[557,37] [deprecation] get(long) in RaftLog has been deprecated
[WARNING] /home/runner/work/ratis/ratis/ratis-server/src/test/java/org/apache/ratis/RaftTestUtil.java:[567,43] [deprecation] get(long) in RaftLog has been deprecated
[WARNING] /home/runner/work/ratis/ratis/ratis-server/src/test/java/org/apache/ratis/OutputStreamBaseTest.java:[100,34] [deprecation] get(long) in RaftLog has been deprecated
[WARNING] /home/runner/work/ratis/ratis/ratis-server/src/test/java/org/apache/ratis/OutputStreamBaseTest.java:[249,37] [deprecation] get(long) in RaftLog has been deprecated
[WARNING] /home/runner/work/ratis/ratis/ratis-server/src/test/java/org/apache/ratis/server/impl/RaftReconfigurationBaseTest.java:[618,41] [deprecation] get(long) in RaftLog has been deprecated
[WARNING] /home/runner/work/ratis/ratis/ratis-server/src/test/java/org/apache/ratis/server/impl/RaftReconfigurationBaseTest.java:[749,17] [deprecation] get(long) in RaftLog has been deprecated
[WARNING] /home/runner/work/ratis/ratis/ratis-server/src/test/java/org/apache/ratis/server/impl/RaftReconfigurationBaseTest.java:[777,27] [deprecation] get(long) in RaftLog has been deprecated
[WARNING] /home/runner/work/ratis/ratis/ratis-server/src/test/java/org/apache/ratis/RetryCacheTests.java:[113,13] [deprecation] get(long) in RaftLog has been deprecated
[INFO] 
[INFO] --- surefire:3.0.0-M4:test (default-test) @ ratis-server ---
[INFO] 
[INFO] ---------------< org.apache.ratis:ratis-resource-bundle >---------------
[INFO] Building Apache Ratis - Resource Bundle 3.2.0-SNAPSHOT           [10/19]
[INFO]   from ratis-resource-bundle/pom.xml
[INFO] --------------------------------[ jar ]---------------------------------
[INFO] 
[INFO] --- jacoco:0.8.11:prepare-agent (default-prepare-agent) @ ratis-resource-bundle ---
[INFO] argLine set to -javaagent:/home/runner/.m2/repository/org/jacoco/org.jacoco.agent/0.8.11/org.jacoco.agent-0.8.11-runtime.jar=destfile=/home/runner/work/ratis/ratis/ratis-resource-bundle/target/jacoco.exec,includes=org.apache.ratis.*
[INFO] 
[INFO] --- build-helper:3.3.0:add-source (add-source) @ ratis-resource-bundle ---
[INFO] Source directory: /home/runner/work/ratis/ratis/ratis-resource-bundle/target/generated-sources added.
[INFO] 
[INFO] --- enforcer:3.2.1:enforce (bannedImports-finalizers) @ ratis-resource-bundle ---
[INFO] Rule 0: org.apache.maven.plugins.enforcer.RestrictImports passed
[INFO] 
[INFO] --- remote-resources:1.7.0:process (process-resource-bundles) @ ratis-resource-bundle ---
[INFO] Preparing remote bundle org.apache:apache-jar-resource-bundle:1.4
[INFO] Copying 3 resources from 1 bundle.
[INFO] 
[INFO] --- remote-resources:1.7.0:bundle (build-ratis-resource-bundle) @ ratis-resource-bundle ---
[INFO] Writing META-INF/maven/remote-resources.xml descriptor with 2 entries
[INFO] 
[INFO] --- hadoops:3.4.0:version-info (version-info) @ ratis-resource-bundle ---
[INFO] SCM: GIT
[INFO] Computed MD5: d41d8cd98f0b24e980998ecf8427e
[INFO] 
[INFO] --- resources:3.2.0:resources (default-resources) @ ratis-resource-bundle ---
[INFO] Using 'UTF-8' encoding to copy filtered resources.
[INFO] Using 'UTF-8' encoding to copy filtered properties files.
[INFO] Copying 3 resources
[INFO] Copying 1 resource
[INFO] Copying 3 resources
[INFO] The encoding used to copy filtered properties files have not been set. This means that the same encoding will be used to copy filtered properties files as when copying other filtered resources. This might not be what you want! Run your build with --debug to see which files might be affected. Read more at https://maven.apache.org/plugins/maven-resources-plugin/examples/filtering-properties-files.html
[INFO] 
[INFO] --- compiler:3.10.0:compile (default-compile) @ ratis-resource-bundle ---
[INFO] No sources to compile
[INFO] 
[INFO] --- resources:3.2.0:testResources (default-testResources) @ ratis-resource-bundle ---
[INFO] Not copying test resources
[INFO] 
[INFO] --- compiler:3.10.0:testCompile (default-testCompile) @ ratis-resource-bundle ---
[INFO] Not compiling test sources
[INFO] 
[INFO] --- surefire:3.0.0-M4:test (default-test) @ ratis-resource-bundle ---
[INFO] Tests are skipped.
[INFO] 
[INFO] --------------------< org.apache.ratis:ratis-grpc >---------------------
[INFO] Building Apache Ratis gRPC Support 3.2.0-SNAPSHOT                [11/19]
[INFO]   from ratis-grpc/pom.xml
[INFO] --------------------------------[ jar ]---------------------------------
[INFO] 
[INFO] --- jacoco:0.8.11:prepare-agent (default-prepare-agent) @ ratis-grpc ---
[INFO] argLine set to -javaagent:/home/runner/.m2/repository/org/jacoco/org.jacoco.agent/0.8.11/org.jacoco.agent-0.8.11-runtime.jar=destfile=/home/runner/work/ratis/ratis/ratis-grpc/target/jacoco.exec,includes=org.apache.ratis.*
[INFO] 
[INFO] --- build-helper:3.3.0:add-source (add-source) @ ratis-grpc ---
[INFO] Source directory: /home/runner/work/ratis/ratis/ratis-grpc/target/generated-sources added.
[INFO] 
[INFO] --- enforcer:3.2.1:enforce (bannedImports-finalizers) @ ratis-grpc ---
[INFO] Rule 0: org.apache.maven.plugins.enforcer.RestrictImports passed
[INFO] 
[INFO] --- remote-resources:1.7.0:process (process-resource-bundles) @ ratis-grpc ---
[INFO] Preparing remote bundle org.apache:apache-jar-resource-bundle:1.4
[INFO] Copying 3 resources from 1 bundle.
[INFO] 
[INFO] --- hadoops:3.4.0:version-info (version-info) @ ratis-grpc ---
[INFO] SCM: GIT
[INFO] Computed MD5: d41d8cd98f0b24e980998ecf8427e
[INFO] 
[INFO] --- resources:3.2.0:resources (default-resources) @ ratis-grpc ---
[INFO] Using 'UTF-8' encoding to copy filtered resources.
[INFO] Using 'UTF-8' encoding to copy filtered properties files.
[INFO] skip non existing resourceDirectory /home/runner/work/ratis/ratis/ratis-grpc/src/main/resources
[INFO] Copying 1 resource
[INFO] Copying 3 resources
[INFO] The encoding used to copy filtered properties files have not been set. This means that the same encoding will be used to copy filtered properties files as when copying other filtered resources. This might not be what you want! Run your build with --debug to see which files might be affected. Read more at https://maven.apache.org/plugins/maven-resources-plugin/examples/filtering-properties-files.html
[INFO] 
[INFO] --- compiler:3.10.0:compile (default-compile) @ ratis-grpc ---
[INFO] Compiling 24 source files to /home/runner/work/ratis/ratis/ratis-grpc/target/classes
[INFO] 
[INFO] --- resources:3.2.0:testResources (default-testResources) @ ratis-grpc ---
[INFO] Using 'UTF-8' encoding to copy filtered resources.
[INFO] Using 'UTF-8' encoding to copy filtered properties files.
[INFO] skip non existing resourceDirectory /home/runner/work/ratis/ratis/ratis-grpc/src/test/resources
[INFO] Copying 3 resources
[INFO] 
[INFO] --- compiler:3.10.0:testCompile (default-testCompile) @ ratis-grpc ---
[INFO] Compiling 1 source file to /home/runner/work/ratis/ratis/ratis-grpc/target/test-classes
[INFO] 
[INFO] --- surefire:3.0.0-M4:test (default-test) @ ratis-grpc ---
[INFO] 
[INFO] -------------------------------------------------------
[INFO]  T E S T S
[INFO] -------------------------------------------------------
[INFO] 
[INFO] Results:
[INFO] 
[INFO] Tests run: 0, Failures: 0, Errors: 0, Skipped: 0
[INFO] 
[INFO] 
[INFO] --------------------< org.apache.ratis:ratis-netty >--------------------
[INFO] Building Apache Ratis Netty Support 3.2.0-SNAPSHOT               [12/19]
[INFO]   from ratis-netty/pom.xml
[INFO] --------------------------------[ jar ]---------------------------------
[INFO] 
[INFO] --- jacoco:0.8.11:prepare-agent (default-prepare-agent) @ ratis-netty ---
[INFO] argLine set to -javaagent:/home/runner/.m2/repository/org/jacoco/org.jacoco.agent/0.8.11/org.jacoco.agent-0.8.11-runtime.jar=destfile=/home/runner/work/ratis/ratis/ratis-netty/target/jacoco.exec,includes=org.apache.ratis.*
[INFO] 
[INFO] --- build-helper:3.3.0:add-source (add-source) @ ratis-netty ---
[INFO] Source directory: /home/runner/work/ratis/ratis/ratis-netty/target/generated-sources added.
[INFO] 
[INFO] --- enforcer:3.2.1:enforce (bannedImports-finalizers) @ ratis-netty ---
[INFO] Rule 0: org.apache.maven.plugins.enforcer.RestrictImports passed
[INFO] 
[INFO] --- remote-resources:1.7.0:process (process-resource-bundles) @ ratis-netty ---
[INFO] Preparing remote bundle org.apache:apache-jar-resource-bundle:1.4
[INFO] Copying 3 resources from 1 bundle.
[INFO] 
[INFO] --- hadoops:3.4.0:version-info (version-info) @ ratis-netty ---
[INFO] SCM: GIT
[INFO] Computed MD5: d41d8cd98f0b24e980998ecf8427e
[INFO] 
[INFO] --- resources:3.2.0:resources (default-resources) @ ratis-netty ---
[INFO] Using 'UTF-8' encoding to copy filtered resources.
[INFO] Using 'UTF-8' encoding to copy filtered properties files.
[INFO] skip non existing resourceDirectory /home/runner/work/ratis/ratis/ratis-netty/src/main/resources
[INFO] Copying 1 resource
[INFO] Copying 3 resources
[INFO] The encoding used to copy filtered properties files have not been set. This means that the same encoding will be used to copy filtered properties files as when copying other filtered resources. This might not be what you want! Run your build with --debug to see which files might be affected. Read more at https://maven.apache.org/plugins/maven-resources-plugin/examples/filtering-properties-files.html
[INFO] 
[INFO] --- compiler:3.10.0:compile (default-compile) @ ratis-netty ---
[INFO] Compiling 16 source files to /home/runner/work/ratis/ratis/ratis-netty/target/classes
[INFO] 
[INFO] --- resources:3.2.0:testResources (default-testResources) @ ratis-netty ---
[INFO] Using 'UTF-8' encoding to copy filtered resources.
[INFO] Using 'UTF-8' encoding to copy filtered properties files.
[INFO] skip non existing resourceDirectory /home/runner/work/ratis/ratis/ratis-netty/src/test/resources
[INFO] Copying 3 resources
[INFO] 
[INFO] --- compiler:3.10.0:testCompile (default-testCompile) @ ratis-netty ---
[INFO] Compiling 1 source file to /home/runner/work/ratis/ratis/ratis-netty/target/test-classes
[INFO] 
[INFO] --- surefire:3.0.0-M4:test (default-test) @ ratis-netty ---
[INFO] 
[INFO] --------------------< org.apache.ratis:ratis-shell >--------------------
[INFO] Building Apache Ratis Shell 3.2.0-SNAPSHOT                       [13/19]
[INFO]   from ratis-shell/pom.xml
[INFO] --------------------------------[ jar ]---------------------------------
[INFO] 
[INFO] --- jacoco:0.8.11:prepare-agent (default-prepare-agent) @ ratis-shell ---
[INFO] argLine set to -javaagent:/home/runner/.m2/repository/org/jacoco/org.jacoco.agent/0.8.11/org.jacoco.agent-0.8.11-runtime.jar=destfile=/home/runner/work/ratis/ratis/ratis-shell/target/jacoco.exec,includes=org.apache.ratis.*
[INFO] 
[INFO] --- build-helper:3.3.0:add-source (add-source) @ ratis-shell ---
[INFO] Source directory: /home/runner/work/ratis/ratis/ratis-shell/target/generated-sources added.
[INFO] 
[INFO] --- enforcer:3.2.1:enforce (bannedImports-finalizers) @ ratis-shell ---
[INFO] Rule 0: org.apache.maven.plugins.enforcer.RestrictImports passed
[INFO] 
[INFO] --- remote-resources:1.7.0:process (process-resource-bundles) @ ratis-shell ---
[INFO] Preparing remote bundle org.apache:apache-jar-resource-bundle:1.4
[INFO] Copying 3 resources from 1 bundle.
[INFO] 
[INFO] --- hadoops:3.4.0:version-info (version-info) @ ratis-shell ---
[INFO] SCM: GIT
[INFO] Computed MD5: d41d8cd98f0b24e980998ecf8427e
[INFO] 
[INFO] --- resources:3.2.0:resources (default-resources) @ ratis-shell ---
[INFO] Using 'UTF-8' encoding to copy filtered resources.
[INFO] Using 'UTF-8' encoding to copy filtered properties files.
[INFO] skip non existing resourceDirectory /home/runner/work/ratis/ratis/ratis-shell/src/main/resources
[INFO] Copying 1 resource
[INFO] Copying 3 resources
[INFO] The encoding used to copy filtered properties files have not been set. This means that the same encoding will be used to copy filtered properties files as when copying other filtered resources. This might not be what you want! Run your build with --debug to see which files might be affected. Read more at https://maven.apache.org/plugins/maven-resources-plugin/examples/filtering-properties-files.html
[INFO] 
[INFO] --- compiler:3.10.0:compile (default-compile) @ ratis-shell ---
[INFO] Compiling 24 source files to /home/runner/work/ratis/ratis/ratis-shell/target/classes
[INFO] 
[INFO] --- resources:3.2.0:testResources (default-testResources) @ ratis-shell ---
[INFO] Using 'UTF-8' encoding to copy filtered resources.
[INFO] Using 'UTF-8' encoding to copy filtered properties files.
[INFO] skip non existing resourceDirectory /home/runner/work/ratis/ratis/ratis-shell/src/test/resources
[INFO] Copying 3 resources
[INFO] 
[INFO] --- compiler:3.10.0:testCompile (default-testCompile) @ ratis-shell ---
[INFO] No sources to compile
[INFO] 
[INFO] --- surefire:3.0.0-M4:test (default-test) @ ratis-shell ---
[INFO] 
[INFO] --------------------< org.apache.ratis:ratis-test >---------------------
[INFO] Building Apache Ratis Test 3.2.0-SNAPSHOT                        [14/19]
[INFO]   from ratis-test/pom.xml
[INFO] --------------------------------[ jar ]---------------------------------
[INFO] 
[INFO] --- jacoco:0.8.11:prepare-agent (default-prepare-agent) @ ratis-test ---
[INFO] argLine set to -javaagent:/home/runner/.m2/repository/org/jacoco/org.jacoco.agent/0.8.11/org.jacoco.agent-0.8.11-runtime.jar=destfile=/home/runner/work/ratis/ratis/ratis-test/target/jacoco.exec,includes=org.apache.ratis.*
[INFO] 
[INFO] --- build-helper:3.3.0:add-source (add-source) @ ratis-test ---
[INFO] Source directory: /home/runner/work/ratis/ratis/ratis-test/target/generated-sources added.
[INFO] 
[INFO] --- enforcer:3.2.1:enforce (bannedImports-finalizers) @ ratis-test ---
[INFO] Rule 0: org.apache.maven.plugins.enforcer.RestrictImports passed
[INFO] 
[INFO] --- remote-resources:1.7.0:process (process-resource-bundles) @ ratis-test ---
[INFO] Preparing remote bundle org.apache:apache-jar-resource-bundle:1.4
[INFO] Copying 3 resources from 1 bundle.
[INFO] 
[INFO] --- hadoops:3.4.0:version-info (version-info) @ ratis-test ---
[INFO] SCM: GIT
[INFO] Computed MD5: d41d8cd98f0b24e980998ecf8427e
[INFO] 
[INFO] --- resources:3.2.0:resources (default-resources) @ ratis-test ---
[INFO] Using 'UTF-8' encoding to copy filtered resources.
[INFO] Using 'UTF-8' encoding to copy filtered properties files.
[INFO] skip non existing resourceDirectory /home/runner/work/ratis/ratis/ratis-test/src/main/resources
[INFO] Copying 1 resource
[INFO] Copying 3 resources
[INFO] The encoding used to copy filtered properties files have not been set. This means that the same encoding will be used to copy filtered properties files as when copying other filtered resources. This might not be what you want! Run your build with --debug to see which files might be affected. Read more at https://maven.apache.org/plugins/maven-resources-plugin/examples/filtering-properties-files.html
[INFO] 
[INFO] --- compiler:3.10.0:compile (default-compile) @ ratis-test ---
[INFO] No sources to compile
[INFO] 
[INFO] --- resources:3.2.0:testResources (default-testResources) @ ratis-test ---
[INFO] Using 'UTF-8' encoding to copy filtered resources.
[INFO] Using 'UTF-8' encoding to copy filtered properties files.
[INFO] Copying 13 resources
[INFO] Copying 3 resources
[INFO] 
[INFO] --- compiler:3.10.0:testCompile (default-testCompile) @ ratis-test ---
[INFO] Compiling 138 source files to /home/runner/work/ratis/ratis/ratis-test/target/test-classes
[WARNING] /home/runner/work/ratis/ratis/ratis-test/src/test/java/org/apache/ratis/server/raftlog/segmented/TestSegmentedRaftLog.java:[531,37] [deprecation] get(long) in RaftLog has been deprecated
[INFO] 
[INFO] --- surefire:3.0.0-M4:test (default-test) @ ratis-test ---
[INFO] 
[INFO] -------------------------------------------------------
[INFO]  T E S T S
[INFO] -------------------------------------------------------
[INFO] Running org.apache.ratis.grpc.TestGrpcFactory
[INFO] Tests run: 1, Failures: 0, Errors: 0, Skipped: 0, Time elapsed: 0.347 s - in org.apache.ratis.grpc.TestGrpcFactory
[INFO] Running org.apache.ratis.grpc.TestRaftWithGrpc
[ERROR] Tests run: 12, Failures: 0, Errors: 8, Skipped: 0, Time elapsed: 416.549 s <<< FAILURE! - in org.apache.ratis.grpc.TestRaftWithGrpc
[ERROR] org.apache.ratis.grpc.TestRaftWithGrpc.testWithLoad  Time elapsed: 301.901 s  <<< ERROR!
java.util.concurrent.TimeoutException: testWithLoad() timed out after 300 seconds
	at java.util.ArrayList.forEach(ArrayList.java:1259)
	at java.util.ArrayList.forEach(ArrayList.java:1259)
	Suppressed: java.lang.IllegalStateException: allLeaks.size = 1644
		at org.apache.ratis.util.Preconditions.assertTrue(Preconditions.java:77)
		at org.apache.ratis.util.LeakDetector.assertNoLeaks(LeakDetector.java:107)
		at org.apache.ratis.server.impl.MiniRaftCluster.shutdown(MiniRaftCluster.java:869)
		at org.apache.ratis.grpc.MiniRaftClusterWithGrpc.shutdown(MiniRaftClusterWithGrpc.java:96)
		at org.apache.ratis.server.impl.MiniRaftCluster$Factory$Get.runWithNewCluster(MiniRaftCluster.java:149)
		at org.apache.ratis.server.impl.MiniRaftCluster$Factory$Get.runWithNewCluster(MiniRaftCluster.java:121)
		at org.apache.ratis.RaftBasicTests.testWithLoad(RaftBasicTests.java:344)
		at java.lang.reflect.Method.invoke(Method.java:498)
		... 2 more

[ERROR] org.apache.ratis.grpc.TestRaftWithGrpc.testOldLeaderNotCommit  Time elapsed: 5.785 s  <<< ERROR!
java.lang.IllegalStateException: allLeaks.size = 1643
	at org.apache.ratis.util.Preconditions.assertTrue(Preconditions.java:77)
	at org.apache.ratis.util.LeakDetector.assertNoLeaks(LeakDetector.java:107)
	at org.apache.ratis.server.impl.MiniRaftCluster.shutdown(MiniRaftCluster.java:869)
	at org.apache.ratis.grpc.MiniRaftClusterWithGrpc.shutdown(MiniRaftClusterWithGrpc.java:96)
	at org.apache.ratis.server.impl.MiniRaftCluster$Factory$Get.runWithNewCluster(MiniRaftCluster.java:149)
	at org.apache.ratis.server.impl.MiniRaftCluster$Factory$Get.runWithNewCluster(MiniRaftCluster.java:121)
	at org.apache.ratis.RaftBasicTests.testOldLeaderNotCommit(RaftBasicTests.java:226)
	at java.lang.reflect.Method.invoke(Method.java:498)
	at java.util.ArrayList.forEach(ArrayList.java:1259)
	at java.util.ArrayList.forEach(ArrayList.java:1259)

[ERROR] org.apache.ratis.grpc.TestRaftWithGrpc.testWithLoad(Boolean)[1]  Time elapsed: 20.062 s  <<< ERROR!
java.lang.IllegalStateException: allLeaks.size = 1643
	at org.apache.ratis.util.Preconditions.assertTrue(Preconditions.java:77)
	at org.apache.ratis.util.LeakDetector.assertNoLeaks(LeakDetector.java:107)
	at org.apache.ratis.server.impl.MiniRaftCluster.shutdown(MiniRaftCluster.java:869)
	at org.apache.ratis.grpc.MiniRaftClusterWithGrpc.shutdown(MiniRaftClusterWithGrpc.java:96)
	at org.apache.ratis.server.impl.MiniRaftCluster$Factory$Get.runWithNewCluster(MiniRaftCluster.java:149)
	at org.apache.ratis.server.impl.MiniRaftCluster$Factory$Get.runWithNewCluster(MiniRaftCluster.java:121)
	at org.apache.ratis.RaftBasicTests.testWithLoad(RaftBasicTests.java:344)
	at org.apache.ratis.grpc.TestRaftWithGrpc.testWithLoad(TestRaftWithGrpc.java:61)
	at java.lang.reflect.Method.invoke(Method.java:498)
	at java.util.stream.ForEachOps$ForEachOp$OfRef.accept(ForEachOps.java:183)
	at java.util.stream.ReferencePipeline$3$1.accept(ReferencePipeline.java:193)
	at java.util.stream.ReferencePipeline$2$1.accept(ReferencePipeline.java:175)
	at java.util.stream.ReferencePipeline$3$1.accept(ReferencePipeline.java:193)
	at java.util.stream.ForEachOps$ForEachOp$OfRef.accept(ForEachOps.java:183)
	at java.util.stream.ReferencePipeline$3$1.accept(ReferencePipeline.java:193)
	at java.util.stream.ReferencePipeline$3$1.accept(ReferencePipeline.java:193)
	at java.util.stream.ReferencePipeline$3$1.accept(ReferencePipeline.java:193)
	at java.util.stream.ForEachOps$ForEachOp$OfRef.accept(ForEachOps.java:183)
	at java.util.stream.ReferencePipeline$3$1.accept(ReferencePipeline.java:193)
	at java.util.Spliterators$ArraySpliterator.forEachRemaining(Spliterators.java:948)
	at java.util.stream.ReferencePipeline$Head.forEach(ReferencePipeline.java:647)
	at java.util.stream.ReferencePipeline$7$1.accept(ReferencePipeline.java:272)
	at java.util.stream.ReferencePipeline$3$1.accept(ReferencePipeline.java:193)
	at java.util.stream.ReferencePipeline$3$1.accept(ReferencePipeline.java:193)
	at java.util.stream.ReferencePipeline$3$1.accept(ReferencePipeline.java:193)
	at java.util.Spliterators$ArraySpliterator.forEachRemaining(Spliterators.java:948)
	at java.util.stream.AbstractPipeline.copyInto(AbstractPipeline.java:482)
	at java.util.stream.AbstractPipeline.wrapAndCopyInto(AbstractPipeline.java:472)
	at java.util.stream.ForEachOps$ForEachOp.evaluateSequential(ForEachOps.java:150)
	at java.util.stream.ForEachOps$ForEachOp$OfRef.evaluateSequential(ForEachOps.java:173)
	at java.util.stream.AbstractPipeline.evaluate(AbstractPipeline.java:234)
	at java.util.stream.ReferencePipeline.forEach(ReferencePipeline.java:485)
	at java.util.stream.ReferencePipeline$7$1.accept(ReferencePipeline.java:272)
	at java.util.stream.ReferencePipeline$3$1.accept(ReferencePipeline.java:193)
	at java.util.stream.ReferencePipeline$3$1.accept(ReferencePipeline.java:193)
	at java.util.stream.ReferencePipeline$3$1.accept(ReferencePipeline.java:193)
	at java.util.ArrayList$ArrayListSpliterator.forEachRemaining(ArrayList.java:1384)
	at java.util.stream.AbstractPipeline.copyInto(AbstractPipeline.java:482)
	at java.util.stream.AbstractPipeline.wrapAndCopyInto(AbstractPipeline.java:472)
	at java.util.stream.ForEachOps$ForEachOp.evaluateSequential(ForEachOps.java:150)
	at java.util.stream.ForEachOps$ForEachOp$OfRef.evaluateSequential(ForEachOps.java:173)
	at java.util.stream.AbstractPipeline.evaluate(AbstractPipeline.java:234)
	at java.util.stream.ReferencePipeline.forEach(ReferencePipeline.java:485)
	at java.util.stream.ReferencePipeline$7$1.accept(ReferencePipeline.java:272)
	at java.util.ArrayList$ArrayListSpliterator.forEachRemaining(ArrayList.java:1384)
	at java.util.stream.AbstractPipeline.copyInto(AbstractPipeline.java:482)
	at java.util.stream.AbstractPipeline.wrapAndCopyInto(AbstractPipeline.java:472)
	at java.util.stream.ForEachOps$ForEachOp.evaluateSequential(ForEachOps.java:150)
	at java.util.stream.ForEachOps$ForEachOp$OfRef.evaluateSequential(ForEachOps.java:173)
	at java.util.stream.AbstractPipeline.evaluate(AbstractPipeline.java:234)
	at java.util.stream.ReferencePipeline.forEach(ReferencePipeline.java:485)
	at java.util.ArrayList.forEach(ArrayList.java:1259)
	at java.util.ArrayList.forEach(ArrayList.java:1259)

[ERROR] org.apache.ratis.grpc.TestRaftWithGrpc.testWithLoad(Boolean)[2]  Time elapsed: 24.273 s  <<< ERROR!
java.lang.IllegalStateException: allLeaks.size = 2842
	at org.apache.ratis.util.Preconditions.assertTrue(Preconditions.java:77)
	at org.apache.ratis.util.LeakDetector.assertNoLeaks(LeakDetector.java:107)
	at org.apache.ratis.server.impl.MiniRaftCluster.shutdown(MiniRaftCluster.java:869)
	at org.apache.ratis.grpc.MiniRaftClusterWithGrpc.shutdown(MiniRaftClusterWithGrpc.java:96)
	at org.apache.ratis.server.impl.MiniRaftCluster$Factory$Get.runWithNewCluster(MiniRaftCluster.java:149)
	at org.apache.ratis.server.impl.MiniRaftCluster$Factory$Get.runWithNewCluster(MiniRaftCluster.java:121)
	at org.apache.ratis.RaftBasicTests.testWithLoad(RaftBasicTests.java:344)
	at org.apache.ratis.grpc.TestRaftWithGrpc.testWithLoad(TestRaftWithGrpc.java:61)
	at java.lang.reflect.Method.invoke(Method.java:498)
	at java.util.stream.ForEachOps$ForEachOp$OfRef.accept(ForEachOps.java:183)
	at java.util.stream.ReferencePipeline$3$1.accept(ReferencePipeline.java:193)
	at java.util.stream.ReferencePipeline$2$1.accept(ReferencePipeline.java:175)
	at java.util.stream.ReferencePipeline$3$1.accept(ReferencePipeline.java:193)
	at java.util.stream.ForEachOps$ForEachOp$OfRef.accept(ForEachOps.java:183)
	at java.util.stream.ReferencePipeline$3$1.accept(ReferencePipeline.java:193)
	at java.util.stream.ReferencePipeline$3$1.accept(ReferencePipeline.java:193)
	at java.util.stream.ReferencePipeline$3$1.accept(ReferencePipeline.java:193)
	at java.util.stream.ForEachOps$ForEachOp$OfRef.accept(ForEachOps.java:183)
	at java.util.stream.ReferencePipeline$3$1.accept(ReferencePipeline.java:193)
	at java.util.Spliterators$ArraySpliterator.forEachRemaining(Spliterators.java:948)
	at java.util.stream.ReferencePipeline$Head.forEach(ReferencePipeline.java:647)
	at java.util.stream.ReferencePipeline$7$1.accept(ReferencePipeline.java:272)
	at java.util.stream.ReferencePipeline$3$1.accept(ReferencePipeline.java:193)
	at java.util.stream.ReferencePipeline$3$1.accept(ReferencePipeline.java:193)
	at java.util.stream.ReferencePipeline$3$1.accept(ReferencePipeline.java:193)
	at java.util.Spliterators$ArraySpliterator.forEachRemaining(Spliterators.java:948)
	at java.util.stream.AbstractPipeline.copyInto(AbstractPipeline.java:482)
	at java.util.stream.AbstractPipeline.wrapAndCopyInto(AbstractPipeline.java:472)
	at java.util.stream.ForEachOps$ForEachOp.evaluateSequential(ForEachOps.java:150)
	at java.util.stream.ForEachOps$ForEachOp$OfRef.evaluateSequential(ForEachOps.java:173)
	at java.util.stream.AbstractPipeline.evaluate(AbstractPipeline.java:234)
	at java.util.stream.ReferencePipeline.forEach(ReferencePipeline.java:485)
	at java.util.stream.ReferencePipeline$7$1.accept(ReferencePipeline.java:272)
	at java.util.stream.ReferencePipeline$3$1.accept(ReferencePipeline.java:193)
	at java.util.stream.ReferencePipeline$3$1.accept(ReferencePipeline.java:193)
	at java.util.stream.ReferencePipeline$3$1.accept(ReferencePipeline.java:193)
	at java.util.ArrayList$ArrayListSpliterator.forEachRemaining(ArrayList.java:1384)
	at java.util.stream.AbstractPipeline.copyInto(AbstractPipeline.java:482)
	at java.util.stream.AbstractPipeline.wrapAndCopyInto(AbstractPipeline.java:472)
	at java.util.stream.ForEachOps$ForEachOp.evaluateSequential(ForEachOps.java:150)
	at java.util.stream.ForEachOps$ForEachOp$OfRef.evaluateSequential(ForEachOps.java:173)
	at java.util.stream.AbstractPipeline.evaluate(AbstractPipeline.java:234)
	at java.util.stream.ReferencePipeline.forEach(ReferencePipeline.java:485)
	at java.util.stream.ReferencePipeline$7$1.accept(ReferencePipeline.java:272)
	at java.util.ArrayList$ArrayListSpliterator.forEachRemaining(ArrayList.java:1384)
	at java.util.stream.AbstractPipeline.copyInto(AbstractPipeline.java:482)
	at java.util.stream.AbstractPipeline.wrapAndCopyInto(AbstractPipeline.java:472)
	at java.util.stream.ForEachOps$ForEachOp.evaluateSequential(ForEachOps.java:150)
	at java.util.stream.ForEachOps$ForEachOp$OfRef.evaluateSequential(ForEachOps.java:173)
	at java.util.stream.AbstractPipeline.evaluate(AbstractPipeline.java:234)
	at java.util.stream.ReferencePipeline.forEach(ReferencePipeline.java:485)
	at java.util.ArrayList.forEach(ArrayList.java:1259)
	at java.util.ArrayList.forEach(ArrayList.java:1259)

[ERROR] org.apache.ratis.grpc.TestRaftWithGrpc.testRequestTimeout(Boolean)[1]  Time elapsed: 8.836 s  <<< ERROR!
java.lang.IllegalStateException: allLeaks.size = 2075
	at org.apache.ratis.util.Preconditions.assertTrue(Preconditions.java:77)
	at org.apache.ratis.util.LeakDetector.assertNoLeaks(LeakDetector.java:107)
	at org.apache.ratis.server.impl.MiniRaftCluster.shutdown(MiniRaftCluster.java:869)
	at org.apache.ratis.grpc.MiniRaftClusterWithGrpc.shutdown(MiniRaftClusterWithGrpc.java:96)
	at org.apache.ratis.server.impl.MiniRaftCluster$Factory$Get.runWithNewCluster(MiniRaftCluster.java:149)
	at org.apache.ratis.server.impl.MiniRaftCluster$Factory$Get.runWithNewCluster(MiniRaftCluster.java:121)
	at org.apache.ratis.grpc.TestRaftWithGrpc.testRequestTimeout(TestRaftWithGrpc.java:69)
	at java.lang.reflect.Method.invoke(Method.java:498)
	at java.util.stream.ForEachOps$ForEachOp$OfRef.accept(ForEachOps.java:183)
	at java.util.stream.ReferencePipeline$3$1.accept(ReferencePipeline.java:193)
	at java.util.stream.ReferencePipeline$2$1.accept(ReferencePipeline.java:175)
	at java.util.stream.ReferencePipeline$3$1.accept(ReferencePipeline.java:193)
	at java.util.stream.ForEachOps$ForEachOp$OfRef.accept(ForEachOps.java:183)
	at java.util.stream.ReferencePipeline$3$1.accept(ReferencePipeline.java:193)
	at java.util.stream.ReferencePipeline$3$1.accept(ReferencePipeline.java:193)
	at java.util.stream.ReferencePipeline$3$1.accept(ReferencePipeline.java:193)
	at java.util.stream.ForEachOps$ForEachOp$OfRef.accept(ForEachOps.java:183)
	at java.util.stream.ReferencePipeline$3$1.accept(ReferencePipeline.java:193)
	at java.util.Spliterators$ArraySpliterator.forEachRemaining(Spliterators.java:948)
	at java.util.stream.ReferencePipeline$Head.forEach(ReferencePipeline.java:647)
	at java.util.stream.ReferencePipeline$7$1.accept(ReferencePipeline.java:272)
	at java.util.stream.ReferencePipeline$3$1.accept(ReferencePipeline.java:193)
	at java.util.stream.ReferencePipeline$3$1.accept(ReferencePipeline.java:193)
	at java.util.stream.ReferencePipeline$3$1.accept(ReferencePipeline.java:193)
	at java.util.Spliterators$ArraySpliterator.forEachRemaining(Spliterators.java:948)
	at java.util.stream.AbstractPipeline.copyInto(AbstractPipeline.java:482)
	at java.util.stream.AbstractPipeline.wrapAndCopyInto(AbstractPipeline.java:472)
	at java.util.stream.ForEachOps$ForEachOp.evaluateSequential(ForEachOps.java:150)
	at java.util.stream.ForEachOps$ForEachOp$OfRef.evaluateSequential(ForEachOps.java:173)
	at java.util.stream.AbstractPipeline.evaluate(AbstractPipeline.java:234)
	at java.util.stream.ReferencePipeline.forEach(ReferencePipeline.java:485)
	at java.util.stream.ReferencePipeline$7$1.accept(ReferencePipeline.java:272)
	at java.util.stream.ReferencePipeline$3$1.accept(ReferencePipeline.java:193)
	at java.util.stream.ReferencePipeline$3$1.accept(ReferencePipeline.java:193)
	at java.util.stream.ReferencePipeline$3$1.accept(ReferencePipeline.java:193)
	at java.util.ArrayList$ArrayListSpliterator.forEachRemaining(ArrayList.java:1384)
	at java.util.stream.AbstractPipeline.copyInto(AbstractPipeline.java:482)
	at java.util.stream.AbstractPipeline.wrapAndCopyInto(AbstractPipeline.java:472)
	at java.util.stream.ForEachOps$ForEachOp.evaluateSequential(ForEachOps.java:150)
	at java.util.stream.ForEachOps$ForEachOp$OfRef.evaluateSequential(ForEachOps.java:173)
	at java.util.stream.AbstractPipeline.evaluate(AbstractPipeline.java:234)
	at java.util.stream.ReferencePipeline.forEach(ReferencePipeline.java:485)
	at java.util.stream.ReferencePipeline$7$1.accept(ReferencePipeline.java:272)
	at java.util.ArrayList$ArrayListSpliterator.forEachRemaining(ArrayList.java:1384)
	at java.util.stream.AbstractPipeline.copyInto(AbstractPipeline.java:482)
	at java.util.stream.AbstractPipeline.wrapAndCopyInto(AbstractPipeline.java:472)
	at java.util.stream.ForEachOps$ForEachOp.evaluateSequential(ForEachOps.java:150)
	at java.util.stream.ForEachOps$ForEachOp$OfRef.evaluateSequential(ForEachOps.java:173)
	at java.util.stream.AbstractPipeline.evaluate(AbstractPipeline.java:234)
	at java.util.stream.ReferencePipeline.forEach(ReferencePipeline.java:485)
	at java.util.ArrayList.forEach(ArrayList.java:1259)
	at java.util.ArrayList.forEach(ArrayList.java:1259)

[ERROR] org.apache.ratis.grpc.TestRaftWithGrpc.testRequestTimeout(Boolean)[2]  Time elapsed: 8.529 s  <<< ERROR!
java.lang.IllegalStateException: allLeaks.size = 2075
	at org.apache.ratis.util.Preconditions.assertTrue(Preconditions.java:77)
	at org.apache.ratis.util.LeakDetector.assertNoLeaks(LeakDetector.java:107)
	at org.apache.ratis.server.impl.MiniRaftCluster.shutdown(MiniRaftCluster.java:869)
	at org.apache.ratis.grpc.MiniRaftClusterWithGrpc.shutdown(MiniRaftClusterWithGrpc.java:96)
	at org.apache.ratis.server.impl.MiniRaftCluster$Factory$Get.runWithNewCluster(MiniRaftCluster.java:149)
	at org.apache.ratis.server.impl.MiniRaftCluster$Factory$Get.runWithNewCluster(MiniRaftCluster.java:121)
	at org.apache.ratis.grpc.TestRaftWithGrpc.testRequestTimeout(TestRaftWithGrpc.java:69)
	at java.lang.reflect.Method.invoke(Method.java:498)
	at java.util.stream.ForEachOps$ForEachOp$OfRef.accept(ForEachOps.java:183)
	at java.util.stream.ReferencePipeline$3$1.accept(ReferencePipeline.java:193)
	at java.util.stream.ReferencePipeline$2$1.accept(ReferencePipeline.java:175)
	at java.util.stream.ReferencePipeline$3$1.accept(ReferencePipeline.java:193)
	at java.util.stream.ForEachOps$ForEachOp$OfRef.accept(ForEachOps.java:183)
	at java.util.stream.ReferencePipeline$3$1.accept(ReferencePipeline.java:193)
	at java.util.stream.ReferencePipeline$3$1.accept(ReferencePipeline.java:193)
	at java.util.stream.ReferencePipeline$3$1.accept(ReferencePipeline.java:193)
	at java.util.stream.ForEachOps$ForEachOp$OfRef.accept(ForEachOps.java:183)
	at java.util.stream.ReferencePipeline$3$1.accept(ReferencePipeline.java:193)
	at java.util.Spliterators$ArraySpliterator.forEachRemaining(Spliterators.java:948)
	at java.util.stream.ReferencePipeline$Head.forEach(ReferencePipeline.java:647)
	at java.util.stream.ReferencePipeline$7$1.accept(ReferencePipeline.java:272)
	at java.util.stream.ReferencePipeline$3$1.accept(ReferencePipeline.java:193)
	at java.util.stream.ReferencePipeline$3$1.accept(ReferencePipeline.java:193)
	at java.util.stream.ReferencePipeline$3$1.accept(ReferencePipeline.java:193)
	at java.util.Spliterators$ArraySpliterator.forEachRemaining(Spliterators.java:948)
	at java.util.stream.AbstractPipeline.copyInto(AbstractPipeline.java:482)
	at java.util.stream.AbstractPipeline.wrapAndCopyInto(AbstractPipeline.java:472)
	at java.util.stream.ForEachOps$ForEachOp.evaluateSequential(ForEachOps.java:150)
	at java.util.stream.ForEachOps$ForEachOp$OfRef.evaluateSequential(ForEachOps.java:173)
	at java.util.stream.AbstractPipeline.evaluate(AbstractPipeline.java:234)
	at java.util.stream.ReferencePipeline.forEach(ReferencePipeline.java:485)
	at java.util.stream.ReferencePipeline$7$1.accept(ReferencePipeline.java:272)
	at java.util.stream.ReferencePipeline$3$1.accept(ReferencePipeline.java:193)
	at java.util.stream.ReferencePipeline$3$1.accept(ReferencePipeline.java:193)
	at java.util.stream.ReferencePipeline$3$1.accept(ReferencePipeline.java:193)
	at java.util.ArrayList$ArrayListSpliterator.forEachRemaining(ArrayList.java:1384)
	at java.util.stream.AbstractPipeline.copyInto(AbstractPipeline.java:482)
	at java.util.stream.AbstractPipeline.wrapAndCopyInto(AbstractPipeline.java:472)
	at java.util.stream.ForEachOps$ForEachOp.evaluateSequential(ForEachOps.java:150)
	at java.util.stream.ForEachOps$ForEachOp$OfRef.evaluateSequential(ForEachOps.java:173)
	at java.util.stream.AbstractPipeline.evaluate(AbstractPipeline.java:234)
	at java.util.stream.ReferencePipeline.forEach(ReferencePipeline.java:485)
	at java.util.stream.ReferencePipeline$7$1.accept(ReferencePipeline.java:272)
	at java.util.ArrayList$ArrayListSpliterator.forEachRemaining(ArrayList.java:1384)
	at java.util.stream.AbstractPipeline.copyInto(AbstractPipeline.java:482)
	at java.util.stream.AbstractPipeline.wrapAndCopyInto(AbstractPipeline.java:472)
	at java.util.stream.ForEachOps$ForEachOp.evaluateSequential(ForEachOps.java:150)
	at java.util.stream.ForEachOps$ForEachOp$OfRef.evaluateSequential(ForEachOps.java:173)
	at java.util.stream.AbstractPipeline.evaluate(AbstractPipeline.java:234)
	at java.util.stream.ReferencePipeline.forEach(ReferencePipeline.java:485)
	at java.util.ArrayList.forEach(ArrayList.java:1259)
	at java.util.ArrayList.forEach(ArrayList.java:1259)

[ERROR] org.apache.ratis.grpc.TestRaftWithGrpc.testUpdateViaHeartbeat(Boolean)[1]  Time elapsed: 7.136 s  <<< ERROR!
java.lang.IllegalStateException: allLeaks.size = 2075
	at org.apache.ratis.util.Preconditions.assertTrue(Preconditions.java:77)
	at org.apache.ratis.util.LeakDetector.assertNoLeaks(LeakDetector.java:107)
	at org.apache.ratis.server.impl.MiniRaftCluster.shutdown(MiniRaftCluster.java:869)
	at org.apache.ratis.grpc.MiniRaftClusterWithGrpc.shutdown(MiniRaftClusterWithGrpc.java:96)
	at org.apache.ratis.server.impl.MiniRaftCluster$Factory$Get.runWithNewCluster(MiniRaftCluster.java:149)
	at org.apache.ratis.server.impl.MiniRaftCluster$Factory$Get.runWithNewCluster(MiniRaftCluster.java:121)
	at org.apache.ratis.grpc.TestRaftWithGrpc.testUpdateViaHeartbeat(TestRaftWithGrpc.java:76)
	at java.lang.reflect.Method.invoke(Method.java:498)
	at java.util.stream.ForEachOps$ForEachOp$OfRef.accept(ForEachOps.java:183)
	at java.util.stream.ReferencePipeline$3$1.accept(ReferencePipeline.java:193)
	at java.util.stream.ReferencePipeline$2$1.accept(ReferencePipeline.java:175)
	at java.util.stream.ReferencePipeline$3$1.accept(ReferencePipeline.java:193)
	at java.util.stream.ForEachOps$ForEachOp$OfRef.accept(ForEachOps.java:183)
	at java.util.stream.ReferencePipeline$3$1.accept(ReferencePipeline.java:193)
	at java.util.stream.ReferencePipeline$3$1.accept(ReferencePipeline.java:193)
	at java.util.stream.ReferencePipeline$3$1.accept(ReferencePipeline.java:193)
	at java.util.stream.ForEachOps$ForEachOp$OfRef.accept(ForEachOps.java:183)
	at java.util.stream.ReferencePipeline$3$1.accept(ReferencePipeline.java:193)
	at java.util.Spliterators$ArraySpliterator.forEachRemaining(Spliterators.java:948)
	at java.util.stream.ReferencePipeline$Head.forEach(ReferencePipeline.java:647)
	at java.util.stream.ReferencePipeline$7$1.accept(ReferencePipeline.java:272)
	at java.util.stream.ReferencePipeline$3$1.accept(ReferencePipeline.java:193)
	at java.util.stream.ReferencePipeline$3$1.accept(ReferencePipeline.java:193)
	at java.util.stream.ReferencePipeline$3$1.accept(ReferencePipeline.java:193)
	at java.util.Spliterators$ArraySpliterator.forEachRemaining(Spliterators.java:948)
	at java.util.stream.AbstractPipeline.copyInto(AbstractPipeline.java:482)
	at java.util.stream.AbstractPipeline.wrapAndCopyInto(AbstractPipeline.java:472)
	at java.util.stream.ForEachOps$ForEachOp.evaluateSequential(ForEachOps.java:150)
	at java.util.stream.ForEachOps$ForEachOp$OfRef.evaluateSequential(ForEachOps.java:173)
	at java.util.stream.AbstractPipeline.evaluate(AbstractPipeline.java:234)
	at java.util.stream.ReferencePipeline.forEach(ReferencePipeline.java:485)
	at java.util.stream.ReferencePipeline$7$1.accept(ReferencePipeline.java:272)
	at java.util.stream.ReferencePipeline$3$1.accept(ReferencePipeline.java:193)
	at java.util.stream.ReferencePipeline$3$1.accept(ReferencePipeline.java:193)
	at java.util.stream.ReferencePipeline$3$1.accept(ReferencePipeline.java:193)
	at java.util.ArrayList$ArrayListSpliterator.forEachRemaining(ArrayList.java:1384)
	at java.util.stream.AbstractPipeline.copyInto(AbstractPipeline.java:482)
	at java.util.stream.AbstractPipeline.wrapAndCopyInto(AbstractPipeline.java:472)
	at java.util.stream.ForEachOps$ForEachOp.evaluateSequential(ForEachOps.java:150)
	at java.util.stream.ForEachOps$ForEachOp$OfRef.evaluateSequential(ForEachOps.java:173)
	at java.util.stream.AbstractPipeline.evaluate(AbstractPipeline.java:234)
	at java.util.stream.ReferencePipeline.forEach(ReferencePipeline.java:485)
	at java.util.stream.ReferencePipeline$7$1.accept(ReferencePipeline.java:272)
	at java.util.ArrayList$ArrayListSpliterator.forEachRemaining(ArrayList.java:1384)
	at java.util.stream.AbstractPipeline.copyInto(AbstractPipeline.java:482)
	at java.util.stream.AbstractPipeline.wrapAndCopyInto(AbstractPipeline.java:472)
	at java.util.stream.ForEachOps$ForEachOp.evaluateSequential(ForEachOps.java:150)
	at java.util.stream.ForEachOps$ForEachOp$OfRef.evaluateSequential(ForEachOps.java:173)
	at java.util.stream.AbstractPipeline.evaluate(AbstractPipeline.java:234)
	at java.util.stream.ReferencePipeline.forEach(ReferencePipeline.java:485)
	at java.util.ArrayList.forEach(ArrayList.java:1259)
	at java.util.ArrayList.forEach(ArrayList.java:1259)

[ERROR] org.apache.ratis.grpc.TestRaftWithGrpc.testUpdateViaHeartbeat(Boolean)[2]  Time elapsed: 7.094 s  <<< ERROR!
java.lang.IllegalStateException: allLeaks.size = 2075
	at org.apache.ratis.util.Preconditions.assertTrue(Preconditions.java:77)
	at org.apache.ratis.util.LeakDetector.assertNoLeaks(LeakDetector.java:107)
	at org.apache.ratis.server.impl.MiniRaftCluster.shutdown(MiniRaftCluster.java:869)
	at org.apache.ratis.grpc.MiniRaftClusterWithGrpc.shutdown(MiniRaftClusterWithGrpc.java:96)
	at org.apache.ratis.server.impl.MiniRaftCluster$Factory$Get.runWithNewCluster(MiniRaftCluster.java:149)
	at org.apache.ratis.server.impl.MiniRaftCluster$Factory$Get.runWithNewCluster(MiniRaftCluster.java:121)
	at org.apache.ratis.grpc.TestRaftWithGrpc.testUpdateViaHeartbeat(TestRaftWithGrpc.java:76)
	at java.lang.reflect.Method.invoke(Method.java:498)
	at java.util.stream.ForEachOps$ForEachOp$OfRef.accept(ForEachOps.java:183)
	at java.util.stream.ReferencePipeline$3$1.accept(ReferencePipeline.java:193)
	at java.util.stream.ReferencePipeline$2$1.accept(ReferencePipeline.java:175)
	at java.util.stream.ReferencePipeline$3$1.accept(ReferencePipeline.java:193)
	at java.util.stream.ForEachOps$ForEachOp$OfRef.accept(ForEachOps.java:183)
	at java.util.stream.ReferencePipeline$3$1.accept(ReferencePipeline.java:193)
	at java.util.stream.ReferencePipeline$3$1.accept(ReferencePipeline.java:193)
	at java.util.stream.ReferencePipeline$3$1.accept(ReferencePipeline.java:193)
	at java.util.stream.ForEachOps$ForEachOp$OfRef.accept(ForEachOps.java:183)
	at java.util.stream.ReferencePipeline$3$1.accept(ReferencePipeline.java:193)
	at java.util.Spliterators$ArraySpliterator.forEachRemaining(Spliterators.java:948)
	at java.util.stream.ReferencePipeline$Head.forEach(ReferencePipeline.java:647)
	at java.util.stream.ReferencePipeline$7$1.accept(ReferencePipeline.java:272)
	at java.util.stream.ReferencePipeline$3$1.accept(ReferencePipeline.java:193)
	at java.util.stream.ReferencePipeline$3$1.accept(ReferencePipeline.java:193)
	at java.util.stream.ReferencePipeline$3$1.accept(ReferencePipeline.java:193)
	at java.util.Spliterators$ArraySpliterator.forEachRemaining(Spliterators.java:948)
	at java.util.stream.AbstractPipeline.copyInto(AbstractPipeline.java:482)
	at java.util.stream.AbstractPipeline.wrapAndCopyInto(AbstractPipeline.java:472)
	at java.util.stream.ForEachOps$ForEachOp.evaluateSequential(ForEachOps.java:150)
	at java.util.stream.ForEachOps$ForEachOp$OfRef.evaluateSequential(ForEachOps.java:173)
	at java.util.stream.AbstractPipeline.evaluate(AbstractPipeline.java:234)
	at java.util.stream.ReferencePipeline.forEach(ReferencePipeline.java:485)
	at java.util.stream.ReferencePipeline$7$1.accept(ReferencePipeline.java:272)
	at java.util.stream.ReferencePipeline$3$1.accept(ReferencePipeline.java:193)
	at java.util.stream.ReferencePipeline$3$1.accept(ReferencePipeline.java:193)
	at java.util.stream.ReferencePipeline$3$1.accept(ReferencePipeline.java:193)
	at java.util.ArrayList$ArrayListSpliterator.forEachRemaining(ArrayList.java:1384)
	at java.util.stream.AbstractPipeline.copyInto(AbstractPipeline.java:482)
	at java.util.stream.AbstractPipeline.wrapAndCopyInto(AbstractPipeline.java:472)
	at java.util.stream.ForEachOps$ForEachOp.evaluateSequential(ForEachOps.java:150)
	at java.util.stream.ForEachOps$ForEachOp$OfRef.evaluateSequential(ForEachOps.java:173)
	at java.util.stream.AbstractPipeline.evaluate(AbstractPipeline.java:234)
	at java.util.stream.ReferencePipeline.forEach(ReferencePipeline.java:485)
	at java.util.stream.ReferencePipeline$7$1.accept(ReferencePipeline.java:272)
	at java.util.ArrayList$ArrayListSpliterator.forEachRemaining(ArrayList.java:1384)
	at java.util.stream.AbstractPipeline.copyInto(AbstractPipeline.java:482)
	at java.util.stream.AbstractPipeline.wrapAndCopyInto(AbstractPipeline.java:472)
	at java.util.stream.ForEachOps$ForEachOp.evaluateSequential(ForEachOps.java:150)
	at java.util.stream.ForEachOps$ForEachOp$OfRef.evaluateSequential(ForEachOps.java:173)
	at java.util.stream.AbstractPipeline.evaluate(AbstractPipeline.java:234)
	at java.util.stream.ReferencePipeline.forEach(ReferencePipeline.java:485)
	at java.util.ArrayList.forEach(ArrayList.java:1259)
	at java.util.ArrayList.forEach(ArrayList.java:1259)

[INFO] Running org.apache.ratis.grpc.TestRetryCacheWithGrpc
[ERROR] Tests run: 4, Failures: 0, Errors: 1, Skipped: 0, Time elapsed: 13.343 s <<< FAILURE! - in org.apache.ratis.grpc.TestRetryCacheWithGrpc
[ERROR] org.apache.ratis.grpc.TestRetryCacheWithGrpc.testInvalidateRepliedCalls  Time elapsed: 3.297 s  <<< ERROR!
java.lang.IllegalStateException: allLeaks.size = 19
	at org.apache.ratis.util.Preconditions.assertTrue(Preconditions.java:77)
	at org.apache.ratis.util.LeakDetector.assertNoLeaks(LeakDetector.java:107)
	at org.apache.ratis.server.impl.MiniRaftCluster.shutdown(MiniRaftCluster.java:869)
	at org.apache.ratis.grpc.MiniRaftClusterWithGrpc.shutdown(MiniRaftClusterWithGrpc.java:96)
	at org.apache.ratis.server.impl.MiniRaftCluster$Factory$Get.runWithNewCluster(MiniRaftCluster.java:149)
	at org.apache.ratis.server.impl.MiniRaftCluster$Factory$Get.runWithNewCluster(MiniRaftCluster.java:121)
	at org.apache.ratis.grpc.TestRetryCacheWithGrpc.testInvalidateRepliedCalls(TestRetryCacheWithGrpc.java:66)
	at java.lang.reflect.Method.invoke(Method.java:498)
	at java.util.ArrayList.forEach(ArrayList.java:1259)
	at java.util.ArrayList.forEach(ArrayList.java:1259)

[INFO] Running org.apache.ratis.grpc.util.TestStreamObserverWithTimeout
[INFO] Tests run: 3, Failures: 0, Errors: 0, Skipped: 0, Time elapsed: 3.535 s - in org.apache.ratis.grpc.util.TestStreamObserverWithTimeout
[INFO] Running org.apache.ratis.grpc.util.TestGrpcZeroCopy
[INFO] Tests run: 2, Failures: 0, Errors: 0, Skipped: 0, Time elapsed: 11.694 s - in org.apache.ratis.grpc.util.TestGrpcZeroCopy
[INFO] Running org.apache.ratis.grpc.TestRaftServerWithGrpc
[INFO] Tests run: 12, Failures: 0, Errors: 0, Skipped: 0, Time elapsed: 42.205 s - in org.apache.ratis.grpc.TestRaftServerWithGrpc
[INFO] Running org.apache.ratis.grpc.TestServerRestartWithGrpc
[INFO] Tests run: 5, Failures: 0, Errors: 0, Skipped: 0, Time elapsed: 55.648 s - in org.apache.ratis.grpc.TestServerRestartWithGrpc
[INFO] Running org.apache.ratis.grpc.TestLeaderInstallSnapshotWithGrpc
[ERROR] Tests run: 6, Failures: 0, Errors: 4, Skipped: 0, Time elapsed: 20.423 s <<< FAILURE! - in org.apache.ratis.grpc.TestLeaderInstallSnapshotWithGrpc
[ERROR] org.apache.ratis.grpc.TestLeaderInstallSnapshotWithGrpc.testInstallSnapshotLeaderSwitch(Boolean)[1]  Time elapsed: 3.723 s  <<< ERROR!
java.lang.IllegalStateException: allLeaks.size = 257
	at org.apache.ratis.util.Preconditions.assertTrue(Preconditions.java:77)
	at org.apache.ratis.util.LeakDetector.assertNoLeaks(LeakDetector.java:107)
	at org.apache.ratis.server.impl.MiniRaftCluster.shutdown(MiniRaftCluster.java:869)
	at org.apache.ratis.grpc.MiniRaftClusterWithGrpc.shutdown(MiniRaftClusterWithGrpc.java:96)
	at org.apache.ratis.server.impl.MiniRaftCluster$Factory$Get.runWithNewCluster(MiniRaftCluster.java:149)
	at org.apache.ratis.server.impl.MiniRaftCluster$Factory$Get.runWithNewCluster(MiniRaftCluster.java:121)
	at org.apache.ratis.InstallSnapshotFromLeaderTests.testInstallSnapshotLeaderSwitch(InstallSnapshotFromLeaderTests.java:96)
	at org.apache.ratis.grpc.TestLeaderInstallSnapshotWithGrpc.testInstallSnapshotLeaderSwitch(TestLeaderInstallSnapshotWithGrpc.java:53)
	at java.lang.reflect.Method.invoke(Method.java:498)
	at java.util.stream.ForEachOps$ForEachOp$OfRef.accept(ForEachOps.java:183)
	at java.util.stream.ReferencePipeline$3$1.accept(ReferencePipeline.java:193)
	at java.util.stream.ReferencePipeline$2$1.accept(ReferencePipeline.java:175)
	at java.util.stream.ReferencePipeline$3$1.accept(ReferencePipeline.java:193)
	at java.util.stream.ForEachOps$ForEachOp$OfRef.accept(ForEachOps.java:183)
	at java.util.stream.ReferencePipeline$3$1.accept(ReferencePipeline.java:193)
	at java.util.stream.ReferencePipeline$3$1.accept(ReferencePipeline.java:193)
	at java.util.stream.ReferencePipeline$3$1.accept(ReferencePipeline.java:193)
	at java.util.stream.ForEachOps$ForEachOp$OfRef.accept(ForEachOps.java:183)
	at java.util.stream.ReferencePipeline$3$1.accept(ReferencePipeline.java:193)
	at java.util.Spliterators$ArraySpliterator.forEachRemaining(Spliterators.java:948)
	at java.util.stream.ReferencePipeline$Head.forEach(ReferencePipeline.java:647)
	at java.util.stream.ReferencePipeline$7$1.accept(ReferencePipeline.java:272)
	at java.util.stream.ReferencePipeline$3$1.accept(ReferencePipeline.java:193)
	at java.util.stream.ReferencePipeline$3$1.accept(ReferencePipeline.java:193)
	at java.util.stream.ReferencePipeline$3$1.accept(ReferencePipeline.java:193)
	at java.util.Spliterators$ArraySpliterator.forEachRemaining(Spliterators.java:948)
	at java.util.stream.AbstractPipeline.copyInto(AbstractPipeline.java:482)
	at java.util.stream.AbstractPipeline.wrapAndCopyInto(AbstractPipeline.java:472)
	at java.util.stream.ForEachOps$ForEachOp.evaluateSequential(ForEachOps.java:150)
	at java.util.stream.ForEachOps$ForEachOp$OfRef.evaluateSequential(ForEachOps.java:173)
	at java.util.stream.AbstractPipeline.evaluate(AbstractPipeline.java:234)
	at java.util.stream.ReferencePipeline.forEach(ReferencePipeline.java:485)
	at java.util.stream.ReferencePipeline$7$1.accept(ReferencePipeline.java:272)
	at java.util.stream.ReferencePipeline$3$1.accept(ReferencePipeline.java:193)
	at java.util.stream.ReferencePipeline$3$1.accept(ReferencePipeline.java:193)
	at java.util.stream.ReferencePipeline$3$1.accept(ReferencePipeline.java:193)
	at java.util.ArrayList$ArrayListSpliterator.forEachRemaining(ArrayList.java:1384)
	at java.util.stream.AbstractPipeline.copyInto(AbstractPipeline.java:482)
	at java.util.stream.AbstractPipeline.wrapAndCopyInto(AbstractPipeline.java:472)
	at java.util.stream.ForEachOps$ForEachOp.evaluateSequential(ForEachOps.java:150)
	at java.util.stream.ForEachOps$ForEachOp$OfRef.evaluateSequential(ForEachOps.java:173)
	at java.util.stream.AbstractPipeline.evaluate(AbstractPipeline.java:234)
	at java.util.stream.ReferencePipeline.forEach(ReferencePipeline.java:485)
	at java.util.stream.ReferencePipeline$7$1.accept(ReferencePipeline.java:272)
	at java.util.ArrayList$ArrayListSpliterator.forEachRemaining(ArrayList.java:1384)
	at java.util.stream.AbstractPipeline.copyInto(AbstractPipeline.java:482)
	at java.util.stream.AbstractPipeline.wrapAndCopyInto(AbstractPipeline.java:472)
	at java.util.stream.ForEachOps$ForEachOp.evaluateSequential(ForEachOps.java:150)
	at java.util.stream.ForEachOps$ForEachOp$OfRef.evaluateSequential(ForEachOps.java:173)
	at java.util.stream.AbstractPipeline.evaluate(AbstractPipeline.java:234)
	at java.util.stream.ReferencePipeline.forEach(ReferencePipeline.java:485)
	at java.util.ArrayList.forEach(ArrayList.java:1259)
	at java.util.ArrayList.forEach(ArrayList.java:1259)

[ERROR] org.apache.ratis.grpc.TestLeaderInstallSnapshotWithGrpc.testInstallSnapshotLeaderSwitch(Boolean)[2]  Time elapsed: 5.428 s  <<< ERROR!
java.lang.IllegalStateException: allLeaks.size = 257
	at org.apache.ratis.util.Preconditions.assertTrue(Preconditions.java:77)
	at org.apache.ratis.util.LeakDetector.assertNoLeaks(LeakDetector.java:107)
	at org.apache.ratis.server.impl.MiniRaftCluster.shutdown(MiniRaftCluster.java:869)
	at org.apache.ratis.grpc.MiniRaftClusterWithGrpc.shutdown(MiniRaftClusterWithGrpc.java:96)
	at org.apache.ratis.server.impl.MiniRaftCluster$Factory$Get.runWithNewCluster(MiniRaftCluster.java:149)
	at org.apache.ratis.server.impl.MiniRaftCluster$Factory$Get.runWithNewCluster(MiniRaftCluster.java:121)
	at org.apache.ratis.InstallSnapshotFromLeaderTests.testInstallSnapshotLeaderSwitch(InstallSnapshotFromLeaderTests.java:96)
	at org.apache.ratis.grpc.TestLeaderInstallSnapshotWithGrpc.testInstallSnapshotLeaderSwitch(TestLeaderInstallSnapshotWithGrpc.java:53)
	at java.lang.reflect.Method.invoke(Method.java:498)
	at java.util.stream.ForEachOps$ForEachOp$OfRef.accept(ForEachOps.java:183)
	at java.util.stream.ReferencePipeline$3$1.accept(ReferencePipeline.java:193)
	at java.util.stream.ReferencePipeline$2$1.accept(ReferencePipeline.java:175)
	at java.util.stream.ReferencePipeline$3$1.accept(ReferencePipeline.java:193)
	at java.util.stream.ForEachOps$ForEachOp$OfRef.accept(ForEachOps.java:183)
	at java.util.stream.ReferencePipeline$3$1.accept(ReferencePipeline.java:193)
	at java.util.stream.ReferencePipeline$3$1.accept(ReferencePipeline.java:193)
	at java.util.stream.ReferencePipeline$3$1.accept(ReferencePipeline.java:193)
	at java.util.stream.ForEachOps$ForEachOp$OfRef.accept(ForEachOps.java:183)
	at java.util.stream.ReferencePipeline$3$1.accept(ReferencePipeline.java:193)
	at java.util.Spliterators$ArraySpliterator.forEachRemaining(Spliterators.java:948)
	at java.util.stream.ReferencePipeline$Head.forEach(ReferencePipeline.java:647)
	at java.util.stream.ReferencePipeline$7$1.accept(ReferencePipeline.java:272)
	at java.util.stream.ReferencePipeline$3$1.accept(ReferencePipeline.java:193)
	at java.util.stream.ReferencePipeline$3$1.accept(ReferencePipeline.java:193)
	at java.util.stream.ReferencePipeline$3$1.accept(ReferencePipeline.java:193)
	at java.util.Spliterators$ArraySpliterator.forEachRemaining(Spliterators.java:948)
	at java.util.stream.AbstractPipeline.copyInto(AbstractPipeline.java:482)
	at java.util.stream.AbstractPipeline.wrapAndCopyInto(AbstractPipeline.java:472)
	at java.util.stream.ForEachOps$ForEachOp.evaluateSequential(ForEachOps.java:150)
	at java.util.stream.ForEachOps$ForEachOp$OfRef.evaluateSequential(ForEachOps.java:173)
	at java.util.stream.AbstractPipeline.evaluate(AbstractPipeline.java:234)
	at java.util.stream.ReferencePipeline.forEach(ReferencePipeline.java:485)
	at java.util.stream.ReferencePipeline$7$1.accept(ReferencePipeline.java:272)
	at java.util.stream.ReferencePipeline$3$1.accept(ReferencePipeline.java:193)
	at java.util.stream.ReferencePipeline$3$1.accept(ReferencePipeline.java:193)
	at java.util.stream.ReferencePipeline$3$1.accept(ReferencePipeline.java:193)
	at java.util.ArrayList$ArrayListSpliterator.forEachRemaining(ArrayList.java:1384)
	at java.util.stream.AbstractPipeline.copyInto(AbstractPipeline.java:482)
	at java.util.stream.AbstractPipeline.wrapAndCopyInto(AbstractPipeline.java:472)
	at java.util.stream.ForEachOps$ForEachOp.evaluateSequential(ForEachOps.java:150)
	at java.util.stream.ForEachOps$ForEachOp$OfRef.evaluateSequential(ForEachOps.java:173)
	at java.util.stream.AbstractPipeline.evaluate(AbstractPipeline.java:234)
	at java.util.stream.ReferencePipeline.forEach(ReferencePipeline.java:485)
	at java.util.stream.ReferencePipeline$7$1.accept(ReferencePipeline.java:272)
	at java.util.ArrayList$ArrayListSpliterator.forEachRemaining(ArrayList.java:1384)
	at java.util.stream.AbstractPipeline.copyInto(AbstractPipeline.java:482)
	at java.util.stream.AbstractPipeline.wrapAndCopyInto(AbstractPipeline.java:472)
	at java.util.stream.ForEachOps$ForEachOp.evaluateSequential(ForEachOps.java:150)
	at java.util.stream.ForEachOps$ForEachOp$OfRef.evaluateSequential(ForEachOps.java:173)
	at java.util.stream.AbstractPipeline.evaluate(AbstractPipeline.java:234)
	at java.util.stream.ReferencePipeline.forEach(ReferencePipeline.java:485)
	at java.util.ArrayList.forEach(ArrayList.java:1259)
	at java.util.ArrayList.forEach(ArrayList.java:1259)

[ERROR] org.apache.ratis.grpc.TestLeaderInstallSnapshotWithGrpc.testSeparateSnapshotInstallPath(Boolean)[1]  Time elapsed: 2.049 s  <<< ERROR!
java.lang.IllegalStateException: allLeaks.size = 257
	at org.apache.ratis.util.Preconditions.assertTrue(Preconditions.java:77)
	at org.apache.ratis.util.LeakDetector.assertNoLeaks(LeakDetector.java:107)
	at org.apache.ratis.server.impl.MiniRaftCluster.shutdown(MiniRaftCluster.java:869)
	at org.apache.ratis.grpc.MiniRaftClusterWithGrpc.shutdown(MiniRaftClusterWithGrpc.java:96)
	at org.apache.ratis.server.impl.MiniRaftCluster$Factory$Get.runWithNewCluster(MiniRaftCluster.java:149)
	at org.apache.ratis.server.impl.MiniRaftCluster$Factory$Get.runWithNewCluster(MiniRaftCluster.java:121)
	at org.apache.ratis.InstallSnapshotFromLeaderTests.testSeparateSnapshotInstallPath(InstallSnapshotFromLeaderTests.java:90)
	at org.apache.ratis.grpc.TestLeaderInstallSnapshotWithGrpc.testSeparateSnapshotInstallPath(TestLeaderInstallSnapshotWithGrpc.java:46)
	at java.lang.reflect.Method.invoke(Method.java:498)
	at java.util.stream.ForEachOps$ForEachOp$OfRef.accept(ForEachOps.java:183)
	at java.util.stream.ReferencePipeline$3$1.accept(ReferencePipeline.java:193)
	at java.util.stream.ReferencePipeline$2$1.accept(ReferencePipeline.java:175)
	at java.util.stream.ReferencePipeline$3$1.accept(ReferencePipeline.java:193)
	at java.util.stream.ForEachOps$ForEachOp$OfRef.accept(ForEachOps.java:183)
	at java.util.stream.ReferencePipeline$3$1.accept(ReferencePipeline.java:193)
	at java.util.stream.ReferencePipeline$3$1.accept(ReferencePipeline.java:193)
	at java.util.stream.ReferencePipeline$3$1.accept(ReferencePipeline.java:193)
	at java.util.stream.ForEachOps$ForEachOp$OfRef.accept(ForEachOps.java:183)
	at java.util.stream.ReferencePipeline$3$1.accept(ReferencePipeline.java:193)
	at java.util.Spliterators$ArraySpliterator.forEachRemaining(Spliterators.java:948)
	at java.util.stream.ReferencePipeline$Head.forEach(ReferencePipeline.java:647)
	at java.util.stream.ReferencePipeline$7$1.accept(ReferencePipeline.java:272)
	at java.util.stream.ReferencePipeline$3$1.accept(ReferencePipeline.java:193)
	at java.util.stream.ReferencePipeline$3$1.accept(ReferencePipeline.java:193)
	at java.util.stream.ReferencePipeline$3$1.accept(ReferencePipeline.java:193)
	at java.util.Spliterators$ArraySpliterator.forEachRemaining(Spliterators.java:948)
	at java.util.stream.AbstractPipeline.copyInto(AbstractPipeline.java:482)
	at java.util.stream.AbstractPipeline.wrapAndCopyInto(AbstractPipeline.java:472)
	at java.util.stream.ForEachOps$ForEachOp.evaluateSequential(ForEachOps.java:150)
	at java.util.stream.ForEachOps$ForEachOp$OfRef.evaluateSequential(ForEachOps.java:173)
	at java.util.stream.AbstractPipeline.evaluate(AbstractPipeline.java:234)
	at java.util.stream.ReferencePipeline.forEach(ReferencePipeline.java:485)
	at java.util.stream.ReferencePipeline$7$1.accept(ReferencePipeline.java:272)
	at java.util.stream.ReferencePipeline$3$1.accept(ReferencePipeline.java:193)
	at java.util.stream.ReferencePipeline$3$1.accept(ReferencePipeline.java:193)
	at java.util.stream.ReferencePipeline$3$1.accept(ReferencePipeline.java:193)
	at java.util.ArrayList$ArrayListSpliterator.forEachRemaining(ArrayList.java:1384)
	at java.util.stream.AbstractPipeline.copyInto(AbstractPipeline.java:482)
	at java.util.stream.AbstractPipeline.wrapAndCopyInto(AbstractPipeline.java:472)
	at java.util.stream.ForEachOps$ForEachOp.evaluateSequential(ForEachOps.java:150)
	at java.util.stream.ForEachOps$ForEachOp$OfRef.evaluateSequential(ForEachOps.java:173)
	at java.util.stream.AbstractPipeline.evaluate(AbstractPipeline.java:234)
	at java.util.stream.ReferencePipeline.forEach(ReferencePipeline.java:485)
	at java.util.stream.ReferencePipeline$7$1.accept(ReferencePipeline.java:272)
	at java.util.ArrayList$ArrayListSpliterator.forEachRemaining(ArrayList.java:1384)
	at java.util.stream.AbstractPipeline.copyInto(AbstractPipeline.java:482)
	at java.util.stream.AbstractPipeline.wrapAndCopyInto(AbstractPipeline.java:472)
	at java.util.stream.ForEachOps$ForEachOp.evaluateSequential(ForEachOps.java:150)
	at java.util.stream.ForEachOps$ForEachOp$OfRef.evaluateSequential(ForEachOps.java:173)
	at java.util.stream.AbstractPipeline.evaluate(AbstractPipeline.java:234)
	at java.util.stream.ReferencePipeline.forEach(ReferencePipeline.java:485)
	at java.util.ArrayList.forEach(ArrayList.java:1259)
	at java.util.ArrayList.forEach(ArrayList.java:1259)

[ERROR] org.apache.ratis.grpc.TestLeaderInstallSnapshotWithGrpc.testSeparateSnapshotInstallPath(Boolean)[2]  Time elapsed: 2.057 s  <<< ERROR!
java.lang.IllegalStateException: allLeaks.size = 257
	at org.apache.ratis.util.Preconditions.assertTrue(Preconditions.java:77)
	at org.apache.ratis.util.LeakDetector.assertNoLeaks(LeakDetector.java:107)
	at org.apache.ratis.server.impl.MiniRaftCluster.shutdown(MiniRaftCluster.java:869)
	at org.apache.ratis.grpc.MiniRaftClusterWithGrpc.shutdown(MiniRaftClusterWithGrpc.java:96)
	at org.apache.ratis.server.impl.MiniRaftCluster$Factory$Get.runWithNewCluster(MiniRaftCluster.java:149)
	at org.apache.ratis.server.impl.MiniRaftCluster$Factory$Get.runWithNewCluster(MiniRaftCluster.java:121)
	at org.apache.ratis.InstallSnapshotFromLeaderTests.testSeparateSnapshotInstallPath(InstallSnapshotFromLeaderTests.java:90)
	at org.apache.ratis.grpc.TestLeaderInstallSnapshotWithGrpc.testSeparateSnapshotInstallPath(TestLeaderInstallSnapshotWithGrpc.java:46)
	at java.lang.reflect.Method.invoke(Method.java:498)
	at java.util.stream.ForEachOps$ForEachOp$OfRef.accept(ForEachOps.java:183)
	at java.util.stream.ReferencePipeline$3$1.accept(ReferencePipeline.java:193)
	at java.util.stream.ReferencePipeline$2$1.accept(ReferencePipeline.java:175)
	at java.util.stream.ReferencePipeline$3$1.accept(ReferencePipeline.java:193)
	at java.util.stream.ForEachOps$ForEachOp$OfRef.accept(ForEachOps.java:183)
	at java.util.stream.ReferencePipeline$3$1.accept(ReferencePipeline.java:193)
	at java.util.stream.ReferencePipeline$3$1.accept(ReferencePipeline.java:193)
	at java.util.stream.ReferencePipeline$3$1.accept(ReferencePipeline.java:193)
	at java.util.stream.ForEachOps$ForEachOp$OfRef.accept(ForEachOps.java:183)
	at java.util.stream.ReferencePipeline$3$1.accept(ReferencePipeline.java:193)
	at java.util.Spliterators$ArraySpliterator.forEachRemaining(Spliterators.java:948)
	at java.util.stream.ReferencePipeline$Head.forEach(ReferencePipeline.java:647)
	at java.util.stream.ReferencePipeline$7$1.accept(ReferencePipeline.java:272)
	at java.util.stream.ReferencePipeline$3$1.accept(ReferencePipeline.java:193)
	at java.util.stream.ReferencePipeline$3$1.accept(ReferencePipeline.java:193)
	at java.util.stream.ReferencePipeline$3$1.accept(ReferencePipeline.java:193)
	at java.util.Spliterators$ArraySpliterator.forEachRemaining(Spliterators.java:948)
	at java.util.stream.AbstractPipeline.copyInto(AbstractPipeline.java:482)
	at java.util.stream.AbstractPipeline.wrapAndCopyInto(AbstractPipeline.java:472)
	at java.util.stream.ForEachOps$ForEachOp.evaluateSequential(ForEachOps.java:150)
	at java.util.stream.ForEachOps$ForEachOp$OfRef.evaluateSequential(ForEachOps.java:173)
	at java.util.stream.AbstractPipeline.evaluate(AbstractPipeline.java:234)
	at java.util.stream.ReferencePipeline.forEach(ReferencePipeline.java:485)
	at java.util.stream.ReferencePipeline$7$1.accept(ReferencePipeline.java:272)
	at java.util.stream.ReferencePipeline$3$1.accept(ReferencePipeline.java:193)
	at java.util.stream.ReferencePipeline$3$1.accept(ReferencePipeline.java:193)
	at java.util.stream.ReferencePipeline$3$1.accept(ReferencePipeline.java:193)
	at java.util.ArrayList$ArrayListSpliterator.forEachRemaining(ArrayList.java:1384)
	at java.util.stream.AbstractPipeline.copyInto(AbstractPipeline.java:482)
	at java.util.stream.AbstractPipeline.wrapAndCopyInto(AbstractPipeline.java:472)
	at java.util.stream.ForEachOps$ForEachOp.evaluateSequential(ForEachOps.java:150)
	at java.util.stream.ForEachOps$ForEachOp$OfRef.evaluateSequential(ForEachOps.java:173)
	at java.util.stream.AbstractPipeline.evaluate(AbstractPipeline.java:234)
	at java.util.stream.ReferencePipeline.forEach(ReferencePipeline.java:485)
	at java.util.stream.ReferencePipeline$7$1.accept(ReferencePipeline.java:272)
	at java.util.ArrayList$ArrayListSpliterator.forEachRemaining(ArrayList.java:1384)
	at java.util.stream.AbstractPipeline.copyInto(AbstractPipeline.java:482)
	at java.util.stream.AbstractPipeline.wrapAndCopyInto(AbstractPipeline.java:472)
	at java.util.stream.ForEachOps$ForEachOp.evaluateSequential(ForEachOps.java:150)
	at java.util.stream.ForEachOps$ForEachOp$OfRef.evaluateSequential(ForEachOps.java:173)
	at java.util.stream.AbstractPipeline.evaluate(AbstractPipeline.java:234)
	at java.util.stream.ReferencePipeline.forEach(ReferencePipeline.java:485)
	at java.util.ArrayList.forEach(ArrayList.java:1259)
	at java.util.ArrayList.forEach(ArrayList.java:1259)

[INFO] Running org.apache.ratis.grpc.TestLogAppenderWithGrpc
[INFO] Tests run: 4, Failures: 0, Errors: 0, Skipped: 0, Time elapsed: 11.921 s - in org.apache.ratis.grpc.TestLogAppenderWithGrpc
[INFO] Running org.apache.ratis.grpc.TestGrpcMessageMetrics
[INFO] Tests run: 1, Failures: 0, Errors: 0, Skipped: 0, Time elapsed: 3.436 s - in org.apache.ratis.grpc.TestGrpcMessageMetrics
[INFO] Running org.apache.ratis.grpc.server.TestGrpcServerMetrics
[INFO] Tests run: 5, Failures: 0, Errors: 0, Skipped: 0, Time elapsed: 3.148 s - in org.apache.ratis.grpc.server.TestGrpcServerMetrics
[INFO] Running org.apache.ratis.grpc.TestRaftLogTruncateWithGrpc
[INFO] Tests run: 1, Failures: 0, Errors: 0, Skipped: 0, Time elapsed: 31.89 s - in org.apache.ratis.grpc.TestRaftLogTruncateWithGrpc
[INFO] Running org.apache.ratis.grpc.cli.TestElectionCommandIntegrationWithGrpc
[INFO] Tests run: 4, Failures: 0, Errors: 0, Skipped: 0, Time elapsed: 14.591 s - in org.apache.ratis.grpc.cli.TestElectionCommandIntegrationWithGrpc
[INFO] Running org.apache.ratis.grpc.cli.TestPeerCommandIntegrationWithGrpc
[INFO] Tests run: 2, Failures: 0, Errors: 0, Skipped: 0, Time elapsed: 12.496 s - in org.apache.ratis.grpc.cli.TestPeerCommandIntegrationWithGrpc
[INFO] Running org.apache.ratis.grpc.cli.TestSnapshotCommandIntegrationWithGrpc
[INFO] Tests run: 1, Failures: 0, Errors: 0, Skipped: 0, Time elapsed: 6.181 s - in org.apache.ratis.grpc.cli.TestSnapshotCommandIntegrationWithGrpc
[INFO] Running org.apache.ratis.grpc.cli.TestGroupCommandIntegrationWithGrpc
[INFO] Tests run: 3, Failures: 0, Errors: 0, Skipped: 0, Time elapsed: 9.573 s - in org.apache.ratis.grpc.cli.TestGroupCommandIntegrationWithGrpc
[INFO] Running org.apache.ratis.grpc.TestLeaderElectionWithGrpc
[INFO] Tests run: 24, Failures: 0, Errors: 0, Skipped: 0, Time elapsed: 75.689 s - in org.apache.ratis.grpc.TestLeaderElectionWithGrpc
[INFO] 
[INFO] Results:
[INFO] 
[ERROR] Errors: 
[ERROR]   TestLeaderInstallSnapshotWithGrpc.testInstallSnapshotLeaderSwitch:53->InstallSnapshotFromLeaderTests.testInstallSnapshotLeaderSwitch:96 » IllegalState
[ERROR]   TestLeaderInstallSnapshotWithGrpc.testInstallSnapshotLeaderSwitch:53->InstallSnapshotFromLeaderTests.testInstallSnapshotLeaderSwitch:96 » IllegalState
[ERROR]   TestLeaderInstallSnapshotWithGrpc.testSeparateSnapshotInstallPath:46->InstallSnapshotFromLeaderTests.testSeparateSnapshotInstallPath:90 » IllegalState
[ERROR]   TestLeaderInstallSnapshotWithGrpc.testSeparateSnapshotInstallPath:46->InstallSnapshotFromLeaderTests.testSeparateSnapshotInstallPath:90 » IllegalState
[ERROR]   TestRaftWithGrpc>RaftBasicTests.testOldLeaderNotCommit:226 » IllegalState allL...
[ERROR]   TestRaftWithGrpc.testRequestTimeout:69 » IllegalState allLeaks.size = 2075
[ERROR]   TestRaftWithGrpc.testRequestTimeout:69 » IllegalState allLeaks.size = 2075
[ERROR]   TestRaftWithGrpc.testUpdateViaHeartbeat:76 » IllegalState allLeaks.size = 2075
[ERROR]   TestRaftWithGrpc.testUpdateViaHeartbeat:76 » IllegalState allLeaks.size = 2075
[ERROR]   TestRaftWithGrpc.testWithLoad » Timeout testWithLoad() timed out after 300 sec...
[ERROR]   TestRaftWithGrpc.testWithLoad:61->RaftBasicTests.testWithLoad:344 » IllegalState
[ERROR]   TestRaftWithGrpc.testWithLoad:61->RaftBasicTests.testWithLoad:344 » IllegalState
[ERROR]   TestRetryCacheWithGrpc.testInvalidateRepliedCalls:66 » IllegalState allLeaks.s...
[INFO] 
[ERROR] Tests run: 90, Failures: 0, Errors: 13, Skipped: 0
[INFO] 
[INFO] 
[INFO] --------------------< org.apache.ratis:ratis-tools >--------------------
[INFO] Building Apache Ratis Tools 3.2.0-SNAPSHOT                       [15/19]
[INFO]   from ratis-tools/pom.xml
[INFO] --------------------------------[ jar ]---------------------------------
[INFO] 
[INFO] --- jacoco:0.8.11:prepare-agent (default-prepare-agent) @ ratis-tools ---
[INFO] argLine set to -javaagent:/home/runner/.m2/repository/org/jacoco/org.jacoco.agent/0.8.11/org.jacoco.agent-0.8.11-runtime.jar=destfile=/home/runner/work/ratis/ratis/ratis-tools/target/jacoco.exec,includes=org.apache.ratis.*
[INFO] 
[INFO] --- build-helper:3.3.0:add-source (add-source) @ ratis-tools ---
[INFO] Source directory: /home/runner/work/ratis/ratis/ratis-tools/target/generated-sources added.
[INFO] 
[INFO] --- enforcer:3.2.1:enforce (bannedImports-finalizers) @ ratis-tools ---
[INFO] Rule 0: org.apache.maven.plugins.enforcer.RestrictImports passed
[INFO] 
[INFO] --- remote-resources:1.7.0:process (process-resource-bundles) @ ratis-tools ---
[INFO] Preparing remote bundle org.apache:apache-jar-resource-bundle:1.4
[INFO] Copying 3 resources from 1 bundle.
[INFO] 
[INFO] --- hadoops:3.4.0:version-info (version-info) @ ratis-tools ---
[INFO] SCM: GIT
[INFO] Computed MD5: d41d8cd98f0b24e980998ecf8427e
[INFO] 
[INFO] --- resources:3.2.0:resources (default-resources) @ ratis-tools ---
[INFO] Using 'UTF-8' encoding to copy filtered resources.
[INFO] Using 'UTF-8' encoding to copy filtered properties files.
[INFO] skip non existing resourceDirectory /home/runner/work/ratis/ratis/ratis-tools/src/main/resources
[INFO] Copying 1 resource
[INFO] Copying 3 resources
[INFO] The encoding used to copy filtered properties files have not been set. This means that the same encoding will be used to copy filtered properties files as when copying other filtered resources. This might not be what you want! Run your build with --debug to see which files might be affected. Read more at https://maven.apache.org/plugins/maven-resources-plugin/examples/filtering-properties-files.html
[INFO] 
[INFO] --- compiler:3.10.0:compile (default-compile) @ ratis-tools ---
[INFO] Compiling 2 source files to /home/runner/work/ratis/ratis/ratis-tools/target/classes
[INFO] 
[INFO] --- resources:3.2.0:testResources (default-testResources) @ ratis-tools ---
[INFO] Using 'UTF-8' encoding to copy filtered resources.
[INFO] Using 'UTF-8' encoding to copy filtered properties files.
[INFO] skip non existing resourceDirectory /home/runner/work/ratis/ratis/ratis-tools/src/test/resources
[INFO] Copying 3 resources
[INFO] 
[INFO] --- compiler:3.10.0:testCompile (default-testCompile) @ ratis-tools ---
[INFO] No sources to compile
[INFO] 
[INFO] --- surefire:3.0.0-M4:test (default-test) @ ratis-tools ---
[INFO] 
[INFO] ------------------------------------------------------------------------
[INFO] Skipping Apache Ratis Examples
[INFO] This project has been banned from the build due to previous failures.
[INFO] ------------------------------------------------------------------------
[INFO] 
[INFO] ---------------< org.apache.ratis:ratis-replicated-map >----------------
[INFO] Building Apache Ratis Replicated Map 3.2.0-SNAPSHOT              [16/19]
[INFO]   from ratis-replicated-map/pom.xml
[INFO] --------------------------------[ jar ]---------------------------------
[INFO] 
[INFO] --- jacoco:0.8.11:prepare-agent (default-prepare-agent) @ ratis-replicated-map ---
[INFO] argLine set to -javaagent:/home/runner/.m2/repository/org/jacoco/org.jacoco.agent/0.8.11/org.jacoco.agent-0.8.11-runtime.jar=destfile=/home/runner/work/ratis/ratis/ratis-replicated-map/target/jacoco.exec,includes=org.apache.ratis.*
[INFO] 
[INFO] --- build-helper:3.3.0:add-source (add-source) @ ratis-replicated-map ---
[INFO] Source directory: /home/runner/work/ratis/ratis/ratis-replicated-map/target/generated-sources added.
[INFO] 
[INFO] --- enforcer:3.2.1:enforce (bannedImports-finalizers) @ ratis-replicated-map ---
[INFO] Rule 0: org.apache.maven.plugins.enforcer.RestrictImports passed
[INFO] 
[INFO] --- remote-resources:1.7.0:process (process-resource-bundles) @ ratis-replicated-map ---
[INFO] Preparing remote bundle org.apache:apache-jar-resource-bundle:1.4
[INFO] Copying 3 resources from 1 bundle.
[INFO] 
[INFO] --- hadoops:3.4.0:version-info (version-info) @ ratis-replicated-map ---
[INFO] SCM: GIT
[INFO] Computed MD5: d41d8cd98f0b24e980998ecf8427e
[INFO] 
[INFO] --- resources:3.2.0:resources (default-resources) @ ratis-replicated-map ---
[INFO] Using 'UTF-8' encoding to copy filtered resources.
[INFO] Using 'UTF-8' encoding to copy filtered properties files.
[INFO] skip non existing resourceDirectory /home/runner/work/ratis/ratis/ratis-replicated-map/src/main/resources
[INFO] Copying 1 resource
[INFO] Copying 3 resources
[INFO] The encoding used to copy filtered properties files have not been set. This means that the same encoding will be used to copy filtered properties files as when copying other filtered resources. This might not be what you want! Run your build with --debug to see which files might be affected. Read more at https://maven.apache.org/plugins/maven-resources-plugin/examples/filtering-properties-files.html
[INFO] 
[INFO] --- compiler:3.10.0:compile (default-compile) @ ratis-replicated-map ---
[INFO] No sources to compile
[INFO] 
[INFO] --- resources:3.2.0:testResources (default-testResources) @ ratis-replicated-map ---
[INFO] Using 'UTF-8' encoding to copy filtered resources.
[INFO] Using 'UTF-8' encoding to copy filtered properties files.
[INFO] Copying 1 resource
[INFO] Copying 3 resources
[INFO] 
[INFO] --- compiler:3.10.0:testCompile (default-testCompile) @ ratis-replicated-map ---
[INFO] No sources to compile
[INFO] 
[INFO] --- surefire:3.0.0-M4:test (default-test) @ ratis-replicated-map ---
[INFO] 
[INFO] -------------< org.apache.ratis:ratis-metrics-dropwizard3 >-------------
[INFO] Building Apache Ratis Metrics Dropwizard 3 Implementation 3.2.0-SNAPSHOT [17/19]
[INFO]   from ratis-metrics-dropwizard3/pom.xml
[INFO] --------------------------------[ jar ]---------------------------------
[INFO] 
[INFO] --- jacoco:0.8.11:prepare-agent (default-prepare-agent) @ ratis-metrics-dropwizard3 ---
[INFO] argLine set to -javaagent:/home/runner/.m2/repository/org/jacoco/org.jacoco.agent/0.8.11/org.jacoco.agent-0.8.11-runtime.jar=destfile=/home/runner/work/ratis/ratis/ratis-metrics-dropwizard3/target/jacoco.exec,includes=org.apache.ratis.*
[INFO] 
[INFO] --- build-helper:3.3.0:add-source (add-source) @ ratis-metrics-dropwizard3 ---
[INFO] Source directory: /home/runner/work/ratis/ratis/ratis-metrics-dropwizard3/target/generated-sources added.
[INFO] 
[INFO] --- enforcer:3.2.1:enforce (bannedImports-finalizers) @ ratis-metrics-dropwizard3 ---
[INFO] Rule 0: org.apache.maven.plugins.enforcer.RestrictImports passed
[INFO] 
[INFO] --- remote-resources:1.7.0:process (process-resource-bundles) @ ratis-metrics-dropwizard3 ---
[INFO] Preparing remote bundle org.apache:apache-jar-resource-bundle:1.4
[INFO] Copying 3 resources from 1 bundle.
[INFO] 
[INFO] --- hadoops:3.4.0:version-info (version-info) @ ratis-metrics-dropwizard3 ---
[INFO] SCM: GIT
[INFO] Computed MD5: d41d8cd98f0b24e980998ecf8427e
[INFO] 
[INFO] --- resources:3.2.0:resources (default-resources) @ ratis-metrics-dropwizard3 ---
[INFO] Using 'UTF-8' encoding to copy filtered resources.
[INFO] Using 'UTF-8' encoding to copy filtered properties files.
[INFO] Copying 1 resource
[INFO] Copying 1 resource
[INFO] Copying 3 resources
[INFO] The encoding used to copy filtered properties files have not been set. This means that the same encoding will be used to copy filtered properties files as when copying other filtered resources. This might not be what you want! Run your build with --debug to see which files might be affected. Read more at https://maven.apache.org/plugins/maven-resources-plugin/examples/filtering-properties-files.html
[INFO] 
[INFO] --- compiler:3.10.0:compile (default-compile) @ ratis-metrics-dropwizard3 ---
[INFO] Compiling 7 source files to /home/runner/work/ratis/ratis/ratis-metrics-dropwizard3/target/classes
[INFO] 
[INFO] --- resources:3.2.0:testResources (default-testResources) @ ratis-metrics-dropwizard3 ---
[INFO] Using 'UTF-8' encoding to copy filtered resources.
[INFO] Using 'UTF-8' encoding to copy filtered properties files.
[INFO] skip non existing resourceDirectory /home/runner/work/ratis/ratis/ratis-metrics-dropwizard3/src/test/resources
[INFO] Copying 3 resources
[INFO] 
[INFO] --- compiler:3.10.0:testCompile (default-testCompile) @ ratis-metrics-dropwizard3 ---
[INFO] Compiling 1 source file to /home/runner/work/ratis/ratis/ratis-metrics-dropwizard3/target/test-classes
[INFO] 
[INFO] --- surefire:3.0.0-M4:test (default-test) @ ratis-metrics-dropwizard3 ---
[INFO] 
[INFO] ------------------------------------------------------------------------
[INFO] Skipping Apache Ratis Project Assembly
[INFO] This project has been banned from the build due to previous failures.
[INFO] ------------------------------------------------------------------------
[INFO] ------------------------------------------------------------------------
[INFO] Reactor Summary for Apache Ratis 3.2.0-SNAPSHOT:
[INFO] 
[INFO] Apache Ratis ....................................... SUCCESS [  0.824 s]
[INFO] Apache Ratis Documentation ......................... SUCCESS [  0.416 s]
[INFO] Apache Ratis Protocols ............................. SUCCESS [  5.819 s]
[INFO] Apache Ratis Common ................................ SUCCESS [  3.144 s]
[INFO] Apache Ratis Client ................................ SUCCESS [  1.249 s]
[INFO] Apache Ratis Server API ............................ SUCCESS [  1.094 s]
[INFO] Apache Ratis Metrics API ........................... SUCCESS [  0.642 s]
[INFO] Apache Ratis Metrics Default Implementation ........ SUCCESS [  1.159 s]
[INFO] Apache Ratis Server ................................ SUCCESS [  4.181 s]
[INFO] Apache Ratis - Resource Bundle ..................... SUCCESS [  0.065 s]
[INFO] Apache Ratis gRPC Support .......................... SUCCESS [  4.233 s]
[INFO] Apache Ratis Netty Support ......................... SUCCESS [  1.635 s]
[INFO] Apache Ratis Shell ................................. SUCCESS [  1.032 s]
[INFO] Apache Ratis Test .................................. FAILURE [12:37 min]
[INFO] Apache Ratis Tools ................................. SUCCESS [  0.548 s]
[INFO] Apache Ratis Examples .............................. SKIPPED
[INFO] Apache Ratis Replicated Map ........................ SUCCESS [  0.063 s]
[INFO] Apache Ratis Metrics Dropwizard 3 Implementation ... SUCCESS [  1.085 s]
[INFO] Apache Ratis Project Assembly ...................... SKIPPED
[INFO] ------------------------------------------------------------------------
[INFO] BUILD FAILURE
[INFO] ------------------------------------------------------------------------
[INFO] Total time:  13:05 min
[INFO] Finished at: 2024-09-29T23:01:13Z
[INFO] ------------------------------------------------------------------------
[ERROR] Failed to execute goal org.apache.maven.plugins:maven-surefire-plugin:3.0.0-M4:test (default-test) on project ratis-test: There are test failures.
[ERROR] 
[ERROR] Please refer to /home/runner/work/ratis/ratis/ratis-test/target/surefire-reports for the individual test results.
[ERROR] Please refer to dump files (if any exist) [date].dump, [date]-jvmRun[N].dump and [date].dumpstream.
[ERROR] -> [Help 1]
[ERROR] 
[ERROR] To see the full stack trace of the errors, re-run Maven with the -e switch.
[ERROR] Re-run Maven using the -X switch to enable full debug logging.
[ERROR] 
[ERROR] For more information about the errors and possible solutions, please read the following articles:
[ERROR] [Help 1] http://cwiki.apache.org/confluence/display/MAVEN/MojoFailureException
[ERROR] 
[ERROR] After correcting the problems, you can resume the build with the command
[ERROR]   mvn <args> -rf :ratis-test
