Apache Maven 3.9.9 (8e8579a9e76f7d015ee5ec7bfcdc97d260186937)
Maven home: /home/runner/.m2/wrapper/dists/apache-maven-3.9.9/3477a4f1
Java version: 1.8.0_462, vendor: Temurin, runtime: /usr/lib/jvm/temurin-8-jdk-amd64/jre
Default locale: en, platform encoding: UTF-8
OS name: "linux", version: "6.11.0-1018-azure", arch: "amd64", family: "unix"
[INFO] Scanning for projects...
[INFO] ------------------------------------------------------------------------
[INFO] Detecting the operating system and CPU architecture
[INFO] ------------------------------------------------------------------------
[INFO] os.detected.name: linux
[INFO] os.detected.arch: x86_64
[INFO] os.detected.version: 6.11
[INFO] os.detected.version.major: 6
[INFO] os.detected.version.minor: 11
[INFO] os.detected.release: ubuntu
[INFO] os.detected.release.version: 24.04
[INFO] os.detected.release.like.ubuntu: true
[INFO] os.detected.release.like.debian: true
[INFO] os.detected.classifier: linux-x86_64
[INFO] ------------------------------------------------------------------------
[INFO] Reactor Build Order:
[INFO] 
[INFO] Apache Ratis                                                       [pom]
[INFO] Apache Ratis Documentation                                         [jar]
[INFO] Apache Ratis Protocols                                             [jar]
[INFO] Apache Ratis Common                                                [jar]
[INFO] Apache Ratis Client                                                [jar]
[INFO] Apache Ratis Server API                                            [jar]
[INFO] Apache Ratis Metrics API                                           [jar]
[INFO] Apache Ratis Metrics Default Implementation                        [jar]
[INFO] Apache Ratis Server                                                [jar]
[INFO] Apache Ratis - Resource Bundle                                     [jar]
[INFO] Apache Ratis gRPC Support                                          [jar]
[INFO] Apache Ratis Netty Support                                         [jar]
[INFO] Apache Ratis Shell                                                 [jar]
[INFO] Apache Ratis Test                                                  [jar]
[INFO] Apache Ratis Tools                                                 [jar]
[INFO] Apache Ratis Examples                                              [jar]
[INFO] Apache Ratis Metrics Dropwizard 3 Implementation                   [jar]
[INFO] Apache Ratis Project Assembly                                      [pom]
[INFO] 
[INFO] -----------------------< org.apache.ratis:ratis >-----------------------
[INFO] Building Apache Ratis 3.1.3                                       [1/18]
[INFO]   from pom.xml
[INFO] --------------------------------[ pom ]---------------------------------
[INFO] 
[INFO] --- enforcer:3.2.1:enforce (enforce-maven-version) @ ratis ---
[INFO] Rule 0: org.apache.maven.enforcer.rules.version.RequireMavenVersion passed
[INFO] Rule 1: org.apache.maven.enforcer.rules.version.RequireJavaVersion passed
[INFO] 
[INFO] --- enforcer:3.2.1:enforce (enforce-java-version) @ ratis ---
[INFO] Rule 0: org.apache.maven.enforcer.rules.version.RequireJavaVersion passed
[INFO] Rule 1: org.apache.maven.enforcer.rules.version.RequireMavenVersion passed
[INFO] 
[INFO] --- enforcer:3.2.1:enforce (default) @ ratis ---
[INFO] 
[INFO] --- jacoco:0.8.12:prepare-agent (default-prepare-agent) @ ratis ---
[INFO] argLine set to -javaagent:/home/runner/.m2/repository/org/jacoco/org.jacoco.agent/0.8.12/org.jacoco.agent-0.8.12-runtime.jar=destfile=/home/runner/work/ratis/ratis/target/jacoco.exec,includes=org.apache.ratis.*
[INFO] 
[INFO] --- build-helper:3.3.0:add-source (add-source) @ ratis ---
[INFO] Source directory: /home/runner/work/ratis/ratis/target/generated-sources added.
[INFO] 
[INFO] --- enforcer:3.2.1:enforce (bannedImports-finalizers) @ ratis ---
[INFO] Rule 0: org.apache.maven.plugins.enforcer.RestrictImports passed
[INFO] 
[INFO] --- remote-resources:3.3.0:process (process-resource-bundles) @ ratis ---
[INFO] Preparing remote bundle org.apache:apache-jar-resource-bundle:1.4
[INFO] Copying 3 resources from 1 bundle.
[INFO] 
[INFO] --- hadoops:3.4.0:version-info (version-info) @ ratis ---
[INFO] SCM: GIT
[INFO] Computed MD5: c6b31fc789128043bb6770e27faae981
[INFO] 
[INFO] --------------------< org.apache.ratis:ratis-docs >---------------------
[INFO] Building Apache Ratis Documentation 3.1.3                         [2/18]
[INFO]   from ratis-docs/pom.xml
[INFO] --------------------------------[ jar ]---------------------------------
[INFO] 
[INFO] --- jacoco:0.8.12:prepare-agent (default-prepare-agent) @ ratis-docs ---
[INFO] argLine set to -javaagent:/home/runner/.m2/repository/org/jacoco/org.jacoco.agent/0.8.12/org.jacoco.agent-0.8.12-runtime.jar=destfile=/home/runner/work/ratis/ratis/ratis-docs/target/jacoco.exec,includes=org.apache.ratis.*
[INFO] 
[INFO] --- build-helper:3.3.0:add-source (add-source) @ ratis-docs ---
[INFO] Source directory: /home/runner/work/ratis/ratis/ratis-docs/target/generated-sources added.
[INFO] 
[INFO] --- enforcer:3.2.1:enforce (bannedImports-finalizers) @ ratis-docs ---
[INFO] Rule 0: org.apache.maven.plugins.enforcer.RestrictImports passed
[INFO] 
[INFO] --- remote-resources:3.3.0:process (process-resource-bundles) @ ratis-docs ---
[INFO] Preparing remote bundle org.apache:apache-jar-resource-bundle:1.4
[INFO] Copying 3 resources from 1 bundle.
[INFO] 
[INFO] --- hadoops:3.4.0:version-info (version-info) @ ratis-docs ---
[INFO] SCM: GIT
[INFO] Computed MD5: d41d8cd98f0b24e980998ecf8427e
[INFO] 
[INFO] --- resources:3.2.0:resources (default-resources) @ ratis-docs ---
[INFO] Using 'UTF-8' encoding to copy filtered resources.
[INFO] Using 'UTF-8' encoding to copy filtered properties files.
[INFO] skip non existing resourceDirectory /home/runner/work/ratis/ratis/ratis-docs/src/main/resources
[INFO] Copying 1 resource
[INFO] Copying 3 resources
[INFO] The encoding used to copy filtered properties files have not been set. This means that the same encoding will be used to copy filtered properties files as when copying other filtered resources. This might not be what you want! Run your build with --debug to see which files might be affected. Read more at https://maven.apache.org/plugins/maven-resources-plugin/examples/filtering-properties-files.html
[INFO] 
[INFO] --- compiler:3.10.0:compile (default-compile) @ ratis-docs ---
[INFO] No sources to compile
[INFO] 
[INFO] --- resources:3.2.0:testResources (default-testResources) @ ratis-docs ---
[INFO] Using 'UTF-8' encoding to copy filtered resources.
[INFO] Using 'UTF-8' encoding to copy filtered properties files.
[INFO] skip non existing resourceDirectory /home/runner/work/ratis/ratis/ratis-docs/src/test/resources
[INFO] Copying 3 resources
[INFO] 
[INFO] --- compiler:3.10.0:testCompile (default-testCompile) @ ratis-docs ---
[INFO] No sources to compile
[INFO] 
[INFO] --- surefire:3.5.3:test (default-test) @ ratis-docs ---
[INFO] Skipped
[INFO] 
[INFO] --------------------< org.apache.ratis:ratis-proto >--------------------
[INFO] Building Apache Ratis Protocols 3.1.3                             [3/18]
[INFO]   from ratis-proto/pom.xml
[INFO] --------------------------------[ jar ]---------------------------------
[INFO] Downloading from repository.jboss.org: https://repository.jboss.org/nexus/content/groups/public/org/apache/ratis/ratis-thirdparty-misc/1.0.10/ratis-thirdparty-misc-1.0.10.pom
[INFO] Downloading from central: https://repo.maven.apache.org/maven2/org/apache/ratis/ratis-thirdparty-misc/1.0.10/ratis-thirdparty-misc-1.0.10.pom
[INFO] Downloaded from central: https://repo.maven.apache.org/maven2/org/apache/ratis/ratis-thirdparty-misc/1.0.10/ratis-thirdparty-misc-1.0.10.pom (13 kB at 151 kB/s)
[INFO] Downloading from repository.jboss.org: https://repository.jboss.org/nexus/content/groups/public/org/apache/ratis/ratis-thirdparty/1.0.10/ratis-thirdparty-1.0.10.pom
[INFO] Downloading from central: https://repo.maven.apache.org/maven2/org/apache/ratis/ratis-thirdparty/1.0.10/ratis-thirdparty-1.0.10.pom
[INFO] Downloaded from central: https://repo.maven.apache.org/maven2/org/apache/ratis/ratis-thirdparty/1.0.10/ratis-thirdparty-1.0.10.pom (17 kB at 501 kB/s)
[INFO] Downloading from repository.jboss.org: https://repository.jboss.org/nexus/content/groups/public/org/apache/ratis/ratis-thirdparty-misc/1.0.10/ratis-thirdparty-misc-1.0.10.jar
[INFO] Downloading from central: https://repo.maven.apache.org/maven2/org/apache/ratis/ratis-thirdparty-misc/1.0.10/ratis-thirdparty-misc-1.0.10.jar
[INFO] Downloaded from central: https://repo.maven.apache.org/maven2/org/apache/ratis/ratis-thirdparty-misc/1.0.10/ratis-thirdparty-misc-1.0.10.jar (19 MB at 32 MB/s)
[INFO] 
[INFO] --- jacoco:0.8.12:prepare-agent (default-prepare-agent) @ ratis-proto ---
[INFO] argLine set to -javaagent:/home/runner/.m2/repository/org/jacoco/org.jacoco.agent/0.8.12/org.jacoco.agent-0.8.12-runtime.jar=destfile=/home/runner/work/ratis/ratis/ratis-proto/target/jacoco.exec,includes=org.apache.ratis.*
[INFO] 
[INFO] --- build-helper:3.3.0:add-source (add-source) @ ratis-proto ---
[INFO] Source directory: /home/runner/work/ratis/ratis/ratis-proto/target/generated-sources added.
[INFO] 
[INFO] --- protobuf:0.6.1:compile (compile-protobuf) @ ratis-proto ---
[INFO] Compiling 6 proto file(s) to /home/runner/work/ratis/ratis/ratis-proto/target/generated-sources
[INFO] 
[INFO] --- protobuf:0.6.1:compile-custom (compile-grpc) @ ratis-proto ---
[INFO] Compiling 6 proto file(s) to /home/runner/work/ratis/ratis/ratis-proto/target/generated-sources
[INFO] 
[INFO] --- enforcer:3.2.1:enforce (bannedImports-finalizers) @ ratis-proto ---
[INFO] Rule 0: org.apache.maven.plugins.enforcer.RestrictImports passed
[INFO] 
[INFO] --- replacer:1.5.3:replace (default) @ ratis-proto ---
[INFO] Replacement run on 19 files.
[INFO] 
[INFO] --- remote-resources:3.3.0:process (process-resource-bundles) @ ratis-proto ---
[INFO] Preparing remote bundle org.apache:apache-jar-resource-bundle:1.4
[INFO] Copying 3 resources from 1 bundle.
[INFO] 
[INFO] --- hadoops:3.4.0:version-info (version-info) @ ratis-proto ---
[INFO] SCM: GIT
[INFO] Computed MD5: d41d8cd98f0b24e980998ecf8427e
[INFO] 
[INFO] --- resources:3.2.0:resources (default-resources) @ ratis-proto ---
[INFO] Using 'UTF-8' encoding to copy filtered resources.
[INFO] Using 'UTF-8' encoding to copy filtered properties files.
[INFO] skip non existing resourceDirectory /home/runner/work/ratis/ratis/ratis-proto/src/main/resources
[INFO] Copying 1 resource
[INFO] Copying 6 resources
[INFO] Copying 6 resources
[INFO] Copying 3 resources
[INFO] The encoding used to copy filtered properties files have not been set. This means that the same encoding will be used to copy filtered properties files as when copying other filtered resources. This might not be what you want! Run your build with --debug to see which files might be affected. Read more at https://maven.apache.org/plugins/maven-resources-plugin/examples/filtering-properties-files.html
[INFO] 
[INFO] --- compiler:3.10.0:compile (default-compile) @ ratis-proto ---
[INFO] Compiling 19 source files to /home/runner/work/ratis/ratis/ratis-proto/target/classes
[INFO] 
[INFO] --- resources:3.2.0:testResources (default-testResources) @ ratis-proto ---
[INFO] Using 'UTF-8' encoding to copy filtered resources.
[INFO] Using 'UTF-8' encoding to copy filtered properties files.
[INFO] skip non existing resourceDirectory /home/runner/work/ratis/ratis/ratis-proto/src/test/resources
[INFO] Copying 3 resources
[INFO] 
[INFO] --- compiler:3.10.0:testCompile (default-testCompile) @ ratis-proto ---
[INFO] No sources to compile
[INFO] 
[INFO] --- surefire:3.5.3:test (default-test) @ ratis-proto ---
[INFO] Skipped
[INFO] 
[INFO] -------------------< org.apache.ratis:ratis-common >--------------------
[INFO] Building Apache Ratis Common 3.1.3                                [4/18]
[INFO]   from ratis-common/pom.xml
[INFO] --------------------------------[ jar ]---------------------------------
[INFO] 
[INFO] --- jacoco:0.8.12:prepare-agent (default-prepare-agent) @ ratis-common ---
[INFO] argLine set to -javaagent:/home/runner/.m2/repository/org/jacoco/org.jacoco.agent/0.8.12/org.jacoco.agent-0.8.12-runtime.jar=destfile=/home/runner/work/ratis/ratis/ratis-common/target/jacoco.exec,includes=org.apache.ratis.*
[INFO] 
[INFO] --- build-helper:3.3.0:add-source (add-source) @ ratis-common ---
[INFO] Source directory: /home/runner/work/ratis/ratis/ratis-common/target/generated-sources added.
[INFO] 
[INFO] --- enforcer:3.2.1:enforce (bannedImports-finalizers) @ ratis-common ---
[INFO] Rule 0: org.apache.maven.plugins.enforcer.RestrictImports passed
[INFO] 
[INFO] --- remote-resources:3.3.0:process (process-resource-bundles) @ ratis-common ---
[INFO] Preparing remote bundle org.apache:apache-jar-resource-bundle:1.4
[INFO] Copying 3 resources from 1 bundle.
[INFO] 
[INFO] --- hadoops:3.4.0:version-info (version-info) @ ratis-common ---
[INFO] SCM: GIT
[INFO] Computed MD5: d41d8cd98f0b24e980998ecf8427e
[INFO] 
[INFO] --- resources:3.2.0:resources (default-resources) @ ratis-common ---
[INFO] Using 'UTF-8' encoding to copy filtered resources.
[INFO] Using 'UTF-8' encoding to copy filtered properties files.
[INFO] skip non existing resourceDirectory /home/runner/work/ratis/ratis/ratis-common/src/main/resources
[INFO] Copying 1 resource
[INFO] Copying 3 resources
[INFO] The encoding used to copy filtered properties files have not been set. This means that the same encoding will be used to copy filtered properties files as when copying other filtered resources. This might not be what you want! Run your build with --debug to see which files might be affected. Read more at https://maven.apache.org/plugins/maven-resources-plugin/examples/filtering-properties-files.html
[INFO] 
[INFO] --- compiler:3.10.0:compile (default-compile) @ ratis-common ---
[INFO] Compiling 149 source files to /home/runner/work/ratis/ratis/ratis-common/target/classes
[INFO] 
[INFO] --- resources:3.2.0:testResources (default-testResources) @ ratis-common ---
[INFO] Using 'UTF-8' encoding to copy filtered resources.
[INFO] Using 'UTF-8' encoding to copy filtered properties files.
[INFO] Copying 2 resources
[INFO] Copying 3 resources
[INFO] 
[INFO] --- compiler:3.10.0:testCompile (default-testCompile) @ ratis-common ---
[INFO] Compiling 10 source files to /home/runner/work/ratis/ratis/ratis-common/target/test-classes
[WARNING] /home/runner/work/ratis/ratis/ratis-common/src/test/java/org/apache/ratis/util/TestNetUtils.java:[35,50] [deprecation] createLocalServerAddress(int) in NetUtils has been deprecated
[INFO] 
[INFO] --- surefire:3.5.3:test (default-test) @ ratis-common ---
[INFO] Using auto detected provider org.apache.maven.surefire.junitplatform.JUnitPlatformProvider
[INFO] Downloading from central: https://repo.maven.apache.org/maven2/org/apache/maven/surefire/surefire-junit-platform/3.5.3/surefire-junit-platform-3.5.3.pom
[INFO] Downloaded from central: https://repo.maven.apache.org/maven2/org/apache/maven/surefire/surefire-junit-platform/3.5.3/surefire-junit-platform-3.5.3.pom (5.2 kB at 167 kB/s)
[INFO] Downloading from central: https://repo.maven.apache.org/maven2/org/apache/maven/surefire/surefire-providers/3.5.3/surefire-providers-3.5.3.pom
[INFO] Downloaded from central: https://repo.maven.apache.org/maven2/org/apache/maven/surefire/surefire-providers/3.5.3/surefire-providers-3.5.3.pom (2.5 kB at 79 kB/s)
[INFO] Downloading from central: https://repo.maven.apache.org/maven2/org/apache/maven/surefire/common-java5/3.5.3/common-java5-3.5.3.pom
[INFO] Downloaded from central: https://repo.maven.apache.org/maven2/org/apache/maven/surefire/common-java5/3.5.3/common-java5-3.5.3.pom (3.1 kB at 109 kB/s)
[INFO] Downloading from central: https://repo.maven.apache.org/maven2/org/junit/platform/junit-platform-engine/1.12.1/junit-platform-engine-1.12.1.pom
[INFO] Downloaded from central: https://repo.maven.apache.org/maven2/org/junit/platform/junit-platform-engine/1.12.1/junit-platform-engine-1.12.1.pom (3.2 kB at 114 kB/s)
[INFO] Downloading from central: https://repo.maven.apache.org/maven2/org/junit/platform/junit-platform-commons/1.12.1/junit-platform-commons-1.12.1.pom
[INFO] Downloaded from central: https://repo.maven.apache.org/maven2/org/junit/platform/junit-platform-commons/1.12.1/junit-platform-commons-1.12.1.pom (2.8 kB at 91 kB/s)
[INFO] Downloading from central: https://repo.maven.apache.org/maven2/org/junit/platform/junit-platform-launcher/1.12.1/junit-platform-launcher-1.12.1.pom
[INFO] Downloaded from central: https://repo.maven.apache.org/maven2/org/junit/platform/junit-platform-launcher/1.12.1/junit-platform-launcher-1.12.1.pom (3.0 kB at 121 kB/s)
[INFO] Downloading from central: https://repo.maven.apache.org/maven2/org/apache/maven/surefire/surefire-junit-platform/3.5.3/surefire-junit-platform-3.5.3.jar
[INFO] Downloaded from central: https://repo.maven.apache.org/maven2/org/apache/maven/surefire/surefire-junit-platform/3.5.3/surefire-junit-platform-3.5.3.jar (27 kB at 802 kB/s)
[INFO] Downloading from central: https://repo.maven.apache.org/maven2/org/apache/maven/surefire/common-java5/3.5.3/common-java5-3.5.3.jar
[INFO] Downloading from central: https://repo.maven.apache.org/maven2/org/junit/platform/junit-platform-commons/1.12.1/junit-platform-commons-1.12.1.jar
[INFO] Downloading from central: https://repo.maven.apache.org/maven2/org/junit/platform/junit-platform-engine/1.12.1/junit-platform-engine-1.12.1.jar
[INFO] Downloading from central: https://repo.maven.apache.org/maven2/org/junit/platform/junit-platform-launcher/1.12.1/junit-platform-launcher-1.12.1.jar
[INFO] Downloaded from central: https://repo.maven.apache.org/maven2/org/apache/maven/surefire/common-java5/3.5.3/common-java5-3.5.3.jar (18 kB at 476 kB/s)
[INFO] Downloaded from central: https://repo.maven.apache.org/maven2/org/junit/platform/junit-platform-engine/1.12.1/junit-platform-engine-1.12.1.jar (256 kB at 3.1 MB/s)
[INFO] Downloaded from central: https://repo.maven.apache.org/maven2/org/junit/platform/junit-platform-launcher/1.12.1/junit-platform-launcher-1.12.1.jar (208 kB at 2.5 MB/s)
[INFO] Downloaded from central: https://repo.maven.apache.org/maven2/org/junit/platform/junit-platform-commons/1.12.1/junit-platform-commons-1.12.1.jar (152 kB at 1.7 MB/s)
[INFO] Using auto detected provider org.apache.maven.surefire.junitplatform.JUnitPlatformProvider
[INFO] Using auto detected provider org.apache.maven.surefire.junitplatform.JUnitPlatformProvider
[INFO] 
[INFO] -------------------------------------------------------
[INFO]  T E S T S
[INFO] -------------------------------------------------------
[INFO] Running org.apache.ratis.util.TestNetUtils
[INFO] Tests run: 3, Failures: 0, Errors: 0, Skipped: 0, Time elapsed: 0.093 s -- in org.apache.ratis.util.TestNetUtils
[INFO] Running org.apache.ratis.util.TestRefCountingMap
[INFO] Tests run: 8, Failures: 0, Errors: 0, Skipped: 0, Time elapsed: 0.074 s -- in org.apache.ratis.util.TestRefCountingMap
[INFO] Running org.apache.ratis.util.TestTaskQueue
[INFO] Tests run: 1, Failures: 0, Errors: 0, Skipped: 0, Time elapsed: 0.204 s -- in org.apache.ratis.util.TestTaskQueue
[INFO] Running org.apache.ratis.util.TestFileUtils
[INFO] Tests run: 2, Failures: 0, Errors: 0, Skipped: 0, Time elapsed: 0.151 s -- in org.apache.ratis.util.TestFileUtils
[INFO] Running org.apache.ratis.util.TestPureJavaCrc32C
[INFO] Tests run: 1, Failures: 0, Errors: 0, Skipped: 0, Time elapsed: 0.173 s -- in org.apache.ratis.util.TestPureJavaCrc32C
[INFO] 
[INFO] Results:
[INFO] 
[INFO] Tests run: 15, Failures: 0, Errors: 0, Skipped: 0
[INFO] 
[INFO] 
[INFO] -------------------< org.apache.ratis:ratis-client >--------------------
[INFO] Building Apache Ratis Client 3.1.3                                [5/18]
[INFO]   from ratis-client/pom.xml
[INFO] --------------------------------[ jar ]---------------------------------
[INFO] 
[INFO] --- jacoco:0.8.12:prepare-agent (default-prepare-agent) @ ratis-client ---
[INFO] argLine set to -javaagent:/home/runner/.m2/repository/org/jacoco/org.jacoco.agent/0.8.12/org.jacoco.agent-0.8.12-runtime.jar=destfile=/home/runner/work/ratis/ratis/ratis-client/target/jacoco.exec,includes=org.apache.ratis.*
[INFO] 
[INFO] --- build-helper:3.3.0:add-source (add-source) @ ratis-client ---
[INFO] Source directory: /home/runner/work/ratis/ratis/ratis-client/target/generated-sources added.
[INFO] 
[INFO] --- enforcer:3.2.1:enforce (bannedImports-finalizers) @ ratis-client ---
[INFO] Rule 0: org.apache.maven.plugins.enforcer.RestrictImports passed
[INFO] 
[INFO] --- remote-resources:3.3.0:process (process-resource-bundles) @ ratis-client ---
[INFO] Preparing remote bundle org.apache:apache-jar-resource-bundle:1.4
[INFO] Copying 3 resources from 1 bundle.
[INFO] 
[INFO] --- hadoops:3.4.0:version-info (version-info) @ ratis-client ---
[INFO] SCM: GIT
[INFO] Computed MD5: d41d8cd98f0b24e980998ecf8427e
[INFO] 
[INFO] --- resources:3.2.0:resources (default-resources) @ ratis-client ---
[INFO] Using 'UTF-8' encoding to copy filtered resources.
[INFO] Using 'UTF-8' encoding to copy filtered properties files.
[INFO] skip non existing resourceDirectory /home/runner/work/ratis/ratis/ratis-client/src/main/resources
[INFO] Copying 1 resource
[INFO] Copying 3 resources
[INFO] The encoding used to copy filtered properties files have not been set. This means that the same encoding will be used to copy filtered properties files as when copying other filtered resources. This might not be what you want! Run your build with --debug to see which files might be affected. Read more at https://maven.apache.org/plugins/maven-resources-plugin/examples/filtering-properties-files.html
[INFO] 
[INFO] --- compiler:3.10.0:compile (default-compile) @ ratis-client ---
[INFO] Compiling 39 source files to /home/runner/work/ratis/ratis/ratis-client/target/classes
[INFO] 
[INFO] --- resources:3.2.0:testResources (default-testResources) @ ratis-client ---
[INFO] Using 'UTF-8' encoding to copy filtered resources.
[INFO] Using 'UTF-8' encoding to copy filtered properties files.
[INFO] skip non existing resourceDirectory /home/runner/work/ratis/ratis/ratis-client/src/test/resources
[INFO] Copying 3 resources
[INFO] 
[INFO] --- compiler:3.10.0:testCompile (default-testCompile) @ ratis-client ---
[INFO] No sources to compile
[INFO] 
[INFO] --- surefire:3.5.3:test (default-test) @ ratis-client ---
[INFO] Skipped
[INFO] 
[INFO] -----------------< org.apache.ratis:ratis-server-api >------------------
[INFO] Building Apache Ratis Server API 3.1.3                            [6/18]
[INFO]   from ratis-server-api/pom.xml
[INFO] --------------------------------[ jar ]---------------------------------
[INFO] 
[INFO] --- jacoco:0.8.12:prepare-agent (default-prepare-agent) @ ratis-server-api ---
[INFO] argLine set to -javaagent:/home/runner/.m2/repository/org/jacoco/org.jacoco.agent/0.8.12/org.jacoco.agent-0.8.12-runtime.jar=destfile=/home/runner/work/ratis/ratis/ratis-server-api/target/jacoco.exec,includes=org.apache.ratis.*
[INFO] 
[INFO] --- build-helper:3.3.0:add-source (add-source) @ ratis-server-api ---
[INFO] Source directory: /home/runner/work/ratis/ratis/ratis-server-api/target/generated-sources added.
[INFO] 
[INFO] --- enforcer:3.2.1:enforce (bannedImports-finalizers) @ ratis-server-api ---
[INFO] Rule 0: org.apache.maven.plugins.enforcer.RestrictImports passed
[INFO] 
[INFO] --- remote-resources:3.3.0:process (process-resource-bundles) @ ratis-server-api ---
[INFO] Preparing remote bundle org.apache:apache-jar-resource-bundle:1.4
[INFO] Copying 3 resources from 1 bundle.
[INFO] 
[INFO] --- hadoops:3.4.0:version-info (version-info) @ ratis-server-api ---
[INFO] SCM: GIT
[INFO] Computed MD5: d41d8cd98f0b24e980998ecf8427e
[INFO] 
[INFO] --- resources:3.2.0:resources (default-resources) @ ratis-server-api ---
[INFO] Using 'UTF-8' encoding to copy filtered resources.
[INFO] Using 'UTF-8' encoding to copy filtered properties files.
[INFO] skip non existing resourceDirectory /home/runner/work/ratis/ratis/ratis-server-api/src/main/resources
[INFO] Copying 1 resource
[INFO] Copying 3 resources
[INFO] The encoding used to copy filtered properties files have not been set. This means that the same encoding will be used to copy filtered properties files as when copying other filtered resources. This might not be what you want! Run your build with --debug to see which files might be affected. Read more at https://maven.apache.org/plugins/maven-resources-plugin/examples/filtering-properties-files.html
[INFO] 
[INFO] --- compiler:3.10.0:compile (default-compile) @ ratis-server-api ---
[INFO] Compiling 38 source files to /home/runner/work/ratis/ratis/ratis-server-api/target/classes
[INFO] 
[INFO] --- resources:3.2.0:testResources (default-testResources) @ ratis-server-api ---
[INFO] Using 'UTF-8' encoding to copy filtered resources.
[INFO] Using 'UTF-8' encoding to copy filtered properties files.
[INFO] skip non existing resourceDirectory /home/runner/work/ratis/ratis/ratis-server-api/src/test/resources
[INFO] Copying 3 resources
[INFO] 
[INFO] --- compiler:3.10.0:testCompile (default-testCompile) @ ratis-server-api ---
[INFO] No sources to compile
[INFO] 
[INFO] --- surefire:3.5.3:test (default-test) @ ratis-server-api ---
[INFO] Skipped
[INFO] 
[INFO] -----------------< org.apache.ratis:ratis-metrics-api >-----------------
[INFO] Building Apache Ratis Metrics API 3.1.3                           [7/18]
[INFO]   from ratis-metrics-api/pom.xml
[INFO] --------------------------------[ jar ]---------------------------------
[INFO] 
[INFO] --- jacoco:0.8.12:prepare-agent (default-prepare-agent) @ ratis-metrics-api ---
[INFO] argLine set to -javaagent:/home/runner/.m2/repository/org/jacoco/org.jacoco.agent/0.8.12/org.jacoco.agent-0.8.12-runtime.jar=destfile=/home/runner/work/ratis/ratis/ratis-metrics-api/target/jacoco.exec,includes=org.apache.ratis.*
[INFO] 
[INFO] --- build-helper:3.3.0:add-source (add-source) @ ratis-metrics-api ---
[INFO] Source directory: /home/runner/work/ratis/ratis/ratis-metrics-api/target/generated-sources added.
[INFO] 
[INFO] --- enforcer:3.2.1:enforce (bannedImports-finalizers) @ ratis-metrics-api ---
[INFO] Rule 0: org.apache.maven.plugins.enforcer.RestrictImports passed
[INFO] 
[INFO] --- remote-resources:3.3.0:process (process-resource-bundles) @ ratis-metrics-api ---
[INFO] Preparing remote bundle org.apache:apache-jar-resource-bundle:1.4
[INFO] Copying 3 resources from 1 bundle.
[INFO] 
[INFO] --- hadoops:3.4.0:version-info (version-info) @ ratis-metrics-api ---
[INFO] SCM: GIT
[INFO] Computed MD5: d41d8cd98f0b24e980998ecf8427e
[INFO] 
[INFO] --- resources:3.2.0:resources (default-resources) @ ratis-metrics-api ---
[INFO] Using 'UTF-8' encoding to copy filtered resources.
[INFO] Using 'UTF-8' encoding to copy filtered properties files.
[INFO] skip non existing resourceDirectory /home/runner/work/ratis/ratis/ratis-metrics-api/src/main/resources
[INFO] Copying 1 resource
[INFO] Copying 3 resources
[INFO] The encoding used to copy filtered properties files have not been set. This means that the same encoding will be used to copy filtered properties files as when copying other filtered resources. This might not be what you want! Run your build with --debug to see which files might be affected. Read more at https://maven.apache.org/plugins/maven-resources-plugin/examples/filtering-properties-files.html
[INFO] 
[INFO] --- compiler:3.10.0:compile (default-compile) @ ratis-metrics-api ---
[INFO] Compiling 8 source files to /home/runner/work/ratis/ratis/ratis-metrics-api/target/classes
[INFO] 
[INFO] --- resources:3.2.0:testResources (default-testResources) @ ratis-metrics-api ---
[INFO] Using 'UTF-8' encoding to copy filtered resources.
[INFO] Using 'UTF-8' encoding to copy filtered properties files.
[INFO] skip non existing resourceDirectory /home/runner/work/ratis/ratis/ratis-metrics-api/src/test/resources
[INFO] Copying 3 resources
[INFO] 
[INFO] --- compiler:3.10.0:testCompile (default-testCompile) @ ratis-metrics-api ---
[INFO] No sources to compile
[INFO] 
[INFO] --- surefire:3.5.3:test (default-test) @ ratis-metrics-api ---
[INFO] Skipped
[INFO] 
[INFO] ---------------< org.apache.ratis:ratis-metrics-default >---------------
[INFO] Building Apache Ratis Metrics Default Implementation 3.1.3        [8/18]
[INFO]   from ratis-metrics-default/pom.xml
[INFO] --------------------------------[ jar ]---------------------------------
[INFO] 
[INFO] --- jacoco:0.8.12:prepare-agent (default-prepare-agent) @ ratis-metrics-default ---
[INFO] argLine set to -javaagent:/home/runner/.m2/repository/org/jacoco/org.jacoco.agent/0.8.12/org.jacoco.agent-0.8.12-runtime.jar=destfile=/home/runner/work/ratis/ratis/ratis-metrics-default/target/jacoco.exec,includes=org.apache.ratis.*
[INFO] 
[INFO] --- build-helper:3.3.0:add-source (add-source) @ ratis-metrics-default ---
[INFO] Source directory: /home/runner/work/ratis/ratis/ratis-metrics-default/target/generated-sources added.
[INFO] 
[INFO] --- enforcer:3.2.1:enforce (bannedImports-finalizers) @ ratis-metrics-default ---
[INFO] Rule 0: org.apache.maven.plugins.enforcer.RestrictImports passed
[INFO] 
[INFO] --- remote-resources:3.3.0:process (process-resource-bundles) @ ratis-metrics-default ---
[INFO] Preparing remote bundle org.apache:apache-jar-resource-bundle:1.4
[INFO] Copying 3 resources from 1 bundle.
[INFO] 
[INFO] --- hadoops:3.4.0:version-info (version-info) @ ratis-metrics-default ---
[INFO] SCM: GIT
[INFO] Computed MD5: d41d8cd98f0b24e980998ecf8427e
[INFO] 
[INFO] --- resources:3.2.0:resources (default-resources) @ ratis-metrics-default ---
[INFO] Using 'UTF-8' encoding to copy filtered resources.
[INFO] Using 'UTF-8' encoding to copy filtered properties files.
[INFO] Copying 1 resource
[INFO] Copying 1 resource
[INFO] Copying 3 resources
[INFO] The encoding used to copy filtered properties files have not been set. This means that the same encoding will be used to copy filtered properties files as when copying other filtered resources. This might not be what you want! Run your build with --debug to see which files might be affected. Read more at https://maven.apache.org/plugins/maven-resources-plugin/examples/filtering-properties-files.html
[INFO] 
[INFO] --- compiler:3.10.0:compile (default-compile) @ ratis-metrics-default ---
[INFO] Compiling 7 source files to /home/runner/work/ratis/ratis/ratis-metrics-default/target/classes
[INFO] 
[INFO] --- resources:3.2.0:testResources (default-testResources) @ ratis-metrics-default ---
[INFO] Using 'UTF-8' encoding to copy filtered resources.
[INFO] Using 'UTF-8' encoding to copy filtered properties files.
[INFO] skip non existing resourceDirectory /home/runner/work/ratis/ratis/ratis-metrics-default/src/test/resources
[INFO] Copying 3 resources
[INFO] 
[INFO] --- compiler:3.10.0:testCompile (default-testCompile) @ ratis-metrics-default ---
[INFO] Compiling 1 source file to /home/runner/work/ratis/ratis/ratis-metrics-default/target/test-classes
[INFO] 
[INFO] --- surefire:3.5.3:test (default-test) @ ratis-metrics-default ---
[INFO] Using auto detected provider org.apache.maven.surefire.junitplatform.JUnitPlatformProvider
[INFO] Using auto detected provider org.apache.maven.surefire.junitplatform.JUnitPlatformProvider
[INFO] Using auto detected provider org.apache.maven.surefire.junitplatform.JUnitPlatformProvider
[INFO] 
[INFO] -------------------------------------------------------
[INFO]  T E S T S
[INFO] -------------------------------------------------------
[INFO] Running org.apache.ratis.metrics.TestMetricRegistriesLoader
[INFO] Tests run: 5, Failures: 0, Errors: 0, Skipped: 0, Time elapsed: 0.934 s -- in org.apache.ratis.metrics.TestMetricRegistriesLoader
[INFO] 
[INFO] Results:
[INFO] 
[INFO] Tests run: 5, Failures: 0, Errors: 0, Skipped: 0
[INFO] 
[INFO] 
[INFO] -------------------< org.apache.ratis:ratis-server >--------------------
[INFO] Building Apache Ratis Server 3.1.3                                [9/18]
[INFO]   from ratis-server/pom.xml
[INFO] --------------------------------[ jar ]---------------------------------
[INFO] 
[INFO] --- jacoco:0.8.12:prepare-agent (default-prepare-agent) @ ratis-server ---
[INFO] argLine set to -javaagent:/home/runner/.m2/repository/org/jacoco/org.jacoco.agent/0.8.12/org.jacoco.agent-0.8.12-runtime.jar=destfile=/home/runner/work/ratis/ratis/ratis-server/target/jacoco.exec,includes=org.apache.ratis.*
[INFO] 
[INFO] --- build-helper:3.3.0:add-source (add-source) @ ratis-server ---
[INFO] Source directory: /home/runner/work/ratis/ratis/ratis-server/target/generated-sources added.
[INFO] 
[INFO] --- enforcer:3.2.1:enforce (bannedImports-finalizers) @ ratis-server ---
[INFO] Rule 0: org.apache.maven.plugins.enforcer.RestrictImports passed
[INFO] 
[INFO] --- remote-resources:3.3.0:process (process-resource-bundles) @ ratis-server ---
[INFO] Preparing remote bundle org.apache:apache-jar-resource-bundle:1.4
[INFO] Copying 3 resources from 1 bundle.
[INFO] 
[INFO] --- hadoops:3.4.0:version-info (version-info) @ ratis-server ---
[INFO] SCM: GIT
[INFO] Computed MD5: d41d8cd98f0b24e980998ecf8427e
[INFO] 
[INFO] --- resources:3.2.0:resources (default-resources) @ ratis-server ---
[INFO] Using 'UTF-8' encoding to copy filtered resources.
[INFO] Using 'UTF-8' encoding to copy filtered properties files.
[INFO] skip non existing resourceDirectory /home/runner/work/ratis/ratis/ratis-server/src/main/resources
[INFO] Copying 1 resource
[INFO] Copying 3 resources
[INFO] The encoding used to copy filtered properties files have not been set. This means that the same encoding will be used to copy filtered properties files as when copying other filtered resources. This might not be what you want! Run your build with --debug to see which files might be affected. Read more at https://maven.apache.org/plugins/maven-resources-plugin/examples/filtering-properties-files.html
[INFO] 
[INFO] --- compiler:3.10.0:compile (default-compile) @ ratis-server ---
[INFO] Compiling 73 source files to /home/runner/work/ratis/ratis/ratis-server/target/classes
[WARNING] /home/runner/work/ratis/ratis/ratis-server/src/main/java/org/apache/ratis/server/impl/LeaderStateImpl.java:[1307,44] [deprecation] notifyFollowerSlowness(RoleInfoProto) in LeaderEventApi has been deprecated
[INFO] 
[INFO] --- resources:3.2.0:testResources (default-testResources) @ ratis-server ---
[INFO] Using 'UTF-8' encoding to copy filtered resources.
[INFO] Using 'UTF-8' encoding to copy filtered properties files.
[INFO] skip non existing resourceDirectory /home/runner/work/ratis/ratis/ratis-server/src/test/resources
[INFO] Copying 3 resources
[INFO] 
[INFO] --- compiler:3.10.0:testCompile (default-testCompile) @ ratis-server ---
[INFO] Compiling 50 source files to /home/runner/work/ratis/ratis/ratis-server/target/test-classes
[INFO] 
[INFO] --- surefire:3.5.3:test (default-test) @ ratis-server ---
[INFO] Using auto detected provider org.apache.maven.surefire.junitplatform.JUnitPlatformProvider
[INFO] Using auto detected provider org.apache.maven.surefire.junitplatform.JUnitPlatformProvider
[INFO] Using auto detected provider org.apache.maven.surefire.junitplatform.JUnitPlatformProvider
[INFO] 
[INFO] -------------------------------------------------------
[INFO]  T E S T S
[INFO] -------------------------------------------------------
[INFO] 
[INFO] Results:
[INFO] 
[INFO] Tests run: 0, Failures: 0, Errors: 0, Skipped: 0
[INFO] 
[INFO] 
[INFO] ---------------< org.apache.ratis:ratis-resource-bundle >---------------
[INFO] Building Apache Ratis - Resource Bundle 3.1.3                    [10/18]
[INFO]   from ratis-resource-bundle/pom.xml
[INFO] --------------------------------[ jar ]---------------------------------
[INFO] 
[INFO] --- jacoco:0.8.12:prepare-agent (default-prepare-agent) @ ratis-resource-bundle ---
[INFO] argLine set to -javaagent:/home/runner/.m2/repository/org/jacoco/org.jacoco.agent/0.8.12/org.jacoco.agent-0.8.12-runtime.jar=destfile=/home/runner/work/ratis/ratis/ratis-resource-bundle/target/jacoco.exec,includes=org.apache.ratis.*
[INFO] 
[INFO] --- build-helper:3.3.0:add-source (add-source) @ ratis-resource-bundle ---
[INFO] Source directory: /home/runner/work/ratis/ratis/ratis-resource-bundle/target/generated-sources added.
[INFO] 
[INFO] --- enforcer:3.2.1:enforce (bannedImports-finalizers) @ ratis-resource-bundle ---
[INFO] Rule 0: org.apache.maven.plugins.enforcer.RestrictImports passed
[INFO] 
[INFO] --- remote-resources:3.3.0:process (process-resource-bundles) @ ratis-resource-bundle ---
[INFO] Preparing remote bundle org.apache:apache-jar-resource-bundle:1.4
[INFO] Copying 3 resources from 1 bundle.
[INFO] 
[INFO] --- remote-resources:3.3.0:bundle (build-ratis-resource-bundle) @ ratis-resource-bundle ---
[INFO] Writing META-INF/maven/remote-resources.xml descriptor with 2 entries
[INFO] 
[INFO] --- hadoops:3.4.0:version-info (version-info) @ ratis-resource-bundle ---
[INFO] SCM: GIT
[INFO] Computed MD5: d41d8cd98f0b24e980998ecf8427e
[INFO] 
[INFO] --- resources:3.2.0:resources (default-resources) @ ratis-resource-bundle ---
[INFO] Using 'UTF-8' encoding to copy filtered resources.
[INFO] Using 'UTF-8' encoding to copy filtered properties files.
[INFO] Copying 3 resources
[INFO] Copying 1 resource
[INFO] Copying 3 resources
[INFO] The encoding used to copy filtered properties files have not been set. This means that the same encoding will be used to copy filtered properties files as when copying other filtered resources. This might not be what you want! Run your build with --debug to see which files might be affected. Read more at https://maven.apache.org/plugins/maven-resources-plugin/examples/filtering-properties-files.html
[INFO] 
[INFO] --- compiler:3.10.0:compile (default-compile) @ ratis-resource-bundle ---
[INFO] No sources to compile
[INFO] 
[INFO] --- resources:3.2.0:testResources (default-testResources) @ ratis-resource-bundle ---
[INFO] Not copying test resources
[INFO] 
[INFO] --- compiler:3.10.0:testCompile (default-testCompile) @ ratis-resource-bundle ---
[INFO] Skipped
[INFO] 
[INFO] --- surefire:3.5.3:test (default-test) @ ratis-resource-bundle ---
[INFO] No tests to run.
[INFO] Skipped
[INFO] 
[INFO] --------------------< org.apache.ratis:ratis-grpc >---------------------
[INFO] Building Apache Ratis gRPC Support 3.1.3                         [11/18]
[INFO]   from ratis-grpc/pom.xml
[INFO] --------------------------------[ jar ]---------------------------------
[INFO] 
[INFO] --- jacoco:0.8.12:prepare-agent (default-prepare-agent) @ ratis-grpc ---
[INFO] argLine set to -javaagent:/home/runner/.m2/repository/org/jacoco/org.jacoco.agent/0.8.12/org.jacoco.agent-0.8.12-runtime.jar=destfile=/home/runner/work/ratis/ratis/ratis-grpc/target/jacoco.exec,includes=org.apache.ratis.*
[INFO] 
[INFO] --- build-helper:3.3.0:add-source (add-source) @ ratis-grpc ---
[INFO] Source directory: /home/runner/work/ratis/ratis/ratis-grpc/target/generated-sources added.
[INFO] 
[INFO] --- enforcer:3.2.1:enforce (bannedImports-finalizers) @ ratis-grpc ---
[INFO] Rule 0: org.apache.maven.plugins.enforcer.RestrictImports passed
[INFO] 
[INFO] --- remote-resources:3.3.0:process (process-resource-bundles) @ ratis-grpc ---
[INFO] Preparing remote bundle org.apache:apache-jar-resource-bundle:1.4
[INFO] Copying 3 resources from 1 bundle.
[INFO] 
[INFO] --- hadoops:3.4.0:version-info (version-info) @ ratis-grpc ---
[INFO] SCM: GIT
[INFO] Computed MD5: d41d8cd98f0b24e980998ecf8427e
[INFO] 
[INFO] --- resources:3.2.0:resources (default-resources) @ ratis-grpc ---
[INFO] Using 'UTF-8' encoding to copy filtered resources.
[INFO] Using 'UTF-8' encoding to copy filtered properties files.
[INFO] skip non existing resourceDirectory /home/runner/work/ratis/ratis/ratis-grpc/src/main/resources
[INFO] Copying 1 resource
[INFO] Copying 3 resources
[INFO] The encoding used to copy filtered properties files have not been set. This means that the same encoding will be used to copy filtered properties files as when copying other filtered resources. This might not be what you want! Run your build with --debug to see which files might be affected. Read more at https://maven.apache.org/plugins/maven-resources-plugin/examples/filtering-properties-files.html
[INFO] 
[INFO] --- compiler:3.10.0:compile (default-compile) @ ratis-grpc ---
[INFO] Compiling 24 source files to /home/runner/work/ratis/ratis/ratis-grpc/target/classes
[INFO] 
[INFO] --- resources:3.2.0:testResources (default-testResources) @ ratis-grpc ---
[INFO] Using 'UTF-8' encoding to copy filtered resources.
[INFO] Using 'UTF-8' encoding to copy filtered properties files.
[INFO] skip non existing resourceDirectory /home/runner/work/ratis/ratis/ratis-grpc/src/test/resources
[INFO] Copying 3 resources
[INFO] 
[INFO] --- compiler:3.10.0:testCompile (default-testCompile) @ ratis-grpc ---
[INFO] Compiling 1 source file to /home/runner/work/ratis/ratis/ratis-grpc/target/test-classes
[INFO] 
[INFO] --- surefire:3.5.3:test (default-test) @ ratis-grpc ---
[INFO] Using auto detected provider org.apache.maven.surefire.junitplatform.JUnitPlatformProvider
[INFO] Using auto detected provider org.apache.maven.surefire.junitplatform.JUnitPlatformProvider
[INFO] 
[INFO] --------------------< org.apache.ratis:ratis-netty >--------------------
[INFO] Building Apache Ratis Netty Support 3.1.3                        [12/18]
[INFO]   from ratis-netty/pom.xml
[INFO] --------------------------------[ jar ]---------------------------------
[INFO] 
[INFO] --- jacoco:0.8.12:prepare-agent (default-prepare-agent) @ ratis-netty ---
[INFO] argLine set to -javaagent:/home/runner/.m2/repository/org/jacoco/org.jacoco.agent/0.8.12/org.jacoco.agent-0.8.12-runtime.jar=destfile=/home/runner/work/ratis/ratis/ratis-netty/target/jacoco.exec,includes=org.apache.ratis.*
[INFO] 
[INFO] --- build-helper:3.3.0:add-source (add-source) @ ratis-netty ---
[INFO] Source directory: /home/runner/work/ratis/ratis/ratis-netty/target/generated-sources added.
[INFO] 
[INFO] --- enforcer:3.2.1:enforce (bannedImports-finalizers) @ ratis-netty ---
[INFO] Rule 0: org.apache.maven.plugins.enforcer.RestrictImports passed
[INFO] 
[INFO] --- remote-resources:3.3.0:process (process-resource-bundles) @ ratis-netty ---
[INFO] Preparing remote bundle org.apache:apache-jar-resource-bundle:1.4
[INFO] Copying 3 resources from 1 bundle.
[INFO] 
[INFO] --- hadoops:3.4.0:version-info (version-info) @ ratis-netty ---
[INFO] SCM: GIT
[INFO] Computed MD5: d41d8cd98f0b24e980998ecf8427e
[INFO] 
[INFO] --- resources:3.2.0:resources (default-resources) @ ratis-netty ---
[INFO] Using 'UTF-8' encoding to copy filtered resources.
[INFO] Using 'UTF-8' encoding to copy filtered properties files.
[INFO] skip non existing resourceDirectory /home/runner/work/ratis/ratis/ratis-netty/src/main/resources
[INFO] Copying 1 resource
[INFO] Copying 3 resources
[INFO] The encoding used to copy filtered properties files have not been set. This means that the same encoding will be used to copy filtered properties files as when copying other filtered resources. This might not be what you want! Run your build with --debug to see which files might be affected. Read more at https://maven.apache.org/plugins/maven-resources-plugin/examples/filtering-properties-files.html
[INFO] 
[INFO] --- compiler:3.10.0:compile (default-compile) @ ratis-netty ---
[INFO] Compiling 16 source files to /home/runner/work/ratis/ratis/ratis-netty/target/classes
[INFO] 
[INFO] --- resources:3.2.0:testResources (default-testResources) @ ratis-netty ---
[INFO] Using 'UTF-8' encoding to copy filtered resources.
[INFO] Using 'UTF-8' encoding to copy filtered properties files.
[INFO] skip non existing resourceDirectory /home/runner/work/ratis/ratis/ratis-netty/src/test/resources
[INFO] Copying 3 resources
[INFO] 
[INFO] --- compiler:3.10.0:testCompile (default-testCompile) @ ratis-netty ---
[INFO] Compiling 1 source file to /home/runner/work/ratis/ratis/ratis-netty/target/test-classes
[INFO] 
[INFO] --- surefire:3.5.3:test (default-test) @ ratis-netty ---
[INFO] Skipped
[INFO] 
[INFO] --------------------< org.apache.ratis:ratis-shell >--------------------
[INFO] Building Apache Ratis Shell 3.1.3                                [13/18]
[INFO]   from ratis-shell/pom.xml
[INFO] --------------------------------[ jar ]---------------------------------
[INFO] 
[INFO] --- jacoco:0.8.12:prepare-agent (default-prepare-agent) @ ratis-shell ---
[INFO] argLine set to -javaagent:/home/runner/.m2/repository/org/jacoco/org.jacoco.agent/0.8.12/org.jacoco.agent-0.8.12-runtime.jar=destfile=/home/runner/work/ratis/ratis/ratis-shell/target/jacoco.exec,includes=org.apache.ratis.*
[INFO] 
[INFO] --- build-helper:3.3.0:add-source (add-source) @ ratis-shell ---
[INFO] Source directory: /home/runner/work/ratis/ratis/ratis-shell/target/generated-sources added.
[INFO] 
[INFO] --- enforcer:3.2.1:enforce (bannedImports-finalizers) @ ratis-shell ---
[INFO] Rule 0: org.apache.maven.plugins.enforcer.RestrictImports passed
[INFO] 
[INFO] --- remote-resources:3.3.0:process (process-resource-bundles) @ ratis-shell ---
[INFO] Preparing remote bundle org.apache:apache-jar-resource-bundle:1.4
[INFO] Copying 3 resources from 1 bundle.
[INFO] 
[INFO] --- hadoops:3.4.0:version-info (version-info) @ ratis-shell ---
[INFO] SCM: GIT
[INFO] Computed MD5: d41d8cd98f0b24e980998ecf8427e
[INFO] 
[INFO] --- resources:3.2.0:resources (default-resources) @ ratis-shell ---
[INFO] Using 'UTF-8' encoding to copy filtered resources.
[INFO] Using 'UTF-8' encoding to copy filtered properties files.
[INFO] skip non existing resourceDirectory /home/runner/work/ratis/ratis/ratis-shell/src/main/resources
[INFO] Copying 1 resource
[INFO] Copying 3 resources
[INFO] The encoding used to copy filtered properties files have not been set. This means that the same encoding will be used to copy filtered properties files as when copying other filtered resources. This might not be what you want! Run your build with --debug to see which files might be affected. Read more at https://maven.apache.org/plugins/maven-resources-plugin/examples/filtering-properties-files.html
[INFO] 
[INFO] --- compiler:3.10.0:compile (default-compile) @ ratis-shell ---
[INFO] Compiling 24 source files to /home/runner/work/ratis/ratis/ratis-shell/target/classes
[INFO] 
[INFO] --- resources:3.2.0:testResources (default-testResources) @ ratis-shell ---
[INFO] Using 'UTF-8' encoding to copy filtered resources.
[INFO] Using 'UTF-8' encoding to copy filtered properties files.
[INFO] skip non existing resourceDirectory /home/runner/work/ratis/ratis/ratis-shell/src/test/resources
[INFO] Copying 3 resources
[INFO] 
[INFO] --- compiler:3.10.0:testCompile (default-testCompile) @ ratis-shell ---
[INFO] No sources to compile
[INFO] 
[INFO] --- surefire:3.5.3:test (default-test) @ ratis-shell ---
[INFO] Skipped
[INFO] 
[INFO] --------------------< org.apache.ratis:ratis-test >---------------------
[INFO] Building Apache Ratis Test 3.1.3                                 [14/18]
[INFO]   from ratis-test/pom.xml
[INFO] --------------------------------[ jar ]---------------------------------
[INFO] 
[INFO] --- jacoco:0.8.12:prepare-agent (default-prepare-agent) @ ratis-test ---
[INFO] argLine set to -javaagent:/home/runner/.m2/repository/org/jacoco/org.jacoco.agent/0.8.12/org.jacoco.agent-0.8.12-runtime.jar=destfile=/home/runner/work/ratis/ratis/ratis-test/target/jacoco.exec,includes=org.apache.ratis.*
[INFO] 
[INFO] --- build-helper:3.3.0:add-source (add-source) @ ratis-test ---
[INFO] Source directory: /home/runner/work/ratis/ratis/ratis-test/target/generated-sources added.
[INFO] 
[INFO] --- enforcer:3.2.1:enforce (bannedImports-finalizers) @ ratis-test ---
[INFO] Rule 0: org.apache.maven.plugins.enforcer.RestrictImports passed
[INFO] 
[INFO] --- remote-resources:3.3.0:process (process-resource-bundles) @ ratis-test ---
[INFO] Preparing remote bundle org.apache:apache-jar-resource-bundle:1.4
[INFO] Copying 3 resources from 1 bundle.
[INFO] 
[INFO] --- hadoops:3.4.0:version-info (version-info) @ ratis-test ---
[INFO] SCM: GIT
[INFO] Computed MD5: d41d8cd98f0b24e980998ecf8427e
[INFO] 
[INFO] --- resources:3.2.0:resources (default-resources) @ ratis-test ---
[INFO] Using 'UTF-8' encoding to copy filtered resources.
[INFO] Using 'UTF-8' encoding to copy filtered properties files.
[INFO] skip non existing resourceDirectory /home/runner/work/ratis/ratis/ratis-test/src/main/resources
[INFO] Copying 1 resource
[INFO] Copying 3 resources
[INFO] The encoding used to copy filtered properties files have not been set. This means that the same encoding will be used to copy filtered properties files as when copying other filtered resources. This might not be what you want! Run your build with --debug to see which files might be affected. Read more at https://maven.apache.org/plugins/maven-resources-plugin/examples/filtering-properties-files.html
[INFO] 
[INFO] --- compiler:3.10.0:compile (default-compile) @ ratis-test ---
[INFO] No sources to compile
[INFO] 
[INFO] --- resources:3.2.0:testResources (default-testResources) @ ratis-test ---
[INFO] Using 'UTF-8' encoding to copy filtered resources.
[INFO] Using 'UTF-8' encoding to copy filtered properties files.
[INFO] Copying 13 resources
[INFO] Copying 3 resources
[INFO] 
[INFO] --- compiler:3.10.0:testCompile (default-testCompile) @ ratis-test ---
[INFO] Compiling 143 source files to /home/runner/work/ratis/ratis/ratis-test/target/test-classes
[INFO] 
[INFO] --- surefire:3.5.3:test (default-test) @ ratis-test ---
[INFO] Using auto detected provider org.apache.maven.surefire.junitplatform.JUnitPlatformProvider
[INFO] Using auto detected provider org.apache.maven.surefire.junitplatform.JUnitPlatformProvider
[INFO] Using auto detected provider org.apache.maven.surefire.junitplatform.JUnitPlatformProvider
[INFO] 
[INFO] -------------------------------------------------------
[INFO]  T E S T S
[INFO] -------------------------------------------------------
[INFO] Running org.apache.ratis.conf.TestConfUtils
[INFO] Tests run: 6, Failures: 0, Errors: 0, Skipped: 0, Time elapsed: 0.560 s -- in org.apache.ratis.conf.TestConfUtils
[INFO] Running org.apache.ratis.conf.TestRaftProperties
[INFO] Tests run: 1, Failures: 0, Errors: 0, Skipped: 0, Time elapsed: 0.161 s -- in org.apache.ratis.conf.TestRaftProperties
[INFO] Running org.apache.ratis.TestRaftServerSlownessDetection
[WARNING] Tests run: 1, Failures: 0, Errors: 0, Skipped: 1, Time elapsed: 0.002 s -- in org.apache.ratis.TestRaftServerSlownessDetection
[INFO] Running org.apache.ratis.netty.TestRaftSnapshotWithNetty
[INFO] Tests run: 3, Failures: 0, Errors: 0, Skipped: 0, Time elapsed: 11.08 s -- in org.apache.ratis.netty.TestRaftSnapshotWithNetty
[INFO] Running org.apache.ratis.netty.TestGroupManagementWithNetty
[INFO] Tests run: 8, Failures: 0, Errors: 0, Skipped: 0, Time elapsed: 84.89 s -- in org.apache.ratis.netty.TestGroupManagementWithNetty
[INFO] Running org.apache.ratis.netty.TestServerRestartWithNetty
[INFO] Tests run: 5, Failures: 0, Errors: 0, Skipped: 0, Time elapsed: 50.58 s -- in org.apache.ratis.netty.TestServerRestartWithNetty
[INFO] Running org.apache.ratis.netty.TestRetryCacheWithNettyRpc
[INFO] Tests run: 2, Failures: 0, Errors: 0, Skipped: 0, Time elapsed: 7.505 s -- in org.apache.ratis.netty.TestRetryCacheWithNettyRpc
[INFO] Running org.apache.ratis.netty.TestRaftWithNetty
[INFO] Tests run: 5, Failures: 0, Errors: 0, Skipped: 0, Time elapsed: 54.81 s -- in org.apache.ratis.netty.TestRaftWithNetty
[INFO] Running org.apache.ratis.netty.TestPreAppendLeaderStepDownWithNetty
[INFO] Tests run: 3, Failures: 0, Errors: 0, Skipped: 0, Time elapsed: 7.237 s -- in org.apache.ratis.netty.TestPreAppendLeaderStepDownWithNetty
[INFO] Running org.apache.ratis.netty.TestGroupInfoWithNetty
[INFO] Tests run: 1, Failures: 0, Errors: 0, Skipped: 0, Time elapsed: 4.304 s -- in org.apache.ratis.netty.TestGroupInfoWithNetty
[INFO] Running org.apache.ratis.netty.TestLeaderElectionWithNetty
[INFO] Tests run: 25, Failures: 0, Errors: 0, Skipped: 0, Time elapsed: 72.27 s -- in org.apache.ratis.netty.TestLeaderElectionWithNetty
[INFO] Running org.apache.ratis.netty.TestRaftReconfigurationWithNetty
[INFO] Tests run: 18, Failures: 0, Errors: 0, Skipped: 0, Time elapsed: 53.45 s -- in org.apache.ratis.netty.TestRaftReconfigurationWithNetty
[INFO] Running org.apache.ratis.netty.TestServerPauseResumeWithNetty
[INFO] Tests run: 1, Failures: 0, Errors: 0, Skipped: 0, Time elapsed: 8.276 s -- in org.apache.ratis.netty.TestServerPauseResumeWithNetty
[INFO] Running org.apache.ratis.netty.TestRaftAsyncWithNetty
[ERROR] Tests run: 14, Failures: 0, Errors: 1, Skipped: 0, Time elapsed: 183.5 s <<< FAILURE! -- in org.apache.ratis.netty.TestRaftAsyncWithNetty
[ERROR] org.apache.ratis.netty.TestRaftAsyncWithNetty.testWithLoadAsync -- Time elapsed: 100.0 s <<< ERROR!
java.util.concurrent.TimeoutException: testWithLoadAsync() timed out after 100 seconds
	at java.util.ArrayList.forEach(ArrayList.java:1259)
	at java.util.ArrayList.forEach(ArrayList.java:1259)
	Suppressed: java.lang.InterruptedException: sleep interrupted
		at java.lang.Thread.sleep(Native Method)
		at java.lang.Thread.sleep(Thread.java:342)
		at java.util.concurrent.TimeUnit.sleep(TimeUnit.java:386)
		at org.apache.ratis.util.TimeDuration.sleep(TimeDuration.java:353)
		at org.apache.ratis.util.TimeDuration.sleep(TimeDuration.java:338)
		at org.apache.ratis.util.JavaUtils.attempt(JavaUtils.java:236)
		at org.apache.ratis.util.JavaUtils.attempt(JavaUtils.java:212)
		at org.apache.ratis.util.JavaUtils.attemptRepeatedly(JavaUtils.java:204)
		at org.apache.ratis.RaftTestUtil.changeLeader(RaftTestUtil.java:487)
		at org.apache.ratis.RaftTestUtil.changeLeader(RaftTestUtil.java:479)
		at org.apache.ratis.RaftBasicTests.testWithLoad(RaftBasicTests.java:412)
		at org.apache.ratis.RaftAsyncTests.lambda$testWithLoadAsync$6(RaftAsyncTests.java:282)
		at org.apache.ratis.server.impl.MiniRaftCluster$Factory$Get.runWithNewCluster(MiniRaftCluster.java:143)
		at org.apache.ratis.server.impl.MiniRaftCluster$Factory$Get.runWithNewCluster(MiniRaftCluster.java:121)
		at org.apache.ratis.RaftAsyncTests.testWithLoadAsync(RaftAsyncTests.java:281)
		at java.lang.reflect.Method.invoke(Method.java:498)
		... 2 more

[INFO] Running org.apache.ratis.netty.TestLogAppenderWithNetty
[INFO] Tests run: 3, Failures: 0, Errors: 0, Skipped: 0, Time elapsed: 9.600 s -- in org.apache.ratis.netty.TestLogAppenderWithNetty
[INFO] Running org.apache.ratis.netty.TestSnapshotManagementWithNetty
[INFO] Tests run: 2, Failures: 0, Errors: 0, Skipped: 0, Time elapsed: 8.806 s -- in org.apache.ratis.netty.TestSnapshotManagementWithNetty
[INFO] Running org.apache.ratis.netty.TestRaftStateMachineExceptionWithNetty
[INFO] Tests run: 3, Failures: 0, Errors: 0, Skipped: 0, Time elapsed: 6.596 s -- in org.apache.ratis.netty.TestRaftStateMachineExceptionWithNetty
[INFO] Running org.apache.ratis.netty.TestRaftExceptionWithNetty
[INFO] Tests run: 5, Failures: 0, Errors: 0, Skipped: 0, Time elapsed: 6.894 s -- in org.apache.ratis.netty.TestRaftExceptionWithNetty
[INFO] Running org.apache.ratis.netty.TestTlsConfWithNetty
[INFO] Tests run: 2, Failures: 0, Errors: 0, Skipped: 0, Time elapsed: 1.772 s -- in org.apache.ratis.netty.TestTlsConfWithNetty
[INFO] Running org.apache.ratis.client.TestClientProtoUtils
[INFO] Tests run: 1, Failures: 0, Errors: 0, Skipped: 0, Time elapsed: 14.07 s -- in org.apache.ratis.client.TestClientProtoUtils
[INFO] Running org.apache.ratis.TestRaftServerNoLeaderTimeout
[INFO] Tests run: 1, Failures: 0, Errors: 0, Skipped: 0, Time elapsed: 5.659 s -- in org.apache.ratis.TestRaftServerNoLeaderTimeout
[INFO] Running org.apache.ratis.protocol.TestRaftId
[INFO] Tests run: 4, Failures: 0, Errors: 0, Skipped: 0, Time elapsed: 0.272 s -- in org.apache.ratis.protocol.TestRaftId
[INFO] Running org.apache.ratis.protocol.TestRoutingTable
[INFO] Tests run: 1, Failures: 0, Errors: 0, Skipped: 0, Time elapsed: 0.274 s -- in org.apache.ratis.protocol.TestRoutingTable
[INFO] Running org.apache.ratis.protocol.TestRaftGroup
[INFO] Tests run: 1, Failures: 0, Errors: 0, Skipped: 0, Time elapsed: 0.268 s -- in org.apache.ratis.protocol.TestRaftGroup
[INFO] Running org.apache.ratis.shell.cli.sh.TestRatisShell
[INFO] Tests run: 6, Failures: 0, Errors: 0, Skipped: 0, Time elapsed: 0.360 s -- in org.apache.ratis.shell.cli.sh.TestRatisShell
[INFO] Running org.apache.ratis.shell.cli.sh.TestSecureRatisShell
[INFO] Tests run: 1, Failures: 0, Errors: 0, Skipped: 0, Time elapsed: 3.087 s -- in org.apache.ratis.shell.cli.sh.TestSecureRatisShell
[INFO] Running org.apache.ratis.retry.TestRetryPolicy
[INFO] Tests run: 4, Failures: 0, Errors: 0, Skipped: 0, Time elapsed: 0.448 s -- in org.apache.ratis.retry.TestRetryPolicy
[INFO] Running org.apache.ratis.retry.TestExponentialBackoffRetry
[INFO] Tests run: 1, Failures: 0, Errors: 0, Skipped: 0, Time elapsed: 0.151 s -- in org.apache.ratis.retry.TestExponentialBackoffRetry
[INFO] Running org.apache.ratis.retry.TestMultipleLinearRandomRetry
[INFO] Tests run: 2, Failures: 0, Errors: 0, Skipped: 0, Time elapsed: 0.201 s -- in org.apache.ratis.retry.TestMultipleLinearRandomRetry
[INFO] Running org.apache.ratis.retry.TestExceptionDependentRetry
[INFO] Tests run: 5, Failures: 0, Errors: 0, Skipped: 0, Time elapsed: 7.008 s -- in org.apache.ratis.retry.TestExceptionDependentRetry
[INFO] Running org.apache.ratis.statemachine.TestStateMachine
[INFO] Tests run: 3, Failures: 0, Errors: 0, Skipped: 0, Time elapsed: 8.401 s -- in org.apache.ratis.statemachine.TestStateMachine
[INFO] Running org.apache.ratis.util.TestPreconditions
[INFO] Tests run: 2, Failures: 0, Errors: 0, Skipped: 0, Time elapsed: 0.220 s -- in org.apache.ratis.util.TestPreconditions
[INFO] Running org.apache.ratis.util.TestPeerProxyMap
[INFO] Tests run: 2, Failures: 0, Errors: 0, Skipped: 0, Time elapsed: 0.377 s -- in org.apache.ratis.util.TestPeerProxyMap
[INFO] Running org.apache.ratis.util.TestRaftIdCache
[INFO] Tests run: 1, Failures: 0, Errors: 0, Skipped: 0, Time elapsed: 2.312 s -- in org.apache.ratis.util.TestRaftIdCache
[INFO] Running org.apache.ratis.util.TestReferenceCountedObject
[INFO] Tests run: 2, Failures: 0, Errors: 0, Skipped: 0, Time elapsed: 0.119 s -- in org.apache.ratis.util.TestReferenceCountedObject
[INFO] Running org.apache.ratis.util.TestTermIndex
[INFO] Tests run: 1, Failures: 0, Errors: 0, Skipped: 0, Time elapsed: 0.520 s -- in org.apache.ratis.util.TestTermIndex
[INFO] Running org.apache.ratis.util.TestDataBlockingQueue
[INFO] Tests run: 4, Failures: 0, Errors: 0, Skipped: 0, Time elapsed: 6.155 s -- in org.apache.ratis.util.TestDataBlockingQueue
[INFO] Running org.apache.ratis.util.TestMinMax
[INFO] Tests run: 1, Failures: 0, Errors: 0, Skipped: 0, Time elapsed: 0.069 s -- in org.apache.ratis.util.TestMinMax
[INFO] Running org.apache.ratis.util.TestTimeoutScheduler
[INFO] Tests run: 5, Failures: 0, Errors: 0, Skipped: 0, Time elapsed: 2.645 s -- in org.apache.ratis.util.TestTimeoutScheduler
[INFO] Running org.apache.ratis.util.TestLifeCycle
[INFO] Tests run: 3, Failures: 0, Errors: 0, Skipped: 0, Time elapsed: 0.122 s -- in org.apache.ratis.util.TestLifeCycle
[INFO] Running org.apache.ratis.util.TestExitUtils
[INFO] Tests run: 2, Failures: 0, Errors: 0, Skipped: 0, Time elapsed: 0.173 s -- in org.apache.ratis.util.TestExitUtils
[INFO] Running org.apache.ratis.util.TestDataQueue
[INFO] Tests run: 4, Failures: 0, Errors: 0, Skipped: 0, Time elapsed: 0.123 s -- in org.apache.ratis.util.TestDataQueue
[INFO] Running org.apache.ratis.util.TestTimeDuration
[INFO] Tests run: 9, Failures: 0, Errors: 0, Skipped: 0, Time elapsed: 0.310 s -- in org.apache.ratis.util.TestTimeDuration
[INFO] Running org.apache.ratis.util.TestTraditionalBinaryPrefix
[INFO] Tests run: 2, Failures: 0, Errors: 0, Skipped: 0, Time elapsed: 0.143 s -- in org.apache.ratis.util.TestTraditionalBinaryPrefix
[INFO] Running org.apache.ratis.util.TestResourceSemaphore
[INFO] Tests run: 1, Failures: 0, Errors: 0, Skipped: 0, Time elapsed: 0.435 s -- in org.apache.ratis.util.TestResourceSemaphore
[INFO] 
[INFO] Results:
[INFO] 
[ERROR] Errors: 
[ERROR]   TestRaftAsyncWithNetty.testWithLoadAsync » Timeout testWithLoadAsync() timed out after 100 seconds
[INFO] 
[ERROR] Tests run: 177, Failures: 0, Errors: 1, Skipped: 1
[INFO] 
[INFO] 
[INFO] --------------------< org.apache.ratis:ratis-tools >--------------------
[INFO] Building Apache Ratis Tools 3.1.3                                [15/18]
[INFO]   from ratis-tools/pom.xml
[INFO] --------------------------------[ jar ]---------------------------------
[INFO] 
[INFO] --- jacoco:0.8.12:prepare-agent (default-prepare-agent) @ ratis-tools ---
[INFO] argLine set to -javaagent:/home/runner/.m2/repository/org/jacoco/org.jacoco.agent/0.8.12/org.jacoco.agent-0.8.12-runtime.jar=destfile=/home/runner/work/ratis/ratis/ratis-tools/target/jacoco.exec,includes=org.apache.ratis.*
[INFO] 
[INFO] --- build-helper:3.3.0:add-source (add-source) @ ratis-tools ---
[INFO] Source directory: /home/runner/work/ratis/ratis/ratis-tools/target/generated-sources added.
[INFO] 
[INFO] --- enforcer:3.2.1:enforce (bannedImports-finalizers) @ ratis-tools ---
[INFO] Rule 0: org.apache.maven.plugins.enforcer.RestrictImports passed
[INFO] 
[INFO] --- remote-resources:3.3.0:process (process-resource-bundles) @ ratis-tools ---
[INFO] Preparing remote bundle org.apache:apache-jar-resource-bundle:1.4
[INFO] Copying 3 resources from 1 bundle.
[INFO] 
[INFO] --- hadoops:3.4.0:version-info (version-info) @ ratis-tools ---
[INFO] SCM: GIT
[INFO] Computed MD5: d41d8cd98f0b24e980998ecf8427e
[INFO] 
[INFO] --- resources:3.2.0:resources (default-resources) @ ratis-tools ---
[INFO] Using 'UTF-8' encoding to copy filtered resources.
[INFO] Using 'UTF-8' encoding to copy filtered properties files.
[INFO] skip non existing resourceDirectory /home/runner/work/ratis/ratis/ratis-tools/src/main/resources
[INFO] Copying 1 resource
[INFO] Copying 3 resources
[INFO] The encoding used to copy filtered properties files have not been set. This means that the same encoding will be used to copy filtered properties files as when copying other filtered resources. This might not be what you want! Run your build with --debug to see which files might be affected. Read more at https://maven.apache.org/plugins/maven-resources-plugin/examples/filtering-properties-files.html
[INFO] 
[INFO] --- compiler:3.10.0:compile (default-compile) @ ratis-tools ---
[INFO] Compiling 2 source files to /home/runner/work/ratis/ratis/ratis-tools/target/classes
[INFO] 
[INFO] --- resources:3.2.0:testResources (default-testResources) @ ratis-tools ---
[INFO] Using 'UTF-8' encoding to copy filtered resources.
[INFO] Using 'UTF-8' encoding to copy filtered properties files.
[INFO] skip non existing resourceDirectory /home/runner/work/ratis/ratis/ratis-tools/src/test/resources
[INFO] Copying 3 resources
[INFO] 
[INFO] --- compiler:3.10.0:testCompile (default-testCompile) @ ratis-tools ---
[INFO] No sources to compile
[INFO] 
[INFO] --- surefire:3.5.3:test (default-test) @ ratis-tools ---
[INFO] Skipped
[INFO] 
[INFO] ------------------------------------------------------------------------
[INFO] Skipping Apache Ratis Examples
[INFO] This project has been banned from the build due to previous failures.
[INFO] ------------------------------------------------------------------------
[INFO] 
[INFO] -------------< org.apache.ratis:ratis-metrics-dropwizard3 >-------------
[INFO] Building Apache Ratis Metrics Dropwizard 3 Implementation 3.1.3  [16/18]
[INFO]   from ratis-metrics-dropwizard3/pom.xml
[INFO] --------------------------------[ jar ]---------------------------------
[INFO] 
[INFO] --- jacoco:0.8.12:prepare-agent (default-prepare-agent) @ ratis-metrics-dropwizard3 ---
[INFO] argLine set to -javaagent:/home/runner/.m2/repository/org/jacoco/org.jacoco.agent/0.8.12/org.jacoco.agent-0.8.12-runtime.jar=destfile=/home/runner/work/ratis/ratis/ratis-metrics-dropwizard3/target/jacoco.exec,includes=org.apache.ratis.*
[INFO] 
[INFO] --- build-helper:3.3.0:add-source (add-source) @ ratis-metrics-dropwizard3 ---
[INFO] Source directory: /home/runner/work/ratis/ratis/ratis-metrics-dropwizard3/target/generated-sources added.
[INFO] 
[INFO] --- enforcer:3.2.1:enforce (bannedImports-finalizers) @ ratis-metrics-dropwizard3 ---
[INFO] Rule 0: org.apache.maven.plugins.enforcer.RestrictImports passed
[INFO] 
[INFO] --- remote-resources:3.3.0:process (process-resource-bundles) @ ratis-metrics-dropwizard3 ---
[INFO] Preparing remote bundle org.apache:apache-jar-resource-bundle:1.4
[INFO] Copying 3 resources from 1 bundle.
[INFO] 
[INFO] --- hadoops:3.4.0:version-info (version-info) @ ratis-metrics-dropwizard3 ---
[INFO] SCM: GIT
[INFO] Computed MD5: d41d8cd98f0b24e980998ecf8427e
[INFO] 
[INFO] --- resources:3.2.0:resources (default-resources) @ ratis-metrics-dropwizard3 ---
[INFO] Using 'UTF-8' encoding to copy filtered resources.
[INFO] Using 'UTF-8' encoding to copy filtered properties files.
[INFO] Copying 1 resource
[INFO] Copying 1 resource
[INFO] Copying 3 resources
[INFO] The encoding used to copy filtered properties files have not been set. This means that the same encoding will be used to copy filtered properties files as when copying other filtered resources. This might not be what you want! Run your build with --debug to see which files might be affected. Read more at https://maven.apache.org/plugins/maven-resources-plugin/examples/filtering-properties-files.html
[INFO] 
[INFO] --- compiler:3.10.0:compile (default-compile) @ ratis-metrics-dropwizard3 ---
[INFO] Compiling 7 source files to /home/runner/work/ratis/ratis/ratis-metrics-dropwizard3/target/classes
[INFO] 
[INFO] --- resources:3.2.0:testResources (default-testResources) @ ratis-metrics-dropwizard3 ---
[INFO] Using 'UTF-8' encoding to copy filtered resources.
[INFO] Using 'UTF-8' encoding to copy filtered properties files.
[INFO] skip non existing resourceDirectory /home/runner/work/ratis/ratis/ratis-metrics-dropwizard3/src/test/resources
[INFO] Copying 3 resources
[INFO] 
[INFO] --- compiler:3.10.0:testCompile (default-testCompile) @ ratis-metrics-dropwizard3 ---
[INFO] Compiling 1 source file to /home/runner/work/ratis/ratis/ratis-metrics-dropwizard3/target/test-classes
[INFO] 
[INFO] --- surefire:3.5.3:test (default-test) @ ratis-metrics-dropwizard3 ---
[INFO] Using auto detected provider org.apache.maven.surefire.junitplatform.JUnitPlatformProvider
[INFO] Using auto detected provider org.apache.maven.surefire.junitplatform.JUnitPlatformProvider
[INFO] Using auto detected provider org.apache.maven.surefire.junitplatform.JUnitPlatformProvider
[INFO] 
[INFO] -------------------------------------------------------
[INFO]  T E S T S
[INFO] -------------------------------------------------------
[INFO] Running org.apache.ratis.metrics.dropwizard3.TestLoadDm3MetricRegistries
[INFO] Tests run: 2, Failures: 0, Errors: 0, Skipped: 0, Time elapsed: 0.136 s -- in org.apache.ratis.metrics.dropwizard3.TestLoadDm3MetricRegistries
[INFO] 
[INFO] Results:
[INFO] 
[INFO] Tests run: 2, Failures: 0, Errors: 0, Skipped: 0
[INFO] 
[INFO] 
[INFO] ------------------------------------------------------------------------
[INFO] Skipping Apache Ratis Project Assembly
[INFO] This project has been banned from the build due to previous failures.
[INFO] ------------------------------------------------------------------------
[INFO] ------------------------------------------------------------------------
[INFO] Reactor Summary for Apache Ratis 3.1.3:
[INFO] 
[INFO] Apache Ratis ....................................... SUCCESS [  1.307 s]
[INFO] Apache Ratis Documentation ......................... SUCCESS [  0.773 s]
[INFO] Apache Ratis Protocols ............................. SUCCESS [ 11.317 s]
[INFO] Apache Ratis Common ................................ SUCCESS [ 10.334 s]
[INFO] Apache Ratis Client ................................ SUCCESS [  1.493 s]
[INFO] Apache Ratis Server API ............................ SUCCESS [  1.363 s]
[INFO] Apache Ratis Metrics API ........................... SUCCESS [  0.707 s]
[INFO] Apache Ratis Metrics Default Implementation ........ SUCCESS [  3.397 s]
[INFO] Apache Ratis Server ................................ SUCCESS [  4.715 s]
[INFO] Apache Ratis - Resource Bundle ..................... SUCCESS [  0.120 s]
[INFO] Apache Ratis gRPC Support .......................... SUCCESS [  2.140 s]
[INFO] Apache Ratis Netty Support ......................... SUCCESS [  1.901 s]
[INFO] Apache Ratis Shell ................................. SUCCESS [  1.234 s]
[INFO] Apache Ratis Test .................................. FAILURE [11:11 min]
[INFO] Apache Ratis Tools ................................. SUCCESS [  0.672 s]
[INFO] Apache Ratis Examples .............................. SKIPPED
[INFO] Apache Ratis Metrics Dropwizard 3 Implementation ... SUCCESS [  2.258 s]
[INFO] Apache Ratis Project Assembly ...................... SKIPPED
[INFO] ------------------------------------------------------------------------
[INFO] BUILD FAILURE
[INFO] ------------------------------------------------------------------------
[INFO] Total time:  11:56 min
[INFO] Finished at: 2025-10-02T13:00:30Z
[INFO] ------------------------------------------------------------------------
[INFO] 162 goals, 162 executed
[INFO] 
[INFO] Publishing build scan...
[INFO] https://develocity.apache.org/s/4hny5ts2zfmik
[INFO] 
[ERROR] Failed to execute goal org.apache.maven.plugins:maven-surefire-plugin:3.5.3:test (default-test) on project ratis-test: 
[ERROR] 
[ERROR] See /home/runner/work/ratis/ratis/ratis-test/target/surefire-reports for the individual test results.
[ERROR] See dump files (if any exist) [date].dump, [date]-jvmRun[N].dump and [date].dumpstream.
[ERROR] -> [Help 1]
[ERROR] 
[ERROR] To see the full stack trace of the errors, re-run Maven with the -e switch.
[ERROR] Re-run Maven using the -X switch to enable full debug logging.
[ERROR] 
[ERROR] For more information about the errors and possible solutions, please read the following articles:
[ERROR] [Help 1] http://cwiki.apache.org/confluence/display/MAVEN/MojoFailureException
[ERROR] 
[ERROR] After correcting the problems, you can resume the build with the command
[ERROR]   mvn <args> -rf :ratis-test
