[INFO] Scanning for projects...
[INFO] ------------------------------------------------------------------------
[INFO] Detecting the operating system and CPU architecture
[INFO] ------------------------------------------------------------------------
[INFO] os.detected.name: linux
[INFO] os.detected.arch: x86_64
[INFO] os.detected.version: 5.15
[INFO] os.detected.version.major: 5
[INFO] os.detected.version.minor: 15
[INFO] os.detected.release: ubuntu
[INFO] os.detected.release.version: 20.04
[INFO] os.detected.release.like.ubuntu: true
[INFO] os.detected.release.like.debian: true
[INFO] os.detected.classifier: linux-x86_64
[INFO] ------------------------------------------------------------------------
[INFO] Reactor Build Order:
[INFO] 
[INFO] Apache Ratis                                                       [pom]
[INFO] Apache Ratis Documentation                                         [jar]
[INFO] Apache Ratis Protocols                                             [jar]
[INFO] Apache Ratis Common                                                [jar]
[INFO] Apache Ratis Client                                                [jar]
[INFO] Apache Ratis Server API                                            [jar]
[INFO] Apache Ratis Metrics API                                           [jar]
[INFO] Apache Ratis Metrics Default Implementation                        [jar]
[INFO] Apache Ratis Server                                                [jar]
[INFO] Apache Ratis - Resource Bundle                                     [jar]
[INFO] Apache Ratis gRPC Support                                          [jar]
[INFO] Apache Ratis Netty Support                                         [jar]
[INFO] Apache Ratis Shell                                                 [jar]
[INFO] Apache Ratis Test                                                  [jar]
[INFO] Apache Ratis Tools                                                 [jar]
[INFO] Apache Ratis Examples                                              [jar]
[INFO] Apache Ratis Replicated Map                                        [jar]
[INFO] Apache Ratis Metrics Dropwizard 3 Implementation                   [jar]
[INFO] Apache Ratis Project Assembly                                      [pom]
[INFO] 
[INFO] -----------------------< org.apache.ratis:ratis >-----------------------
[INFO] Building Apache Ratis 3.0.0-SNAPSHOT                              [1/19]
[INFO] --------------------------------[ pom ]---------------------------------
[INFO] 
[INFO] --- maven-enforcer-plugin:1.4.1:enforce (enforce-maven-version) @ ratis ---
[INFO] 
[INFO] --- maven-enforcer-plugin:1.4.1:enforce (default) @ ratis ---
[INFO] 
[INFO] --- build-helper-maven-plugin:1.9:add-source (add-source) @ ratis ---
[INFO] Source directory: /home/runner/work/ratis/ratis/target/generated-sources added.
[INFO] 
[INFO] --- maven-remote-resources-plugin:1.7.0:process (process-resource-bundles) @ ratis ---
[INFO] Preparing remote bundle org.apache:apache-jar-resource-bundle:1.4
[INFO] Copying 3 resources from 1 bundle.
[INFO] 
[INFO] --- buildnumber-maven-plugin:1.4:create-metadata (default) @ ratis ---
[INFO] Executing: /bin/sh -c cd '/home/runner/work/ratis/ratis' && 'git' 'rev-parse' '--verify' 'HEAD'
[INFO] Working directory: /home/runner/work/ratis/ratis
[INFO] 
[INFO] --------------------< org.apache.ratis:ratis-docs >---------------------
[INFO] Building Apache Ratis Documentation 3.0.0-SNAPSHOT                [2/19]
[INFO] --------------------------------[ jar ]---------------------------------
[INFO] 
[INFO] --- build-helper-maven-plugin:1.9:add-source (add-source) @ ratis-docs ---
[INFO] Source directory: /home/runner/work/ratis/ratis/ratis-docs/target/generated-sources added.
[INFO] 
[INFO] --- maven-remote-resources-plugin:1.7.0:process (process-resource-bundles) @ ratis-docs ---
[INFO] Preparing remote bundle org.apache:apache-jar-resource-bundle:1.4
[INFO] Copying 3 resources from 1 bundle.
[INFO] 
[INFO] --- buildnumber-maven-plugin:1.4:create-metadata (default) @ ratis-docs ---
[INFO] Executing: /bin/sh -c cd '/home/runner/work/ratis/ratis/ratis-docs' && 'git' 'rev-parse' '--verify' 'HEAD'
[INFO] Working directory: /home/runner/work/ratis/ratis/ratis-docs
[INFO] 
[INFO] --- maven-resources-plugin:3.1.0:resources (default-resources) @ ratis-docs ---
[INFO] Using 'UTF-8' encoding to copy filtered resources.
[INFO] skip non existing resourceDirectory /home/runner/work/ratis/ratis/ratis-docs/src/main/resources
[INFO] Copying 3 resources
[INFO] 
[INFO] --- maven-compiler-plugin:3.8.1:compile (default-compile) @ ratis-docs ---
[INFO] No sources to compile
[INFO] 
[INFO] --- maven-resources-plugin:3.1.0:testResources (default-testResources) @ ratis-docs ---
[INFO] Using 'UTF-8' encoding to copy filtered resources.
[INFO] skip non existing resourceDirectory /home/runner/work/ratis/ratis/ratis-docs/src/test/resources
[INFO] Copying 3 resources
[INFO] 
[INFO] --- maven-compiler-plugin:3.8.1:testCompile (default-testCompile) @ ratis-docs ---
[INFO] No sources to compile
[INFO] 
[INFO] --- maven-surefire-plugin:3.0.0-M1:test (default-test) @ ratis-docs ---
[INFO] 
[INFO] --------------------< org.apache.ratis:ratis-proto >--------------------
[INFO] Building Apache Ratis Protocols 3.0.0-SNAPSHOT                    [3/19]
[INFO] --------------------------------[ jar ]---------------------------------
[INFO] Downloading from apache.snapshots.https: https://repository.apache.org/content/repositories/snapshots/org/apache/ratis/ratis-thirdparty-misc/1.0.2/ratis-thirdparty-misc-1.0.2.pom
[INFO] Downloading from repository.jboss.org: https://repository.jboss.org/nexus/content/groups/public/org/apache/ratis/ratis-thirdparty-misc/1.0.2/ratis-thirdparty-misc-1.0.2.pom
[INFO] Downloading from central: https://repo.maven.apache.org/maven2/org/apache/ratis/ratis-thirdparty-misc/1.0.2/ratis-thirdparty-misc-1.0.2.pom
[INFO] Downloaded from central: https://repo.maven.apache.org/maven2/org/apache/ratis/ratis-thirdparty-misc/1.0.2/ratis-thirdparty-misc-1.0.2.pom (13 kB at 158 kB/s)
[INFO] Downloading from apache.snapshots.https: https://repository.apache.org/content/repositories/snapshots/org/apache/ratis/ratis-thirdparty/1.0.2/ratis-thirdparty-1.0.2.pom
[INFO] Downloading from repository.jboss.org: https://repository.jboss.org/nexus/content/groups/public/org/apache/ratis/ratis-thirdparty/1.0.2/ratis-thirdparty-1.0.2.pom
[INFO] Downloading from central: https://repo.maven.apache.org/maven2/org/apache/ratis/ratis-thirdparty/1.0.2/ratis-thirdparty-1.0.2.pom
[INFO] Downloaded from central: https://repo.maven.apache.org/maven2/org/apache/ratis/ratis-thirdparty/1.0.2/ratis-thirdparty-1.0.2.pom (16 kB at 857 kB/s)
[INFO] Downloading from apache.snapshots.https: https://repository.apache.org/content/repositories/snapshots/org/apache/ratis/ratis-thirdparty-misc/1.0.2/ratis-thirdparty-misc-1.0.2.jar
[INFO] Downloading from repository.jboss.org: https://repository.jboss.org/nexus/content/groups/public/org/apache/ratis/ratis-thirdparty-misc/1.0.2/ratis-thirdparty-misc-1.0.2.jar
[INFO] Downloading from central: https://repo.maven.apache.org/maven2/org/apache/ratis/ratis-thirdparty-misc/1.0.2/ratis-thirdparty-misc-1.0.2.jar
[INFO] Downloaded from central: https://repo.maven.apache.org/maven2/org/apache/ratis/ratis-thirdparty-misc/1.0.2/ratis-thirdparty-misc-1.0.2.jar (17 MB at 24 MB/s)
[INFO] 
[INFO] --- build-helper-maven-plugin:1.9:add-source (add-source) @ ratis-proto ---
[INFO] Source directory: /home/runner/work/ratis/ratis/ratis-proto/target/generated-sources added.
[INFO] 
[INFO] --- protobuf-maven-plugin:0.5.1:compile (compile-protobuf) @ ratis-proto ---
[INFO] Compiling 6 proto file(s) to /home/runner/work/ratis/ratis/ratis-proto/target/generated-sources
[INFO] 
[INFO] --- protobuf-maven-plugin:0.5.1:compile-custom (compile-grpc) @ ratis-proto ---
[INFO] Compiling 6 proto file(s) to /home/runner/work/ratis/ratis/ratis-proto/target/generated-sources
[INFO] 
[INFO] --- replacer:1.5.3:replace (default) @ ratis-proto ---
[INFO] Replacement run on 10 files.
[INFO] 
[INFO] --- maven-remote-resources-plugin:1.7.0:process (process-resource-bundles) @ ratis-proto ---
[INFO] Preparing remote bundle org.apache:apache-jar-resource-bundle:1.4
[INFO] Copying 3 resources from 1 bundle.
[INFO] 
[INFO] --- buildnumber-maven-plugin:1.4:create-metadata (default) @ ratis-proto ---
[INFO] Executing: /bin/sh -c cd '/home/runner/work/ratis/ratis/ratis-proto' && 'git' 'rev-parse' '--verify' 'HEAD'
[INFO] Working directory: /home/runner/work/ratis/ratis/ratis-proto
[INFO] 
[INFO] --- maven-resources-plugin:3.1.0:resources (default-resources) @ ratis-proto ---
[INFO] Using 'UTF-8' encoding to copy filtered resources.
[INFO] skip non existing resourceDirectory /home/runner/work/ratis/ratis/ratis-proto/src/main/resources
[INFO] Copying 6 resources
[INFO] Copying 6 resources
[INFO] Copying 3 resources
[INFO] 
[INFO] --- maven-compiler-plugin:3.8.1:compile (default-compile) @ ratis-proto ---
[INFO] Compiling 10 source files to /home/runner/work/ratis/ratis/ratis-proto/target/classes
[INFO] 
[INFO] --- maven-jar-plugin:3.2.0:jar (default-jar) @ ratis-proto ---
[INFO] Building jar: /home/runner/work/ratis/ratis/ratis-proto/target/ratis-proto-3.0.0-SNAPSHOT.jar
[INFO] 
[INFO] --- maven-resources-plugin:3.1.0:testResources (default-testResources) @ ratis-proto ---
[INFO] Using 'UTF-8' encoding to copy filtered resources.
[INFO] skip non existing resourceDirectory /home/runner/work/ratis/ratis/ratis-proto/src/test/resources
[INFO] Copying 3 resources
[INFO] 
[INFO] --- maven-compiler-plugin:3.8.1:testCompile (default-testCompile) @ ratis-proto ---
[INFO] No sources to compile
[INFO] 
[INFO] --- maven-surefire-plugin:3.0.0-M1:test (default-test) @ ratis-proto ---
[INFO] 
[INFO] -------------------< org.apache.ratis:ratis-common >--------------------
[INFO] Building Apache Ratis Common 3.0.0-SNAPSHOT                       [4/19]
[INFO] --------------------------------[ jar ]---------------------------------
[INFO] 
[INFO] --- build-helper-maven-plugin:1.9:add-source (add-source) @ ratis-common ---
[INFO] Source directory: /home/runner/work/ratis/ratis/ratis-common/target/generated-sources added.
[INFO] 
[INFO] --- maven-remote-resources-plugin:1.7.0:process (process-resource-bundles) @ ratis-common ---
[INFO] Preparing remote bundle org.apache:apache-jar-resource-bundle:1.4
[INFO] Copying 3 resources from 1 bundle.
[INFO] 
[INFO] --- buildnumber-maven-plugin:1.4:create-metadata (default) @ ratis-common ---
[INFO] Executing: /bin/sh -c cd '/home/runner/work/ratis/ratis/ratis-common' && 'git' 'rev-parse' '--verify' 'HEAD'
[INFO] Working directory: /home/runner/work/ratis/ratis/ratis-common
[INFO] 
[INFO] --- maven-resources-plugin:3.1.0:resources (default-resources) @ ratis-common ---
[INFO] Using 'UTF-8' encoding to copy filtered resources.
[INFO] skip non existing resourceDirectory /home/runner/work/ratis/ratis/ratis-common/src/main/resources
[INFO] Copying 3 resources
[INFO] 
[INFO] --- maven-compiler-plugin:3.8.1:compile (default-compile) @ ratis-common ---
[INFO] Compiling 136 source files to /home/runner/work/ratis/ratis/ratis-common/target/classes
[INFO] 
[INFO] --- maven-resources-plugin:3.1.0:testResources (default-testResources) @ ratis-common ---
[INFO] Using 'UTF-8' encoding to copy filtered resources.
[INFO] Copying 1 resource
[INFO] Copying 3 resources
[INFO] 
[INFO] --- maven-compiler-plugin:3.8.1:testCompile (default-testCompile) @ ratis-common ---
[INFO] Compiling 7 source files to /home/runner/work/ratis/ratis/ratis-common/target/test-classes
[INFO] 
[INFO] --- maven-surefire-plugin:3.0.0-M1:test (default-test) @ ratis-common ---
[INFO] 
[INFO] -------------------< org.apache.ratis:ratis-client >--------------------
[INFO] Building Apache Ratis Client 3.0.0-SNAPSHOT                       [5/19]
[INFO] --------------------------------[ jar ]---------------------------------
[INFO] 
[INFO] --- build-helper-maven-plugin:1.9:add-source (add-source) @ ratis-client ---
[INFO] Source directory: /home/runner/work/ratis/ratis/ratis-client/target/generated-sources added.
[INFO] 
[INFO] --- maven-remote-resources-plugin:1.7.0:process (process-resource-bundles) @ ratis-client ---
[INFO] Preparing remote bundle org.apache:apache-jar-resource-bundle:1.4
[INFO] Copying 3 resources from 1 bundle.
[INFO] 
[INFO] --- buildnumber-maven-plugin:1.4:create-metadata (default) @ ratis-client ---
[INFO] Executing: /bin/sh -c cd '/home/runner/work/ratis/ratis/ratis-client' && 'git' 'rev-parse' '--verify' 'HEAD'
[INFO] Working directory: /home/runner/work/ratis/ratis/ratis-client
[INFO] 
[INFO] --- maven-resources-plugin:3.1.0:resources (default-resources) @ ratis-client ---
[INFO] Using 'UTF-8' encoding to copy filtered resources.
[INFO] skip non existing resourceDirectory /home/runner/work/ratis/ratis/ratis-client/src/main/resources
[INFO] Copying 3 resources
[INFO] 
[INFO] --- maven-compiler-plugin:3.8.1:compile (default-compile) @ ratis-client ---
[INFO] Compiling 40 source files to /home/runner/work/ratis/ratis/ratis-client/target/classes
[INFO] 
[INFO] --- maven-resources-plugin:3.1.0:testResources (default-testResources) @ ratis-client ---
[INFO] Using 'UTF-8' encoding to copy filtered resources.
[INFO] skip non existing resourceDirectory /home/runner/work/ratis/ratis/ratis-client/src/test/resources
[INFO] Copying 3 resources
[INFO] 
[INFO] --- maven-compiler-plugin:3.8.1:testCompile (default-testCompile) @ ratis-client ---
[INFO] No sources to compile
[INFO] 
[INFO] --- maven-surefire-plugin:3.0.0-M1:test (default-test) @ ratis-client ---
[INFO] 
[INFO] -----------------< org.apache.ratis:ratis-server-api >------------------
[INFO] Building Apache Ratis Server API 3.0.0-SNAPSHOT                   [6/19]
[INFO] --------------------------------[ jar ]---------------------------------
[INFO] 
[INFO] --- build-helper-maven-plugin:1.9:add-source (add-source) @ ratis-server-api ---
[INFO] Source directory: /home/runner/work/ratis/ratis/ratis-server-api/target/generated-sources added.
[INFO] 
[INFO] --- maven-remote-resources-plugin:1.7.0:process (process-resource-bundles) @ ratis-server-api ---
[INFO] Preparing remote bundle org.apache:apache-jar-resource-bundle:1.4
[INFO] Copying 3 resources from 1 bundle.
[INFO] 
[INFO] --- buildnumber-maven-plugin:1.4:create-metadata (default) @ ratis-server-api ---
[INFO] Executing: /bin/sh -c cd '/home/runner/work/ratis/ratis/ratis-server-api' && 'git' 'rev-parse' '--verify' 'HEAD'
[INFO] Working directory: /home/runner/work/ratis/ratis/ratis-server-api
[INFO] 
[INFO] --- maven-resources-plugin:3.1.0:resources (default-resources) @ ratis-server-api ---
[INFO] Using 'UTF-8' encoding to copy filtered resources.
[INFO] skip non existing resourceDirectory /home/runner/work/ratis/ratis/ratis-server-api/src/main/resources
[INFO] Copying 3 resources
[INFO] 
[INFO] --- maven-compiler-plugin:3.8.1:compile (default-compile) @ ratis-server-api ---
[INFO] Compiling 37 source files to /home/runner/work/ratis/ratis/ratis-server-api/target/classes
[INFO] 
[INFO] --- maven-resources-plugin:3.1.0:testResources (default-testResources) @ ratis-server-api ---
[INFO] Using 'UTF-8' encoding to copy filtered resources.
[INFO] skip non existing resourceDirectory /home/runner/work/ratis/ratis/ratis-server-api/src/test/resources
[INFO] Copying 3 resources
[INFO] 
[INFO] --- maven-compiler-plugin:3.8.1:testCompile (default-testCompile) @ ratis-server-api ---
[INFO] No sources to compile
[INFO] 
[INFO] --- maven-surefire-plugin:3.0.0-M1:test (default-test) @ ratis-server-api ---
[INFO] 
[INFO] -----------------< org.apache.ratis:ratis-metrics-api >-----------------
[INFO] Building Apache Ratis Metrics API 3.0.0-SNAPSHOT                  [7/19]
[INFO] --------------------------------[ jar ]---------------------------------
[INFO] 
[INFO] --- build-helper-maven-plugin:1.9:add-source (add-source) @ ratis-metrics-api ---
[INFO] Source directory: /home/runner/work/ratis/ratis/ratis-metrics-api/target/generated-sources added.
[INFO] 
[INFO] --- maven-remote-resources-plugin:1.7.0:process (process-resource-bundles) @ ratis-metrics-api ---
[INFO] Preparing remote bundle org.apache:apache-jar-resource-bundle:1.4
[INFO] Copying 3 resources from 1 bundle.
[INFO] 
[INFO] --- buildnumber-maven-plugin:1.4:create-metadata (default) @ ratis-metrics-api ---
[INFO] Executing: /bin/sh -c cd '/home/runner/work/ratis/ratis/ratis-metrics-api' && 'git' 'rev-parse' '--verify' 'HEAD'
[INFO] Working directory: /home/runner/work/ratis/ratis/ratis-metrics-api
[INFO] 
[INFO] --- maven-resources-plugin:3.1.0:resources (default-resources) @ ratis-metrics-api ---
[INFO] Using 'UTF-8' encoding to copy filtered resources.
[INFO] skip non existing resourceDirectory /home/runner/work/ratis/ratis/ratis-metrics-api/src/main/resources
[INFO] Copying 3 resources
[INFO] 
[INFO] --- maven-compiler-plugin:3.8.1:compile (default-compile) @ ratis-metrics-api ---
[INFO] Compiling 8 source files to /home/runner/work/ratis/ratis/ratis-metrics-api/target/classes
[INFO] 
[INFO] --- maven-resources-plugin:3.1.0:testResources (default-testResources) @ ratis-metrics-api ---
[INFO] Using 'UTF-8' encoding to copy filtered resources.
[INFO] skip non existing resourceDirectory /home/runner/work/ratis/ratis/ratis-metrics-api/src/test/resources
[INFO] Copying 3 resources
[INFO] 
[INFO] --- maven-compiler-plugin:3.8.1:testCompile (default-testCompile) @ ratis-metrics-api ---
[INFO] No sources to compile
[INFO] 
[INFO] --- maven-surefire-plugin:3.0.0-M1:test (default-test) @ ratis-metrics-api ---
[INFO] 
[INFO] ---------------< org.apache.ratis:ratis-metrics-default >---------------
[INFO] Building Apache Ratis Metrics Default Implementation 3.0.0-SNAPSHOT [8/19]
[INFO] --------------------------------[ jar ]---------------------------------
[INFO] 
[INFO] --- build-helper-maven-plugin:1.9:add-source (add-source) @ ratis-metrics-default ---
[INFO] Source directory: /home/runner/work/ratis/ratis/ratis-metrics-default/target/generated-sources added.
[INFO] 
[INFO] --- maven-remote-resources-plugin:1.7.0:process (process-resource-bundles) @ ratis-metrics-default ---
[INFO] Preparing remote bundle org.apache:apache-jar-resource-bundle:1.4
[INFO] Copying 3 resources from 1 bundle.
[INFO] 
[INFO] --- buildnumber-maven-plugin:1.4:create-metadata (default) @ ratis-metrics-default ---
[INFO] Executing: /bin/sh -c cd '/home/runner/work/ratis/ratis/ratis-metrics-default' && 'git' 'rev-parse' '--verify' 'HEAD'
[INFO] Working directory: /home/runner/work/ratis/ratis/ratis-metrics-default
[INFO] 
[INFO] --- maven-resources-plugin:3.1.0:resources (default-resources) @ ratis-metrics-default ---
[INFO] Using 'UTF-8' encoding to copy filtered resources.
[INFO] Copying 1 resource
[INFO] Copying 3 resources
[INFO] 
[INFO] --- maven-compiler-plugin:3.8.1:compile (default-compile) @ ratis-metrics-default ---
[INFO] Compiling 8 source files to /home/runner/work/ratis/ratis/ratis-metrics-default/target/classes
[INFO] 
[INFO] --- maven-resources-plugin:3.1.0:testResources (default-testResources) @ ratis-metrics-default ---
[INFO] Using 'UTF-8' encoding to copy filtered resources.
[INFO] skip non existing resourceDirectory /home/runner/work/ratis/ratis/ratis-metrics-default/src/test/resources
[INFO] Copying 3 resources
[INFO] 
[INFO] --- maven-compiler-plugin:3.8.1:testCompile (default-testCompile) @ ratis-metrics-default ---
[INFO] Compiling 2 source files to /home/runner/work/ratis/ratis/ratis-metrics-default/target/test-classes
[INFO] 
[INFO] --- maven-surefire-plugin:3.0.0-M1:test (default-test) @ ratis-metrics-default ---
[INFO] 
[INFO] -------------------< org.apache.ratis:ratis-server >--------------------
[INFO] Building Apache Ratis Server 3.0.0-SNAPSHOT                       [9/19]
[INFO] --------------------------------[ jar ]---------------------------------
[INFO] 
[INFO] --- build-helper-maven-plugin:1.9:add-source (add-source) @ ratis-server ---
[INFO] Source directory: /home/runner/work/ratis/ratis/ratis-server/target/generated-sources added.
[INFO] 
[INFO] --- maven-remote-resources-plugin:1.7.0:process (process-resource-bundles) @ ratis-server ---
[INFO] Preparing remote bundle org.apache:apache-jar-resource-bundle:1.4
[INFO] Copying 3 resources from 1 bundle.
[INFO] 
[INFO] --- buildnumber-maven-plugin:1.4:create-metadata (default) @ ratis-server ---
[INFO] Executing: /bin/sh -c cd '/home/runner/work/ratis/ratis/ratis-server' && 'git' 'rev-parse' '--verify' 'HEAD'
[INFO] Working directory: /home/runner/work/ratis/ratis/ratis-server
[INFO] 
[INFO] --- maven-resources-plugin:3.1.0:resources (default-resources) @ ratis-server ---
[INFO] Using 'UTF-8' encoding to copy filtered resources.
[INFO] skip non existing resourceDirectory /home/runner/work/ratis/ratis/ratis-server/src/main/resources
[INFO] Copying 3 resources
[INFO] 
[INFO] --- maven-compiler-plugin:3.8.1:compile (default-compile) @ ratis-server ---
[INFO] Compiling 69 source files to /home/runner/work/ratis/ratis/ratis-server/target/classes
[WARNING] /home/runner/work/ratis/ratis/ratis-server/src/main/java/org/apache/ratis/server/impl/LeaderStateImpl.java:[1218,44] [deprecation] notifyFollowerSlowness(RoleInfoProto) in LeaderEventApi has been deprecated
[INFO] 
[INFO] --- maven-resources-plugin:3.1.0:testResources (default-testResources) @ ratis-server ---
[INFO] Using 'UTF-8' encoding to copy filtered resources.
[INFO] skip non existing resourceDirectory /home/runner/work/ratis/ratis/ratis-server/src/test/resources
[INFO] Copying 3 resources
[INFO] 
[INFO] --- maven-compiler-plugin:3.8.1:testCompile (default-testCompile) @ ratis-server ---
[INFO] Compiling 46 source files to /home/runner/work/ratis/ratis/ratis-server/target/test-classes
[INFO] 
[INFO] --- maven-surefire-plugin:3.0.0-M1:test (default-test) @ ratis-server ---
[INFO] 
[INFO] ---------------< org.apache.ratis:ratis-resource-bundle >---------------
[INFO] Building Apache Ratis - Resource Bundle 3.0.0-SNAPSHOT           [10/19]
[INFO] --------------------------------[ jar ]---------------------------------
[INFO] 
[INFO] --- build-helper-maven-plugin:1.9:add-source (add-source) @ ratis-resource-bundle ---
[INFO] Source directory: /home/runner/work/ratis/ratis/ratis-resource-bundle/target/generated-sources added.
[INFO] 
[INFO] --- maven-remote-resources-plugin:1.7.0:process (process-resource-bundles) @ ratis-resource-bundle ---
[INFO] Preparing remote bundle org.apache:apache-jar-resource-bundle:1.4
[INFO] Copying 3 resources from 1 bundle.
[INFO] 
[INFO] --- maven-remote-resources-plugin:1.7.0:bundle (build-ratis-resource-bundle) @ ratis-resource-bundle ---
[INFO] Writing META-INF/maven/remote-resources.xml descriptor with 2 entries
[INFO] 
[INFO] --- buildnumber-maven-plugin:1.4:create-metadata (default) @ ratis-resource-bundle ---
[INFO] Executing: /bin/sh -c cd '/home/runner/work/ratis/ratis/ratis-resource-bundle' && 'git' 'rev-parse' '--verify' 'HEAD'
[INFO] Working directory: /home/runner/work/ratis/ratis/ratis-resource-bundle
[INFO] 
[INFO] --- maven-resources-plugin:3.1.0:resources (default-resources) @ ratis-resource-bundle ---
[INFO] Using 'UTF-8' encoding to copy filtered resources.
[INFO] Copying 3 resources
[INFO] Copying 3 resources
[INFO] 
[INFO] --- maven-compiler-plugin:3.8.1:compile (default-compile) @ ratis-resource-bundle ---
[INFO] No sources to compile
[INFO] 
[INFO] --- maven-resources-plugin:3.1.0:testResources (default-testResources) @ ratis-resource-bundle ---
[INFO] Not copying test resources
[INFO] 
[INFO] --- maven-compiler-plugin:3.8.1:testCompile (default-testCompile) @ ratis-resource-bundle ---
[INFO] Not compiling test sources
[INFO] 
[INFO] --- maven-surefire-plugin:3.0.0-M1:test (default-test) @ ratis-resource-bundle ---
[INFO] Tests are skipped.
[INFO] 
[INFO] --------------------< org.apache.ratis:ratis-grpc >---------------------
[INFO] Building Apache Ratis gRPC Support 3.0.0-SNAPSHOT                [11/19]
[INFO] --------------------------------[ jar ]---------------------------------
[INFO] 
[INFO] --- build-helper-maven-plugin:1.9:add-source (add-source) @ ratis-grpc ---
[INFO] Source directory: /home/runner/work/ratis/ratis/ratis-grpc/target/generated-sources added.
[INFO] 
[INFO] --- maven-remote-resources-plugin:1.7.0:process (process-resource-bundles) @ ratis-grpc ---
[INFO] Preparing remote bundle org.apache:apache-jar-resource-bundle:1.4
[INFO] Copying 3 resources from 1 bundle.
[INFO] 
[INFO] --- buildnumber-maven-plugin:1.4:create-metadata (default) @ ratis-grpc ---
[INFO] Executing: /bin/sh -c cd '/home/runner/work/ratis/ratis/ratis-grpc' && 'git' 'rev-parse' '--verify' 'HEAD'
[INFO] Working directory: /home/runner/work/ratis/ratis/ratis-grpc
[INFO] 
[INFO] --- maven-resources-plugin:3.1.0:resources (default-resources) @ ratis-grpc ---
[INFO] Using 'UTF-8' encoding to copy filtered resources.
[INFO] skip non existing resourceDirectory /home/runner/work/ratis/ratis/ratis-grpc/src/main/resources
[INFO] Copying 3 resources
[INFO] 
[INFO] --- maven-compiler-plugin:3.8.1:compile (default-compile) @ ratis-grpc ---
[INFO] Compiling 21 source files to /home/runner/work/ratis/ratis/ratis-grpc/target/classes
[INFO] 
[INFO] --- maven-resources-plugin:3.1.0:testResources (default-testResources) @ ratis-grpc ---
[INFO] Using 'UTF-8' encoding to copy filtered resources.
[INFO] skip non existing resourceDirectory /home/runner/work/ratis/ratis/ratis-grpc/src/test/resources
[INFO] Copying 3 resources
[INFO] 
[INFO] --- maven-compiler-plugin:3.8.1:testCompile (default-testCompile) @ ratis-grpc ---
[INFO] Compiling 1 source file to /home/runner/work/ratis/ratis/ratis-grpc/target/test-classes
[INFO] 
[INFO] --- maven-surefire-plugin:3.0.0-M1:test (default-test) @ ratis-grpc ---
[INFO] 
[INFO] -------------------------------------------------------
[INFO]  T E S T S
[INFO] -------------------------------------------------------
[INFO] 
[INFO] Results:
[INFO] 
[INFO] Tests run: 0, Failures: 0, Errors: 0, Skipped: 0
[INFO] 
[INFO] 
[INFO] --------------------< org.apache.ratis:ratis-netty >--------------------
[INFO] Building Apache Ratis Netty Support 3.0.0-SNAPSHOT               [12/19]
[INFO] --------------------------------[ jar ]---------------------------------
[INFO] 
[INFO] --- build-helper-maven-plugin:1.9:add-source (add-source) @ ratis-netty ---
[INFO] Source directory: /home/runner/work/ratis/ratis/ratis-netty/target/generated-sources added.
[INFO] 
[INFO] --- maven-remote-resources-plugin:1.7.0:process (process-resource-bundles) @ ratis-netty ---
[INFO] Preparing remote bundle org.apache:apache-jar-resource-bundle:1.4
[INFO] Copying 3 resources from 1 bundle.
[INFO] 
[INFO] --- buildnumber-maven-plugin:1.4:create-metadata (default) @ ratis-netty ---
[INFO] Executing: /bin/sh -c cd '/home/runner/work/ratis/ratis/ratis-netty' && 'git' 'rev-parse' '--verify' 'HEAD'
[INFO] Working directory: /home/runner/work/ratis/ratis/ratis-netty
[INFO] 
[INFO] --- maven-resources-plugin:3.1.0:resources (default-resources) @ ratis-netty ---
[INFO] Using 'UTF-8' encoding to copy filtered resources.
[INFO] skip non existing resourceDirectory /home/runner/work/ratis/ratis/ratis-netty/src/main/resources
[INFO] Copying 3 resources
[INFO] 
[INFO] --- maven-compiler-plugin:3.8.1:compile (default-compile) @ ratis-netty ---
[INFO] Compiling 14 source files to /home/runner/work/ratis/ratis/ratis-netty/target/classes
[INFO] 
[INFO] --- maven-resources-plugin:3.1.0:testResources (default-testResources) @ ratis-netty ---
[INFO] Using 'UTF-8' encoding to copy filtered resources.
[INFO] skip non existing resourceDirectory /home/runner/work/ratis/ratis/ratis-netty/src/test/resources
[INFO] Copying 3 resources
[INFO] 
[INFO] --- maven-compiler-plugin:3.8.1:testCompile (default-testCompile) @ ratis-netty ---
[INFO] Compiling 1 source file to /home/runner/work/ratis/ratis/ratis-netty/target/test-classes
[INFO] 
[INFO] --- maven-surefire-plugin:3.0.0-M1:test (default-test) @ ratis-netty ---
[INFO] 
[INFO] --------------------< org.apache.ratis:ratis-shell >--------------------
[INFO] Building Apache Ratis Shell 3.0.0-SNAPSHOT                       [13/19]
[INFO] --------------------------------[ jar ]---------------------------------
[INFO] 
[INFO] --- build-helper-maven-plugin:1.9:add-source (add-source) @ ratis-shell ---
[INFO] Source directory: /home/runner/work/ratis/ratis/ratis-shell/target/generated-sources added.
[INFO] 
[INFO] --- maven-remote-resources-plugin:1.7.0:process (process-resource-bundles) @ ratis-shell ---
[INFO] Preparing remote bundle org.apache:apache-jar-resource-bundle:1.4
[INFO] Copying 3 resources from 1 bundle.
[INFO] 
[INFO] --- buildnumber-maven-plugin:1.4:create-metadata (default) @ ratis-shell ---
[INFO] Executing: /bin/sh -c cd '/home/runner/work/ratis/ratis/ratis-shell' && 'git' 'rev-parse' '--verify' 'HEAD'
[INFO] Working directory: /home/runner/work/ratis/ratis/ratis-shell
[INFO] 
[INFO] --- maven-resources-plugin:3.1.0:resources (default-resources) @ ratis-shell ---
[INFO] Using 'UTF-8' encoding to copy filtered resources.
[INFO] skip non existing resourceDirectory /home/runner/work/ratis/ratis/ratis-shell/src/main/resources
[INFO] Copying 3 resources
[INFO] 
[INFO] --- maven-compiler-plugin:3.8.1:compile (default-compile) @ ratis-shell ---
[INFO] Compiling 21 source files to /home/runner/work/ratis/ratis/ratis-shell/target/classes
[INFO] 
[INFO] --- maven-resources-plugin:3.1.0:testResources (default-testResources) @ ratis-shell ---
[INFO] Using 'UTF-8' encoding to copy filtered resources.
[INFO] skip non existing resourceDirectory /home/runner/work/ratis/ratis/ratis-shell/src/test/resources
[INFO] Copying 3 resources
[INFO] 
[INFO] --- maven-compiler-plugin:3.8.1:testCompile (default-testCompile) @ ratis-shell ---
[INFO] No sources to compile
[INFO] 
[INFO] --- maven-surefire-plugin:3.0.0-M1:test (default-test) @ ratis-shell ---
[INFO] 
[INFO] --------------------< org.apache.ratis:ratis-test >---------------------
[INFO] Building Apache Ratis Test 3.0.0-SNAPSHOT                        [14/19]
[INFO] --------------------------------[ jar ]---------------------------------
[INFO] 
[INFO] --- build-helper-maven-plugin:1.9:add-source (add-source) @ ratis-test ---
[INFO] Source directory: /home/runner/work/ratis/ratis/ratis-test/target/generated-sources added.
[INFO] 
[INFO] --- maven-remote-resources-plugin:1.7.0:process (process-resource-bundles) @ ratis-test ---
[INFO] Preparing remote bundle org.apache:apache-jar-resource-bundle:1.4
[INFO] Copying 3 resources from 1 bundle.
[INFO] 
[INFO] --- buildnumber-maven-plugin:1.4:create-metadata (default) @ ratis-test ---
[INFO] Executing: /bin/sh -c cd '/home/runner/work/ratis/ratis/ratis-test' && 'git' 'rev-parse' '--verify' 'HEAD'
[INFO] Working directory: /home/runner/work/ratis/ratis/ratis-test
[INFO] 
[INFO] --- maven-resources-plugin:3.1.0:resources (default-resources) @ ratis-test ---
[INFO] Using 'UTF-8' encoding to copy filtered resources.
[INFO] skip non existing resourceDirectory /home/runner/work/ratis/ratis/ratis-test/src/main/resources
[INFO] Copying 3 resources
[INFO] 
[INFO] --- maven-compiler-plugin:3.8.1:compile (default-compile) @ ratis-test ---
[INFO] No sources to compile
[INFO] 
[INFO] --- maven-resources-plugin:3.1.0:testResources (default-testResources) @ ratis-test ---
[INFO] Using 'UTF-8' encoding to copy filtered resources.
[INFO] Copying 13 resources
[INFO] Copying 3 resources
[INFO] 
[INFO] --- maven-compiler-plugin:3.8.1:testCompile (default-testCompile) @ ratis-test ---
[INFO] Compiling 122 source files to /home/runner/work/ratis/ratis/ratis-test/target/test-classes
[WARNING] /home/runner/work/ratis/ratis/ratis-test/src/test/java/org/apache/ratis/server/raftlog/segmented/TestSegmentedRaftLog.java:[715,27] [deprecation] append(LogEntryProto...) in RaftLogSequentialOps has been deprecated
[WARNING] /home/runner/work/ratis/ratis/ratis-test/src/test/java/org/apache/ratis/datastream/TestDataStreamDisabled.java:[35,62] [deprecation] none() in ExpectedException has been deprecated
[INFO] 
[INFO] --- maven-surefire-plugin:3.0.0-M1:test (default-test) @ ratis-test ---
[INFO] 
[INFO] -------------------------------------------------------
[INFO]  T E S T S
[INFO] -------------------------------------------------------
[INFO] Running org.apache.ratis.grpc.TestLeaderInstallSnapshot
[INFO] Tests run: 2, Failures: 0, Errors: 0, Skipped: 0, Time elapsed: 4.839 s - in org.apache.ratis.grpc.TestLeaderInstallSnapshot
[INFO] Running org.apache.ratis.grpc.TestGrpcFactory
[INFO] Tests run: 1, Failures: 0, Errors: 0, Skipped: 0, Time elapsed: 0.327 s - in org.apache.ratis.grpc.TestGrpcFactory
[INFO] Running org.apache.ratis.grpc.TestGroupInfoWithGrpc
[INFO] Tests run: 1, Failures: 0, Errors: 0, Skipped: 0, Time elapsed: 3.333 s - in org.apache.ratis.grpc.TestGroupInfoWithGrpc
[INFO] Running org.apache.ratis.grpc.TestStateMachineShutdownWithGrpc
[INFO] Tests run: 1, Failures: 0, Errors: 0, Skipped: 0, Time elapsed: 2.912 s - in org.apache.ratis.grpc.TestStateMachineShutdownWithGrpc
[INFO] Running org.apache.ratis.grpc.TestRaftWithGrpc
[INFO] Tests run: 16, Failures: 0, Errors: 0, Skipped: 0, Time elapsed: 121.115 s - in org.apache.ratis.grpc.TestRaftWithGrpc
[INFO] Running org.apache.ratis.grpc.TestWatchRequestWithGrpc
[INFO] Tests run: 4, Failures: 0, Errors: 0, Skipped: 0, Time elapsed: 38.923 s - in org.apache.ratis.grpc.TestWatchRequestWithGrpc
[INFO] Running org.apache.ratis.grpc.server.TestGrpcServerMetrics
[INFO] Tests run: 5, Failures: 0, Errors: 0, Skipped: 0, Time elapsed: 3.686 s - in org.apache.ratis.grpc.server.TestGrpcServerMetrics
[INFO] Running org.apache.ratis.grpc.TestRequestLimitAsyncWithGrpc
[INFO] Tests run: 1, Failures: 0, Errors: 0, Skipped: 0, Time elapsed: 5.323 s - in org.apache.ratis.grpc.TestRequestLimitAsyncWithGrpc
[INFO] Running org.apache.ratis.grpc.TestRetryCacheWithGrpc
[INFO] Tests run: 3, Failures: 0, Errors: 0, Skipped: 0, Time elapsed: 6.852 s - in org.apache.ratis.grpc.TestRetryCacheWithGrpc
[INFO] Running org.apache.ratis.grpc.TestServerRestartWithGrpc
[INFO] Tests run: 5, Failures: 0, Errors: 0, Skipped: 0, Time elapsed: 9.326 s - in org.apache.ratis.grpc.TestServerRestartWithGrpc
[INFO] Running org.apache.ratis.grpc.TestReadOnlyRequestWithLongTimeoutWithGrpc
[INFO] Tests run: 2, Failures: 0, Errors: 0, Skipped: 0, Time elapsed: 23.952 s - in org.apache.ratis.grpc.TestReadOnlyRequestWithLongTimeoutWithGrpc
[INFO] Running org.apache.ratis.grpc.TestLogAppenderWithGrpc
[INFO] Tests run: 10, Failures: 0, Errors: 0, Skipped: 0, Time elapsed: 26.49 s - in org.apache.ratis.grpc.TestLogAppenderWithGrpc
[INFO] Running org.apache.ratis.grpc.cli.TestElectionCommandIntegrationWithGrpc
[INFO] Tests run: 2, Failures: 0, Errors: 0, Skipped: 0, Time elapsed: 12.31 s - in org.apache.ratis.grpc.cli.TestElectionCommandIntegrationWithGrpc
[INFO] Running org.apache.ratis.grpc.cli.TestPeerCommandIntegrationWithGrpc
[INFO] Tests run: 2, Failures: 0, Errors: 0, Skipped: 0, Time elapsed: 7.849 s - in org.apache.ratis.grpc.cli.TestPeerCommandIntegrationWithGrpc
[INFO] Running org.apache.ratis.grpc.cli.TestGroupCommandIntegrationWithGrpc
[INFO] Tests run: 2, Failures: 0, Errors: 0, Skipped: 0, Time elapsed: 3.737 s - in org.apache.ratis.grpc.cli.TestGroupCommandIntegrationWithGrpc
[INFO] Running org.apache.ratis.grpc.cli.TestSnapshotCommandIntegrationWithGrpc
[INFO] Tests run: 1, Failures: 0, Errors: 0, Skipped: 0, Time elapsed: 3.919 s - in org.apache.ratis.grpc.cli.TestSnapshotCommandIntegrationWithGrpc
[INFO] Running org.apache.ratis.grpc.TestRaftReconfigurationWithGrpc
[INFO] Tests run: 17, Failures: 0, Errors: 0, Skipped: 0, Time elapsed: 47.132 s - in org.apache.ratis.grpc.TestRaftReconfigurationWithGrpc
[INFO] Running org.apache.ratis.grpc.TestLeaderElectionWithGrpc
[INFO] Tests run: 20, Failures: 0, Errors: 0, Skipped: 0, Time elapsed: 47.141 s - in org.apache.ratis.grpc.TestLeaderElectionWithGrpc
[INFO] Running org.apache.ratis.grpc.TestRaftExceptionWithGrpc
[INFO] Tests run: 5, Failures: 0, Errors: 0, Skipped: 0, Time elapsed: 5.856 s - in org.apache.ratis.grpc.TestRaftExceptionWithGrpc
[INFO] Running org.apache.ratis.grpc.TestPreAppendLeaderStepDownWithGrpc
[INFO] Tests run: 3, Failures: 0, Errors: 0, Skipped: 0, Time elapsed: 4.204 s - in org.apache.ratis.grpc.TestPreAppendLeaderStepDownWithGrpc
[INFO] Running org.apache.ratis.grpc.TestReadOnlyRequestWithGrpc
[ERROR] Tests run: 6, Failures: 0, Errors: 2, Skipped: 0, Time elapsed: 14.459 s <<< FAILURE! - in org.apache.ratis.grpc.TestReadOnlyRequestWithGrpc
[ERROR] testFollowerLinearizableReadFailWhenLeaderDown(org.apache.ratis.grpc.TestReadOnlyRequestWithGrpc)  Time elapsed: 5.815 s  <<< ERROR!
org.apache.ratis.protocol.exceptions.TimeoutIOException: deadline exceeded after 2.999568278s. [closed=[], open=[[buffered_nanos=7438176, remote_addr=localhost/127.0.0.1:40297]]]
	at org.apache.ratis.grpc.GrpcUtil.tryUnwrapException(GrpcUtil.java:98)
	at org.apache.ratis.grpc.GrpcUtil.unwrapException(GrpcUtil.java:91)
	at org.apache.ratis.grpc.GrpcUtil.unwrapIOException(GrpcUtil.java:152)
	at org.apache.ratis.grpc.client.GrpcClientRpc$1.onError(GrpcClientRpc.java:156)
	at org.apache.ratis.thirdparty.io.grpc.stub.ClientCalls$StreamObserverToCallListenerAdapter.onClose(ClientCalls.java:487)
	at org.apache.ratis.thirdparty.io.grpc.PartialForwardingClientCallListener.onClose(PartialForwardingClientCallListener.java:39)
	at org.apache.ratis.thirdparty.io.grpc.ForwardingClientCallListener.onClose(ForwardingClientCallListener.java:23)
	at org.apache.ratis.grpc.metrics.intercept.client.MetricClientCallListener.onClose(MetricClientCallListener.java:47)
	at org.apache.ratis.thirdparty.io.grpc.internal.DelayedClientCall$DelayedListener$3.run(DelayedClientCall.java:468)
	at org.apache.ratis.thirdparty.io.grpc.internal.DelayedClientCall$DelayedListener.delayOrExecute(DelayedClientCall.java:432)
	at org.apache.ratis.thirdparty.io.grpc.internal.DelayedClientCall$DelayedListener.onClose(DelayedClientCall.java:465)
	at org.apache.ratis.thirdparty.io.grpc.internal.ClientCallImpl.closeObserver(ClientCallImpl.java:562)
	at org.apache.ratis.thirdparty.io.grpc.internal.ClientCallImpl.access$300(ClientCallImpl.java:70)
	at org.apache.ratis.thirdparty.io.grpc.internal.ClientCallImpl$ClientStreamListenerImpl$1StreamClosed.runInternal(ClientCallImpl.java:743)
	at org.apache.ratis.thirdparty.io.grpc.internal.ClientCallImpl$ClientStreamListenerImpl$1StreamClosed.runInContext(ClientCallImpl.java:722)
	at org.apache.ratis.thirdparty.io.grpc.internal.ContextRunnable.run(ContextRunnable.java:37)
	at org.apache.ratis.thirdparty.io.grpc.internal.SerializingExecutor.run(SerializingExecutor.java:133)
	at java.base/java.util.concurrent.ThreadPoolExecutor.runWorker(ThreadPoolExecutor.java:1128)
	at java.base/java.util.concurrent.ThreadPoolExecutor$Worker.run(ThreadPoolExecutor.java:628)
	at java.base/java.lang.Thread.run(Thread.java:829)
Caused by: org.apache.ratis.thirdparty.io.grpc.StatusRuntimeException: DEADLINE_EXCEEDED: deadline exceeded after 2.999568278s. [closed=[], open=[[buffered_nanos=7438176, remote_addr=localhost/127.0.0.1:40297]]]
	at org.apache.ratis.thirdparty.io.grpc.Status.asRuntimeException(Status.java:535)
	... 16 more

[ERROR] testFollowerLinearizableReadRetryWhenLeaderDown(org.apache.ratis.grpc.TestReadOnlyRequestWithGrpc)  Time elapsed: 0.972 s  <<< ERROR!
org.apache.ratis.protocol.exceptions.RaftRetryFailureException: Failed RaftClientRequest:client-D7E9A7C4DC98->s1@group-F0B6C43E7547, cid=64, seq=0, RO, QUERY for 3 attempts with ExceptionDependentRetry(maxAttempts=2147483647; defaultPolicy=NoRetry; map={org.apache.ratis.protocol.exceptions.ReadIndexException->RetryForeverWithSleep(sleepTime = 100ms)})
	at org.apache.ratis.client.impl.RaftClientImpl.noMoreRetries(RaftClientImpl.java:306)
	at org.apache.ratis.client.impl.BlockingImpl.sendRequestWithRetry(BlockingImpl.java:119)
	at org.apache.ratis.client.impl.BlockingImpl.send(BlockingImpl.java:85)
	at org.apache.ratis.client.impl.BlockingImpl.sendReadOnly(BlockingImpl.java:64)
	at org.apache.ratis.client.api.BlockingApi.sendReadOnly(BlockingApi.java:45)
	at org.apache.ratis.ReadOnlyRequestTests.testFollowerLinearizableReadRetryWhenLeaderDown(ReadOnlyRequestTests.java:242)
	at org.apache.ratis.server.impl.MiniRaftCluster$Factory$Get.runWithNewCluster(MiniRaftCluster.java:141)
	at org.apache.ratis.server.impl.MiniRaftCluster$Factory$Get.runWithNewCluster(MiniRaftCluster.java:121)
	at org.apache.ratis.ReadOnlyRequestTests.testFollowerLinearizableReadRetryWhenLeaderDown(ReadOnlyRequestTests.java:218)
	at java.base/jdk.internal.reflect.NativeMethodAccessorImpl.invoke0(Native Method)
	at java.base/jdk.internal.reflect.NativeMethodAccessorImpl.invoke(NativeMethodAccessorImpl.java:62)
	at java.base/jdk.internal.reflect.DelegatingMethodAccessorImpl.invoke(DelegatingMethodAccessorImpl.java:43)
	at java.base/java.lang.reflect.Method.invoke(Method.java:566)
	at org.junit.runners.model.FrameworkMethod$1.runReflectiveCall(FrameworkMethod.java:59)
	at org.junit.internal.runners.model.ReflectiveCallable.run(ReflectiveCallable.java:12)
	at org.junit.runners.model.FrameworkMethod.invokeExplosively(FrameworkMethod.java:56)
	at org.junit.internal.runners.statements.InvokeMethod.evaluate(InvokeMethod.java:17)
	at org.junit.internal.runners.statements.RunBefores.evaluate(RunBefores.java:26)
	at org.junit.internal.runners.statements.RunAfters.evaluate(RunAfters.java:27)
	at org.junit.internal.runners.statements.FailOnTimeout$CallableStatement.call(FailOnTimeout.java:299)
	at org.junit.internal.runners.statements.FailOnTimeout$CallableStatement.call(FailOnTimeout.java:293)
	at java.base/java.util.concurrent.FutureTask.run(FutureTask.java:264)
	at java.base/java.lang.Thread.run(Thread.java:829)
Caused by: java.io.IOException: java.lang.NullPointerException
	at org.apache.ratis.util.IOUtils.asIOException(IOUtils.java:56)
	at org.apache.ratis.grpc.GrpcUtil.tryUnwrapException(GrpcUtil.java:121)
	at org.apache.ratis.grpc.GrpcUtil.unwrapException(GrpcUtil.java:91)
	at org.apache.ratis.grpc.GrpcUtil.unwrapIOException(GrpcUtil.java:152)
	at org.apache.ratis.grpc.client.GrpcClientRpc$1.onError(GrpcClientRpc.java:156)
	at org.apache.ratis.thirdparty.io.grpc.stub.ClientCalls$StreamObserverToCallListenerAdapter.onClose(ClientCalls.java:487)
	at org.apache.ratis.thirdparty.io.grpc.PartialForwardingClientCallListener.onClose(PartialForwardingClientCallListener.java:39)
	at org.apache.ratis.thirdparty.io.grpc.ForwardingClientCallListener.onClose(ForwardingClientCallListener.java:23)
	at org.apache.ratis.grpc.metrics.intercept.client.MetricClientCallListener.onClose(MetricClientCallListener.java:47)
	at org.apache.ratis.thirdparty.io.grpc.internal.ClientCallImpl.closeObserver(ClientCallImpl.java:562)
	at org.apache.ratis.thirdparty.io.grpc.internal.ClientCallImpl.access$300(ClientCallImpl.java:70)
	at org.apache.ratis.thirdparty.io.grpc.internal.ClientCallImpl$ClientStreamListenerImpl$1StreamClosed.runInternal(ClientCallImpl.java:743)
	at org.apache.ratis.thirdparty.io.grpc.internal.ClientCallImpl$ClientStreamListenerImpl$1StreamClosed.runInContext(ClientCallImpl.java:722)
	at org.apache.ratis.thirdparty.io.grpc.internal.ContextRunnable.run(ContextRunnable.java:37)
	at org.apache.ratis.thirdparty.io.grpc.internal.SerializingExecutor.run(SerializingExecutor.java:133)
	at java.base/java.util.concurrent.ThreadPoolExecutor.runWorker(ThreadPoolExecutor.java:1128)
	at java.base/java.util.concurrent.ThreadPoolExecutor$Worker.run(ThreadPoolExecutor.java:628)
	... 1 more
Caused by: java.lang.NullPointerException
	at java.base/jdk.internal.reflect.NativeConstructorAccessorImpl.newInstance0(Native Method)
	at java.base/jdk.internal.reflect.NativeConstructorAccessorImpl.newInstance(NativeConstructorAccessorImpl.java:62)
	at java.base/jdk.internal.reflect.DelegatingConstructorAccessorImpl.newInstance(DelegatingConstructorAccessorImpl.java:45)
	at java.base/java.lang.reflect.Constructor.newInstance(Constructor.java:490)
	at org.apache.ratis.util.ReflectionUtils.instantiateException(ReflectionUtils.java:250)
	at org.apache.ratis.util.ReflectionUtils.instantiateException(ReflectionUtils.java:255)
	at org.apache.ratis.grpc.GrpcUtil.tryUnwrapException(GrpcUtil.java:120)
	... 16 more
Caused by: org.apache.ratis.thirdparty.io.grpc.StatusRuntimeException: INTERNAL
	at org.apache.ratis.thirdparty.io.grpc.Status.asRuntimeException(Status.java:535)
	... 13 more
	Suppressed: java.lang.IllegalStateException: Failed to cast to class java.io.IOException, object=java.lang.NullPointerException
	at org.apache.ratis.client.impl.ClientProtoUtils.toRaftRpcRequestProtoBuilder(ClientProtoUtils.java:115)
	at org.apache.ratis.server.impl.ServerProtoUtils.toReadIndexRequestProto(ServerProtoUtils.java:115)
	at org.apache.ratis.server.impl.RaftServerImpl.sendReadIndexAsync(RaftServerImpl.java:924)
	at org.apache.ratis.server.impl.RaftServerImpl.readAsync(RaftServerImpl.java:947)
	at org.apache.ratis.server.impl.RaftServerImpl.submitClientRequestAsync(RaftServerImpl.java:836)
	at org.apache.ratis.server.impl.RaftServerImpl.lambda$executeSubmitClientRequestAsync$12(RaftServerImpl.java:819)
	at org.apache.ratis.util.JavaUtils.callAsUnchecked(JavaUtils.java:117)
	at org.apache.ratis.server.impl.RaftServerImpl.lambda$executeSubmitClientRequestAsync$13(RaftServerImpl.java:819)
	at java.base/java.util.concurrent.CompletableFuture$AsyncSupply.run(CompletableFuture.java:1700)
	at java.base/java.util.concurrent.ThreadPoolExecutor.runWorker(ThreadPoolExecutor.java:1128)
	at java.base/java.util.concurrent.ThreadPoolExecutor$Worker.run(ThreadPoolExecutor.java:628)
	at java.base/java.lang.Thread.run(Thread.java:829)

		at org.apache.ratis.util.IOUtils.readObject(IOUtils.java:237)
		at org.apache.ratis.util.IOUtils.bytes2Object(IOUtils.java:214)
		at org.apache.ratis.grpc.GrpcUtil.tryUnwrapException(GrpcUtil.java:109)
		at org.apache.ratis.grpc.GrpcUtil.unwrapException(GrpcUtil.java:91)
		at org.apache.ratis.grpc.GrpcUtil.unwrapIOException(GrpcUtil.java:152)
		at org.apache.ratis.grpc.client.GrpcClientRpc$1.onError(GrpcClientRpc.java:156)
		... 13 more
	Caused by: java.lang.ClassCastException: Cannot cast java.lang.NullPointerException to java.io.IOException
		at java.base/java.lang.Class.cast(Class.java:3605)
		at org.apache.ratis.util.IOUtils.readObject(IOUtils.java:234)
		... 18 more

[INFO] Running org.apache.ratis.grpc.TestSnapshotManagementWithGrpc
[INFO] Tests run: 2, Failures: 0, Errors: 0, Skipped: 0, Time elapsed: 5.14 s - in org.apache.ratis.grpc.TestSnapshotManagementWithGrpc
[INFO] Running org.apache.ratis.grpc.TestRaftSnapshotWithGrpc
[INFO] Tests run: 3, Failures: 0, Errors: 0, Skipped: 0, Time elapsed: 6.026 s - in org.apache.ratis.grpc.TestRaftSnapshotWithGrpc
[INFO] Running org.apache.ratis.grpc.TestGroupManagementWithGrpc
[INFO] Tests run: 8, Failures: 0, Errors: 0, Skipped: 0, Time elapsed: 67.753 s - in org.apache.ratis.grpc.TestGroupManagementWithGrpc
[INFO] Running org.apache.ratis.grpc.TestGrpcMessageMetrics
[INFO] Tests run: 1, Failures: 0, Errors: 0, Skipped: 0, Time elapsed: 2.922 s - in org.apache.ratis.grpc.TestGrpcMessageMetrics
[INFO] Running org.apache.ratis.grpc.TestRaftOutputStreamWithGrpc
[INFO] Tests run: 4, Failures: 0, Errors: 0, Skipped: 0, Time elapsed: 19.501 s - in org.apache.ratis.grpc.TestRaftOutputStreamWithGrpc
[INFO] Running org.apache.ratis.grpc.TestRaftAsyncExceptionWithGrpc
[INFO] Tests run: 2, Failures: 0, Errors: 0, Skipped: 0, Time elapsed: 7.499 s - in org.apache.ratis.grpc.TestRaftAsyncExceptionWithGrpc
[INFO] Running org.apache.ratis.grpc.TestRaftAsyncWithGrpc
[INFO] Tests run: 13, Failures: 0, Errors: 0, Skipped: 0, Time elapsed: 47.962 s - in org.apache.ratis.grpc.TestRaftAsyncWithGrpc
[INFO] Running org.apache.ratis.grpc.TestServerPauseResumeWithGrpc
[INFO] Tests run: 1, Failures: 0, Errors: 0, Skipped: 0, Time elapsed: 9.721 s - in org.apache.ratis.grpc.TestServerPauseResumeWithGrpc
[INFO] Running org.apache.ratis.grpc.TestInstallSnapshotNotificationWithGrpc
[INFO] Tests run: 5, Failures: 0, Errors: 0, Skipped: 0, Time elapsed: 22.054 s - in org.apache.ratis.grpc.TestInstallSnapshotNotificationWithGrpc
[INFO] Running org.apache.ratis.grpc.TestRaftServerWithGrpc
[ERROR] Tests run: 10, Failures: 1, Errors: 0, Skipped: 0, Time elapsed: 31.08 s <<< FAILURE! - in org.apache.ratis.grpc.TestRaftServerWithGrpc
[ERROR] testRaftClientMetrics[0](org.apache.ratis.grpc.TestRaftServerWithGrpc)  Time elapsed: 2.625 s  <<< FAILURE!
java.lang.AssertionError
	at org.junit.Assert.fail(Assert.java:87)
	at org.junit.Assert.assertTrue(Assert.java:42)
	at org.junit.Assert.assertTrue(Assert.java:53)
	at org.apache.ratis.grpc.TestRaftServerWithGrpc.testRaftClientRequestMetrics(TestRaftServerWithGrpc.java:312)
	at org.apache.ratis.server.impl.MiniRaftCluster$Factory$Get.runWithNewCluster(MiniRaftCluster.java:141)
	at org.apache.ratis.server.impl.MiniRaftCluster$Factory$Get.runWithNewCluster(MiniRaftCluster.java:121)
	at org.apache.ratis.grpc.TestRaftServerWithGrpc.testRaftClientMetrics(TestRaftServerWithGrpc.java:215)
	at java.base/jdk.internal.reflect.NativeMethodAccessorImpl.invoke0(Native Method)
	at java.base/jdk.internal.reflect.NativeMethodAccessorImpl.invoke(NativeMethodAccessorImpl.java:62)
	at java.base/jdk.internal.reflect.DelegatingMethodAccessorImpl.invoke(DelegatingMethodAccessorImpl.java:43)
	at java.base/java.lang.reflect.Method.invoke(Method.java:566)
	at org.junit.runners.model.FrameworkMethod$1.runReflectiveCall(FrameworkMethod.java:59)
	at org.junit.internal.runners.model.ReflectiveCallable.run(ReflectiveCallable.java:12)
	at org.junit.runners.model.FrameworkMethod.invokeExplosively(FrameworkMethod.java:56)
	at org.junit.internal.runners.statements.InvokeMethod.evaluate(InvokeMethod.java:17)
	at org.junit.internal.runners.statements.RunBefores.evaluate(RunBefores.java:26)
	at org.junit.internal.runners.statements.RunAfters.evaluate(RunAfters.java:27)
	at org.junit.internal.runners.statements.FailOnTimeout$CallableStatement.call(FailOnTimeout.java:299)
	at org.junit.internal.runners.statements.FailOnTimeout$CallableStatement.call(FailOnTimeout.java:293)
	at java.base/java.util.concurrent.FutureTask.run(FutureTask.java:264)
	at java.base/java.lang.Thread.run(Thread.java:829)

[INFO] Running org.apache.ratis.grpc.TestRaftStateMachineExceptionWithGrpc
[INFO] Tests run: 3, Failures: 0, Errors: 0, Skipped: 0, Time elapsed: 4.213 s - in org.apache.ratis.grpc.TestRaftStateMachineExceptionWithGrpc
[INFO] Running org.apache.ratis.grpc.TestMessageStreamApiWithGrpc
[INFO] Tests run: 2, Failures: 0, Errors: 0, Skipped: 0, Time elapsed: 3.185 s - in org.apache.ratis.grpc.TestMessageStreamApiWithGrpc
[INFO] 
[INFO] Results:
[INFO] 
[ERROR] Failures: 
[ERROR]   TestRaftServerWithGrpc.testRaftClientMetrics:215->testRaftClientRequestMetrics:312
[ERROR] Errors: 
[ERROR]   TestReadOnlyRequestWithGrpc.testFollowerLinearizableReadFailWhenLeaderDown » TimeoutIO
[ERROR]   TestReadOnlyRequestWithGrpc>ReadOnlyRequestTests.testFollowerLinearizableReadRetryWhenLeaderDown:218->ReadOnlyRequestTests.testFollowerLinearizableReadRetryWhenLeaderDown:242 » RaftRetryFailure
[INFO] 
[ERROR] Tests run: 163, Failures: 1, Errors: 2, Skipped: 0
[INFO] 
[INFO] 
[INFO] --------------------< org.apache.ratis:ratis-tools >--------------------
[INFO] Building Apache Ratis Tools 3.0.0-SNAPSHOT                       [15/19]
[INFO] --------------------------------[ jar ]---------------------------------
[INFO] 
[INFO] --- build-helper-maven-plugin:1.9:add-source (add-source) @ ratis-tools ---
[INFO] Source directory: /home/runner/work/ratis/ratis/ratis-tools/target/generated-sources added.
[INFO] 
[INFO] --- maven-remote-resources-plugin:1.7.0:process (process-resource-bundles) @ ratis-tools ---
[INFO] Preparing remote bundle org.apache:apache-jar-resource-bundle:1.4
[INFO] Copying 3 resources from 1 bundle.
[INFO] 
[INFO] --- buildnumber-maven-plugin:1.4:create-metadata (default) @ ratis-tools ---
[INFO] Executing: /bin/sh -c cd '/home/runner/work/ratis/ratis/ratis-tools' && 'git' 'rev-parse' '--verify' 'HEAD'
[INFO] Working directory: /home/runner/work/ratis/ratis/ratis-tools
[INFO] 
[INFO] --- maven-resources-plugin:3.1.0:resources (default-resources) @ ratis-tools ---
[INFO] Using 'UTF-8' encoding to copy filtered resources.
[INFO] skip non existing resourceDirectory /home/runner/work/ratis/ratis/ratis-tools/src/main/resources
[INFO] Copying 3 resources
[INFO] 
[INFO] --- maven-compiler-plugin:3.8.1:compile (default-compile) @ ratis-tools ---
[INFO] Compiling 2 source files to /home/runner/work/ratis/ratis/ratis-tools/target/classes
[INFO] 
[INFO] --- maven-resources-plugin:3.1.0:testResources (default-testResources) @ ratis-tools ---
[INFO] Using 'UTF-8' encoding to copy filtered resources.
[INFO] skip non existing resourceDirectory /home/runner/work/ratis/ratis/ratis-tools/src/test/resources
[INFO] Copying 3 resources
[INFO] 
[INFO] --- maven-compiler-plugin:3.8.1:testCompile (default-testCompile) @ ratis-tools ---
[INFO] No sources to compile
[INFO] 
[INFO] --- maven-surefire-plugin:3.0.0-M1:test (default-test) @ ratis-tools ---
[INFO] 
[INFO] ------------------------------------------------------------------------
[INFO] Skipping Apache Ratis Examples
[INFO] This project has been banned from the build due to previous failures.
[INFO] ------------------------------------------------------------------------
[INFO] 
[INFO] ---------------< org.apache.ratis:ratis-replicated-map >----------------
[INFO] Building Apache Ratis Replicated Map 3.0.0-SNAPSHOT              [16/19]
[INFO] --------------------------------[ jar ]---------------------------------
[INFO] 
[INFO] --- build-helper-maven-plugin:1.9:add-source (add-source) @ ratis-replicated-map ---
[INFO] Source directory: /home/runner/work/ratis/ratis/ratis-replicated-map/target/generated-sources added.
[INFO] 
[INFO] --- maven-remote-resources-plugin:1.7.0:process (process-resource-bundles) @ ratis-replicated-map ---
[INFO] Preparing remote bundle org.apache:apache-jar-resource-bundle:1.4
[INFO] Copying 3 resources from 1 bundle.
[INFO] 
[INFO] --- buildnumber-maven-plugin:1.4:create-metadata (default) @ ratis-replicated-map ---
[INFO] Executing: /bin/sh -c cd '/home/runner/work/ratis/ratis/ratis-replicated-map' && 'git' 'rev-parse' '--verify' 'HEAD'
[INFO] Working directory: /home/runner/work/ratis/ratis/ratis-replicated-map
[INFO] 
[INFO] --- maven-resources-plugin:3.1.0:resources (default-resources) @ ratis-replicated-map ---
[INFO] Using 'UTF-8' encoding to copy filtered resources.
[INFO] skip non existing resourceDirectory /home/runner/work/ratis/ratis/ratis-replicated-map/src/main/resources
[INFO] Copying 3 resources
[INFO] 
[INFO] --- maven-compiler-plugin:3.8.1:compile (default-compile) @ ratis-replicated-map ---
[INFO] No sources to compile
[INFO] 
[INFO] --- maven-resources-plugin:3.1.0:testResources (default-testResources) @ ratis-replicated-map ---
[INFO] Using 'UTF-8' encoding to copy filtered resources.
[INFO] Copying 1 resource
[INFO] Copying 3 resources
[INFO] 
[INFO] --- maven-compiler-plugin:3.8.1:testCompile (default-testCompile) @ ratis-replicated-map ---
[INFO] No sources to compile
[INFO] 
[INFO] --- maven-surefire-plugin:3.0.0-M1:test (default-test) @ ratis-replicated-map ---
[INFO] 
[INFO] -------------< org.apache.ratis:ratis-metrics-dropwizard3 >-------------
[INFO] Building Apache Ratis Metrics Dropwizard 3 Implementation 3.0.0-SNAPSHOT [17/19]
[INFO] --------------------------------[ jar ]---------------------------------
[INFO] 
[INFO] --- build-helper-maven-plugin:1.9:add-source (add-source) @ ratis-metrics-dropwizard3 ---
[INFO] Source directory: /home/runner/work/ratis/ratis/ratis-metrics-dropwizard3/target/generated-sources added.
[INFO] 
[INFO] --- maven-remote-resources-plugin:1.7.0:process (process-resource-bundles) @ ratis-metrics-dropwizard3 ---
[INFO] Preparing remote bundle org.apache:apache-jar-resource-bundle:1.4
[INFO] Copying 3 resources from 1 bundle.
[INFO] 
[INFO] --- buildnumber-maven-plugin:1.4:create-metadata (default) @ ratis-metrics-dropwizard3 ---
[INFO] Executing: /bin/sh -c cd '/home/runner/work/ratis/ratis/ratis-metrics-dropwizard3' && 'git' 'rev-parse' '--verify' 'HEAD'
[INFO] Working directory: /home/runner/work/ratis/ratis/ratis-metrics-dropwizard3
[INFO] 
[INFO] --- maven-resources-plugin:3.1.0:resources (default-resources) @ ratis-metrics-dropwizard3 ---
[INFO] Using 'UTF-8' encoding to copy filtered resources.
[INFO] Copying 1 resource
[INFO] Copying 3 resources
[INFO] 
[INFO] --- maven-compiler-plugin:3.8.1:compile (default-compile) @ ratis-metrics-dropwizard3 ---
[INFO] Compiling 8 source files to /home/runner/work/ratis/ratis/ratis-metrics-dropwizard3/target/classes
[INFO] 
[INFO] --- maven-resources-plugin:3.1.0:testResources (default-testResources) @ ratis-metrics-dropwizard3 ---
[INFO] Using 'UTF-8' encoding to copy filtered resources.
[INFO] skip non existing resourceDirectory /home/runner/work/ratis/ratis/ratis-metrics-dropwizard3/src/test/resources
[INFO] Copying 3 resources
[INFO] 
[INFO] --- maven-compiler-plugin:3.8.1:testCompile (default-testCompile) @ ratis-metrics-dropwizard3 ---
[INFO] Compiling 2 source files to /home/runner/work/ratis/ratis/ratis-metrics-dropwizard3/target/test-classes
[INFO] 
[INFO] --- maven-surefire-plugin:3.0.0-M1:test (default-test) @ ratis-metrics-dropwizard3 ---
[INFO] 
[INFO] ------------------------------------------------------------------------
[INFO] Skipping Apache Ratis Project Assembly
[INFO] This project has been banned from the build due to previous failures.
[INFO] ------------------------------------------------------------------------
[INFO] ------------------------------------------------------------------------
[INFO] Reactor Summary for Apache Ratis 3.0.0-SNAPSHOT:
[INFO] 
[INFO] Apache Ratis ....................................... SUCCESS [  1.322 s]
[INFO] Apache Ratis Documentation ......................... SUCCESS [  0.361 s]
[INFO] Apache Ratis Protocols ............................. SUCCESS [ 14.130 s]
[INFO] Apache Ratis Common ................................ SUCCESS [  4.896 s]
[INFO] Apache Ratis Client ................................ SUCCESS [  2.628 s]
[INFO] Apache Ratis Server API ............................ SUCCESS [  2.129 s]
[INFO] Apache Ratis Metrics API ........................... SUCCESS [  1.298 s]
[INFO] Apache Ratis Metrics Default Implementation ........ SUCCESS [  2.649 s]
[INFO] Apache Ratis Server ................................ SUCCESS [  7.762 s]
[INFO] Apache Ratis - Resource Bundle ..................... SUCCESS [  0.087 s]
[INFO] Apache Ratis gRPC Support .......................... SUCCESS [  3.876 s]
[INFO] Apache Ratis Netty Support ......................... SUCCESS [  3.425 s]
[INFO] Apache Ratis Shell ................................. SUCCESS [  1.954 s]
[INFO] Apache Ratis Test .................................. FAILURE [10:48 min]
[INFO] Apache Ratis Tools ................................. SUCCESS [  1.179 s]
[INFO] Apache Ratis Examples .............................. SKIPPED
[INFO] Apache Ratis Replicated Map ........................ SUCCESS [  0.120 s]
[INFO] Apache Ratis Metrics Dropwizard 3 Implementation ... SUCCESS [  2.523 s]
[INFO] Apache Ratis Project Assembly ...................... SKIPPED
[INFO] ------------------------------------------------------------------------
[INFO] BUILD FAILURE
[INFO] ------------------------------------------------------------------------
[INFO] Total time:  11:40 min
[INFO] Finished at: 2022-10-13T02:48:20Z
[INFO] ------------------------------------------------------------------------
[ERROR] Failed to execute goal org.apache.maven.plugins:maven-surefire-plugin:3.0.0-M1:test (default-test) on project ratis-test: There are test failures.
[ERROR] 
[ERROR] Please refer to /home/runner/work/ratis/ratis/ratis-test/target/surefire-reports for the individual test results.
[ERROR] Please refer to dump files (if any exist) [date].dump, [date]-jvmRun[N].dump and [date].dumpstream.
[ERROR] -> [Help 1]
[ERROR] 
[ERROR] To see the full stack trace of the errors, re-run Maven with the -e switch.
[ERROR] Re-run Maven using the -X switch to enable full debug logging.
[ERROR] 
[ERROR] For more information about the errors and possible solutions, please read the following articles:
[ERROR] [Help 1] http://cwiki.apache.org/confluence/display/MAVEN/MojoFailureException
[ERROR] 
[ERROR] After correcting the problems, you can resume the build with the command
[ERROR]   mvn <args> -rf :ratis-test
